ARM GAS  C:\DOCUME~1\student\LOCALS~1\Temp\ccXjYK1G.s 			page 1


   1              		.syntax unified
   2              		.cpu cortex-m3
   3              		.fpu softvfp
   4              		.eabi_attribute 20, 1
   5              		.eabi_attribute 21, 1
   6              		.eabi_attribute 23, 3
   7              		.eabi_attribute 24, 1
   8              		.eabi_attribute 25, 1
   9              		.eabi_attribute 26, 1
  10              		.eabi_attribute 30, 6
  11              		.eabi_attribute 18, 4
  12              		.thumb
  13              		.file	"ADC_SAR_1_PM.c"
  14              		.section	.debug_abbrev,"",%progbits
  15              	.Ldebug_abbrev0:
  16              		.section	.debug_info,"",%progbits
  17              	.Ldebug_info0:
  18              		.section	.debug_line,"",%progbits
  19              	.Ldebug_line0:
  20 0000 C7000000 		.text
  20      02007400 
  20      00000201 
  20      FB0E0D00 
  20      01010101 
  21              	.Ltext0:
  22              		.cfi_sections	.debug_frame
  23              		.bss
  24              		.align	2
  25              	ADC_SAR_1_backup:
  26 0000 00       		.space	1
  27 0001 000000   		.section	.text.ADC_SAR_1_SaveConfig,"ax",%progbits
  28              		.align	2
  29              		.global	ADC_SAR_1_SaveConfig
  30              		.thumb
  31              		.thumb_func
  32              		.type	ADC_SAR_1_SaveConfig, %function
  33              	ADC_SAR_1_SaveConfig:
  34              	.LFB0:
  35              		.file 1 ".\\Generated_Source\\PSoC5\\ADC_SAR_1_PM.c"
   1:.\Generated_Source\PSoC5/ADC_SAR_1_PM.c **** /*******************************************************************************
   2:.\Generated_Source\PSoC5/ADC_SAR_1_PM.c **** * File Name: ADC_SAR_1_PM.c
   3:.\Generated_Source\PSoC5/ADC_SAR_1_PM.c **** * Version 1.90
   4:.\Generated_Source\PSoC5/ADC_SAR_1_PM.c **** *
   5:.\Generated_Source\PSoC5/ADC_SAR_1_PM.c **** * Description:
   6:.\Generated_Source\PSoC5/ADC_SAR_1_PM.c **** *  This file provides Sleep/WakeUp APIs functionality.
   7:.\Generated_Source\PSoC5/ADC_SAR_1_PM.c **** *
   8:.\Generated_Source\PSoC5/ADC_SAR_1_PM.c **** * Note:
   9:.\Generated_Source\PSoC5/ADC_SAR_1_PM.c **** *
  10:.\Generated_Source\PSoC5/ADC_SAR_1_PM.c **** ********************************************************************************
  11:.\Generated_Source\PSoC5/ADC_SAR_1_PM.c **** * Copyright 2008-2012, Cypress Semiconductor Corporation.  All rights reserved.
  12:.\Generated_Source\PSoC5/ADC_SAR_1_PM.c **** * You may use this file only in accordance with the license, terms, conditions,
  13:.\Generated_Source\PSoC5/ADC_SAR_1_PM.c **** * disclaimers, and limitations in the end user license agreement accompanying
  14:.\Generated_Source\PSoC5/ADC_SAR_1_PM.c **** * the software package with which this file was provided.
  15:.\Generated_Source\PSoC5/ADC_SAR_1_PM.c **** *******************************************************************************/
  16:.\Generated_Source\PSoC5/ADC_SAR_1_PM.c **** 
  17:.\Generated_Source\PSoC5/ADC_SAR_1_PM.c **** #include "ADC_SAR_1.h"
  18:.\Generated_Source\PSoC5/ADC_SAR_1_PM.c **** 
ARM GAS  C:\DOCUME~1\student\LOCALS~1\Temp\ccXjYK1G.s 			page 2


  19:.\Generated_Source\PSoC5/ADC_SAR_1_PM.c **** 
  20:.\Generated_Source\PSoC5/ADC_SAR_1_PM.c **** /***************************************
  21:.\Generated_Source\PSoC5/ADC_SAR_1_PM.c **** * Local data allocation
  22:.\Generated_Source\PSoC5/ADC_SAR_1_PM.c **** ***************************************/
  23:.\Generated_Source\PSoC5/ADC_SAR_1_PM.c **** 
  24:.\Generated_Source\PSoC5/ADC_SAR_1_PM.c **** static ADC_SAR_1_BACKUP_STRUCT  ADC_SAR_1_backup =
  25:.\Generated_Source\PSoC5/ADC_SAR_1_PM.c **** {
  26:.\Generated_Source\PSoC5/ADC_SAR_1_PM.c ****     ADC_SAR_1_DISABLED
  27:.\Generated_Source\PSoC5/ADC_SAR_1_PM.c **** };
  28:.\Generated_Source\PSoC5/ADC_SAR_1_PM.c **** 
  29:.\Generated_Source\PSoC5/ADC_SAR_1_PM.c **** 
  30:.\Generated_Source\PSoC5/ADC_SAR_1_PM.c **** /*******************************************************************************
  31:.\Generated_Source\PSoC5/ADC_SAR_1_PM.c **** * Function Name: ADC_SAR_1_SaveConfig
  32:.\Generated_Source\PSoC5/ADC_SAR_1_PM.c **** ********************************************************************************
  33:.\Generated_Source\PSoC5/ADC_SAR_1_PM.c **** *
  34:.\Generated_Source\PSoC5/ADC_SAR_1_PM.c **** * Summary:
  35:.\Generated_Source\PSoC5/ADC_SAR_1_PM.c **** *  Saves the current user configuration.
  36:.\Generated_Source\PSoC5/ADC_SAR_1_PM.c **** *
  37:.\Generated_Source\PSoC5/ADC_SAR_1_PM.c **** * Parameters:
  38:.\Generated_Source\PSoC5/ADC_SAR_1_PM.c **** *  None.
  39:.\Generated_Source\PSoC5/ADC_SAR_1_PM.c **** *
  40:.\Generated_Source\PSoC5/ADC_SAR_1_PM.c **** * Return:
  41:.\Generated_Source\PSoC5/ADC_SAR_1_PM.c **** *  None.
  42:.\Generated_Source\PSoC5/ADC_SAR_1_PM.c **** *
  43:.\Generated_Source\PSoC5/ADC_SAR_1_PM.c **** *******************************************************************************/
  44:.\Generated_Source\PSoC5/ADC_SAR_1_PM.c **** void ADC_SAR_1_SaveConfig(void)
  45:.\Generated_Source\PSoC5/ADC_SAR_1_PM.c **** {
  36              		.loc 1 45 0
  37              		.cfi_startproc
  38              		@ args = 0, pretend = 0, frame = 0
  39              		@ frame_needed = 1, uses_anonymous_args = 0
  40              		@ link register save eliminated.
  41 0000 80B4     		push	{r7}
  42              	.LCFI0:
  43              		.cfi_def_cfa_offset 4
  44 0002 00AF     		add	r7, sp, #0
  45              		.cfi_offset 7, -4
  46              	.LCFI1:
  47              		.cfi_def_cfa_register 7
  46:.\Generated_Source\PSoC5/ADC_SAR_1_PM.c ****     /* All configuration registers are marked as [reset_all_retention] */
  47:.\Generated_Source\PSoC5/ADC_SAR_1_PM.c **** }
  48              		.loc 1 47 0
  49 0004 BD46     		mov	sp, r7
  50 0006 80BC     		pop	{r7}
  51 0008 7047     		bx	lr
  52              		.cfi_endproc
  53              	.LFE0:
  54              		.size	ADC_SAR_1_SaveConfig, .-ADC_SAR_1_SaveConfig
  55 000a 00BF     		.section	.text.ADC_SAR_1_RestoreConfig,"ax",%progbits
  56              		.align	2
  57              		.global	ADC_SAR_1_RestoreConfig
  58              		.thumb
  59              		.thumb_func
  60              		.type	ADC_SAR_1_RestoreConfig, %function
  61              	ADC_SAR_1_RestoreConfig:
  62              	.LFB1:
  48:.\Generated_Source\PSoC5/ADC_SAR_1_PM.c **** 
ARM GAS  C:\DOCUME~1\student\LOCALS~1\Temp\ccXjYK1G.s 			page 3


  49:.\Generated_Source\PSoC5/ADC_SAR_1_PM.c **** 
  50:.\Generated_Source\PSoC5/ADC_SAR_1_PM.c **** /*******************************************************************************
  51:.\Generated_Source\PSoC5/ADC_SAR_1_PM.c **** * Function Name: ADC_SAR_1_RestoreConfig
  52:.\Generated_Source\PSoC5/ADC_SAR_1_PM.c **** ********************************************************************************
  53:.\Generated_Source\PSoC5/ADC_SAR_1_PM.c **** *
  54:.\Generated_Source\PSoC5/ADC_SAR_1_PM.c **** * Summary:
  55:.\Generated_Source\PSoC5/ADC_SAR_1_PM.c **** *  Restores the current user configuration.
  56:.\Generated_Source\PSoC5/ADC_SAR_1_PM.c **** *
  57:.\Generated_Source\PSoC5/ADC_SAR_1_PM.c **** * Parameters:
  58:.\Generated_Source\PSoC5/ADC_SAR_1_PM.c **** *  None.
  59:.\Generated_Source\PSoC5/ADC_SAR_1_PM.c **** *
  60:.\Generated_Source\PSoC5/ADC_SAR_1_PM.c **** * Return:
  61:.\Generated_Source\PSoC5/ADC_SAR_1_PM.c **** *  None.
  62:.\Generated_Source\PSoC5/ADC_SAR_1_PM.c **** *
  63:.\Generated_Source\PSoC5/ADC_SAR_1_PM.c **** *******************************************************************************/
  64:.\Generated_Source\PSoC5/ADC_SAR_1_PM.c **** void ADC_SAR_1_RestoreConfig(void)
  65:.\Generated_Source\PSoC5/ADC_SAR_1_PM.c **** {
  63              		.loc 1 65 0
  64              		.cfi_startproc
  65              		@ args = 0, pretend = 0, frame = 0
  66              		@ frame_needed = 1, uses_anonymous_args = 0
  67              		@ link register save eliminated.
  68 0000 80B4     		push	{r7}
  69              	.LCFI2:
  70              		.cfi_def_cfa_offset 4
  71 0002 00AF     		add	r7, sp, #0
  72              		.cfi_offset 7, -4
  73              	.LCFI3:
  74              		.cfi_def_cfa_register 7
  66:.\Generated_Source\PSoC5/ADC_SAR_1_PM.c ****     /* All congiguration registers are marked as [reset_all_retention] */
  67:.\Generated_Source\PSoC5/ADC_SAR_1_PM.c **** }
  75              		.loc 1 67 0
  76 0004 BD46     		mov	sp, r7
  77 0006 80BC     		pop	{r7}
  78 0008 7047     		bx	lr
  79              		.cfi_endproc
  80              	.LFE1:
  81              		.size	ADC_SAR_1_RestoreConfig, .-ADC_SAR_1_RestoreConfig
  82 000a 00BF     		.section	.text.ADC_SAR_1_Sleep,"ax",%progbits
  83              		.align	2
  84              		.global	ADC_SAR_1_Sleep
  85              		.thumb
  86              		.thumb_func
  87              		.type	ADC_SAR_1_Sleep, %function
  88              	ADC_SAR_1_Sleep:
  89              	.LFB2:
  68:.\Generated_Source\PSoC5/ADC_SAR_1_PM.c **** 
  69:.\Generated_Source\PSoC5/ADC_SAR_1_PM.c **** 
  70:.\Generated_Source\PSoC5/ADC_SAR_1_PM.c **** /*******************************************************************************
  71:.\Generated_Source\PSoC5/ADC_SAR_1_PM.c **** * Function Name: ADC_SAR_1_Sleep
  72:.\Generated_Source\PSoC5/ADC_SAR_1_PM.c **** ********************************************************************************
  73:.\Generated_Source\PSoC5/ADC_SAR_1_PM.c **** *
  74:.\Generated_Source\PSoC5/ADC_SAR_1_PM.c **** * Summary:
  75:.\Generated_Source\PSoC5/ADC_SAR_1_PM.c **** *  Stops and saves the user configuration
  76:.\Generated_Source\PSoC5/ADC_SAR_1_PM.c **** *
  77:.\Generated_Source\PSoC5/ADC_SAR_1_PM.c **** * Parameters:
  78:.\Generated_Source\PSoC5/ADC_SAR_1_PM.c **** *  None.
ARM GAS  C:\DOCUME~1\student\LOCALS~1\Temp\ccXjYK1G.s 			page 4


  79:.\Generated_Source\PSoC5/ADC_SAR_1_PM.c **** *
  80:.\Generated_Source\PSoC5/ADC_SAR_1_PM.c **** * Return:
  81:.\Generated_Source\PSoC5/ADC_SAR_1_PM.c **** *  None.
  82:.\Generated_Source\PSoC5/ADC_SAR_1_PM.c **** *
  83:.\Generated_Source\PSoC5/ADC_SAR_1_PM.c **** * Global Variables:
  84:.\Generated_Source\PSoC5/ADC_SAR_1_PM.c **** *  ADC_SAR_1_backup - modified.
  85:.\Generated_Source\PSoC5/ADC_SAR_1_PM.c **** *
  86:.\Generated_Source\PSoC5/ADC_SAR_1_PM.c **** *******************************************************************************/
  87:.\Generated_Source\PSoC5/ADC_SAR_1_PM.c **** void ADC_SAR_1_Sleep(void)
  88:.\Generated_Source\PSoC5/ADC_SAR_1_PM.c **** {
  90              		.loc 1 88 0
  91              		.cfi_startproc
  92              		@ args = 0, pretend = 0, frame = 0
  93              		@ frame_needed = 1, uses_anonymous_args = 0
  94 0000 80B5     		push	{r7, lr}
  95              	.LCFI4:
  96              		.cfi_def_cfa_offset 8
  97 0002 00AF     		add	r7, sp, #0
  98              		.cfi_offset 14, -4
  99              		.cfi_offset 7, -8
 100              	.LCFI5:
 101              		.cfi_def_cfa_register 7
  89:.\Generated_Source\PSoC5/ADC_SAR_1_PM.c ****     if((ADC_SAR_1_PWRMGR_SAR_REG  & ADC_SAR_1_ACT_PWR_SAR_EN) != 0u)
 102              		.loc 1 89 0
 103 0004 44F2AB33 		movw	r3, #:lower16:1073759147
 104 0008 C4F20003 		movt	r3, #:upper16:1073759147
 105 000c 1B78     		ldrb	r3, [r3, #0]
 106 000e DBB2     		uxtb	r3, r3
 107 0010 03F00203 		and	r3, r3, #2
 108 0014 002B     		cmp	r3, #0
 109 0016 21D0     		beq	.L6
  90:.\Generated_Source\PSoC5/ADC_SAR_1_PM.c ****     {
  91:.\Generated_Source\PSoC5/ADC_SAR_1_PM.c ****         ADC_SAR_1_backup.enableState = ADC_SAR_1_ENABLED;
 110              		.loc 1 91 0
 111 0018 40F20003 		movw	r3, #:lower16:ADC_SAR_1_backup
 112 001c C0F20003 		movt	r3, #:upper16:ADC_SAR_1_backup
 113 0020 4FF00102 		mov	r2, #1
 114 0024 1A70     		strb	r2, [r3, #0]
  92:.\Generated_Source\PSoC5/ADC_SAR_1_PM.c ****         if((ADC_SAR_1_SAR_CSR0_REG & ADC_SAR_1_SAR_SOF_START_CONV) != 0u)
 115              		.loc 1 92 0
 116 0026 45F60813 		movw	r3, #:lower16:1073764616
 117 002a C4F20003 		movt	r3, #:upper16:1073764616
 118 002e 1B78     		ldrb	r3, [r3, #0]
 119 0030 DBB2     		uxtb	r3, r3
 120 0032 03F00103 		and	r3, r3, #1
 121 0036 DBB2     		uxtb	r3, r3
 122 0038 002B     		cmp	r3, #0
 123 003a 0CD0     		beq	.L7
  93:.\Generated_Source\PSoC5/ADC_SAR_1_PM.c ****         {
  94:.\Generated_Source\PSoC5/ADC_SAR_1_PM.c ****             ADC_SAR_1_backup.enableState |= ADC_SAR_1_STARTED;
 124              		.loc 1 94 0
 125 003c 40F20003 		movw	r3, #:lower16:ADC_SAR_1_backup
 126 0040 C0F20003 		movt	r3, #:upper16:ADC_SAR_1_backup
 127 0044 1B78     		ldrb	r3, [r3, #0]	@ zero_extendqisi2
 128 0046 43F00203 		orr	r3, r3, #2
 129 004a DAB2     		uxtb	r2, r3
 130 004c 40F20003 		movw	r3, #:lower16:ADC_SAR_1_backup
ARM GAS  C:\DOCUME~1\student\LOCALS~1\Temp\ccXjYK1G.s 			page 5


 131 0050 C0F20003 		movt	r3, #:upper16:ADC_SAR_1_backup
 132 0054 1A70     		strb	r2, [r3, #0]
 133              	.L7:
  95:.\Generated_Source\PSoC5/ADC_SAR_1_PM.c ****         }
  96:.\Generated_Source\PSoC5/ADC_SAR_1_PM.c ****         ADC_SAR_1_Stop();
 134              		.loc 1 96 0
 135 0056 FFF7FEFF 		bl	ADC_SAR_1_Stop
 136 005a 06E0     		b	.L9
 137              	.L6:
  97:.\Generated_Source\PSoC5/ADC_SAR_1_PM.c ****     }
  98:.\Generated_Source\PSoC5/ADC_SAR_1_PM.c ****     else
  99:.\Generated_Source\PSoC5/ADC_SAR_1_PM.c ****     {
 100:.\Generated_Source\PSoC5/ADC_SAR_1_PM.c ****         ADC_SAR_1_backup.enableState = ADC_SAR_1_DISABLED;
 138              		.loc 1 100 0
 139 005c 40F20003 		movw	r3, #:lower16:ADC_SAR_1_backup
 140 0060 C0F20003 		movt	r3, #:upper16:ADC_SAR_1_backup
 141 0064 4FF00002 		mov	r2, #0
 142 0068 1A70     		strb	r2, [r3, #0]
 143              	.L9:
 101:.\Generated_Source\PSoC5/ADC_SAR_1_PM.c ****     }
 102:.\Generated_Source\PSoC5/ADC_SAR_1_PM.c ****     /*ADC_SAR_1_SaveConfig();*/
 103:.\Generated_Source\PSoC5/ADC_SAR_1_PM.c **** }
 144              		.loc 1 103 0
 145 006a 80BD     		pop	{r7, pc}
 146              		.cfi_endproc
 147              	.LFE2:
 148              		.size	ADC_SAR_1_Sleep, .-ADC_SAR_1_Sleep
 149              		.section	.text.ADC_SAR_1_Wakeup,"ax",%progbits
 150              		.align	2
 151              		.global	ADC_SAR_1_Wakeup
 152              		.thumb
 153              		.thumb_func
 154              		.type	ADC_SAR_1_Wakeup, %function
 155              	ADC_SAR_1_Wakeup:
 156              	.LFB3:
 104:.\Generated_Source\PSoC5/ADC_SAR_1_PM.c **** 
 105:.\Generated_Source\PSoC5/ADC_SAR_1_PM.c **** 
 106:.\Generated_Source\PSoC5/ADC_SAR_1_PM.c **** /*******************************************************************************
 107:.\Generated_Source\PSoC5/ADC_SAR_1_PM.c **** * Function Name: ADC_SAR_1_Wakeup
 108:.\Generated_Source\PSoC5/ADC_SAR_1_PM.c **** ********************************************************************************
 109:.\Generated_Source\PSoC5/ADC_SAR_1_PM.c **** *
 110:.\Generated_Source\PSoC5/ADC_SAR_1_PM.c **** * Summary:
 111:.\Generated_Source\PSoC5/ADC_SAR_1_PM.c **** *  Restores and enables the user configuration
 112:.\Generated_Source\PSoC5/ADC_SAR_1_PM.c **** *
 113:.\Generated_Source\PSoC5/ADC_SAR_1_PM.c **** * Parameters:
 114:.\Generated_Source\PSoC5/ADC_SAR_1_PM.c **** *  None.
 115:.\Generated_Source\PSoC5/ADC_SAR_1_PM.c **** *
 116:.\Generated_Source\PSoC5/ADC_SAR_1_PM.c **** * Return:
 117:.\Generated_Source\PSoC5/ADC_SAR_1_PM.c **** *  None.
 118:.\Generated_Source\PSoC5/ADC_SAR_1_PM.c **** *
 119:.\Generated_Source\PSoC5/ADC_SAR_1_PM.c **** * Global Variables:
 120:.\Generated_Source\PSoC5/ADC_SAR_1_PM.c **** *  ADC_SAR_1_backup - used.
 121:.\Generated_Source\PSoC5/ADC_SAR_1_PM.c **** *
 122:.\Generated_Source\PSoC5/ADC_SAR_1_PM.c **** *******************************************************************************/
 123:.\Generated_Source\PSoC5/ADC_SAR_1_PM.c **** void ADC_SAR_1_Wakeup(void)
 124:.\Generated_Source\PSoC5/ADC_SAR_1_PM.c **** {
 157              		.loc 1 124 0
ARM GAS  C:\DOCUME~1\student\LOCALS~1\Temp\ccXjYK1G.s 			page 6


 158              		.cfi_startproc
 159              		@ args = 0, pretend = 0, frame = 0
 160              		@ frame_needed = 1, uses_anonymous_args = 0
 161 0000 80B5     		push	{r7, lr}
 162              	.LCFI6:
 163              		.cfi_def_cfa_offset 8
 164 0002 00AF     		add	r7, sp, #0
 165              		.cfi_offset 14, -4
 166              		.cfi_offset 7, -8
 167              	.LCFI7:
 168              		.cfi_def_cfa_register 7
 125:.\Generated_Source\PSoC5/ADC_SAR_1_PM.c ****     /*ADC_SAR_1_RestoreConfig();*/
 126:.\Generated_Source\PSoC5/ADC_SAR_1_PM.c ****     if(ADC_SAR_1_backup.enableState != ADC_SAR_1_DISABLED)
 169              		.loc 1 126 0
 170 0004 40F20003 		movw	r3, #:lower16:ADC_SAR_1_backup
 171 0008 C0F20003 		movt	r3, #:upper16:ADC_SAR_1_backup
 172 000c 1B78     		ldrb	r3, [r3, #0]	@ zero_extendqisi2
 173 000e 002B     		cmp	r3, #0
 174 0010 0CD0     		beq	.L12
 127:.\Generated_Source\PSoC5/ADC_SAR_1_PM.c ****     {
 128:.\Generated_Source\PSoC5/ADC_SAR_1_PM.c ****         ADC_SAR_1_Enable();
 175              		.loc 1 128 0
 176 0012 FFF7FEFF 		bl	ADC_SAR_1_Enable
 129:.\Generated_Source\PSoC5/ADC_SAR_1_PM.c ****         if((ADC_SAR_1_backup.enableState & ADC_SAR_1_STARTED) != 0u)
 177              		.loc 1 129 0
 178 0016 40F20003 		movw	r3, #:lower16:ADC_SAR_1_backup
 179 001a C0F20003 		movt	r3, #:upper16:ADC_SAR_1_backup
 180 001e 1B78     		ldrb	r3, [r3, #0]	@ zero_extendqisi2
 181 0020 03F00203 		and	r3, r3, #2
 182 0024 002B     		cmp	r3, #0
 183 0026 01D0     		beq	.L12
 130:.\Generated_Source\PSoC5/ADC_SAR_1_PM.c ****         {
 131:.\Generated_Source\PSoC5/ADC_SAR_1_PM.c ****             ADC_SAR_1_StartConvert();
 184              		.loc 1 131 0
 185 0028 FFF7FEFF 		bl	ADC_SAR_1_StartConvert
 186              	.L12:
 132:.\Generated_Source\PSoC5/ADC_SAR_1_PM.c ****         }
 133:.\Generated_Source\PSoC5/ADC_SAR_1_PM.c ****     }
 134:.\Generated_Source\PSoC5/ADC_SAR_1_PM.c **** }
 187              		.loc 1 134 0
 188 002c 80BD     		pop	{r7, pc}
 189              		.cfi_endproc
 190              	.LFE3:
 191              		.size	ADC_SAR_1_Wakeup, .-ADC_SAR_1_Wakeup
 192 002e 00BF     		.text
 193              	.Letext0:
 194              		.section	.debug_loc,"",%progbits
 195              	.Ldebug_loc0:
 196              	.LLST0:
 197 0000 00000000 		.4byte	.LFB0
 198 0004 02000000 		.4byte	.LCFI0
 199 0008 0100     		.2byte	0x1
 200 000a 5D       		.byte	0x5d
 201 000b 02000000 		.4byte	.LCFI0
 202 000f 04000000 		.4byte	.LCFI1
 203 0013 0200     		.2byte	0x2
 204 0015 7D       		.byte	0x7d
ARM GAS  C:\DOCUME~1\student\LOCALS~1\Temp\ccXjYK1G.s 			page 7


 205 0016 04       		.sleb128 4
 206 0017 04000000 		.4byte	.LCFI1
 207 001b 0A000000 		.4byte	.LFE0
 208 001f 0200     		.2byte	0x2
 209 0021 77       		.byte	0x77
 210 0022 04       		.sleb128 4
 211 0023 00000000 		.4byte	0x0
 212 0027 00000000 		.4byte	0x0
 213              	.LLST1:
 214 002b 00000000 		.4byte	.LFB1
 215 002f 02000000 		.4byte	.LCFI2
 216 0033 0100     		.2byte	0x1
 217 0035 5D       		.byte	0x5d
 218 0036 02000000 		.4byte	.LCFI2
 219 003a 04000000 		.4byte	.LCFI3
 220 003e 0200     		.2byte	0x2
 221 0040 7D       		.byte	0x7d
 222 0041 04       		.sleb128 4
 223 0042 04000000 		.4byte	.LCFI3
 224 0046 0A000000 		.4byte	.LFE1
 225 004a 0200     		.2byte	0x2
 226 004c 77       		.byte	0x77
 227 004d 04       		.sleb128 4
 228 004e 00000000 		.4byte	0x0
 229 0052 00000000 		.4byte	0x0
 230              	.LLST2:
 231 0056 00000000 		.4byte	.LFB2
 232 005a 02000000 		.4byte	.LCFI4
 233 005e 0100     		.2byte	0x1
 234 0060 5D       		.byte	0x5d
 235 0061 02000000 		.4byte	.LCFI4
 236 0065 04000000 		.4byte	.LCFI5
 237 0069 0200     		.2byte	0x2
 238 006b 7D       		.byte	0x7d
 239 006c 08       		.sleb128 8
 240 006d 04000000 		.4byte	.LCFI5
 241 0071 6C000000 		.4byte	.LFE2
 242 0075 0200     		.2byte	0x2
 243 0077 77       		.byte	0x77
 244 0078 08       		.sleb128 8
 245 0079 00000000 		.4byte	0x0
 246 007d 00000000 		.4byte	0x0
 247              	.LLST3:
 248 0081 00000000 		.4byte	.LFB3
 249 0085 02000000 		.4byte	.LCFI6
 250 0089 0100     		.2byte	0x1
 251 008b 5D       		.byte	0x5d
 252 008c 02000000 		.4byte	.LCFI6
 253 0090 04000000 		.4byte	.LCFI7
 254 0094 0200     		.2byte	0x2
 255 0096 7D       		.byte	0x7d
 256 0097 08       		.sleb128 8
 257 0098 04000000 		.4byte	.LCFI7
 258 009c 2E000000 		.4byte	.LFE3
 259 00a0 0200     		.2byte	0x2
 260 00a2 77       		.byte	0x77
 261 00a3 08       		.sleb128 8
ARM GAS  C:\DOCUME~1\student\LOCALS~1\Temp\ccXjYK1G.s 			page 8


 262 00a4 00000000 		.4byte	0x0
 263 00a8 00000000 		.4byte	0x0
 264              		.file 2 ".\\Generated_Source\\PSoC5\\/cytypes.h"
 265              		.file 3 ".\\Generated_Source\\PSoC5\\/ADC_SAR_1.h"
 266              		.section	.debug_info
 267 0000 09010000 		.4byte	0x109
 268 0004 0200     		.2byte	0x2
 269 0006 00000000 		.4byte	.Ldebug_abbrev0
 270 000a 04       		.byte	0x4
 271 000b 01       		.uleb128 0x1
 272 000c C7000000 		.4byte	.LASF16
 273 0010 01       		.byte	0x1
 274 0011 F7000000 		.4byte	.LASF17
 275 0015 25010000 		.4byte	.LASF18
 276 0019 00000000 		.4byte	0x0
 277 001d 00000000 		.4byte	0x0
 278 0021 00000000 		.4byte	.Ldebug_ranges0+0x0
 279 0025 00000000 		.4byte	.Ldebug_line0
 280 0029 02       		.uleb128 0x2
 281 002a 01       		.byte	0x1
 282 002b 06       		.byte	0x6
 283 002c 53010000 		.4byte	.LASF0
 284 0030 02       		.uleb128 0x2
 285 0031 01       		.byte	0x1
 286 0032 08       		.byte	0x8
 287 0033 37000000 		.4byte	.LASF1
 288 0037 02       		.uleb128 0x2
 289 0038 02       		.byte	0x2
 290 0039 05       		.byte	0x5
 291 003a ED000000 		.4byte	.LASF2
 292 003e 02       		.uleb128 0x2
 293 003f 02       		.byte	0x2
 294 0040 07       		.byte	0x7
 295 0041 6F000000 		.4byte	.LASF3
 296 0045 02       		.uleb128 0x2
 297 0046 04       		.byte	0x4
 298 0047 05       		.byte	0x5
 299 0048 3E010000 		.4byte	.LASF4
 300 004c 02       		.uleb128 0x2
 301 004d 04       		.byte	0x4
 302 004e 07       		.byte	0x7
 303 004f 5D000000 		.4byte	.LASF5
 304 0053 02       		.uleb128 0x2
 305 0054 08       		.byte	0x8
 306 0055 05       		.byte	0x5
 307 0056 00000000 		.4byte	.LASF6
 308 005a 02       		.uleb128 0x2
 309 005b 08       		.byte	0x8
 310 005c 07       		.byte	0x7
 311 005d A0000000 		.4byte	.LASF7
 312 0061 03       		.uleb128 0x3
 313 0062 04       		.byte	0x4
 314 0063 05       		.byte	0x5
 315 0064 696E7400 		.ascii	"int\000"
 316 0068 02       		.uleb128 0x2
 317 0069 04       		.byte	0x4
 318 006a 07       		.byte	0x7
ARM GAS  C:\DOCUME~1\student\LOCALS~1\Temp\ccXjYK1G.s 			page 9


 319 006b 93000000 		.4byte	.LASF8
 320 006f 02       		.uleb128 0x2
 321 0070 01       		.byte	0x1
 322 0071 08       		.byte	0x8
 323 0072 D3000000 		.4byte	.LASF9
 324 0076 04       		.uleb128 0x4
 325 0077 1F010000 		.4byte	.LASF10
 326 007b 02       		.byte	0x2
 327 007c 60       		.byte	0x60
 328 007d 30000000 		.4byte	0x30
 329 0081 05       		.uleb128 0x5
 330 0082 5F010000 		.4byte	.LASF19
 331 0086 01       		.byte	0x1
 332 0087 03       		.byte	0x3
 333 0088 2C       		.byte	0x2c
 334 0089 9C000000 		.4byte	0x9c
 335 008d 06       		.uleb128 0x6
 336 008e 47010000 		.4byte	.LASF20
 337 0092 03       		.byte	0x3
 338 0093 2D       		.byte	0x2d
 339 0094 76000000 		.4byte	0x76
 340 0098 02       		.byte	0x2
 341 0099 23       		.byte	0x23
 342 009a 00       		.uleb128 0x0
 343 009b 00       		.byte	0x0
 344 009c 04       		.uleb128 0x4
 345 009d 0E000000 		.4byte	.LASF11
 346 00a1 03       		.byte	0x3
 347 00a2 2E       		.byte	0x2e
 348 00a3 81000000 		.4byte	0x81
 349 00a7 07       		.uleb128 0x7
 350 00a8 01       		.byte	0x1
 351 00a9 D8000000 		.4byte	.LASF12
 352 00ad 01       		.byte	0x1
 353 00ae 2C       		.byte	0x2c
 354 00af 01       		.byte	0x1
 355 00b0 00000000 		.4byte	.LFB0
 356 00b4 0A000000 		.4byte	.LFE0
 357 00b8 00000000 		.4byte	.LLST0
 358 00bc 07       		.uleb128 0x7
 359 00bd 01       		.byte	0x1
 360 00be 45000000 		.4byte	.LASF13
 361 00c2 01       		.byte	0x1
 362 00c3 40       		.byte	0x40
 363 00c4 01       		.byte	0x1
 364 00c5 00000000 		.4byte	.LFB1
 365 00c9 0A000000 		.4byte	.LFE1
 366 00cd 2B000000 		.4byte	.LLST1
 367 00d1 07       		.uleb128 0x7
 368 00d2 01       		.byte	0x1
 369 00d3 B7000000 		.4byte	.LASF14
 370 00d7 01       		.byte	0x1
 371 00d8 57       		.byte	0x57
 372 00d9 01       		.byte	0x1
 373 00da 00000000 		.4byte	.LFB2
 374 00de 6C000000 		.4byte	.LFE2
 375 00e2 56000000 		.4byte	.LLST2
ARM GAS  C:\DOCUME~1\student\LOCALS~1\Temp\ccXjYK1G.s 			page 10


 376 00e6 07       		.uleb128 0x7
 377 00e7 01       		.byte	0x1
 378 00e8 26000000 		.4byte	.LASF15
 379 00ec 01       		.byte	0x1
 380 00ed 7B       		.byte	0x7b
 381 00ee 01       		.byte	0x1
 382 00ef 00000000 		.4byte	.LFB3
 383 00f3 2E000000 		.4byte	.LFE3
 384 00f7 81000000 		.4byte	.LLST3
 385 00fb 08       		.uleb128 0x8
 386 00fc 82000000 		.4byte	.LASF21
 387 0100 01       		.byte	0x1
 388 0101 18       		.byte	0x18
 389 0102 9C000000 		.4byte	0x9c
 390 0106 05       		.byte	0x5
 391 0107 03       		.byte	0x3
 392 0108 00000000 		.4byte	ADC_SAR_1_backup
 393 010c 00       		.byte	0x0
 394              		.section	.debug_abbrev
 395 0000 01       		.uleb128 0x1
 396 0001 11       		.uleb128 0x11
 397 0002 01       		.byte	0x1
 398 0003 25       		.uleb128 0x25
 399 0004 0E       		.uleb128 0xe
 400 0005 13       		.uleb128 0x13
 401 0006 0B       		.uleb128 0xb
 402 0007 03       		.uleb128 0x3
 403 0008 0E       		.uleb128 0xe
 404 0009 1B       		.uleb128 0x1b
 405 000a 0E       		.uleb128 0xe
 406 000b 11       		.uleb128 0x11
 407 000c 01       		.uleb128 0x1
 408 000d 52       		.uleb128 0x52
 409 000e 01       		.uleb128 0x1
 410 000f 55       		.uleb128 0x55
 411 0010 06       		.uleb128 0x6
 412 0011 10       		.uleb128 0x10
 413 0012 06       		.uleb128 0x6
 414 0013 00       		.byte	0x0
 415 0014 00       		.byte	0x0
 416 0015 02       		.uleb128 0x2
 417 0016 24       		.uleb128 0x24
 418 0017 00       		.byte	0x0
 419 0018 0B       		.uleb128 0xb
 420 0019 0B       		.uleb128 0xb
 421 001a 3E       		.uleb128 0x3e
 422 001b 0B       		.uleb128 0xb
 423 001c 03       		.uleb128 0x3
 424 001d 0E       		.uleb128 0xe
 425 001e 00       		.byte	0x0
 426 001f 00       		.byte	0x0
 427 0020 03       		.uleb128 0x3
 428 0021 24       		.uleb128 0x24
 429 0022 00       		.byte	0x0
 430 0023 0B       		.uleb128 0xb
 431 0024 0B       		.uleb128 0xb
 432 0025 3E       		.uleb128 0x3e
ARM GAS  C:\DOCUME~1\student\LOCALS~1\Temp\ccXjYK1G.s 			page 11


 433 0026 0B       		.uleb128 0xb
 434 0027 03       		.uleb128 0x3
 435 0028 08       		.uleb128 0x8
 436 0029 00       		.byte	0x0
 437 002a 00       		.byte	0x0
 438 002b 04       		.uleb128 0x4
 439 002c 16       		.uleb128 0x16
 440 002d 00       		.byte	0x0
 441 002e 03       		.uleb128 0x3
 442 002f 0E       		.uleb128 0xe
 443 0030 3A       		.uleb128 0x3a
 444 0031 0B       		.uleb128 0xb
 445 0032 3B       		.uleb128 0x3b
 446 0033 0B       		.uleb128 0xb
 447 0034 49       		.uleb128 0x49
 448 0035 13       		.uleb128 0x13
 449 0036 00       		.byte	0x0
 450 0037 00       		.byte	0x0
 451 0038 05       		.uleb128 0x5
 452 0039 13       		.uleb128 0x13
 453 003a 01       		.byte	0x1
 454 003b 03       		.uleb128 0x3
 455 003c 0E       		.uleb128 0xe
 456 003d 0B       		.uleb128 0xb
 457 003e 0B       		.uleb128 0xb
 458 003f 3A       		.uleb128 0x3a
 459 0040 0B       		.uleb128 0xb
 460 0041 3B       		.uleb128 0x3b
 461 0042 0B       		.uleb128 0xb
 462 0043 01       		.uleb128 0x1
 463 0044 13       		.uleb128 0x13
 464 0045 00       		.byte	0x0
 465 0046 00       		.byte	0x0
 466 0047 06       		.uleb128 0x6
 467 0048 0D       		.uleb128 0xd
 468 0049 00       		.byte	0x0
 469 004a 03       		.uleb128 0x3
 470 004b 0E       		.uleb128 0xe
 471 004c 3A       		.uleb128 0x3a
 472 004d 0B       		.uleb128 0xb
 473 004e 3B       		.uleb128 0x3b
 474 004f 0B       		.uleb128 0xb
 475 0050 49       		.uleb128 0x49
 476 0051 13       		.uleb128 0x13
 477 0052 38       		.uleb128 0x38
 478 0053 0A       		.uleb128 0xa
 479 0054 00       		.byte	0x0
 480 0055 00       		.byte	0x0
 481 0056 07       		.uleb128 0x7
 482 0057 2E       		.uleb128 0x2e
 483 0058 00       		.byte	0x0
 484 0059 3F       		.uleb128 0x3f
 485 005a 0C       		.uleb128 0xc
 486 005b 03       		.uleb128 0x3
 487 005c 0E       		.uleb128 0xe
 488 005d 3A       		.uleb128 0x3a
 489 005e 0B       		.uleb128 0xb
ARM GAS  C:\DOCUME~1\student\LOCALS~1\Temp\ccXjYK1G.s 			page 12


 490 005f 3B       		.uleb128 0x3b
 491 0060 0B       		.uleb128 0xb
 492 0061 27       		.uleb128 0x27
 493 0062 0C       		.uleb128 0xc
 494 0063 11       		.uleb128 0x11
 495 0064 01       		.uleb128 0x1
 496 0065 12       		.uleb128 0x12
 497 0066 01       		.uleb128 0x1
 498 0067 40       		.uleb128 0x40
 499 0068 06       		.uleb128 0x6
 500 0069 00       		.byte	0x0
 501 006a 00       		.byte	0x0
 502 006b 08       		.uleb128 0x8
 503 006c 34       		.uleb128 0x34
 504 006d 00       		.byte	0x0
 505 006e 03       		.uleb128 0x3
 506 006f 0E       		.uleb128 0xe
 507 0070 3A       		.uleb128 0x3a
 508 0071 0B       		.uleb128 0xb
 509 0072 3B       		.uleb128 0x3b
 510 0073 0B       		.uleb128 0xb
 511 0074 49       		.uleb128 0x49
 512 0075 13       		.uleb128 0x13
 513 0076 02       		.uleb128 0x2
 514 0077 0A       		.uleb128 0xa
 515 0078 00       		.byte	0x0
 516 0079 00       		.byte	0x0
 517 007a 00       		.byte	0x0
 518              		.section	.debug_pubnames,"",%progbits
 519 0000 6C000000 		.4byte	0x6c
 520 0004 0200     		.2byte	0x2
 521 0006 00000000 		.4byte	.Ldebug_info0
 522 000a 0D010000 		.4byte	0x10d
 523 000e A7000000 		.4byte	0xa7
 524 0012 4144435F 		.ascii	"ADC_SAR_1_SaveConfig\000"
 524      5341525F 
 524      315F5361 
 524      7665436F 
 524      6E666967 
 525 0027 BC000000 		.4byte	0xbc
 526 002b 4144435F 		.ascii	"ADC_SAR_1_RestoreConfig\000"
 526      5341525F 
 526      315F5265 
 526      73746F72 
 526      65436F6E 
 527 0043 D1000000 		.4byte	0xd1
 528 0047 4144435F 		.ascii	"ADC_SAR_1_Sleep\000"
 528      5341525F 
 528      315F536C 
 528      65657000 
 529 0057 E6000000 		.4byte	0xe6
 530 005b 4144435F 		.ascii	"ADC_SAR_1_Wakeup\000"
 530      5341525F 
 530      315F5761 
 530      6B657570 
 530      00
 531 006c 00000000 		.4byte	0x0
ARM GAS  C:\DOCUME~1\student\LOCALS~1\Temp\ccXjYK1G.s 			page 13


 532              		.section	.debug_aranges,"",%progbits
 533 0000 34000000 		.4byte	0x34
 534 0004 0200     		.2byte	0x2
 535 0006 00000000 		.4byte	.Ldebug_info0
 536 000a 04       		.byte	0x4
 537 000b 00       		.byte	0x0
 538 000c 0000     		.2byte	0x0
 539 000e 0000     		.2byte	0x0
 540 0010 00000000 		.4byte	.LFB0
 541 0014 0A000000 		.4byte	.LFE0-.LFB0
 542 0018 00000000 		.4byte	.LFB1
 543 001c 0A000000 		.4byte	.LFE1-.LFB1
 544 0020 00000000 		.4byte	.LFB2
 545 0024 6C000000 		.4byte	.LFE2-.LFB2
 546 0028 00000000 		.4byte	.LFB3
 547 002c 2E000000 		.4byte	.LFE3-.LFB3
 548 0030 00000000 		.4byte	0x0
 549 0034 00000000 		.4byte	0x0
 550              		.section	.debug_ranges,"",%progbits
 551              	.Ldebug_ranges0:
 552 0000 00000000 		.4byte	.Ltext0
 553 0004 00000000 		.4byte	.Letext0
 554 0008 00000000 		.4byte	.LFB0
 555 000c 0A000000 		.4byte	.LFE0
 556 0010 00000000 		.4byte	.LFB1
 557 0014 0A000000 		.4byte	.LFE1
 558 0018 00000000 		.4byte	.LFB2
 559 001c 6C000000 		.4byte	.LFE2
 560 0020 00000000 		.4byte	.LFB3
 561 0024 2E000000 		.4byte	.LFE3
 562 0028 00000000 		.4byte	0x0
 563 002c 00000000 		.4byte	0x0
 564              		.section	.debug_str,"MS",%progbits,1
 565              	.LASF6:
 566 0000 6C6F6E67 		.ascii	"long long int\000"
 566      206C6F6E 
 566      6720696E 
 566      7400
 567              	.LASF11:
 568 000e 4144435F 		.ascii	"ADC_SAR_1_BACKUP_STRUCT\000"
 568      5341525F 
 568      315F4241 
 568      434B5550 
 568      5F535452 
 569              	.LASF15:
 570 0026 4144435F 		.ascii	"ADC_SAR_1_Wakeup\000"
 570      5341525F 
 570      315F5761 
 570      6B657570 
 570      00
 571              	.LASF1:
 572 0037 756E7369 		.ascii	"unsigned char\000"
 572      676E6564 
 572      20636861 
 572      7200
 573              	.LASF13:
 574 0045 4144435F 		.ascii	"ADC_SAR_1_RestoreConfig\000"
ARM GAS  C:\DOCUME~1\student\LOCALS~1\Temp\ccXjYK1G.s 			page 14


 574      5341525F 
 574      315F5265 
 574      73746F72 
 574      65436F6E 
 575              	.LASF5:
 576 005d 6C6F6E67 		.ascii	"long unsigned int\000"
 576      20756E73 
 576      69676E65 
 576      6420696E 
 576      7400
 577              	.LASF3:
 578 006f 73686F72 		.ascii	"short unsigned int\000"
 578      7420756E 
 578      7369676E 
 578      65642069 
 578      6E7400
 579              	.LASF21:
 580 0082 4144435F 		.ascii	"ADC_SAR_1_backup\000"
 580      5341525F 
 580      315F6261 
 580      636B7570 
 580      00
 581              	.LASF8:
 582 0093 756E7369 		.ascii	"unsigned int\000"
 582      676E6564 
 582      20696E74 
 582      00
 583              	.LASF7:
 584 00a0 6C6F6E67 		.ascii	"long long unsigned int\000"
 584      206C6F6E 
 584      6720756E 
 584      7369676E 
 584      65642069 
 585              	.LASF14:
 586 00b7 4144435F 		.ascii	"ADC_SAR_1_Sleep\000"
 586      5341525F 
 586      315F536C 
 586      65657000 
 587              	.LASF16:
 588 00c7 474E5520 		.ascii	"GNU C 4.4.1\000"
 588      4320342E 
 588      342E3100 
 589              	.LASF9:
 590 00d3 63686172 		.ascii	"char\000"
 590      00
 591              	.LASF12:
 592 00d8 4144435F 		.ascii	"ADC_SAR_1_SaveConfig\000"
 592      5341525F 
 592      315F5361 
 592      7665436F 
 592      6E666967 
 593              	.LASF2:
 594 00ed 73686F72 		.ascii	"short int\000"
 594      7420696E 
 594      7400
 595              	.LASF17:
 596 00f7 2E5C4765 		.ascii	".\\Generated_Source\\PSoC5\\ADC_SAR_1_PM.c\000"
ARM GAS  C:\DOCUME~1\student\LOCALS~1\Temp\ccXjYK1G.s 			page 15


 596      6E657261 
 596      7465645F 
 596      536F7572 
 596      63655C50 
 597              	.LASF10:
 598 011f 75696E74 		.ascii	"uint8\000"
 598      3800
 599              	.LASF18:
 600 0125 453A5C36 		.ascii	"E:\\6.115\\FFT\\RS232.cydsn\000"
 600      2E313135 
 600      5C464654 
 600      5C525332 
 600      33322E63 
 601              	.LASF4:
 602 013e 6C6F6E67 		.ascii	"long int\000"
 602      20696E74 
 602      00
 603              	.LASF20:
 604 0147 656E6162 		.ascii	"enableState\000"
 604      6C655374 
 604      61746500 
 605              	.LASF0:
 606 0153 7369676E 		.ascii	"signed char\000"
 606      65642063 
 606      68617200 
 607              	.LASF19:
 608 015f 5F414443 		.ascii	"_ADC_SAR_1_BackupStruct\000"
 608      5F534152 
 608      5F315F42 
 608      61636B75 
 608      70537472 
 609              		.ident	"GCC: (Sourcery G++ Lite 2010q1-188) 4.4.1"
