ARM GAS  C:\DOCUME~1\student\LOCALS~1\Temp\ccU5SYSO.s 			page 1


   1              		.syntax unified
   2              		.cpu cortex-m3
   3              		.fpu softvfp
   4              		.eabi_attribute 20, 1
   5              		.eabi_attribute 21, 1
   6              		.eabi_attribute 23, 3
   7              		.eabi_attribute 24, 1
   8              		.eabi_attribute 25, 1
   9              		.eabi_attribute 26, 1
  10              		.eabi_attribute 30, 6
  11              		.eabi_attribute 18, 4
  12              		.thumb
  13              		.file	"cyfitter_cfg.c"
  14              		.section	.debug_abbrev,"",%progbits
  15              	.Ldebug_abbrev0:
  16              		.section	.debug_info,"",%progbits
  17              	.Ldebug_info0:
  18              		.section	.debug_line,"",%progbits
  19              	.Ldebug_line0:
  20 0000 21010000 		.text
  20      02006400 
  20      00000201 
  20      FB0E0D00 
  20      01010101 
  21              	.Ltext0:
  22              		.cfi_sections	.debug_frame
  23              		.section	.text.CyClockStartupError,"ax",%progbits
  24              		.align	2
  25              		.thumb
  26              		.thumb_func
  27              		.type	CyClockStartupError, %function
  28              	CyClockStartupError:
  29              	.LFB0:
  30              		.file 1 ".\\Generated_Source\\PSoC5\\cyfitter_cfg.c"
   1:.\Generated_Source\PSoC5/cyfitter_cfg.c **** /*******************************************************************************
   2:.\Generated_Source\PSoC5/cyfitter_cfg.c **** * FILENAME: cyfitter_cfg.c
   3:.\Generated_Source\PSoC5/cyfitter_cfg.c **** * PSoC Creator 2.1 SP1
   4:.\Generated_Source\PSoC5/cyfitter_cfg.c **** *
   5:.\Generated_Source\PSoC5/cyfitter_cfg.c **** * Description:
   6:.\Generated_Source\PSoC5/cyfitter_cfg.c **** * This file is automatically generated by PSoC Creator with device 
   7:.\Generated_Source\PSoC5/cyfitter_cfg.c **** * initialization code.  Except for the user defined sections in
   8:.\Generated_Source\PSoC5/cyfitter_cfg.c **** * CyClockStartupError(), this file should not be modified.
   9:.\Generated_Source\PSoC5/cyfitter_cfg.c **** *
  10:.\Generated_Source\PSoC5/cyfitter_cfg.c **** ********************************************************************************
  11:.\Generated_Source\PSoC5/cyfitter_cfg.c **** * Copyright 2012, Cypress Semiconductor Corporation.  All rights reserved.
  12:.\Generated_Source\PSoC5/cyfitter_cfg.c **** * You may use this file only in accordance with the license, terms, conditions, 
  13:.\Generated_Source\PSoC5/cyfitter_cfg.c **** * disclaimers, and limitations in the end user license agreement accompanying 
  14:.\Generated_Source\PSoC5/cyfitter_cfg.c **** * the software package with which this file was provided.
  15:.\Generated_Source\PSoC5/cyfitter_cfg.c **** ********************************************************************************/
  16:.\Generated_Source\PSoC5/cyfitter_cfg.c **** 
  17:.\Generated_Source\PSoC5/cyfitter_cfg.c **** #include <string.h>
  18:.\Generated_Source\PSoC5/cyfitter_cfg.c **** #include <cytypes.h>
  19:.\Generated_Source\PSoC5/cyfitter_cfg.c **** #include <cydevice_trm.h>
  20:.\Generated_Source\PSoC5/cyfitter_cfg.c **** #include <cyfitter.h>
  21:.\Generated_Source\PSoC5/cyfitter_cfg.c **** #include <CyLib.h>
  22:.\Generated_Source\PSoC5/cyfitter_cfg.c **** #include <cyfitter_cfg.h>
  23:.\Generated_Source\PSoC5/cyfitter_cfg.c **** 
ARM GAS  C:\DOCUME~1\student\LOCALS~1\Temp\ccU5SYSO.s 			page 2


  24:.\Generated_Source\PSoC5/cyfitter_cfg.c **** /* Clock startup error codes                                                   */
  25:.\Generated_Source\PSoC5/cyfitter_cfg.c **** #define CYCLOCKSTART_NO_ERROR    0
  26:.\Generated_Source\PSoC5/cyfitter_cfg.c **** #define CYCLOCKSTART_XTAL_ERROR  1
  27:.\Generated_Source\PSoC5/cyfitter_cfg.c **** #define CYCLOCKSTART_32KHZ_ERROR 2
  28:.\Generated_Source\PSoC5/cyfitter_cfg.c **** #define CYCLOCKSTART_PLL_ERROR   3
  29:.\Generated_Source\PSoC5/cyfitter_cfg.c **** 
  30:.\Generated_Source\PSoC5/cyfitter_cfg.c **** /*******************************************************************************
  31:.\Generated_Source\PSoC5/cyfitter_cfg.c **** * Function Name: CyClockStartupError
  32:.\Generated_Source\PSoC5/cyfitter_cfg.c **** ********************************************************************************
  33:.\Generated_Source\PSoC5/cyfitter_cfg.c **** * Summary:
  34:.\Generated_Source\PSoC5/cyfitter_cfg.c **** *  If an error is encountered during clock configuration (crystal startup error,
  35:.\Generated_Source\PSoC5/cyfitter_cfg.c **** *  PLL lock error, etc) the system will end up here.  Unless reimplemented by 
  36:.\Generated_Source\PSoC5/cyfitter_cfg.c **** *  the customer, an infinite loop will be encountered.
  37:.\Generated_Source\PSoC5/cyfitter_cfg.c **** *
  38:.\Generated_Source\PSoC5/cyfitter_cfg.c **** * Parameters:  
  39:.\Generated_Source\PSoC5/cyfitter_cfg.c **** *   void
  40:.\Generated_Source\PSoC5/cyfitter_cfg.c **** *
  41:.\Generated_Source\PSoC5/cyfitter_cfg.c **** * Return:
  42:.\Generated_Source\PSoC5/cyfitter_cfg.c **** *   void
  43:.\Generated_Source\PSoC5/cyfitter_cfg.c **** *
  44:.\Generated_Source\PSoC5/cyfitter_cfg.c **** *******************************************************************************/
  45:.\Generated_Source\PSoC5/cyfitter_cfg.c **** #if defined(__GNUC__) || defined(__ARMCC_VERSION)
  46:.\Generated_Source\PSoC5/cyfitter_cfg.c **** __attribute__ ((unused))
  47:.\Generated_Source\PSoC5/cyfitter_cfg.c **** #endif
  48:.\Generated_Source\PSoC5/cyfitter_cfg.c **** static void CyClockStartupError(uint8 errorCode)
  49:.\Generated_Source\PSoC5/cyfitter_cfg.c **** {
  31              		.loc 1 49 0
  32              		.cfi_startproc
  33              		@ args = 0, pretend = 0, frame = 8
  34              		@ frame_needed = 1, uses_anonymous_args = 0
  35              		@ link register save eliminated.
  36 0000 80B4     		push	{r7}
  37              	.LCFI0:
  38              		.cfi_def_cfa_offset 4
  39 0002 83B0     		sub	sp, sp, #12
  40              	.LCFI1:
  41              		.cfi_def_cfa_offset 16
  42 0004 00AF     		add	r7, sp, #0
  43              		.cfi_offset 7, -4
  44              	.LCFI2:
  45              		.cfi_def_cfa_register 7
  46 0006 0346     		mov	r3, r0
  47 0008 FB71     		strb	r3, [r7, #7]
  48              	.L2:
  50:.\Generated_Source\PSoC5/cyfitter_cfg.c ****     /* To remove the compiler warning if errorCode not used.                */
  51:.\Generated_Source\PSoC5/cyfitter_cfg.c ****     errorCode = errorCode;
  52:.\Generated_Source\PSoC5/cyfitter_cfg.c **** 
  53:.\Generated_Source\PSoC5/cyfitter_cfg.c ****     /* `#START CyClockStartupError` */
  54:.\Generated_Source\PSoC5/cyfitter_cfg.c **** 
  55:.\Generated_Source\PSoC5/cyfitter_cfg.c ****     /* If we have a clock startup error (bad MHz crystal, PLL lock, etc)    */
  56:.\Generated_Source\PSoC5/cyfitter_cfg.c ****     /* we will end up here to allow the customer to implement something to  */
  57:.\Generated_Source\PSoC5/cyfitter_cfg.c ****     /* deal with the clock condition.                                       */
  58:.\Generated_Source\PSoC5/cyfitter_cfg.c **** 
  59:.\Generated_Source\PSoC5/cyfitter_cfg.c ****     /* `#END` */
  60:.\Generated_Source\PSoC5/cyfitter_cfg.c **** 
  61:.\Generated_Source\PSoC5/cyfitter_cfg.c ****     /* If nothing else, stop here since the clocks have not started         */
  62:.\Generated_Source\PSoC5/cyfitter_cfg.c ****     /* correctly.                                                           */
ARM GAS  C:\DOCUME~1\student\LOCALS~1\Temp\ccU5SYSO.s 			page 3


  63:.\Generated_Source\PSoC5/cyfitter_cfg.c ****     while(1) {}
  49              		.loc 1 63 0
  50 000a FEE7     		b	.L2
  51              		.cfi_endproc
  52              	.LFE0:
  53              		.size	CyClockStartupError, .-CyClockStartupError
  54              		.section	.rodata
  55              		.align	2
  56              		.type	cfg_memset_list, %object
  57              		.size	cfg_memset_list, 48
  58              	cfg_memset_list:
  59 0000 10510040 		.word	1073762576
  60 0004 1000     		.short	16
  61 0006 30510040 		.4byte	1073762608
  62 000a 3000     		.short	48
  63 000c F0510040 		.word	1073762800
  64 0010 1000     		.short	16
  65 0012 00000140 		.4byte	1073807360
  66 0016 0010     		.short	4096
  67 0018 00140140 		.word	1073812480
  68 001c 0008     		.short	2048
  69 001e 00400140 		.4byte	1073823744
  70 0022 000A     		.short	2560
  71 0024 004C0140 		.word	1073826816
  72 0028 0002     		.short	512
  73 002a 00500140 		.4byte	1073827840
  74 002e 2000     		.short	32
  75              		.section	.text.cfg_write_bytes32,"ax",%progbits
  76              		.align	2
  77              		.thumb
  78              		.thumb_func
  79              		.type	cfg_write_bytes32, %function
  80              	cfg_write_bytes32:
  81              	.LFB1:
  64:.\Generated_Source\PSoC5/cyfitter_cfg.c **** }
  65:.\Generated_Source\PSoC5/cyfitter_cfg.c **** 
  66:.\Generated_Source\PSoC5/cyfitter_cfg.c **** 
  67:.\Generated_Source\PSoC5/cyfitter_cfg.c **** #undef CYCODE
  68:.\Generated_Source\PSoC5/cyfitter_cfg.c **** #undef CYDATA
  69:.\Generated_Source\PSoC5/cyfitter_cfg.c **** #undef CYXDATA
  70:.\Generated_Source\PSoC5/cyfitter_cfg.c **** #undef CYFAR
  71:.\Generated_Source\PSoC5/cyfitter_cfg.c **** #if defined(__GNUC__) || defined(__ARMCC_VERSION)
  72:.\Generated_Source\PSoC5/cyfitter_cfg.c **** 	#define CYCODE
  73:.\Generated_Source\PSoC5/cyfitter_cfg.c **** 	#define CYDATA
  74:.\Generated_Source\PSoC5/cyfitter_cfg.c **** 	#define CYXDATA
  75:.\Generated_Source\PSoC5/cyfitter_cfg.c **** 	#define CYFAR
  76:.\Generated_Source\PSoC5/cyfitter_cfg.c **** 
  77:.\Generated_Source\PSoC5/cyfitter_cfg.c **** 	#define CYPACKED __attribute__ ((packed))
  78:.\Generated_Source\PSoC5/cyfitter_cfg.c **** 	#define CYALIGNED __attribute__ ((aligned))
  79:.\Generated_Source\PSoC5/cyfitter_cfg.c **** 	
  80:.\Generated_Source\PSoC5/cyfitter_cfg.c **** 	#if defined(__ARMCC_VERSION)
  81:.\Generated_Source\PSoC5/cyfitter_cfg.c **** 		#define CY_CFG_MEMORY_BARRIER() __memory_changed()
  82:.\Generated_Source\PSoC5/cyfitter_cfg.c **** 	#else
  83:.\Generated_Source\PSoC5/cyfitter_cfg.c **** 		#define CY_CFG_MEMORY_BARRIER() __sync_synchronize()
  84:.\Generated_Source\PSoC5/cyfitter_cfg.c **** 	#endif
  85:.\Generated_Source\PSoC5/cyfitter_cfg.c **** 	
  86:.\Generated_Source\PSoC5/cyfitter_cfg.c **** 	
ARM GAS  C:\DOCUME~1\student\LOCALS~1\Temp\ccU5SYSO.s 			page 4


  87:.\Generated_Source\PSoC5/cyfitter_cfg.c **** 	#define CYMEMZERO(a,c) memset((a),0,(c))
  88:.\Generated_Source\PSoC5/cyfitter_cfg.c **** 	#define CYCONFIGCPY(d,s,c) memcpy((d),(s),(c))
  89:.\Generated_Source\PSoC5/cyfitter_cfg.c **** 	#define CYCONFIGCPYCODE(d,s,c) memcpy((d),(s),(c))
  90:.\Generated_Source\PSoC5/cyfitter_cfg.c **** #else
  91:.\Generated_Source\PSoC5/cyfitter_cfg.c **** 	#error Unsupported toolchain
  92:.\Generated_Source\PSoC5/cyfitter_cfg.c **** #endif
  93:.\Generated_Source\PSoC5/cyfitter_cfg.c **** 
  94:.\Generated_Source\PSoC5/cyfitter_cfg.c **** /* Defines the layout and meaning of each entry in the cfg_memset_list used for clearing registers 
  95:.\Generated_Source\PSoC5/cyfitter_cfg.c **** typedef struct {
  96:.\Generated_Source\PSoC5/cyfitter_cfg.c **** 	void CYFAR *address;
  97:.\Generated_Source\PSoC5/cyfitter_cfg.c **** 	uint16 size;
  98:.\Generated_Source\PSoC5/cyfitter_cfg.c **** } CYPACKED cfg_memset_t;
  99:.\Generated_Source\PSoC5/cyfitter_cfg.c **** 
 100:.\Generated_Source\PSoC5/cyfitter_cfg.c **** /* Defines the layout and meaning of each entry in the cfg_memcpy_list used for initializing regist
 101:.\Generated_Source\PSoC5/cyfitter_cfg.c **** typedef struct {
 102:.\Generated_Source\PSoC5/cyfitter_cfg.c **** 	void CYFAR *dest;
 103:.\Generated_Source\PSoC5/cyfitter_cfg.c **** 	const void CYFAR *src;
 104:.\Generated_Source\PSoC5/cyfitter_cfg.c **** 	uint16 size;
 105:.\Generated_Source\PSoC5/cyfitter_cfg.c **** } CYPACKED cfg_memcpy_t;
 106:.\Generated_Source\PSoC5/cyfitter_cfg.c **** 
 107:.\Generated_Source\PSoC5/cyfitter_cfg.c **** /* Contains the regions of memory that must be set to 0 during configuration */
 108:.\Generated_Source\PSoC5/cyfitter_cfg.c **** #define CFG_MEMSET_COUNT (sizeof(cfg_memset_list)/sizeof(*cfg_memset_list))
 109:.\Generated_Source\PSoC5/cyfitter_cfg.c **** static const cfg_memset_t CYCODE cfg_memset_list [] = {
 110:.\Generated_Source\PSoC5/cyfitter_cfg.c **** 	/* address, size */
 111:.\Generated_Source\PSoC5/cyfitter_cfg.c **** 	{(void CYFAR *)(CYREG_PRT1_DR), 16},
 112:.\Generated_Source\PSoC5/cyfitter_cfg.c **** 	{(void CYFAR *)(CYREG_PRT3_DR), 48},
 113:.\Generated_Source\PSoC5/cyfitter_cfg.c **** 	{(void CYFAR *)(CYREG_PRT15_DR), 16},
 114:.\Generated_Source\PSoC5/cyfitter_cfg.c **** 	{(void CYFAR *)(CYDEV_UCFG_B0_P0_U0_BASE), 4096},
 115:.\Generated_Source\PSoC5/cyfitter_cfg.c **** 	{(void CYFAR *)(CYDEV_UCFG_B1_P2_U0_BASE), 2048},
 116:.\Generated_Source\PSoC5/cyfitter_cfg.c **** 	{(void CYFAR *)(CYDEV_UCFG_DSI0_BASE), 2560},
 117:.\Generated_Source\PSoC5/cyfitter_cfg.c **** 	{(void CYFAR *)(CYDEV_UCFG_DSI12_BASE), 512},
 118:.\Generated_Source\PSoC5/cyfitter_cfg.c **** 	{(void CYFAR *)(CYREG_BCTL0_MDCLK_EN), 32},
 119:.\Generated_Source\PSoC5/cyfitter_cfg.c **** };
 120:.\Generated_Source\PSoC5/cyfitter_cfg.c **** 
 121:.\Generated_Source\PSoC5/cyfitter_cfg.c **** #define CY_CFG_BASE_ADDR_COUNT 31
 122:.\Generated_Source\PSoC5/cyfitter_cfg.c **** typedef struct
 123:.\Generated_Source\PSoC5/cyfitter_cfg.c **** {
 124:.\Generated_Source\PSoC5/cyfitter_cfg.c **** 	uint8 offset;
 125:.\Generated_Source\PSoC5/cyfitter_cfg.c **** 	uint8 value;
 126:.\Generated_Source\PSoC5/cyfitter_cfg.c **** } CYPACKED cy_cfg_addrvalue_t;
 127:.\Generated_Source\PSoC5/cyfitter_cfg.c **** 
 128:.\Generated_Source\PSoC5/cyfitter_cfg.c **** #define cy_cfg_addr_table ((const uint32 CYFAR *)0x48000000)
 129:.\Generated_Source\PSoC5/cyfitter_cfg.c **** #define cy_cfg_data_table ((const cy_cfg_addrvalue_t CYFAR *)0x4800007C)
 130:.\Generated_Source\PSoC5/cyfitter_cfg.c **** 
 131:.\Generated_Source\PSoC5/cyfitter_cfg.c **** /* IOPINS0_0 Address: CYREG_PRT0_DM0 Size (bytes): 8 */
 132:.\Generated_Source\PSoC5/cyfitter_cfg.c **** #define BS_IOPINS0_0_VAL ((const uint8 CYFAR *)0x480006FC)
 133:.\Generated_Source\PSoC5/cyfitter_cfg.c **** 
 134:.\Generated_Source\PSoC5/cyfitter_cfg.c **** /* IOPINS0_7 Address: CYREG_PRT12_DR Size (bytes): 10 */
 135:.\Generated_Source\PSoC5/cyfitter_cfg.c **** #define BS_IOPINS0_7_VAL ((const uint8 CYFAR *)0x48000704)
 136:.\Generated_Source\PSoC5/cyfitter_cfg.c **** 
 137:.\Generated_Source\PSoC5/cyfitter_cfg.c **** /* IOPINS0_2 Address: CYREG_PRT2_DM0 Size (bytes): 8 */
 138:.\Generated_Source\PSoC5/cyfitter_cfg.c **** #define BS_IOPINS0_2_VAL ((const uint8 CYFAR *)0x48000710)
 139:.\Generated_Source\PSoC5/cyfitter_cfg.c **** 
 140:.\Generated_Source\PSoC5/cyfitter_cfg.c **** /* IOPINS0_6 Address: CYREG_PRT6_DR Size (bytes): 10 */
 141:.\Generated_Source\PSoC5/cyfitter_cfg.c **** #define BS_IOPINS0_6_VAL ((const uint8 CYFAR *)0x48000718)
 142:.\Generated_Source\PSoC5/cyfitter_cfg.c **** 
 143:.\Generated_Source\PSoC5/cyfitter_cfg.c **** /* CYDEV_CLKDIST_ACFG0_CFG0 Address: CYREG_CLKDIST_ACFG0_CFG0 Size (bytes): 4 */
ARM GAS  C:\DOCUME~1\student\LOCALS~1\Temp\ccU5SYSO.s 			page 5


 144:.\Generated_Source\PSoC5/cyfitter_cfg.c **** #define BS_CYDEV_CLKDIST_ACFG0_CFG0_VAL ((const uint8 CYFAR *)0x48000724)
 145:.\Generated_Source\PSoC5/cyfitter_cfg.c **** 
 146:.\Generated_Source\PSoC5/cyfitter_cfg.c **** 
 147:.\Generated_Source\PSoC5/cyfitter_cfg.c **** /*******************************************************************************
 148:.\Generated_Source\PSoC5/cyfitter_cfg.c **** * Function Name: cfg_write_bytes32
 149:.\Generated_Source\PSoC5/cyfitter_cfg.c **** ********************************************************************************
 150:.\Generated_Source\PSoC5/cyfitter_cfg.c **** * Summary:
 151:.\Generated_Source\PSoC5/cyfitter_cfg.c **** *  This function is used for setting up the chip configuration areas that 
 152:.\Generated_Source\PSoC5/cyfitter_cfg.c **** *  contain relativly sparse data.
 153:.\Generated_Source\PSoC5/cyfitter_cfg.c **** *
 154:.\Generated_Source\PSoC5/cyfitter_cfg.c **** * Parameters:  
 155:.\Generated_Source\PSoC5/cyfitter_cfg.c **** *   void
 156:.\Generated_Source\PSoC5/cyfitter_cfg.c **** *
 157:.\Generated_Source\PSoC5/cyfitter_cfg.c **** * Return:
 158:.\Generated_Source\PSoC5/cyfitter_cfg.c **** *   void
 159:.\Generated_Source\PSoC5/cyfitter_cfg.c **** *
 160:.\Generated_Source\PSoC5/cyfitter_cfg.c **** *******************************************************************************/
 161:.\Generated_Source\PSoC5/cyfitter_cfg.c **** /* For 32-bit little-endian architectures */
 162:.\Generated_Source\PSoC5/cyfitter_cfg.c **** static void cfg_write_bytes32(void)
 163:.\Generated_Source\PSoC5/cyfitter_cfg.c **** {
  82              		.loc 1 163 0
  83              		.cfi_startproc
  84              		@ args = 0, pretend = 0, frame = 16
  85              		@ frame_needed = 1, uses_anonymous_args = 0
  86              		@ link register save eliminated.
  87 0000 80B4     		push	{r7}
  88              	.LCFI3:
  89              		.cfi_def_cfa_offset 4
  90 0002 85B0     		sub	sp, sp, #20
  91              	.LCFI4:
  92              		.cfi_def_cfa_offset 24
  93 0004 00AF     		add	r7, sp, #0
  94              		.cfi_offset 7, -4
  95              	.LCFI5:
  96              		.cfi_def_cfa_register 7
 164:.\Generated_Source\PSoC5/cyfitter_cfg.c **** 	unsigned int i, j = 0;
  97              		.loc 1 164 0
  98 0006 4FF00003 		mov	r3, #0
  99 000a 7B60     		str	r3, [r7, #4]
 165:.\Generated_Source\PSoC5/cyfitter_cfg.c **** 	for (i = 0; i < CY_CFG_BASE_ADDR_COUNT; i++)
 100              		.loc 1 165 0
 101 000c 4FF00003 		mov	r3, #0
 102 0010 3B60     		str	r3, [r7, #0]
 103 0012 36E0     		b	.L5
 104              	.L8:
 105              	.LBB2:
 166:.\Generated_Source\PSoC5/cyfitter_cfg.c **** 	{
 167:.\Generated_Source\PSoC5/cyfitter_cfg.c **** 		uint32 baseAddr = cy_cfg_addr_table[i];
 106              		.loc 1 167 0
 107 0014 3B68     		ldr	r3, [r7, #0]
 108 0016 4FEA8303 		lsl	r3, r3, #2
 109 001a 03F19043 		add	r3, r3, #1207959552
 110 001e 1B68     		ldr	r3, [r3, #0]
 111 0020 BB60     		str	r3, [r7, #8]
 168:.\Generated_Source\PSoC5/cyfitter_cfg.c **** 		uint8 count = baseAddr & 0xFFu;
 112              		.loc 1 168 0
 113 0022 BB68     		ldr	r3, [r7, #8]
ARM GAS  C:\DOCUME~1\student\LOCALS~1\Temp\ccU5SYSO.s 			page 6


 114 0024 FB73     		strb	r3, [r7, #15]
 169:.\Generated_Source\PSoC5/cyfitter_cfg.c **** 		baseAddr &= 0xFFFFFF00u;
 115              		.loc 1 169 0
 116 0026 BB68     		ldr	r3, [r7, #8]
 117 0028 23F0FF03 		bic	r3, r3, #255
 118 002c BB60     		str	r3, [r7, #8]
 170:.\Generated_Source\PSoC5/cyfitter_cfg.c **** 		while (count--)
 119              		.loc 1 170 0
 120 002e 18E0     		b	.L6
 121              	.L7:
 171:.\Generated_Source\PSoC5/cyfitter_cfg.c **** 		{
 172:.\Generated_Source\PSoC5/cyfitter_cfg.c **** 			CY_SET_XTND_REG8((void CYFAR *)(baseAddr + cy_cfg_data_table[j].offset), cy_cfg_data_table[j].va
 122              		.loc 1 172 0
 123 0030 7B68     		ldr	r3, [r7, #4]
 124 0032 4FEA4303 		lsl	r3, r3, #1
 125 0036 03F19043 		add	r3, r3, #1207959552
 126 003a 03F17C03 		add	r3, r3, #124
 127 003e 1B78     		ldrb	r3, [r3, #0]	@ zero_extendqisi2
 128 0040 1A46     		mov	r2, r3
 129 0042 BB68     		ldr	r3, [r7, #8]
 130 0044 1344     		add	r3, r2, r3
 131 0046 1A46     		mov	r2, r3
 132 0048 7B68     		ldr	r3, [r7, #4]
 133 004a 4FEA4303 		lsl	r3, r3, #1
 134 004e 03F19043 		add	r3, r3, #1207959552
 135 0052 03F17C03 		add	r3, r3, #124
 136 0056 5B78     		ldrb	r3, [r3, #1]	@ zero_extendqisi2
 137 0058 1370     		strb	r3, [r2, #0]
 173:.\Generated_Source\PSoC5/cyfitter_cfg.c **** 			j++;
 138              		.loc 1 173 0
 139 005a 7B68     		ldr	r3, [r7, #4]
 140 005c 03F10103 		add	r3, r3, #1
 141 0060 7B60     		str	r3, [r7, #4]
 142              	.L6:
 143              		.loc 1 170 0
 144 0062 FB7B     		ldrb	r3, [r7, #15]	@ zero_extendqisi2
 145 0064 002B     		cmp	r3, #0
 146 0066 0CBF     		ite	eq
 147 0068 0023     		moveq	r3, #0
 148 006a 0123     		movne	r3, #1
 149 006c DBB2     		uxtb	r3, r3
 150 006e FA7B     		ldrb	r2, [r7, #15]
 151 0070 02F1FF32 		add	r2, r2, #-1
 152 0074 FA73     		strb	r2, [r7, #15]
 153 0076 002B     		cmp	r3, #0
 154 0078 DAD1     		bne	.L7
 155              	.LBE2:
 156              		.loc 1 165 0
 157 007a 3B68     		ldr	r3, [r7, #0]
 158 007c 03F10103 		add	r3, r3, #1
 159 0080 3B60     		str	r3, [r7, #0]
 160              	.L5:
 161 0082 3B68     		ldr	r3, [r7, #0]
 162 0084 1E2B     		cmp	r3, #30
 163 0086 C5D9     		bls	.L8
 174:.\Generated_Source\PSoC5/cyfitter_cfg.c **** 		}
 175:.\Generated_Source\PSoC5/cyfitter_cfg.c **** 	}
ARM GAS  C:\DOCUME~1\student\LOCALS~1\Temp\ccU5SYSO.s 			page 7


 176:.\Generated_Source\PSoC5/cyfitter_cfg.c **** }
 164              		.loc 1 176 0
 165 0088 07F11407 		add	r7, r7, #20
 166 008c BD46     		mov	sp, r7
 167 008e 80BC     		pop	{r7}
 168 0090 7047     		bx	lr
 169              		.cfi_endproc
 170              	.LFE1:
 171              		.size	cfg_write_bytes32, .-cfg_write_bytes32
 172 0092 00BF     		.section	.text.ClockSetup,"ax",%progbits
 173              		.align	2
 174              		.thumb
 175              		.thumb_func
 176              		.type	ClockSetup, %function
 177              	ClockSetup:
 178              	.LFB2:
 177:.\Generated_Source\PSoC5/cyfitter_cfg.c **** 
 178:.\Generated_Source\PSoC5/cyfitter_cfg.c **** /*******************************************************************************
 179:.\Generated_Source\PSoC5/cyfitter_cfg.c **** * Function Name: ClockSetup
 180:.\Generated_Source\PSoC5/cyfitter_cfg.c **** ********************************************************************************
 181:.\Generated_Source\PSoC5/cyfitter_cfg.c **** *
 182:.\Generated_Source\PSoC5/cyfitter_cfg.c **** * Summary:
 183:.\Generated_Source\PSoC5/cyfitter_cfg.c **** *  Performs the initialization of all of the clocks in the device based on the
 184:.\Generated_Source\PSoC5/cyfitter_cfg.c **** *  settings in the Clock tab of the DWR.  This includes enabling the requested
 185:.\Generated_Source\PSoC5/cyfitter_cfg.c **** *  clocks and setting the necessary dividers to produce the desired frequency. 
 186:.\Generated_Source\PSoC5/cyfitter_cfg.c **** *
 187:.\Generated_Source\PSoC5/cyfitter_cfg.c **** * Parameters:
 188:.\Generated_Source\PSoC5/cyfitter_cfg.c **** *  void
 189:.\Generated_Source\PSoC5/cyfitter_cfg.c **** *
 190:.\Generated_Source\PSoC5/cyfitter_cfg.c **** * Return:
 191:.\Generated_Source\PSoC5/cyfitter_cfg.c **** *  void
 192:.\Generated_Source\PSoC5/cyfitter_cfg.c **** *
 193:.\Generated_Source\PSoC5/cyfitter_cfg.c **** *******************************************************************************/
 194:.\Generated_Source\PSoC5/cyfitter_cfg.c **** static void ClockSetup(void)
 195:.\Generated_Source\PSoC5/cyfitter_cfg.c **** {
 179              		.loc 1 195 0
 180              		.cfi_startproc
 181              		@ args = 0, pretend = 0, frame = 16
 182              		@ frame_needed = 1, uses_anonymous_args = 0
 183 0000 80B5     		push	{r7, lr}
 184              	.LCFI6:
 185              		.cfi_def_cfa_offset 8
 186 0002 84B0     		sub	sp, sp, #16
 187              	.LCFI7:
 188              		.cfi_def_cfa_offset 24
 189 0004 00AF     		add	r7, sp, #0
 190              		.cfi_offset 14, -4
 191              		.cfi_offset 7, -8
 192              	.LCFI8:
 193              		.cfi_def_cfa_register 7
 196:.\Generated_Source\PSoC5/cyfitter_cfg.c **** 	reg32  timeout;
 197:.\Generated_Source\PSoC5/cyfitter_cfg.c **** 	reg32* timeout_p = &timeout;
 194              		.loc 1 197 0
 195 0006 07F10803 		add	r3, r7, #8
 196 000a FB60     		str	r3, [r7, #12]
 198:.\Generated_Source\PSoC5/cyfitter_cfg.c **** 	reg8   pllLock;
 199:.\Generated_Source\PSoC5/cyfitter_cfg.c **** 
ARM GAS  C:\DOCUME~1\student\LOCALS~1\Temp\ccU5SYSO.s 			page 8


 200:.\Generated_Source\PSoC5/cyfitter_cfg.c **** 
 201:.\Generated_Source\PSoC5/cyfitter_cfg.c **** 	/* Configure Digital Clocks based on settings from Clock DWR */
 202:.\Generated_Source\PSoC5/cyfitter_cfg.c **** 	CY_SET_XTND_REG24((void CYFAR *)(CYREG_CLKDIST_DCFG0_CFG0), 0x180138);
 197              		.loc 1 202 0
 198 000c 44F28000 		movw	r0, #:lower16:1073758336
 199 0010 C4F20000 		movt	r0, #:upper16:1073758336
 200 0014 40F23811 		movw	r1, #:lower16:1573176
 201 0018 C0F21801 		movt	r1, #:upper16:1573176
 202 001c FFF7FEFF 		bl	CySetReg24
 203:.\Generated_Source\PSoC5/cyfitter_cfg.c **** 	CY_SET_XTND_REG24((void CYFAR *)(CYREG_CLKDIST_DCFG1_CFG0), 0x180138);
 203              		.loc 1 203 0
 204 0020 44F28400 		movw	r0, #:lower16:1073758340
 205 0024 C4F20000 		movt	r0, #:upper16:1073758340
 206 0028 40F23811 		movw	r1, #:lower16:1573176
 207 002c C0F21801 		movt	r1, #:upper16:1573176
 208 0030 FFF7FEFF 		bl	CySetReg24
 204:.\Generated_Source\PSoC5/cyfitter_cfg.c **** 	CY_SET_XTND_REG24((void CYFAR *)(CYREG_CLKDIST_DCFG2_CFG0), 0x180257);
 209              		.loc 1 204 0
 210 0034 44F28800 		movw	r0, #:lower16:1073758344
 211 0038 C4F20000 		movt	r0, #:upper16:1073758344
 212 003c 40F25721 		movw	r1, #:lower16:1573463
 213 0040 C0F21801 		movt	r1, #:upper16:1573463
 214 0044 FFF7FEFF 		bl	CySetReg24
 205:.\Generated_Source\PSoC5/cyfitter_cfg.c **** 	CY_SET_XTND_REG24((void CYFAR *)(CYREG_CLKDIST_DCFG3_CFG0), 0x190BB7);
 215              		.loc 1 205 0
 216 0048 44F28C00 		movw	r0, #:lower16:1073758348
 217 004c C4F20000 		movt	r0, #:upper16:1073758348
 218 0050 40F6B731 		movw	r1, #:lower16:1641399
 219 0054 C0F21901 		movt	r1, #:upper16:1641399
 220 0058 FFF7FEFF 		bl	CySetReg24
 206:.\Generated_Source\PSoC5/cyfitter_cfg.c **** 
 207:.\Generated_Source\PSoC5/cyfitter_cfg.c **** 	/* Configure Analog Clocks based on settings from Clock DWR */
 208:.\Generated_Source\PSoC5/cyfitter_cfg.c **** 	CYCONFIGCPY((void CYFAR *)(CYREG_CLKDIST_ACFG0_CFG0), (void CYFAR *)(BS_CYDEV_CLKDIST_ACFG0_CFG0_V
 221              		.loc 1 208 0
 222 005c 44F20010 		movw	r0, #:lower16:1073758464
 223 0060 C4F20000 		movt	r0, #:upper16:1073758464
 224 0064 40F22471 		movw	r1, #:lower16:1207961380
 225 0068 C4F60001 		movt	r1, #:upper16:1207961380
 226 006c 4FF00402 		mov	r2, #4
 227 0070 FFF7FEFF 		bl	memcpy
 209:.\Generated_Source\PSoC5/cyfitter_cfg.c **** 
 210:.\Generated_Source\PSoC5/cyfitter_cfg.c **** 	/* Configure ILO based on settings from Clock DWR */
 211:.\Generated_Source\PSoC5/cyfitter_cfg.c **** 	CY_SET_XTND_REG8((void CYFAR *)(CYREG_SLOWCLK_ILO_CR0), 0x02);
 228              		.loc 1 211 0
 229 0074 44F20033 		movw	r3, #:lower16:1073758976
 230 0078 C4F20003 		movt	r3, #:upper16:1073758976
 231 007c 4FF00202 		mov	r2, #2
 232 0080 1A70     		strb	r2, [r3, #0]
 212:.\Generated_Source\PSoC5/cyfitter_cfg.c **** 	CY_SET_XTND_REG8((void CYFAR *)(CYREG_CLKDIST_CR), 0x08);
 233              		.loc 1 212 0
 234 0082 44F20003 		movw	r3, #:lower16:1073758208
 235 0086 C4F20003 		movt	r3, #:upper16:1073758208
 236 008a 4FF00802 		mov	r2, #8
 237 008e 1A70     		strb	r2, [r3, #0]
 213:.\Generated_Source\PSoC5/cyfitter_cfg.c **** 
 214:.\Generated_Source\PSoC5/cyfitter_cfg.c **** 	/* Configure IMO based on settings from Clock DWR */
 215:.\Generated_Source\PSoC5/cyfitter_cfg.c **** 	CY_SET_XTND_REG8((void CYFAR *)(CYREG_FASTCLK_IMO_CR), 0x03);
ARM GAS  C:\DOCUME~1\student\LOCALS~1\Temp\ccU5SYSO.s 			page 9


 238              		.loc 1 215 0
 239 0090 44F20023 		movw	r3, #:lower16:1073758720
 240 0094 C4F20003 		movt	r3, #:upper16:1073758720
 241 0098 4FF00302 		mov	r2, #3
 242 009c 1A70     		strb	r2, [r3, #0]
 216:.\Generated_Source\PSoC5/cyfitter_cfg.c **** 	CY_SET_XTND_REG8((void CYFAR *)(CYREG_IMO_TR1), (CY_GET_XTND_REG8(CYREG_FLSHID_CUST_TABLES_IMO_3MH
 243              		.loc 1 216 0
 244 009e 44F2A163 		movw	r3, #:lower16:1073759905
 245 00a2 C4F20003 		movt	r3, #:upper16:1073759905
 246 00a6 40F20812 		movw	r2, #:lower16:1224737032
 247 00aa C4F60012 		movt	r2, #:upper16:1224737032
 248 00ae 1278     		ldrb	r2, [r2, #0]
 249 00b0 D2B2     		uxtb	r2, r2
 250 00b2 1A70     		strb	r2, [r3, #0]
 217:.\Generated_Source\PSoC5/cyfitter_cfg.c **** 
 218:.\Generated_Source\PSoC5/cyfitter_cfg.c **** 	/* Configure PLL based on settings from Clock DWR */
 219:.\Generated_Source\PSoC5/cyfitter_cfg.c **** 	CY_SET_XTND_REG16((void CYFAR *)(CYREG_FASTCLK_PLL_P), 0x0008);
 251              		.loc 1 219 0
 252 00b4 44F22223 		movw	r3, #:lower16:1073758754
 253 00b8 C4F20003 		movt	r3, #:upper16:1073758754
 254 00bc 4FF00802 		mov	r2, #8
 255 00c0 1A80     		strh	r2, [r3, #0]	@ movhi
 220:.\Generated_Source\PSoC5/cyfitter_cfg.c **** 	CY_SET_XTND_REG16((void CYFAR *)(CYREG_FASTCLK_PLL_CFG0), 0x1051);
 256              		.loc 1 220 0
 257 00c2 44F22023 		movw	r3, #:lower16:1073758752
 258 00c6 C4F20003 		movt	r3, #:upper16:1073758752
 259 00ca 41F25102 		movw	r2, #4177
 260 00ce 1A80     		strh	r2, [r3, #0]	@ movhi
 221:.\Generated_Source\PSoC5/cyfitter_cfg.c **** 	/* Wait up to 250us for the PLL to lock */
 222:.\Generated_Source\PSoC5/cyfitter_cfg.c **** 	pllLock = 0;
 261              		.loc 1 222 0
 262 00d0 4FF00003 		mov	r3, #0
 263 00d4 FB71     		strb	r3, [r7, #7]
 223:.\Generated_Source\PSoC5/cyfitter_cfg.c **** 	for (timeout = 250 / 10; *timeout_p && (pllLock != 0x03u); timeout--) { 
 264              		.loc 1 223 0
 265 00d6 4FF01903 		mov	r3, #25
 266 00da BB60     		str	r3, [r7, #8]
 267 00dc 1AE0     		b	.L11
 268              	.L13:
 224:.\Generated_Source\PSoC5/cyfitter_cfg.c **** 		pllLock = 0x03u & ((pllLock << 1) | ((CY_GET_XTND_REG8(CYREG_FASTCLK_PLL_SR) & 0x01u) >> 0));
 269              		.loc 1 224 0
 270 00de FB79     		ldrb	r3, [r7, #7]
 271 00e0 DBB2     		uxtb	r3, r3
 272 00e2 4FEA4303 		lsl	r3, r3, #1
 273 00e6 DAB2     		uxtb	r2, r3
 274 00e8 44F22523 		movw	r3, #:lower16:1073758757
 275 00ec C4F20003 		movt	r3, #:upper16:1073758757
 276 00f0 1B78     		ldrb	r3, [r3, #0]
 277 00f2 DBB2     		uxtb	r3, r3
 278 00f4 03F00103 		and	r3, r3, #1
 279 00f8 42EA0303 		orr	r3, r2, r3
 280 00fc DBB2     		uxtb	r3, r3
 281 00fe 03F00303 		and	r3, r3, #3
 282 0102 FB71     		strb	r3, [r7, #7]
 225:.\Generated_Source\PSoC5/cyfitter_cfg.c **** 		CyDelayCycles(10 * 48); /* Delay 10us based on 48MHz clock */
 283              		.loc 1 225 0
 284 0104 4FF4F070 		mov	r0, #480
ARM GAS  C:\DOCUME~1\student\LOCALS~1\Temp\ccU5SYSO.s 			page 10


 285 0108 FFF7FEFF 		bl	CyDelayCycles
 286              		.loc 1 223 0
 287 010c BB68     		ldr	r3, [r7, #8]
 288 010e 03F1FF33 		add	r3, r3, #-1
 289 0112 BB60     		str	r3, [r7, #8]
 290              	.L11:
 291 0114 FB68     		ldr	r3, [r7, #12]
 292 0116 1B68     		ldr	r3, [r3, #0]
 293 0118 002B     		cmp	r3, #0
 294 011a 03D0     		beq	.L12
 295 011c FB79     		ldrb	r3, [r7, #7]
 296 011e DBB2     		uxtb	r3, r3
 297 0120 032B     		cmp	r3, #3
 298 0122 DCD1     		bne	.L13
 299              	.L12:
 226:.\Generated_Source\PSoC5/cyfitter_cfg.c **** 	}
 227:.\Generated_Source\PSoC5/cyfitter_cfg.c **** 
 228:.\Generated_Source\PSoC5/cyfitter_cfg.c **** 	/* Configure Bus/Master Clock based on settings from Clock DWR */
 229:.\Generated_Source\PSoC5/cyfitter_cfg.c **** 	CY_SET_XTND_REG16((void CYFAR *)(CYREG_CLKDIST_MSTR0), 0x0100);
 300              		.loc 1 229 0
 301 0124 44F20403 		movw	r3, #:lower16:1073758212
 302 0128 C4F20003 		movt	r3, #:upper16:1073758212
 303 012c 4FF48072 		mov	r2, #256
 304 0130 1A80     		strh	r2, [r3, #0]	@ movhi
 230:.\Generated_Source\PSoC5/cyfitter_cfg.c **** 	CY_SET_XTND_REG8((void CYFAR *)(CYREG_CLKDIST_MSTR0), 0x07);
 305              		.loc 1 230 0
 306 0132 44F20403 		movw	r3, #:lower16:1073758212
 307 0136 C4F20003 		movt	r3, #:upper16:1073758212
 308 013a 4FF00702 		mov	r2, #7
 309 013e 1A70     		strb	r2, [r3, #0]
 231:.\Generated_Source\PSoC5/cyfitter_cfg.c **** 	CY_SET_XTND_REG8((void CYFAR *)(CYREG_CLKDIST_BCFG0), 0x00);
 310              		.loc 1 231 0
 311 0140 44F20603 		movw	r3, #:lower16:1073758214
 312 0144 C4F20003 		movt	r3, #:upper16:1073758214
 313 0148 4FF00002 		mov	r2, #0
 314 014c 1A70     		strb	r2, [r3, #0]
 232:.\Generated_Source\PSoC5/cyfitter_cfg.c **** 	CY_SET_XTND_REG8((void CYFAR *)(CYREG_CLKDIST_BCFG2), 0x48);
 315              		.loc 1 232 0
 316 014e 44F20803 		movw	r3, #:lower16:1073758216
 317 0152 C4F20003 		movt	r3, #:upper16:1073758216
 318 0156 4FF04802 		mov	r2, #72
 319 015a 1A70     		strb	r2, [r3, #0]
 233:.\Generated_Source\PSoC5/cyfitter_cfg.c **** 	CY_SET_XTND_REG8((void CYFAR *)(CYREG_CLKDIST_MSTR0), 0x00);
 320              		.loc 1 233 0
 321 015c 44F20403 		movw	r3, #:lower16:1073758212
 322 0160 C4F20003 		movt	r3, #:upper16:1073758212
 323 0164 4FF00002 		mov	r2, #0
 324 0168 1A70     		strb	r2, [r3, #0]
 234:.\Generated_Source\PSoC5/cyfitter_cfg.c **** 	CY_SET_XTND_REG8((void CYFAR *)(CYREG_CLKDIST_LD), 0x02);
 325              		.loc 1 234 0
 326 016a 44F20103 		movw	r3, #:lower16:1073758209
 327 016e C4F20003 		movt	r3, #:upper16:1073758209
 328 0172 4FF00202 		mov	r2, #2
 329 0176 1A70     		strb	r2, [r3, #0]
 235:.\Generated_Source\PSoC5/cyfitter_cfg.c **** 	CY_SET_XTND_REG8((void CYFAR *)(CYREG_CLKDIST_DLY1), 0x04);
 330              		.loc 1 235 0
 331 0178 44F20B03 		movw	r3, #:lower16:1073758219
ARM GAS  C:\DOCUME~1\student\LOCALS~1\Temp\ccU5SYSO.s 			page 11


 332 017c C4F20003 		movt	r3, #:upper16:1073758219
 333 0180 4FF00402 		mov	r2, #4
 334 0184 1A70     		strb	r2, [r3, #0]
 236:.\Generated_Source\PSoC5/cyfitter_cfg.c **** 
 237:.\Generated_Source\PSoC5/cyfitter_cfg.c **** 	CY_SET_XTND_REG8((void CYFAR *)(CYREG_PM_ACT_CFG2), ((CY_GET_XTND_REG8(CYREG_PM_ACT_CFG2) | 0x0F))
 335              		.loc 1 237 0
 336 0186 44F2A233 		movw	r3, #:lower16:1073759138
 337 018a C4F20003 		movt	r3, #:upper16:1073759138
 338 018e 44F2A232 		movw	r2, #:lower16:1073759138
 339 0192 C4F20002 		movt	r2, #:upper16:1073759138
 340 0196 1278     		ldrb	r2, [r2, #0]
 341 0198 D2B2     		uxtb	r2, r2
 342 019a 42F00F02 		orr	r2, r2, #15
 343 019e D2B2     		uxtb	r2, r2
 344 01a0 1A70     		strb	r2, [r3, #0]
 238:.\Generated_Source\PSoC5/cyfitter_cfg.c **** 	CY_SET_XTND_REG8((void CYFAR *)(CYREG_PM_ACT_CFG1), ((CY_GET_XTND_REG8(CYREG_PM_ACT_CFG1) | 0x01))
 345              		.loc 1 238 0
 346 01a2 44F2A133 		movw	r3, #:lower16:1073759137
 347 01a6 C4F20003 		movt	r3, #:upper16:1073759137
 348 01aa 44F2A132 		movw	r2, #:lower16:1073759137
 349 01ae C4F20002 		movt	r2, #:upper16:1073759137
 350 01b2 1278     		ldrb	r2, [r2, #0]
 351 01b4 D2B2     		uxtb	r2, r2
 352 01b6 42F00102 		orr	r2, r2, #1
 353 01ba D2B2     		uxtb	r2, r2
 354 01bc 1A70     		strb	r2, [r3, #0]
 239:.\Generated_Source\PSoC5/cyfitter_cfg.c **** 	CY_SET_XTND_REG8((void CYFAR *)(CYREG_PM_ACT_CFG0), ((CY_GET_XTND_REG8(CYREG_PM_ACT_CFG0) | 0x80))
 355              		.loc 1 239 0
 356 01be 44F2A033 		movw	r3, #:lower16:1073759136
 357 01c2 C4F20003 		movt	r3, #:upper16:1073759136
 358 01c6 44F2A032 		movw	r2, #:lower16:1073759136
 359 01ca C4F20002 		movt	r2, #:upper16:1073759136
 360 01ce 1278     		ldrb	r2, [r2, #0]
 361 01d0 D2B2     		uxtb	r2, r2
 362 01d2 6FEA4262 		mvn	r2, r2, lsl #25
 363 01d6 6FEA5262 		mvn	r2, r2, lsr #25
 364 01da D2B2     		uxtb	r2, r2
 365 01dc 1A70     		strb	r2, [r3, #0]
 240:.\Generated_Source\PSoC5/cyfitter_cfg.c **** }
 366              		.loc 1 240 0
 367 01de 07F11007 		add	r7, r7, #16
 368 01e2 BD46     		mov	sp, r7
 369 01e4 80BD     		pop	{r7, pc}
 370              		.cfi_endproc
 371              	.LFE2:
 372              		.size	ClockSetup, .-ClockSetup
 373 01e6 00BF     		.section	.text.AnalogSetDefault,"ax",%progbits
 374              		.align	2
 375              		.global	AnalogSetDefault
 376              		.thumb
 377              		.thumb_func
 378              		.type	AnalogSetDefault, %function
 379              	AnalogSetDefault:
 380              	.LFB3:
 241:.\Generated_Source\PSoC5/cyfitter_cfg.c **** 
 242:.\Generated_Source\PSoC5/cyfitter_cfg.c **** 
 243:.\Generated_Source\PSoC5/cyfitter_cfg.c **** /* Analog API Functions */
ARM GAS  C:\DOCUME~1\student\LOCALS~1\Temp\ccU5SYSO.s 			page 12


 244:.\Generated_Source\PSoC5/cyfitter_cfg.c **** 
 245:.\Generated_Source\PSoC5/cyfitter_cfg.c **** /*******************************************************************************
 246:.\Generated_Source\PSoC5/cyfitter_cfg.c **** * Function Name: AnalogSetDefault
 247:.\Generated_Source\PSoC5/cyfitter_cfg.c **** ********************************************************************************
 248:.\Generated_Source\PSoC5/cyfitter_cfg.c **** *
 249:.\Generated_Source\PSoC5/cyfitter_cfg.c **** * Summary:
 250:.\Generated_Source\PSoC5/cyfitter_cfg.c **** *  Sets up the analog portions of the chip to default values based on chip
 251:.\Generated_Source\PSoC5/cyfitter_cfg.c **** *  configuration options from the project.
 252:.\Generated_Source\PSoC5/cyfitter_cfg.c **** *
 253:.\Generated_Source\PSoC5/cyfitter_cfg.c **** * Parameters:
 254:.\Generated_Source\PSoC5/cyfitter_cfg.c **** *  void
 255:.\Generated_Source\PSoC5/cyfitter_cfg.c **** *
 256:.\Generated_Source\PSoC5/cyfitter_cfg.c **** * Return:
 257:.\Generated_Source\PSoC5/cyfitter_cfg.c **** *  void
 258:.\Generated_Source\PSoC5/cyfitter_cfg.c **** *
 259:.\Generated_Source\PSoC5/cyfitter_cfg.c **** *******************************************************************************/
 260:.\Generated_Source\PSoC5/cyfitter_cfg.c **** void AnalogSetDefault(void)
 261:.\Generated_Source\PSoC5/cyfitter_cfg.c **** {
 381              		.loc 1 261 0
 382              		.cfi_startproc
 383              		@ args = 0, pretend = 0, frame = 8
 384              		@ frame_needed = 1, uses_anonymous_args = 0
 385              		@ link register save eliminated.
 386 0000 80B4     		push	{r7}
 387              	.LCFI9:
 388              		.cfi_def_cfa_offset 4
 389 0002 83B0     		sub	sp, sp, #12
 390              	.LCFI10:
 391              		.cfi_def_cfa_offset 16
 392 0004 00AF     		add	r7, sp, #0
 393              		.cfi_offset 7, -4
 394              	.LCFI11:
 395              		.cfi_def_cfa_register 7
 262:.\Generated_Source\PSoC5/cyfitter_cfg.c **** 	uint8 bg_xover_inl_trim = CY_GET_XTND_REG8(CYREG_FLSHID_MFG_CFG_BG_XOVER_INL_TRIM + 1u);
 396              		.loc 1 262 0
 397 0006 40F2CF13 		movw	r3, #:lower16:1224737231
 398 000a C4F60013 		movt	r3, #:upper16:1224737231
 399 000e 1B78     		ldrb	r3, [r3, #0]
 400 0010 FB71     		strb	r3, [r7, #7]
 263:.\Generated_Source\PSoC5/cyfitter_cfg.c **** 	CY_SET_XTND_REG8(CYREG_BG_DFT0, bg_xover_inl_trim & 0x07u);
 401              		.loc 1 263 0
 402 0012 45F66E03 		movw	r3, #:lower16:1073764462
 403 0016 C4F20003 		movt	r3, #:upper16:1073764462
 404 001a FA79     		ldrb	r2, [r7, #7]	@ zero_extendqisi2
 405 001c 02F00702 		and	r2, r2, #7
 406 0020 1A70     		strb	r2, [r3, #0]
 264:.\Generated_Source\PSoC5/cyfitter_cfg.c **** 	CY_SET_XTND_REG8(CYREG_BG_DFT1, (bg_xover_inl_trim >> 4) & 0x0Fu);
 407              		.loc 1 264 0
 408 0022 45F66F03 		movw	r3, #:lower16:1073764463
 409 0026 C4F20003 		movt	r3, #:upper16:1073764463
 410 002a FA79     		ldrb	r2, [r7, #7]	@ zero_extendqisi2
 411 002c 4FEA1212 		lsr	r2, r2, #4
 412 0030 D2B2     		uxtb	r2, r2
 413 0032 1A70     		strb	r2, [r3, #0]
 265:.\Generated_Source\PSoC5/cyfitter_cfg.c **** 	CY_SET_XTND_REG8(CYREG_PRT0_AG, 0x02);
 414              		.loc 1 265 0
 415 0034 45F20D13 		movw	r3, #:lower16:1073762573
ARM GAS  C:\DOCUME~1\student\LOCALS~1\Temp\ccU5SYSO.s 			page 13


 416 0038 C4F20003 		movt	r3, #:upper16:1073762573
 417 003c 4FF00202 		mov	r2, #2
 418 0040 1A70     		strb	r2, [r3, #0]
 266:.\Generated_Source\PSoC5/cyfitter_cfg.c **** 	CY_SET_XTND_REG8(CYREG_SAR1_CSR1, 0x60);
 419              		.loc 1 266 0
 420 0042 45F60913 		movw	r3, #:lower16:1073764617
 421 0046 C4F20003 		movt	r3, #:upper16:1073764617
 422 004a 4FF06002 		mov	r2, #96
 423 004e 1A70     		strb	r2, [r3, #0]
 267:.\Generated_Source\PSoC5/cyfitter_cfg.c **** 	CY_SET_XTND_REG8(CYREG_SC2_SW0, 0x20);
 424              		.loc 1 267 0
 425 0050 45F62023 		movw	r3, #:lower16:1073764896
 426 0054 C4F20003 		movt	r3, #:upper16:1073764896
 427 0058 4FF02002 		mov	r2, #32
 428 005c 1A70     		strb	r2, [r3, #0]
 268:.\Generated_Source\PSoC5/cyfitter_cfg.c **** 	CY_SET_XTND_REG8(CYREG_SC2_SW8, 0x10);
 429              		.loc 1 268 0
 430 005e 45F62823 		movw	r3, #:lower16:1073764904
 431 0062 C4F20003 		movt	r3, #:upper16:1073764904
 432 0066 4FF01002 		mov	r2, #16
 433 006a 1A70     		strb	r2, [r3, #0]
 269:.\Generated_Source\PSoC5/cyfitter_cfg.c **** 	CY_SET_XTND_REG8(CYREG_SAR1_SW0, 0x10);
 434              		.loc 1 269 0
 435 006c 45F62833 		movw	r3, #:lower16:1073765160
 436 0070 C4F20003 		movt	r3, #:upper16:1073765160
 437 0074 4FF01002 		mov	r2, #16
 438 0078 1A70     		strb	r2, [r3, #0]
 270:.\Generated_Source\PSoC5/cyfitter_cfg.c **** 	CY_SET_XTND_REG8(CYREG_SAR1_SW3, 0x20);
 439              		.loc 1 270 0
 440 007a 45F62B33 		movw	r3, #:lower16:1073765163
 441 007e C4F20003 		movt	r3, #:upper16:1073765163
 442 0082 4FF02002 		mov	r2, #32
 443 0086 1A70     		strb	r2, [r3, #0]
 271:.\Generated_Source\PSoC5/cyfitter_cfg.c **** 	CY_SET_XTND_REG8(CYREG_BUS_SW0, 0x10);
 444              		.loc 1 271 0
 445 0088 45F65833 		movw	r3, #:lower16:1073765208
 446 008c C4F20003 		movt	r3, #:upper16:1073765208
 447 0090 4FF01002 		mov	r2, #16
 448 0094 1A70     		strb	r2, [r3, #0]
 272:.\Generated_Source\PSoC5/cyfitter_cfg.c **** 	CY_SET_XTND_REG8(CYREG_PUMP_CR0, 0x44);
 449              		.loc 1 272 0
 450 0096 45F67603 		movw	r3, #:lower16:1073764470
 451 009a C4F20003 		movt	r3, #:upper16:1073764470
 452 009e 4FF04402 		mov	r2, #68
 453 00a2 1A70     		strb	r2, [r3, #0]
 273:.\Generated_Source\PSoC5/cyfitter_cfg.c **** }
 454              		.loc 1 273 0
 455 00a4 07F10C07 		add	r7, r7, #12
 456 00a8 BD46     		mov	sp, r7
 457 00aa 80BC     		pop	{r7}
 458 00ac 7047     		bx	lr
 459              		.cfi_endproc
 460              	.LFE3:
 461              		.size	AnalogSetDefault, .-AnalogSetDefault
 462 00ae 00BF     		.section	.text.SetAnalogRoutingPumps,"ax",%progbits
 463              		.align	2
 464              		.global	SetAnalogRoutingPumps
ARM GAS  C:\DOCUME~1\student\LOCALS~1\Temp\ccU5SYSO.s 			page 14


 465              		.thumb
 466              		.thumb_func
 467              		.type	SetAnalogRoutingPumps, %function
 468              	SetAnalogRoutingPumps:
 469              	.LFB4:
 274:.\Generated_Source\PSoC5/cyfitter_cfg.c **** 
 275:.\Generated_Source\PSoC5/cyfitter_cfg.c **** 
 276:.\Generated_Source\PSoC5/cyfitter_cfg.c **** /*******************************************************************************
 277:.\Generated_Source\PSoC5/cyfitter_cfg.c **** * Function Name: SetAnalogRoutingPumps
 278:.\Generated_Source\PSoC5/cyfitter_cfg.c **** ********************************************************************************
 279:.\Generated_Source\PSoC5/cyfitter_cfg.c **** *
 280:.\Generated_Source\PSoC5/cyfitter_cfg.c **** * Summary:
 281:.\Generated_Source\PSoC5/cyfitter_cfg.c **** * Enables or disables the analog pumps feeding analog routing switches.
 282:.\Generated_Source\PSoC5/cyfitter_cfg.c **** * Intended to be called at startup, based on the Vdda system configuration;
 283:.\Generated_Source\PSoC5/cyfitter_cfg.c **** * may be called during operation when the user informs us that the Vdda voltage crossed the pump th
 284:.\Generated_Source\PSoC5/cyfitter_cfg.c **** *
 285:.\Generated_Source\PSoC5/cyfitter_cfg.c **** * Parameters:
 286:.\Generated_Source\PSoC5/cyfitter_cfg.c **** *  enabled - 1 to enable the pumps, 0 to disable the pumps
 287:.\Generated_Source\PSoC5/cyfitter_cfg.c **** *
 288:.\Generated_Source\PSoC5/cyfitter_cfg.c **** * Return:
 289:.\Generated_Source\PSoC5/cyfitter_cfg.c **** *  void
 290:.\Generated_Source\PSoC5/cyfitter_cfg.c **** *
 291:.\Generated_Source\PSoC5/cyfitter_cfg.c **** *******************************************************************************/
 292:.\Generated_Source\PSoC5/cyfitter_cfg.c **** void SetAnalogRoutingPumps(uint8 enabled)
 293:.\Generated_Source\PSoC5/cyfitter_cfg.c **** {
 470              		.loc 1 293 0
 471              		.cfi_startproc
 472              		@ args = 0, pretend = 0, frame = 16
 473              		@ frame_needed = 1, uses_anonymous_args = 0
 474              		@ link register save eliminated.
 475 0000 80B4     		push	{r7}
 476              	.LCFI12:
 477              		.cfi_def_cfa_offset 4
 478 0002 85B0     		sub	sp, sp, #20
 479              	.LCFI13:
 480              		.cfi_def_cfa_offset 24
 481 0004 00AF     		add	r7, sp, #0
 482              		.cfi_offset 7, -4
 483              	.LCFI14:
 484              		.cfi_def_cfa_register 7
 485 0006 0346     		mov	r3, r0
 486 0008 FB71     		strb	r3, [r7, #7]
 294:.\Generated_Source\PSoC5/cyfitter_cfg.c **** 	uint8 regValue = CY_GET_XTND_REG8(CYREG_PUMP_CR0);
 487              		.loc 1 294 0
 488 000a 45F67603 		movw	r3, #:lower16:1073764470
 489 000e C4F20003 		movt	r3, #:upper16:1073764470
 490 0012 1B78     		ldrb	r3, [r3, #0]
 491 0014 FB73     		strb	r3, [r7, #15]
 295:.\Generated_Source\PSoC5/cyfitter_cfg.c **** 	if (enabled)
 492              		.loc 1 295 0
 493 0016 FB79     		ldrb	r3, [r7, #7]	@ zero_extendqisi2
 494 0018 002B     		cmp	r3, #0
 495 001a 04D0     		beq	.L18
 296:.\Generated_Source\PSoC5/cyfitter_cfg.c **** 		regValue |= 0x02;
 496              		.loc 1 296 0
 497 001c FB7B     		ldrb	r3, [r7, #15]
 498 001e 43F00203 		orr	r3, r3, #2
ARM GAS  C:\DOCUME~1\student\LOCALS~1\Temp\ccU5SYSO.s 			page 15


 499 0022 FB73     		strb	r3, [r7, #15]
 500 0024 03E0     		b	.L19
 501              	.L18:
 297:.\Generated_Source\PSoC5/cyfitter_cfg.c **** 	else
 298:.\Generated_Source\PSoC5/cyfitter_cfg.c **** 		regValue &= ~0x02;
 502              		.loc 1 298 0
 503 0026 FB7B     		ldrb	r3, [r7, #15]
 504 0028 23F00203 		bic	r3, r3, #2
 505 002c FB73     		strb	r3, [r7, #15]
 506              	.L19:
 299:.\Generated_Source\PSoC5/cyfitter_cfg.c **** 	CY_SET_XTND_REG8(CYREG_PUMP_CR0, regValue);
 507              		.loc 1 299 0
 508 002e 45F67603 		movw	r3, #:lower16:1073764470
 509 0032 C4F20003 		movt	r3, #:upper16:1073764470
 510 0036 FA7B     		ldrb	r2, [r7, #15]
 511 0038 1A70     		strb	r2, [r3, #0]
 300:.\Generated_Source\PSoC5/cyfitter_cfg.c **** }
 512              		.loc 1 300 0
 513 003a 07F11407 		add	r7, r7, #20
 514 003e BD46     		mov	sp, r7
 515 0040 80BC     		pop	{r7}
 516 0042 7047     		bx	lr
 517              		.cfi_endproc
 518              	.LFE4:
 519              		.size	SetAnalogRoutingPumps, .-SetAnalogRoutingPumps
 520              		.section	.text.cyfitter_cfg,"ax",%progbits
 521              		.align	2
 522              		.global	cyfitter_cfg
 523              		.thumb
 524              		.thumb_func
 525              		.type	cyfitter_cfg, %function
 526              	cyfitter_cfg:
 527              	.LFB5:
 301:.\Generated_Source\PSoC5/cyfitter_cfg.c **** 
 302:.\Generated_Source\PSoC5/cyfitter_cfg.c **** #define CY_AMUX_UNUSED CYREG_BOOST_SR
 303:.\Generated_Source\PSoC5/cyfitter_cfg.c **** 
 304:.\Generated_Source\PSoC5/cyfitter_cfg.c **** 
 305:.\Generated_Source\PSoC5/cyfitter_cfg.c **** /*******************************************************************************
 306:.\Generated_Source\PSoC5/cyfitter_cfg.c **** * Function Name: cyfitter_cfg
 307:.\Generated_Source\PSoC5/cyfitter_cfg.c **** ********************************************************************************
 308:.\Generated_Source\PSoC5/cyfitter_cfg.c **** * Summary:
 309:.\Generated_Source\PSoC5/cyfitter_cfg.c **** *  This function is called by the start-up code for the selected device. It
 310:.\Generated_Source\PSoC5/cyfitter_cfg.c **** *  performs all of the necessary device configuration based on the design
 311:.\Generated_Source\PSoC5/cyfitter_cfg.c **** *  settings.  This includes settings from the Design Wide Resources (DWR) such
 312:.\Generated_Source\PSoC5/cyfitter_cfg.c **** *  as Clocks and Pins as well as any component configuration that is necessary.
 313:.\Generated_Source\PSoC5/cyfitter_cfg.c **** *
 314:.\Generated_Source\PSoC5/cyfitter_cfg.c **** * Parameters:  
 315:.\Generated_Source\PSoC5/cyfitter_cfg.c **** *   void
 316:.\Generated_Source\PSoC5/cyfitter_cfg.c **** *
 317:.\Generated_Source\PSoC5/cyfitter_cfg.c **** * Return:
 318:.\Generated_Source\PSoC5/cyfitter_cfg.c **** *   void
 319:.\Generated_Source\PSoC5/cyfitter_cfg.c **** *
 320:.\Generated_Source\PSoC5/cyfitter_cfg.c **** *******************************************************************************/
 321:.\Generated_Source\PSoC5/cyfitter_cfg.c **** void cyfitter_cfg(void)
 322:.\Generated_Source\PSoC5/cyfitter_cfg.c **** {
 528              		.loc 1 322 0
 529              		.cfi_startproc
ARM GAS  C:\DOCUME~1\student\LOCALS~1\Temp\ccU5SYSO.s 			page 16


 530              		@ args = 0, pretend = 0, frame = 8
 531              		@ frame_needed = 1, uses_anonymous_args = 0
 532 0000 80B5     		push	{r7, lr}
 533              	.LCFI15:
 534              		.cfi_def_cfa_offset 8
 535 0002 82B0     		sub	sp, sp, #8
 536              	.LCFI16:
 537              		.cfi_def_cfa_offset 16
 538 0004 00AF     		add	r7, sp, #0
 539              		.cfi_offset 14, -4
 540              		.cfi_offset 7, -8
 541              	.LCFI17:
 542              		.cfi_def_cfa_register 7
 323:.\Generated_Source\PSoC5/cyfitter_cfg.c **** #ifdef CYGlobalIntDisable
 324:.\Generated_Source\PSoC5/cyfitter_cfg.c **** 	/* Disable interrupts by default. Let user enable if/when they want. */
 325:.\Generated_Source\PSoC5/cyfitter_cfg.c **** 	CYGlobalIntDisable;
 543              		.loc 1 325 0
 544              	@ 325 ".\Generated_Source\PSoC5\cyfitter_cfg.c" 1
 545 0006 72B6     		CPSID   i
 546              	@ 0 "" 2
 326:.\Generated_Source\PSoC5/cyfitter_cfg.c **** #endif
 327:.\Generated_Source\PSoC5/cyfitter_cfg.c **** 
 328:.\Generated_Source\PSoC5/cyfitter_cfg.c **** 	/* Enable/Disable Debug functionality based on settings from System DWR */
 329:.\Generated_Source\PSoC5/cyfitter_cfg.c **** 	CY_SET_XTND_REG8(CYREG_MLOGIC_DEBUG, (CY_GET_XTND_REG8(CYREG_MLOGIC_DEBUG) | 0x04));
 547              		.loc 1 329 0
 548              		.thumb
 549 0008 44F2E863 		movw	r3, #:lower16:1073759976
 550 000c C4F20003 		movt	r3, #:upper16:1073759976
 551 0010 44F2E862 		movw	r2, #:lower16:1073759976
 552 0014 C4F20002 		movt	r2, #:upper16:1073759976
 553 0018 1278     		ldrb	r2, [r2, #0]
 554 001a D2B2     		uxtb	r2, r2
 555 001c 42F00402 		orr	r2, r2, #4
 556 0020 D2B2     		uxtb	r2, r2
 557 0022 1A70     		strb	r2, [r3, #0]
 558              	.LBB3:
 330:.\Generated_Source\PSoC5/cyfitter_cfg.c **** 
 331:.\Generated_Source\PSoC5/cyfitter_cfg.c **** 	{
 332:.\Generated_Source\PSoC5/cyfitter_cfg.c **** 		uint8 CYDATA i;
 333:.\Generated_Source\PSoC5/cyfitter_cfg.c **** 
 334:.\Generated_Source\PSoC5/cyfitter_cfg.c **** 		/* Zero out critical memory blocks before beginning configuration */
 335:.\Generated_Source\PSoC5/cyfitter_cfg.c **** 		for (i = 0; i < CFG_MEMSET_COUNT; i++)
 559              		.loc 1 335 0
 560 0024 4FF00003 		mov	r3, #0
 561 0028 FB70     		strb	r3, [r7, #3]
 562 002a 31E0     		b	.L22
 563              	.L23:
 564              	.LBB4:
 336:.\Generated_Source\PSoC5/cyfitter_cfg.c **** 		{
 337:.\Generated_Source\PSoC5/cyfitter_cfg.c **** 			const cfg_memset_t CYCODE * CYDATA ms = &cfg_memset_list[i];
 565              		.loc 1 337 0
 566 002c FA78     		ldrb	r2, [r7, #3]	@ zero_extendqisi2
 567 002e 1346     		mov	r3, r2
 568 0030 4FEA4303 		lsl	r3, r3, #1
 569 0034 1344     		add	r3, r3, r2
 570 0036 4FEA4303 		lsl	r3, r3, #1
 571 003a 1A46     		mov	r2, r3
ARM GAS  C:\DOCUME~1\student\LOCALS~1\Temp\ccU5SYSO.s 			page 17


 572 003c 40F20003 		movw	r3, #:lower16:cfg_memset_list
 573 0040 C0F20003 		movt	r3, #:upper16:cfg_memset_list
 574 0044 1344     		add	r3, r2, r3
 575 0046 7B60     		str	r3, [r7, #4]
 338:.\Generated_Source\PSoC5/cyfitter_cfg.c **** 			CYMEMZERO(ms->address, ms->size);
 576              		.loc 1 338 0
 577 0048 7B68     		ldr	r3, [r7, #4]
 578 004a 1A78     		ldrb	r2, [r3, #0]	@ zero_extendqisi2
 579 004c 5978     		ldrb	r1, [r3, #1]	@ zero_extendqisi2
 580 004e 4FEA0121 		lsl	r1, r1, #8
 581 0052 41EA0202 		orr	r2, r1, r2
 582 0056 9978     		ldrb	r1, [r3, #2]	@ zero_extendqisi2
 583 0058 4FEA0141 		lsl	r1, r1, #16
 584 005c 41EA0202 		orr	r2, r1, r2
 585 0060 DB78     		ldrb	r3, [r3, #3]	@ zero_extendqisi2
 586 0062 4FEA0363 		lsl	r3, r3, #24
 587 0066 43EA0203 		orr	r3, r3, r2
 588 006a 1A46     		mov	r2, r3
 589 006c 7B68     		ldr	r3, [r7, #4]
 590 006e 1979     		ldrb	r1, [r3, #4]	@ zero_extendqisi2
 591 0070 5B79     		ldrb	r3, [r3, #5]	@ zero_extendqisi2
 592 0072 4FEA0323 		lsl	r3, r3, #8
 593 0076 43EA0103 		orr	r3, r3, r1
 594 007a 9BB2     		uxth	r3, r3
 595 007c 1046     		mov	r0, r2
 596 007e 4FF00001 		mov	r1, #0
 597 0082 1A46     		mov	r2, r3
 598 0084 FFF7FEFF 		bl	memset
 599              	.LBE4:
 600              		.loc 1 335 0
 601 0088 FB78     		ldrb	r3, [r7, #3]
 602 008a 03F10103 		add	r3, r3, #1
 603 008e FB70     		strb	r3, [r7, #3]
 604              	.L22:
 605 0090 FB78     		ldrb	r3, [r7, #3]	@ zero_extendqisi2
 606 0092 072B     		cmp	r3, #7
 607 0094 CAD9     		bls	.L23
 339:.\Generated_Source\PSoC5/cyfitter_cfg.c **** 		}
 340:.\Generated_Source\PSoC5/cyfitter_cfg.c **** 
 341:.\Generated_Source\PSoC5/cyfitter_cfg.c **** 		cfg_write_bytes32();
 608              		.loc 1 341 0
 609 0096 FFF7FEFF 		bl	cfg_write_bytes32
 342:.\Generated_Source\PSoC5/cyfitter_cfg.c **** 
 343:.\Generated_Source\PSoC5/cyfitter_cfg.c **** 		/* Enable digital routing */
 344:.\Generated_Source\PSoC5/cyfitter_cfg.c **** 		CY_SET_XTND_REG8(CYREG_BCTL0_BANK_CTL, CY_GET_XTND_REG8(CYREG_BCTL0_BANK_CTL) | 0x02u);
 610              		.loc 1 344 0
 611 009a 45F20303 		movw	r3, #:lower16:1073827843
 612 009e C4F20103 		movt	r3, #:upper16:1073827843
 613 00a2 45F20302 		movw	r2, #:lower16:1073827843
 614 00a6 C4F20102 		movt	r2, #:upper16:1073827843
 615 00aa 1278     		ldrb	r2, [r2, #0]
 616 00ac D2B2     		uxtb	r2, r2
 617 00ae 42F00202 		orr	r2, r2, #2
 618 00b2 D2B2     		uxtb	r2, r2
 619 00b4 1A70     		strb	r2, [r3, #0]
 345:.\Generated_Source\PSoC5/cyfitter_cfg.c **** 		CY_SET_XTND_REG8(CYREG_BCTL1_BANK_CTL, CY_GET_XTND_REG8(CYREG_BCTL1_BANK_CTL) | 0x02u);
 620              		.loc 1 345 0
ARM GAS  C:\DOCUME~1\student\LOCALS~1\Temp\ccU5SYSO.s 			page 18


 621 00b6 45F21303 		movw	r3, #:lower16:1073827859
 622 00ba C4F20103 		movt	r3, #:upper16:1073827859
 623 00be 45F21302 		movw	r2, #:lower16:1073827859
 624 00c2 C4F20102 		movt	r2, #:upper16:1073827859
 625 00c6 1278     		ldrb	r2, [r2, #0]
 626 00c8 D2B2     		uxtb	r2, r2
 627 00ca 42F00202 		orr	r2, r2, #2
 628 00ce D2B2     		uxtb	r2, r2
 629 00d0 1A70     		strb	r2, [r3, #0]
 346:.\Generated_Source\PSoC5/cyfitter_cfg.c **** 
 347:.\Generated_Source\PSoC5/cyfitter_cfg.c **** 		/* Enable UDB array */
 348:.\Generated_Source\PSoC5/cyfitter_cfg.c **** 		CY_SET_XTND_REG8(CYREG_PM_ACT_CFG0, CY_GET_XTND_REG8(CYREG_PM_ACT_CFG0) | 0x40u);
 630              		.loc 1 348 0
 631 00d2 44F2A033 		movw	r3, #:lower16:1073759136
 632 00d6 C4F20003 		movt	r3, #:upper16:1073759136
 633 00da 44F2A032 		movw	r2, #:lower16:1073759136
 634 00de C4F20002 		movt	r2, #:upper16:1073759136
 635 00e2 1278     		ldrb	r2, [r2, #0]
 636 00e4 D2B2     		uxtb	r2, r2
 637 00e6 42F04002 		orr	r2, r2, #64
 638 00ea D2B2     		uxtb	r2, r2
 639 00ec 1A70     		strb	r2, [r3, #0]
 349:.\Generated_Source\PSoC5/cyfitter_cfg.c **** 		CY_SET_XTND_REG8(CYREG_PM_AVAIL_CR2, CY_GET_XTND_REG8(CYREG_PM_AVAIL_CR2) | 0x10u);
 640              		.loc 1 349 0
 641 00ee 44F2C233 		movw	r3, #:lower16:1073759170
 642 00f2 C4F20003 		movt	r3, #:upper16:1073759170
 643 00f6 44F2C232 		movw	r2, #:lower16:1073759170
 644 00fa C4F20002 		movt	r2, #:upper16:1073759170
 645 00fe 1278     		ldrb	r2, [r2, #0]
 646 0100 D2B2     		uxtb	r2, r2
 647 0102 42F01002 		orr	r2, r2, #16
 648 0106 D2B2     		uxtb	r2, r2
 649 0108 1A70     		strb	r2, [r3, #0]
 650              	.LBE3:
 350:.\Generated_Source\PSoC5/cyfitter_cfg.c **** 	}
 351:.\Generated_Source\PSoC5/cyfitter_cfg.c **** 
 352:.\Generated_Source\PSoC5/cyfitter_cfg.c **** 	/* Perform second pass device configuration. These items must be configured in specific order afte
 353:.\Generated_Source\PSoC5/cyfitter_cfg.c **** 	CYCONFIGCPY((void CYFAR *)(CYREG_PRT0_DM0), (void CYFAR *)(BS_IOPINS0_0_VAL), 8);
 651              		.loc 1 353 0
 652 010a 45F20210 		movw	r0, #:lower16:1073762562
 653 010e C4F20000 		movt	r0, #:upper16:1073762562
 654 0112 40F2FC61 		movw	r1, #:lower16:1207961340
 655 0116 C4F60001 		movt	r1, #:upper16:1207961340
 656 011a 4FF00802 		mov	r2, #8
 657 011e FFF7FEFF 		bl	memcpy
 354:.\Generated_Source\PSoC5/cyfitter_cfg.c **** 	CYCONFIGCPY((void CYFAR *)(CYREG_PRT12_DR), (void CYFAR *)(BS_IOPINS0_7_VAL), 10);
 658              		.loc 1 354 0
 659 0122 45F2C010 		movw	r0, #:lower16:1073762752
 660 0126 C4F20000 		movt	r0, #:upper16:1073762752
 661 012a 40F20471 		movw	r1, #:lower16:1207961348
 662 012e C4F60001 		movt	r1, #:upper16:1207961348
 663 0132 4FF00A02 		mov	r2, #10
 664 0136 FFF7FEFF 		bl	memcpy
 355:.\Generated_Source\PSoC5/cyfitter_cfg.c **** 	CYCONFIGCPY((void CYFAR *)(CYREG_PRT2_DM0), (void CYFAR *)(BS_IOPINS0_2_VAL), 8);
 665              		.loc 1 355 0
 666 013a 45F22210 		movw	r0, #:lower16:1073762594
 667 013e C4F20000 		movt	r0, #:upper16:1073762594
ARM GAS  C:\DOCUME~1\student\LOCALS~1\Temp\ccU5SYSO.s 			page 19


 668 0142 40F21071 		movw	r1, #:lower16:1207961360
 669 0146 C4F60001 		movt	r1, #:upper16:1207961360
 670 014a 4FF00802 		mov	r2, #8
 671 014e FFF7FEFF 		bl	memcpy
 356:.\Generated_Source\PSoC5/cyfitter_cfg.c **** 	CYCONFIGCPY((void CYFAR *)(CYREG_PRT6_DR), (void CYFAR *)(BS_IOPINS0_6_VAL), 10);
 672              		.loc 1 356 0
 673 0152 45F26010 		movw	r0, #:lower16:1073762656
 674 0156 C4F20000 		movt	r0, #:upper16:1073762656
 675 015a 40F21871 		movw	r1, #:lower16:1207961368
 676 015e C4F60001 		movt	r1, #:upper16:1207961368
 677 0162 4FF00A02 		mov	r2, #10
 678 0166 FFF7FEFF 		bl	memcpy
 357:.\Generated_Source\PSoC5/cyfitter_cfg.c **** 
 358:.\Generated_Source\PSoC5/cyfitter_cfg.c **** 	/* Switch Boost to the precision bandgap reference from its internal reference */
 359:.\Generated_Source\PSoC5/cyfitter_cfg.c **** 	CY_SET_REG8(CYDEV_BOOST_CR2, (CY_GET_REG8(CYDEV_BOOST_CR2) | 0x08));
 679              		.loc 1 359 0
 680 016a 44F22233 		movw	r3, #:lower16:1073759010
 681 016e C4F20003 		movt	r3, #:upper16:1073759010
 682 0172 44F22232 		movw	r2, #:lower16:1073759010
 683 0176 C4F20002 		movt	r2, #:upper16:1073759010
 684 017a 1278     		ldrb	r2, [r2, #0]
 685 017c D2B2     		uxtb	r2, r2
 686 017e 42F00802 		orr	r2, r2, #8
 687 0182 D2B2     		uxtb	r2, r2
 688 0184 1A70     		strb	r2, [r3, #0]
 360:.\Generated_Source\PSoC5/cyfitter_cfg.c **** 
 361:.\Generated_Source\PSoC5/cyfitter_cfg.c **** 	/* Set Flash Cycles based on max possible frequency in case a glitch occurs during ClockSetup(). *
 362:.\Generated_Source\PSoC5/cyfitter_cfg.c **** 	CY_SET_XTND_REG8((void CYFAR *)(CYREG_CACHE_CC_CTL), ((CYDEV_INSTRUCT_CACHE_ENABLED) ? 0x01 : 0x00
 689              		.loc 1 362 0
 690 0186 44F60003 		movw	r3, #:lower16:1073760256
 691 018a C4F20003 		movt	r3, #:upper16:1073760256
 692 018e 4FF00102 		mov	r2, #1
 693 0192 1A70     		strb	r2, [r3, #0]
 363:.\Generated_Source\PSoC5/cyfitter_cfg.c **** 	/* Setup clocks based on selections from Clock DWR */
 364:.\Generated_Source\PSoC5/cyfitter_cfg.c **** 	ClockSetup();
 694              		.loc 1 364 0
 695 0194 FFF7FEFF 		bl	ClockSetup
 365:.\Generated_Source\PSoC5/cyfitter_cfg.c **** 	/* Set Flash Cycles based on newly configured 24.00MHz Bus Clock. */
 366:.\Generated_Source\PSoC5/cyfitter_cfg.c **** 	CY_SET_XTND_REG8((void CYFAR *)(CYREG_CACHE_CC_CTL), ((CYDEV_INSTRUCT_CACHE_ENABLED) ? 0x81 : 0x80
 696              		.loc 1 366 0
 697 0198 44F60003 		movw	r3, #:lower16:1073760256
 698 019c C4F20003 		movt	r3, #:upper16:1073760256
 699 01a0 6FF07E02 		mvn	r2, #126
 700 01a4 1A70     		strb	r2, [r3, #0]
 367:.\Generated_Source\PSoC5/cyfitter_cfg.c **** 	CY_SET_XTND_REG8((void CYFAR *)(CYREG_PANTHER_WAITPIPE), 0x01);
 701              		.loc 1 367 0
 702 01a6 40F20403 		movw	r3, #:lower16:1074266116
 703 01aa C4F20803 		movt	r3, #:upper16:1074266116
 704 01ae 4FF00102 		mov	r2, #1
 705 01b2 1A70     		strb	r2, [r3, #0]
 368:.\Generated_Source\PSoC5/cyfitter_cfg.c **** 
 369:.\Generated_Source\PSoC5/cyfitter_cfg.c **** 	/* Perform basic analog initialization to defaults */
 370:.\Generated_Source\PSoC5/cyfitter_cfg.c **** 	AnalogSetDefault();
 706              		.loc 1 370 0
 707 01b4 FFF7FEFF 		bl	AnalogSetDefault
 371:.\Generated_Source\PSoC5/cyfitter_cfg.c **** 
 372:.\Generated_Source\PSoC5/cyfitter_cfg.c **** 	/* Configure alternate active mode */
ARM GAS  C:\DOCUME~1\student\LOCALS~1\Temp\ccU5SYSO.s 			page 20


 373:.\Generated_Source\PSoC5/cyfitter_cfg.c **** 	CYCONFIGCPY((void CYFAR *)CYDEV_PM_STBY_BASE, (void CYFAR *)CYDEV_PM_ACT_BASE, 14);
 708              		.loc 1 373 0
 709 01b8 44F2B030 		movw	r0, #:lower16:1073759152
 710 01bc C4F20000 		movt	r0, #:upper16:1073759152
 711 01c0 44F2A031 		movw	r1, #:lower16:1073759136
 712 01c4 C4F20001 		movt	r1, #:upper16:1073759136
 713 01c8 4FF00E02 		mov	r2, #14
 714 01cc FFF7FEFF 		bl	memcpy
 374:.\Generated_Source\PSoC5/cyfitter_cfg.c **** }
 715              		.loc 1 374 0
 716 01d0 07F10807 		add	r7, r7, #8
 717 01d4 BD46     		mov	sp, r7
 718 01d6 80BD     		pop	{r7, pc}
 719              		.cfi_endproc
 720              	.LFE5:
 721              		.size	cyfitter_cfg, .-cyfitter_cfg
 722              		.text
 723              	.Letext0:
 724              		.section	.debug_loc,"",%progbits
 725              	.Ldebug_loc0:
 726              	.LLST0:
 727 0000 00000000 		.4byte	.LFB0
 728 0004 02000000 		.4byte	.LCFI0
 729 0008 0100     		.2byte	0x1
 730 000a 5D       		.byte	0x5d
 731 000b 02000000 		.4byte	.LCFI0
 732 000f 04000000 		.4byte	.LCFI1
 733 0013 0200     		.2byte	0x2
 734 0015 7D       		.byte	0x7d
 735 0016 04       		.sleb128 4
 736 0017 04000000 		.4byte	.LCFI1
 737 001b 06000000 		.4byte	.LCFI2
 738 001f 0200     		.2byte	0x2
 739 0021 7D       		.byte	0x7d
 740 0022 10       		.sleb128 16
 741 0023 06000000 		.4byte	.LCFI2
 742 0027 0C000000 		.4byte	.LFE0
 743 002b 0200     		.2byte	0x2
 744 002d 77       		.byte	0x77
 745 002e 10       		.sleb128 16
 746 002f 00000000 		.4byte	0x0
 747 0033 00000000 		.4byte	0x0
 748              	.LLST1:
 749 0037 00000000 		.4byte	.LFB1
 750 003b 02000000 		.4byte	.LCFI3
 751 003f 0100     		.2byte	0x1
 752 0041 5D       		.byte	0x5d
 753 0042 02000000 		.4byte	.LCFI3
 754 0046 04000000 		.4byte	.LCFI4
 755 004a 0200     		.2byte	0x2
 756 004c 7D       		.byte	0x7d
 757 004d 04       		.sleb128 4
 758 004e 04000000 		.4byte	.LCFI4
 759 0052 06000000 		.4byte	.LCFI5
 760 0056 0200     		.2byte	0x2
 761 0058 7D       		.byte	0x7d
 762 0059 18       		.sleb128 24
ARM GAS  C:\DOCUME~1\student\LOCALS~1\Temp\ccU5SYSO.s 			page 21


 763 005a 06000000 		.4byte	.LCFI5
 764 005e 92000000 		.4byte	.LFE1
 765 0062 0200     		.2byte	0x2
 766 0064 77       		.byte	0x77
 767 0065 18       		.sleb128 24
 768 0066 00000000 		.4byte	0x0
 769 006a 00000000 		.4byte	0x0
 770              	.LLST2:
 771 006e 00000000 		.4byte	.LFB2
 772 0072 02000000 		.4byte	.LCFI6
 773 0076 0100     		.2byte	0x1
 774 0078 5D       		.byte	0x5d
 775 0079 02000000 		.4byte	.LCFI6
 776 007d 04000000 		.4byte	.LCFI7
 777 0081 0200     		.2byte	0x2
 778 0083 7D       		.byte	0x7d
 779 0084 08       		.sleb128 8
 780 0085 04000000 		.4byte	.LCFI7
 781 0089 06000000 		.4byte	.LCFI8
 782 008d 0200     		.2byte	0x2
 783 008f 7D       		.byte	0x7d
 784 0090 18       		.sleb128 24
 785 0091 06000000 		.4byte	.LCFI8
 786 0095 E6010000 		.4byte	.LFE2
 787 0099 0200     		.2byte	0x2
 788 009b 77       		.byte	0x77
 789 009c 18       		.sleb128 24
 790 009d 00000000 		.4byte	0x0
 791 00a1 00000000 		.4byte	0x0
 792              	.LLST3:
 793 00a5 00000000 		.4byte	.LFB3
 794 00a9 02000000 		.4byte	.LCFI9
 795 00ad 0100     		.2byte	0x1
 796 00af 5D       		.byte	0x5d
 797 00b0 02000000 		.4byte	.LCFI9
 798 00b4 04000000 		.4byte	.LCFI10
 799 00b8 0200     		.2byte	0x2
 800 00ba 7D       		.byte	0x7d
 801 00bb 04       		.sleb128 4
 802 00bc 04000000 		.4byte	.LCFI10
 803 00c0 06000000 		.4byte	.LCFI11
 804 00c4 0200     		.2byte	0x2
 805 00c6 7D       		.byte	0x7d
 806 00c7 10       		.sleb128 16
 807 00c8 06000000 		.4byte	.LCFI11
 808 00cc AE000000 		.4byte	.LFE3
 809 00d0 0200     		.2byte	0x2
 810 00d2 77       		.byte	0x77
 811 00d3 10       		.sleb128 16
 812 00d4 00000000 		.4byte	0x0
 813 00d8 00000000 		.4byte	0x0
 814              	.LLST4:
 815 00dc 00000000 		.4byte	.LFB4
 816 00e0 02000000 		.4byte	.LCFI12
 817 00e4 0100     		.2byte	0x1
 818 00e6 5D       		.byte	0x5d
 819 00e7 02000000 		.4byte	.LCFI12
ARM GAS  C:\DOCUME~1\student\LOCALS~1\Temp\ccU5SYSO.s 			page 22


 820 00eb 04000000 		.4byte	.LCFI13
 821 00ef 0200     		.2byte	0x2
 822 00f1 7D       		.byte	0x7d
 823 00f2 04       		.sleb128 4
 824 00f3 04000000 		.4byte	.LCFI13
 825 00f7 06000000 		.4byte	.LCFI14
 826 00fb 0200     		.2byte	0x2
 827 00fd 7D       		.byte	0x7d
 828 00fe 18       		.sleb128 24
 829 00ff 06000000 		.4byte	.LCFI14
 830 0103 44000000 		.4byte	.LFE4
 831 0107 0200     		.2byte	0x2
 832 0109 77       		.byte	0x77
 833 010a 18       		.sleb128 24
 834 010b 00000000 		.4byte	0x0
 835 010f 00000000 		.4byte	0x0
 836              	.LLST5:
 837 0113 00000000 		.4byte	.LFB5
 838 0117 02000000 		.4byte	.LCFI15
 839 011b 0100     		.2byte	0x1
 840 011d 5D       		.byte	0x5d
 841 011e 02000000 		.4byte	.LCFI15
 842 0122 04000000 		.4byte	.LCFI16
 843 0126 0200     		.2byte	0x2
 844 0128 7D       		.byte	0x7d
 845 0129 08       		.sleb128 8
 846 012a 04000000 		.4byte	.LCFI16
 847 012e 06000000 		.4byte	.LCFI17
 848 0132 0200     		.2byte	0x2
 849 0134 7D       		.byte	0x7d
 850 0135 10       		.sleb128 16
 851 0136 06000000 		.4byte	.LCFI17
 852 013a D8010000 		.4byte	.LFE5
 853 013e 0200     		.2byte	0x2
 854 0140 77       		.byte	0x77
 855 0141 10       		.sleb128 16
 856 0142 00000000 		.4byte	0x0
 857 0146 00000000 		.4byte	0x0
 858              		.file 2 "./Generated_Source/PSoC5/cytypes.h"
 859              		.section	.debug_info
 860 0000 9D020000 		.4byte	0x29d
 861 0004 0200     		.2byte	0x2
 862 0006 00000000 		.4byte	.Ldebug_abbrev0
 863 000a 04       		.byte	0x4
 864 000b 01       		.uleb128 0x1
 865 000c 39010000 		.4byte	.LASF34
 866 0010 01       		.byte	0x1
 867 0011 66010000 		.4byte	.LASF35
 868 0015 8E010000 		.4byte	.LASF36
 869 0019 00000000 		.4byte	0x0
 870 001d 00000000 		.4byte	0x0
 871 0021 00000000 		.4byte	.Ldebug_ranges0+0x0
 872 0025 00000000 		.4byte	.Ldebug_line0
 873 0029 02       		.uleb128 0x2
 874 002a 01       		.byte	0x1
 875 002b 06       		.byte	0x6
 876 002c C7010000 		.4byte	.LASF0
ARM GAS  C:\DOCUME~1\student\LOCALS~1\Temp\ccU5SYSO.s 			page 23


 877 0030 02       		.uleb128 0x2
 878 0031 01       		.byte	0x1
 879 0032 08       		.byte	0x8
 880 0033 B5000000 		.4byte	.LASF1
 881 0037 02       		.uleb128 0x2
 882 0038 02       		.byte	0x2
 883 0039 05       		.byte	0x5
 884 003a 5C010000 		.4byte	.LASF2
 885 003e 02       		.uleb128 0x2
 886 003f 02       		.byte	0x2
 887 0040 07       		.byte	0x7
 888 0041 36000000 		.4byte	.LASF3
 889 0045 03       		.uleb128 0x3
 890 0046 04       		.byte	0x4
 891 0047 05       		.byte	0x5
 892 0048 696E7400 		.ascii	"int\000"
 893 004c 02       		.uleb128 0x2
 894 004d 04       		.byte	0x4
 895 004e 07       		.byte	0x7
 896 004f F7000000 		.4byte	.LASF4
 897 0053 02       		.uleb128 0x2
 898 0054 08       		.byte	0x8
 899 0055 05       		.byte	0x5
 900 0056 00000000 		.4byte	.LASF5
 901 005a 02       		.uleb128 0x2
 902 005b 08       		.byte	0x8
 903 005c 07       		.byte	0x7
 904 005d 0C010000 		.4byte	.LASF6
 905 0061 02       		.uleb128 0x2
 906 0062 04       		.byte	0x4
 907 0063 05       		.byte	0x5
 908 0064 A7010000 		.4byte	.LASF7
 909 0068 04       		.uleb128 0x4
 910 0069 04       		.byte	0x4
 911 006a 07       		.byte	0x7
 912 006b 05       		.uleb128 0x5
 913 006c 04       		.byte	0x4
 914 006d 02       		.uleb128 0x2
 915 006e 04       		.byte	0x4
 916 006f 07       		.byte	0x7
 917 0070 7A000000 		.4byte	.LASF8
 918 0074 02       		.uleb128 0x2
 919 0075 01       		.byte	0x1
 920 0076 08       		.byte	0x8
 921 0077 B0010000 		.4byte	.LASF9
 922 007b 06       		.uleb128 0x6
 923 007c 8C000000 		.4byte	.LASF10
 924 0080 02       		.byte	0x2
 925 0081 60       		.byte	0x60
 926 0082 30000000 		.4byte	0x30
 927 0086 06       		.uleb128 0x6
 928 0087 DF000000 		.4byte	.LASF11
 929 008b 02       		.byte	0x2
 930 008c 61       		.byte	0x61
 931 008d 3E000000 		.4byte	0x3e
 932 0091 06       		.uleb128 0x6
 933 0092 F0000000 		.4byte	.LASF12
ARM GAS  C:\DOCUME~1\student\LOCALS~1\Temp\ccU5SYSO.s 			page 24


 934 0096 02       		.byte	0x2
 935 0097 62       		.byte	0x62
 936 0098 6D000000 		.4byte	0x6d
 937 009c 07       		.uleb128 0x7
 938 009d 06       		.byte	0x6
 939 009e 01       		.byte	0x1
 940 009f 5F       		.byte	0x5f
 941 00a0 C1000000 		.4byte	0xc1
 942 00a4 08       		.uleb128 0x8
 943 00a5 04010000 		.4byte	.LASF13
 944 00a9 01       		.byte	0x1
 945 00aa 60       		.byte	0x60
 946 00ab 6B000000 		.4byte	0x6b
 947 00af 02       		.byte	0x2
 948 00b0 23       		.byte	0x23
 949 00b1 00       		.uleb128 0x0
 950 00b2 08       		.uleb128 0x8
 951 00b3 75000000 		.4byte	.LASF14
 952 00b7 01       		.byte	0x1
 953 00b8 61       		.byte	0x61
 954 00b9 86000000 		.4byte	0x86
 955 00bd 02       		.byte	0x2
 956 00be 23       		.byte	0x23
 957 00bf 04       		.uleb128 0x4
 958 00c0 00       		.byte	0x0
 959 00c1 06       		.uleb128 0x6
 960 00c2 23010000 		.4byte	.LASF15
 961 00c6 01       		.byte	0x1
 962 00c7 62       		.byte	0x62
 963 00c8 9C000000 		.4byte	0x9c
 964 00cc 07       		.uleb128 0x7
 965 00cd 02       		.byte	0x2
 966 00ce 01       		.byte	0x1
 967 00cf 7B       		.byte	0x7b
 968 00d0 F1000000 		.4byte	0xf1
 969 00d4 08       		.uleb128 0x8
 970 00d5 4D010000 		.4byte	.LASF16
 971 00d9 01       		.byte	0x1
 972 00da 7C       		.byte	0x7c
 973 00db 7B000000 		.4byte	0x7b
 974 00df 02       		.byte	0x2
 975 00e0 23       		.byte	0x23
 976 00e1 00       		.uleb128 0x0
 977 00e2 08       		.uleb128 0x8
 978 00e3 1F000000 		.4byte	.LASF17
 979 00e7 01       		.byte	0x1
 980 00e8 7D       		.byte	0x7d
 981 00e9 7B000000 		.4byte	0x7b
 982 00ed 02       		.byte	0x2
 983 00ee 23       		.byte	0x23
 984 00ef 01       		.uleb128 0x1
 985 00f0 00       		.byte	0x0
 986 00f1 09       		.uleb128 0x9
 987 00f2 51000000 		.4byte	.LASF18
 988 00f6 01       		.byte	0x1
 989 00f7 30       		.byte	0x30
 990 00f8 01       		.byte	0x1
ARM GAS  C:\DOCUME~1\student\LOCALS~1\Temp\ccU5SYSO.s 			page 25


 991 00f9 00000000 		.4byte	.LFB0
 992 00fd 0C000000 		.4byte	.LFE0
 993 0101 00000000 		.4byte	.LLST0
 994 0105 18010000 		.4byte	0x118
 995 0109 0A       		.uleb128 0xa
 996 010a E6000000 		.4byte	.LASF29
 997 010e 01       		.byte	0x1
 998 010f 30       		.byte	0x30
 999 0110 7B000000 		.4byte	0x7b
 1000 0114 02       		.byte	0x2
 1001 0115 91       		.byte	0x91
 1002 0116 77       		.sleb128 -9
 1003 0117 00       		.byte	0x0
 1004 0118 09       		.uleb128 0x9
 1005 0119 CD000000 		.4byte	.LASF19
 1006 011d 01       		.byte	0x1
 1007 011e A2       		.byte	0xa2
 1008 011f 01       		.byte	0x1
 1009 0120 00000000 		.4byte	.LFB1
 1010 0124 92000000 		.4byte	.LFE1
 1011 0128 37000000 		.4byte	.LLST1
 1012 012c 6F010000 		.4byte	0x16f
 1013 0130 0B       		.uleb128 0xb
 1014 0131 6900     		.ascii	"i\000"
 1015 0133 01       		.byte	0x1
 1016 0134 A4       		.byte	0xa4
 1017 0135 4C000000 		.4byte	0x4c
 1018 0139 02       		.byte	0x2
 1019 013a 91       		.byte	0x91
 1020 013b 68       		.sleb128 -24
 1021 013c 0B       		.uleb128 0xb
 1022 013d 6A00     		.ascii	"j\000"
 1023 013f 01       		.byte	0x1
 1024 0140 A4       		.byte	0xa4
 1025 0141 4C000000 		.4byte	0x4c
 1026 0145 02       		.byte	0x2
 1027 0146 91       		.byte	0x91
 1028 0147 6C       		.sleb128 -20
 1029 0148 0C       		.uleb128 0xc
 1030 0149 14000000 		.4byte	.LBB2
 1031 014d 7A000000 		.4byte	.LBE2
 1032 0151 0D       		.uleb128 0xd
 1033 0152 30010000 		.4byte	.LASF20
 1034 0156 01       		.byte	0x1
 1035 0157 A7       		.byte	0xa7
 1036 0158 91000000 		.4byte	0x91
 1037 015c 02       		.byte	0x2
 1038 015d 91       		.byte	0x91
 1039 015e 70       		.sleb128 -16
 1040 015f 0D       		.uleb128 0xd
 1041 0160 25000000 		.4byte	.LASF21
 1042 0164 01       		.byte	0x1
 1043 0165 A8       		.byte	0xa8
 1044 0166 7B000000 		.4byte	0x7b
 1045 016a 02       		.byte	0x2
 1046 016b 91       		.byte	0x91
 1047 016c 77       		.sleb128 -9
ARM GAS  C:\DOCUME~1\student\LOCALS~1\Temp\ccU5SYSO.s 			page 26


 1048 016d 00       		.byte	0x0
 1049 016e 00       		.byte	0x0
 1050 016f 09       		.uleb128 0x9
 1051 0170 2B000000 		.4byte	.LASF22
 1052 0174 01       		.byte	0x1
 1053 0175 C2       		.byte	0xc2
 1054 0176 01       		.byte	0x1
 1055 0177 00000000 		.4byte	.LFB2
 1056 017b E6010000 		.4byte	.LFE2
 1057 017f 6E000000 		.4byte	.LLST2
 1058 0183 B2010000 		.4byte	0x1b2
 1059 0187 0D       		.uleb128 0xd
 1060 0188 45010000 		.4byte	.LASF23
 1061 018c 01       		.byte	0x1
 1062 018d C4       		.byte	0xc4
 1063 018e B2010000 		.4byte	0x1b2
 1064 0192 02       		.byte	0x2
 1065 0193 91       		.byte	0x91
 1066 0194 70       		.sleb128 -16
 1067 0195 0D       		.uleb128 0xd
 1068 0196 C3000000 		.4byte	.LASF24
 1069 019a 01       		.byte	0x1
 1070 019b C5       		.byte	0xc5
 1071 019c B7010000 		.4byte	0x1b7
 1072 01a0 02       		.byte	0x2
 1073 01a1 91       		.byte	0x91
 1074 01a2 74       		.sleb128 -12
 1075 01a3 0D       		.uleb128 0xd
 1076 01a4 49000000 		.4byte	.LASF25
 1077 01a8 01       		.byte	0x1
 1078 01a9 C6       		.byte	0xc6
 1079 01aa BD010000 		.4byte	0x1bd
 1080 01ae 02       		.byte	0x2
 1081 01af 91       		.byte	0x91
 1082 01b0 6F       		.sleb128 -17
 1083 01b1 00       		.byte	0x0
 1084 01b2 0E       		.uleb128 0xe
 1085 01b3 6D000000 		.4byte	0x6d
 1086 01b7 0F       		.uleb128 0xf
 1087 01b8 04       		.byte	0x4
 1088 01b9 B2010000 		.4byte	0x1b2
 1089 01bd 0E       		.uleb128 0xe
 1090 01be 30000000 		.4byte	0x30
 1091 01c2 10       		.uleb128 0x10
 1092 01c3 01       		.byte	0x1
 1093 01c4 0E000000 		.4byte	.LASF27
 1094 01c8 01       		.byte	0x1
 1095 01c9 0401     		.2byte	0x104
 1096 01cb 01       		.byte	0x1
 1097 01cc 00000000 		.4byte	.LFB3
 1098 01d0 AE000000 		.4byte	.LFE3
 1099 01d4 A5000000 		.4byte	.LLST3
 1100 01d8 EC010000 		.4byte	0x1ec
 1101 01dc 11       		.uleb128 0x11
 1102 01dd B5010000 		.4byte	.LASF26
 1103 01e1 01       		.byte	0x1
 1104 01e2 0601     		.2byte	0x106
ARM GAS  C:\DOCUME~1\student\LOCALS~1\Temp\ccU5SYSO.s 			page 27


 1105 01e4 7B000000 		.4byte	0x7b
 1106 01e8 02       		.byte	0x2
 1107 01e9 91       		.byte	0x91
 1108 01ea 77       		.sleb128 -9
 1109 01eb 00       		.byte	0x0
 1110 01ec 10       		.uleb128 0x10
 1111 01ed 01       		.byte	0x1
 1112 01ee 9F000000 		.4byte	.LASF28
 1113 01f2 01       		.byte	0x1
 1114 01f3 2401     		.2byte	0x124
 1115 01f5 01       		.byte	0x1
 1116 01f6 00000000 		.4byte	.LFB4
 1117 01fa 44000000 		.4byte	.LFE4
 1118 01fe DC000000 		.4byte	.LLST4
 1119 0202 25020000 		.4byte	0x225
 1120 0206 12       		.uleb128 0x12
 1121 0207 54010000 		.4byte	.LASF30
 1122 020b 01       		.byte	0x1
 1123 020c 2401     		.2byte	0x124
 1124 020e 7B000000 		.4byte	0x7b
 1125 0212 02       		.byte	0x2
 1126 0213 91       		.byte	0x91
 1127 0214 6F       		.sleb128 -17
 1128 0215 11       		.uleb128 0x11
 1129 0216 D3010000 		.4byte	.LASF31
 1130 021a 01       		.byte	0x1
 1131 021b 2601     		.2byte	0x126
 1132 021d 7B000000 		.4byte	0x7b
 1133 0221 02       		.byte	0x2
 1134 0222 91       		.byte	0x91
 1135 0223 77       		.sleb128 -9
 1136 0224 00       		.byte	0x0
 1137 0225 10       		.uleb128 0x10
 1138 0226 01       		.byte	0x1
 1139 0227 92000000 		.4byte	.LASF32
 1140 022b 01       		.byte	0x1
 1141 022c 4101     		.2byte	0x141
 1142 022e 01       		.byte	0x1
 1143 022f 00000000 		.4byte	.LFB5
 1144 0233 D8010000 		.4byte	.LFE5
 1145 0237 13010000 		.4byte	.LLST5
 1146 023b 6F020000 		.4byte	0x26f
 1147 023f 0C       		.uleb128 0xc
 1148 0240 24000000 		.4byte	.LBB3
 1149 0244 0A010000 		.4byte	.LBE3
 1150 0248 13       		.uleb128 0x13
 1151 0249 6900     		.ascii	"i\000"
 1152 024b 01       		.byte	0x1
 1153 024c 4C01     		.2byte	0x14c
 1154 024e 7B000000 		.4byte	0x7b
 1155 0252 02       		.byte	0x2
 1156 0253 91       		.byte	0x91
 1157 0254 73       		.sleb128 -13
 1158 0255 0C       		.uleb128 0xc
 1159 0256 2C000000 		.4byte	.LBB4
 1160 025a 88000000 		.4byte	.LBE4
 1161 025e 13       		.uleb128 0x13
ARM GAS  C:\DOCUME~1\student\LOCALS~1\Temp\ccU5SYSO.s 			page 28


 1162 025f 6D7300   		.ascii	"ms\000"
 1163 0262 01       		.byte	0x1
 1164 0263 5101     		.2byte	0x151
 1165 0265 6F020000 		.4byte	0x26f
 1166 0269 02       		.byte	0x2
 1167 026a 91       		.byte	0x91
 1168 026b 74       		.sleb128 -12
 1169 026c 00       		.byte	0x0
 1170 026d 00       		.byte	0x0
 1171 026e 00       		.byte	0x0
 1172 026f 0F       		.uleb128 0xf
 1173 0270 04       		.byte	0x4
 1174 0271 75020000 		.4byte	0x275
 1175 0275 14       		.uleb128 0x14
 1176 0276 C1000000 		.4byte	0xc1
 1177 027a 15       		.uleb128 0x15
 1178 027b C1000000 		.4byte	0xc1
 1179 027f 8A020000 		.4byte	0x28a
 1180 0283 16       		.uleb128 0x16
 1181 0284 68000000 		.4byte	0x68
 1182 0288 07       		.byte	0x7
 1183 0289 00       		.byte	0x0
 1184 028a 0D       		.uleb128 0xd
 1185 028b 65000000 		.4byte	.LASF33
 1186 028f 01       		.byte	0x1
 1187 0290 6D       		.byte	0x6d
 1188 0291 9B020000 		.4byte	0x29b
 1189 0295 05       		.byte	0x5
 1190 0296 03       		.byte	0x3
 1191 0297 00000000 		.4byte	cfg_memset_list
 1192 029b 14       		.uleb128 0x14
 1193 029c 7A020000 		.4byte	0x27a
 1194 02a0 00       		.byte	0x0
 1195              		.section	.debug_abbrev
 1196 0000 01       		.uleb128 0x1
 1197 0001 11       		.uleb128 0x11
 1198 0002 01       		.byte	0x1
 1199 0003 25       		.uleb128 0x25
 1200 0004 0E       		.uleb128 0xe
 1201 0005 13       		.uleb128 0x13
 1202 0006 0B       		.uleb128 0xb
 1203 0007 03       		.uleb128 0x3
 1204 0008 0E       		.uleb128 0xe
 1205 0009 1B       		.uleb128 0x1b
 1206 000a 0E       		.uleb128 0xe
 1207 000b 11       		.uleb128 0x11
 1208 000c 01       		.uleb128 0x1
 1209 000d 52       		.uleb128 0x52
 1210 000e 01       		.uleb128 0x1
 1211 000f 55       		.uleb128 0x55
 1212 0010 06       		.uleb128 0x6
 1213 0011 10       		.uleb128 0x10
 1214 0012 06       		.uleb128 0x6
 1215 0013 00       		.byte	0x0
 1216 0014 00       		.byte	0x0
 1217 0015 02       		.uleb128 0x2
 1218 0016 24       		.uleb128 0x24
ARM GAS  C:\DOCUME~1\student\LOCALS~1\Temp\ccU5SYSO.s 			page 29


 1219 0017 00       		.byte	0x0
 1220 0018 0B       		.uleb128 0xb
 1221 0019 0B       		.uleb128 0xb
 1222 001a 3E       		.uleb128 0x3e
 1223 001b 0B       		.uleb128 0xb
 1224 001c 03       		.uleb128 0x3
 1225 001d 0E       		.uleb128 0xe
 1226 001e 00       		.byte	0x0
 1227 001f 00       		.byte	0x0
 1228 0020 03       		.uleb128 0x3
 1229 0021 24       		.uleb128 0x24
 1230 0022 00       		.byte	0x0
 1231 0023 0B       		.uleb128 0xb
 1232 0024 0B       		.uleb128 0xb
 1233 0025 3E       		.uleb128 0x3e
 1234 0026 0B       		.uleb128 0xb
 1235 0027 03       		.uleb128 0x3
 1236 0028 08       		.uleb128 0x8
 1237 0029 00       		.byte	0x0
 1238 002a 00       		.byte	0x0
 1239 002b 04       		.uleb128 0x4
 1240 002c 24       		.uleb128 0x24
 1241 002d 00       		.byte	0x0
 1242 002e 0B       		.uleb128 0xb
 1243 002f 0B       		.uleb128 0xb
 1244 0030 3E       		.uleb128 0x3e
 1245 0031 0B       		.uleb128 0xb
 1246 0032 00       		.byte	0x0
 1247 0033 00       		.byte	0x0
 1248 0034 05       		.uleb128 0x5
 1249 0035 0F       		.uleb128 0xf
 1250 0036 00       		.byte	0x0
 1251 0037 0B       		.uleb128 0xb
 1252 0038 0B       		.uleb128 0xb
 1253 0039 00       		.byte	0x0
 1254 003a 00       		.byte	0x0
 1255 003b 06       		.uleb128 0x6
 1256 003c 16       		.uleb128 0x16
 1257 003d 00       		.byte	0x0
 1258 003e 03       		.uleb128 0x3
 1259 003f 0E       		.uleb128 0xe
 1260 0040 3A       		.uleb128 0x3a
 1261 0041 0B       		.uleb128 0xb
 1262 0042 3B       		.uleb128 0x3b
 1263 0043 0B       		.uleb128 0xb
 1264 0044 49       		.uleb128 0x49
 1265 0045 13       		.uleb128 0x13
 1266 0046 00       		.byte	0x0
 1267 0047 00       		.byte	0x0
 1268 0048 07       		.uleb128 0x7
 1269 0049 13       		.uleb128 0x13
 1270 004a 01       		.byte	0x1
 1271 004b 0B       		.uleb128 0xb
 1272 004c 0B       		.uleb128 0xb
 1273 004d 3A       		.uleb128 0x3a
 1274 004e 0B       		.uleb128 0xb
 1275 004f 3B       		.uleb128 0x3b
ARM GAS  C:\DOCUME~1\student\LOCALS~1\Temp\ccU5SYSO.s 			page 30


 1276 0050 0B       		.uleb128 0xb
 1277 0051 01       		.uleb128 0x1
 1278 0052 13       		.uleb128 0x13
 1279 0053 00       		.byte	0x0
 1280 0054 00       		.byte	0x0
 1281 0055 08       		.uleb128 0x8
 1282 0056 0D       		.uleb128 0xd
 1283 0057 00       		.byte	0x0
 1284 0058 03       		.uleb128 0x3
 1285 0059 0E       		.uleb128 0xe
 1286 005a 3A       		.uleb128 0x3a
 1287 005b 0B       		.uleb128 0xb
 1288 005c 3B       		.uleb128 0x3b
 1289 005d 0B       		.uleb128 0xb
 1290 005e 49       		.uleb128 0x49
 1291 005f 13       		.uleb128 0x13
 1292 0060 38       		.uleb128 0x38
 1293 0061 0A       		.uleb128 0xa
 1294 0062 00       		.byte	0x0
 1295 0063 00       		.byte	0x0
 1296 0064 09       		.uleb128 0x9
 1297 0065 2E       		.uleb128 0x2e
 1298 0066 01       		.byte	0x1
 1299 0067 03       		.uleb128 0x3
 1300 0068 0E       		.uleb128 0xe
 1301 0069 3A       		.uleb128 0x3a
 1302 006a 0B       		.uleb128 0xb
 1303 006b 3B       		.uleb128 0x3b
 1304 006c 0B       		.uleb128 0xb
 1305 006d 27       		.uleb128 0x27
 1306 006e 0C       		.uleb128 0xc
 1307 006f 11       		.uleb128 0x11
 1308 0070 01       		.uleb128 0x1
 1309 0071 12       		.uleb128 0x12
 1310 0072 01       		.uleb128 0x1
 1311 0073 40       		.uleb128 0x40
 1312 0074 06       		.uleb128 0x6
 1313 0075 01       		.uleb128 0x1
 1314 0076 13       		.uleb128 0x13
 1315 0077 00       		.byte	0x0
 1316 0078 00       		.byte	0x0
 1317 0079 0A       		.uleb128 0xa
 1318 007a 05       		.uleb128 0x5
 1319 007b 00       		.byte	0x0
 1320 007c 03       		.uleb128 0x3
 1321 007d 0E       		.uleb128 0xe
 1322 007e 3A       		.uleb128 0x3a
 1323 007f 0B       		.uleb128 0xb
 1324 0080 3B       		.uleb128 0x3b
 1325 0081 0B       		.uleb128 0xb
 1326 0082 49       		.uleb128 0x49
 1327 0083 13       		.uleb128 0x13
 1328 0084 02       		.uleb128 0x2
 1329 0085 0A       		.uleb128 0xa
 1330 0086 00       		.byte	0x0
 1331 0087 00       		.byte	0x0
 1332 0088 0B       		.uleb128 0xb
ARM GAS  C:\DOCUME~1\student\LOCALS~1\Temp\ccU5SYSO.s 			page 31


 1333 0089 34       		.uleb128 0x34
 1334 008a 00       		.byte	0x0
 1335 008b 03       		.uleb128 0x3
 1336 008c 08       		.uleb128 0x8
 1337 008d 3A       		.uleb128 0x3a
 1338 008e 0B       		.uleb128 0xb
 1339 008f 3B       		.uleb128 0x3b
 1340 0090 0B       		.uleb128 0xb
 1341 0091 49       		.uleb128 0x49
 1342 0092 13       		.uleb128 0x13
 1343 0093 02       		.uleb128 0x2
 1344 0094 0A       		.uleb128 0xa
 1345 0095 00       		.byte	0x0
 1346 0096 00       		.byte	0x0
 1347 0097 0C       		.uleb128 0xc
 1348 0098 0B       		.uleb128 0xb
 1349 0099 01       		.byte	0x1
 1350 009a 11       		.uleb128 0x11
 1351 009b 01       		.uleb128 0x1
 1352 009c 12       		.uleb128 0x12
 1353 009d 01       		.uleb128 0x1
 1354 009e 00       		.byte	0x0
 1355 009f 00       		.byte	0x0
 1356 00a0 0D       		.uleb128 0xd
 1357 00a1 34       		.uleb128 0x34
 1358 00a2 00       		.byte	0x0
 1359 00a3 03       		.uleb128 0x3
 1360 00a4 0E       		.uleb128 0xe
 1361 00a5 3A       		.uleb128 0x3a
 1362 00a6 0B       		.uleb128 0xb
 1363 00a7 3B       		.uleb128 0x3b
 1364 00a8 0B       		.uleb128 0xb
 1365 00a9 49       		.uleb128 0x49
 1366 00aa 13       		.uleb128 0x13
 1367 00ab 02       		.uleb128 0x2
 1368 00ac 0A       		.uleb128 0xa
 1369 00ad 00       		.byte	0x0
 1370 00ae 00       		.byte	0x0
 1371 00af 0E       		.uleb128 0xe
 1372 00b0 35       		.uleb128 0x35
 1373 00b1 00       		.byte	0x0
 1374 00b2 49       		.uleb128 0x49
 1375 00b3 13       		.uleb128 0x13
 1376 00b4 00       		.byte	0x0
 1377 00b5 00       		.byte	0x0
 1378 00b6 0F       		.uleb128 0xf
 1379 00b7 0F       		.uleb128 0xf
 1380 00b8 00       		.byte	0x0
 1381 00b9 0B       		.uleb128 0xb
 1382 00ba 0B       		.uleb128 0xb
 1383 00bb 49       		.uleb128 0x49
 1384 00bc 13       		.uleb128 0x13
 1385 00bd 00       		.byte	0x0
 1386 00be 00       		.byte	0x0
 1387 00bf 10       		.uleb128 0x10
 1388 00c0 2E       		.uleb128 0x2e
 1389 00c1 01       		.byte	0x1
ARM GAS  C:\DOCUME~1\student\LOCALS~1\Temp\ccU5SYSO.s 			page 32


 1390 00c2 3F       		.uleb128 0x3f
 1391 00c3 0C       		.uleb128 0xc
 1392 00c4 03       		.uleb128 0x3
 1393 00c5 0E       		.uleb128 0xe
 1394 00c6 3A       		.uleb128 0x3a
 1395 00c7 0B       		.uleb128 0xb
 1396 00c8 3B       		.uleb128 0x3b
 1397 00c9 05       		.uleb128 0x5
 1398 00ca 27       		.uleb128 0x27
 1399 00cb 0C       		.uleb128 0xc
 1400 00cc 11       		.uleb128 0x11
 1401 00cd 01       		.uleb128 0x1
 1402 00ce 12       		.uleb128 0x12
 1403 00cf 01       		.uleb128 0x1
 1404 00d0 40       		.uleb128 0x40
 1405 00d1 06       		.uleb128 0x6
 1406 00d2 01       		.uleb128 0x1
 1407 00d3 13       		.uleb128 0x13
 1408 00d4 00       		.byte	0x0
 1409 00d5 00       		.byte	0x0
 1410 00d6 11       		.uleb128 0x11
 1411 00d7 34       		.uleb128 0x34
 1412 00d8 00       		.byte	0x0
 1413 00d9 03       		.uleb128 0x3
 1414 00da 0E       		.uleb128 0xe
 1415 00db 3A       		.uleb128 0x3a
 1416 00dc 0B       		.uleb128 0xb
 1417 00dd 3B       		.uleb128 0x3b
 1418 00de 05       		.uleb128 0x5
 1419 00df 49       		.uleb128 0x49
 1420 00e0 13       		.uleb128 0x13
 1421 00e1 02       		.uleb128 0x2
 1422 00e2 0A       		.uleb128 0xa
 1423 00e3 00       		.byte	0x0
 1424 00e4 00       		.byte	0x0
 1425 00e5 12       		.uleb128 0x12
 1426 00e6 05       		.uleb128 0x5
 1427 00e7 00       		.byte	0x0
 1428 00e8 03       		.uleb128 0x3
 1429 00e9 0E       		.uleb128 0xe
 1430 00ea 3A       		.uleb128 0x3a
 1431 00eb 0B       		.uleb128 0xb
 1432 00ec 3B       		.uleb128 0x3b
 1433 00ed 05       		.uleb128 0x5
 1434 00ee 49       		.uleb128 0x49
 1435 00ef 13       		.uleb128 0x13
 1436 00f0 02       		.uleb128 0x2
 1437 00f1 0A       		.uleb128 0xa
 1438 00f2 00       		.byte	0x0
 1439 00f3 00       		.byte	0x0
 1440 00f4 13       		.uleb128 0x13
 1441 00f5 34       		.uleb128 0x34
 1442 00f6 00       		.byte	0x0
 1443 00f7 03       		.uleb128 0x3
 1444 00f8 08       		.uleb128 0x8
 1445 00f9 3A       		.uleb128 0x3a
 1446 00fa 0B       		.uleb128 0xb
ARM GAS  C:\DOCUME~1\student\LOCALS~1\Temp\ccU5SYSO.s 			page 33


 1447 00fb 3B       		.uleb128 0x3b
 1448 00fc 05       		.uleb128 0x5
 1449 00fd 49       		.uleb128 0x49
 1450 00fe 13       		.uleb128 0x13
 1451 00ff 02       		.uleb128 0x2
 1452 0100 0A       		.uleb128 0xa
 1453 0101 00       		.byte	0x0
 1454 0102 00       		.byte	0x0
 1455 0103 14       		.uleb128 0x14
 1456 0104 26       		.uleb128 0x26
 1457 0105 00       		.byte	0x0
 1458 0106 49       		.uleb128 0x49
 1459 0107 13       		.uleb128 0x13
 1460 0108 00       		.byte	0x0
 1461 0109 00       		.byte	0x0
 1462 010a 15       		.uleb128 0x15
 1463 010b 01       		.uleb128 0x1
 1464 010c 01       		.byte	0x1
 1465 010d 49       		.uleb128 0x49
 1466 010e 13       		.uleb128 0x13
 1467 010f 01       		.uleb128 0x1
 1468 0110 13       		.uleb128 0x13
 1469 0111 00       		.byte	0x0
 1470 0112 00       		.byte	0x0
 1471 0113 16       		.uleb128 0x16
 1472 0114 21       		.uleb128 0x21
 1473 0115 00       		.byte	0x0
 1474 0116 49       		.uleb128 0x49
 1475 0117 13       		.uleb128 0x13
 1476 0118 2F       		.uleb128 0x2f
 1477 0119 0B       		.uleb128 0xb
 1478 011a 00       		.byte	0x0
 1479 011b 00       		.byte	0x0
 1480 011c 00       		.byte	0x0
 1481              		.section	.debug_pubnames,"",%progbits
 1482 0000 4E000000 		.4byte	0x4e
 1483 0004 0200     		.2byte	0x2
 1484 0006 00000000 		.4byte	.Ldebug_info0
 1485 000a A1020000 		.4byte	0x2a1
 1486 000e C2010000 		.4byte	0x1c2
 1487 0012 416E616C 		.ascii	"AnalogSetDefault\000"
 1487      6F675365 
 1487      74446566 
 1487      61756C74 
 1487      00
 1488 0023 EC010000 		.4byte	0x1ec
 1489 0027 53657441 		.ascii	"SetAnalogRoutingPumps\000"
 1489      6E616C6F 
 1489      67526F75 
 1489      74696E67 
 1489      50756D70 
 1490 003d 25020000 		.4byte	0x225
 1491 0041 63796669 		.ascii	"cyfitter_cfg\000"
 1491      74746572 
 1491      5F636667 
 1491      00
 1492 004e 00000000 		.4byte	0x0
ARM GAS  C:\DOCUME~1\student\LOCALS~1\Temp\ccU5SYSO.s 			page 34


 1493              		.section	.debug_aranges,"",%progbits
 1494 0000 44000000 		.4byte	0x44
 1495 0004 0200     		.2byte	0x2
 1496 0006 00000000 		.4byte	.Ldebug_info0
 1497 000a 04       		.byte	0x4
 1498 000b 00       		.byte	0x0
 1499 000c 0000     		.2byte	0x0
 1500 000e 0000     		.2byte	0x0
 1501 0010 00000000 		.4byte	.LFB0
 1502 0014 0C000000 		.4byte	.LFE0-.LFB0
 1503 0018 00000000 		.4byte	.LFB1
 1504 001c 92000000 		.4byte	.LFE1-.LFB1
 1505 0020 00000000 		.4byte	.LFB2
 1506 0024 E6010000 		.4byte	.LFE2-.LFB2
 1507 0028 00000000 		.4byte	.LFB3
 1508 002c AE000000 		.4byte	.LFE3-.LFB3
 1509 0030 00000000 		.4byte	.LFB4
 1510 0034 44000000 		.4byte	.LFE4-.LFB4
 1511 0038 00000000 		.4byte	.LFB5
 1512 003c D8010000 		.4byte	.LFE5-.LFB5
 1513 0040 00000000 		.4byte	0x0
 1514 0044 00000000 		.4byte	0x0
 1515              		.section	.debug_ranges,"",%progbits
 1516              	.Ldebug_ranges0:
 1517 0000 00000000 		.4byte	.Ltext0
 1518 0004 00000000 		.4byte	.Letext0
 1519 0008 00000000 		.4byte	.LFB0
 1520 000c 0C000000 		.4byte	.LFE0
 1521 0010 00000000 		.4byte	.LFB1
 1522 0014 92000000 		.4byte	.LFE1
 1523 0018 00000000 		.4byte	.LFB2
 1524 001c E6010000 		.4byte	.LFE2
 1525 0020 00000000 		.4byte	.LFB3
 1526 0024 AE000000 		.4byte	.LFE3
 1527 0028 00000000 		.4byte	.LFB4
 1528 002c 44000000 		.4byte	.LFE4
 1529 0030 00000000 		.4byte	.LFB5
 1530 0034 D8010000 		.4byte	.LFE5
 1531 0038 00000000 		.4byte	0x0
 1532 003c 00000000 		.4byte	0x0
 1533              		.section	.debug_str,"MS",%progbits,1
 1534              	.LASF5:
 1535 0000 6C6F6E67 		.ascii	"long long int\000"
 1535      206C6F6E 
 1535      6720696E 
 1535      7400
 1536              	.LASF27:
 1537 000e 416E616C 		.ascii	"AnalogSetDefault\000"
 1537      6F675365 
 1537      74446566 
 1537      61756C74 
 1537      00
 1538              	.LASF17:
 1539 001f 76616C75 		.ascii	"value\000"
 1539      6500
 1540              	.LASF21:
 1541 0025 636F756E 		.ascii	"count\000"
ARM GAS  C:\DOCUME~1\student\LOCALS~1\Temp\ccU5SYSO.s 			page 35


 1541      7400
 1542              	.LASF22:
 1543 002b 436C6F63 		.ascii	"ClockSetup\000"
 1543      6B536574 
 1543      757000
 1544              	.LASF3:
 1545 0036 73686F72 		.ascii	"short unsigned int\000"
 1545      7420756E 
 1545      7369676E 
 1545      65642069 
 1545      6E7400
 1546              	.LASF25:
 1547 0049 706C6C4C 		.ascii	"pllLock\000"
 1547      6F636B00 
 1548              	.LASF18:
 1549 0051 4379436C 		.ascii	"CyClockStartupError\000"
 1549      6F636B53 
 1549      74617274 
 1549      75704572 
 1549      726F7200 
 1550              	.LASF33:
 1551 0065 6366675F 		.ascii	"cfg_memset_list\000"
 1551      6D656D73 
 1551      65745F6C 
 1551      69737400 
 1552              	.LASF14:
 1553 0075 73697A65 		.ascii	"size\000"
 1553      00
 1554              	.LASF8:
 1555 007a 6C6F6E67 		.ascii	"long unsigned int\000"
 1555      20756E73 
 1555      69676E65 
 1555      6420696E 
 1555      7400
 1556              	.LASF10:
 1557 008c 75696E74 		.ascii	"uint8\000"
 1557      3800
 1558              	.LASF32:
 1559 0092 63796669 		.ascii	"cyfitter_cfg\000"
 1559      74746572 
 1559      5F636667 
 1559      00
 1560              	.LASF28:
 1561 009f 53657441 		.ascii	"SetAnalogRoutingPumps\000"
 1561      6E616C6F 
 1561      67526F75 
 1561      74696E67 
 1561      50756D70 
 1562              	.LASF1:
 1563 00b5 756E7369 		.ascii	"unsigned char\000"
 1563      676E6564 
 1563      20636861 
 1563      7200
 1564              	.LASF24:
 1565 00c3 74696D65 		.ascii	"timeout_p\000"
 1565      6F75745F 
 1565      7000
ARM GAS  C:\DOCUME~1\student\LOCALS~1\Temp\ccU5SYSO.s 			page 36


 1566              	.LASF19:
 1567 00cd 6366675F 		.ascii	"cfg_write_bytes32\000"
 1567      77726974 
 1567      655F6279 
 1567      74657333 
 1567      3200
 1568              	.LASF11:
 1569 00df 75696E74 		.ascii	"uint16\000"
 1569      313600
 1570              	.LASF29:
 1571 00e6 6572726F 		.ascii	"errorCode\000"
 1571      72436F64 
 1571      6500
 1572              	.LASF12:
 1573 00f0 75696E74 		.ascii	"uint32\000"
 1573      333200
 1574              	.LASF4:
 1575 00f7 756E7369 		.ascii	"unsigned int\000"
 1575      676E6564 
 1575      20696E74 
 1575      00
 1576              	.LASF13:
 1577 0104 61646472 		.ascii	"address\000"
 1577      65737300 
 1578              	.LASF6:
 1579 010c 6C6F6E67 		.ascii	"long long unsigned int\000"
 1579      206C6F6E 
 1579      6720756E 
 1579      7369676E 
 1579      65642069 
 1580              	.LASF15:
 1581 0123 6366675F 		.ascii	"cfg_memset_t\000"
 1581      6D656D73 
 1581      65745F74 
 1581      00
 1582              	.LASF20:
 1583 0130 62617365 		.ascii	"baseAddr\000"
 1583      41646472 
 1583      00
 1584              	.LASF34:
 1585 0139 474E5520 		.ascii	"GNU C 4.4.1\000"
 1585      4320342E 
 1585      342E3100 
 1586              	.LASF23:
 1587 0145 74696D65 		.ascii	"timeout\000"
 1587      6F757400 
 1588              	.LASF16:
 1589 014d 6F666673 		.ascii	"offset\000"
 1589      657400
 1590              	.LASF30:
 1591 0154 656E6162 		.ascii	"enabled\000"
 1591      6C656400 
 1592              	.LASF2:
 1593 015c 73686F72 		.ascii	"short int\000"
 1593      7420696E 
 1593      7400
 1594              	.LASF35:
ARM GAS  C:\DOCUME~1\student\LOCALS~1\Temp\ccU5SYSO.s 			page 37


 1595 0166 2E5C4765 		.ascii	".\\Generated_Source\\PSoC5\\cyfitter_cfg.c\000"
 1595      6E657261 
 1595      7465645F 
 1595      536F7572 
 1595      63655C50 
 1596              	.LASF36:
 1597 018e 453A5C36 		.ascii	"E:\\6.115\\FFT\\RS232.cydsn\000"
 1597      2E313135 
 1597      5C464654 
 1597      5C525332 
 1597      33322E63 
 1598              	.LASF7:
 1599 01a7 6C6F6E67 		.ascii	"long int\000"
 1599      20696E74 
 1599      00
 1600              	.LASF9:
 1601 01b0 63686172 		.ascii	"char\000"
 1601      00
 1602              	.LASF26:
 1603 01b5 62675F78 		.ascii	"bg_xover_inl_trim\000"
 1603      6F766572 
 1603      5F696E6C 
 1603      5F747269 
 1603      6D00
 1604              	.LASF0:
 1605 01c7 7369676E 		.ascii	"signed char\000"
 1605      65642063 
 1605      68617200 
 1606              	.LASF31:
 1607 01d3 72656756 		.ascii	"regValue\000"
 1607      616C7565 
 1607      00
 1608              		.ident	"GCC: (Sourcery G++ Lite 2010q1-188) 4.4.1"
