ARM GAS  C:\DOCUME~1\student\LOCALS~1\Temp\ccbUTzDn.s 			page 1


   1              		.syntax unified
   2              		.cpu cortex-m3
   3              		.fpu softvfp
   4              		.eabi_attribute 20, 1
   5              		.eabi_attribute 21, 1
   6              		.eabi_attribute 23, 3
   7              		.eabi_attribute 24, 1
   8              		.eabi_attribute 25, 1
   9              		.eabi_attribute 26, 1
  10              		.eabi_attribute 30, 6
  11              		.eabi_attribute 18, 4
  12              		.thumb
  13              		.file	"PGA_1.c"
  14              		.section	.debug_abbrev,"",%progbits
  15              	.Ldebug_abbrev0:
  16              		.section	.debug_info,"",%progbits
  17              	.Ldebug_info0:
  18              		.section	.debug_line,"",%progbits
  19              	.Ldebug_line0:
  20 0000 EC000000 		.text
  20      02005E00 
  20      00000201 
  20      FB0E0D00 
  20      01010101 
  21              	.Ltext0:
  22              		.cfi_sections	.debug_frame
  23              		.global	PGA_1_GainArray
  24              		.section	.rodata
  25              		.align	2
  26              		.type	PGA_1_GainArray, %object
  27              		.size	PGA_1_GainArray, 9
  28              	PGA_1_GainArray:
  29 0000 01       		.byte	1
  30 0001 11       		.byte	17
  31 0002 21       		.byte	33
  32 0003 31       		.byte	49
  33 0004 41       		.byte	65
  34 0005 61       		.byte	97
  35 0006 53       		.byte	83
  36 0007 63       		.byte	99
  37 0008 73       		.byte	115
  38              		.global	PGA_1_GainComp
  39 0009 000000   		.align	2
  40              		.type	PGA_1_GainComp, %object
  41              		.size	PGA_1_GainComp, 9
  42              	PGA_1_GainComp:
  43 000c 08       		.byte	8
  44 000d 09       		.byte	9
  45 000e 01       		.byte	1
  46 000f 01       		.byte	1
  47 0010 05       		.byte	5
  48 0011 07       		.byte	7
  49 0012 07       		.byte	7
  50 0013 04       		.byte	4
  51 0014 04       		.byte	4
  52              		.global	PGA_1_initVar
  53 0015 000000   		.bss
ARM GAS  C:\DOCUME~1\student\LOCALS~1\Temp\ccbUTzDn.s 			page 2


  54              		.type	PGA_1_initVar, %object
  55              		.size	PGA_1_initVar, 1
  56              	PGA_1_initVar:
  57 0000 00       		.space	1
  58              		.section	.text.PGA_1_Init,"ax",%progbits
  59              		.align	2
  60              		.global	PGA_1_Init
  61              		.thumb
  62              		.thumb_func
  63              		.type	PGA_1_Init, %function
  64              	PGA_1_Init:
  65              	.LFB0:
  66              		.file 1 ".\\Generated_Source\\PSoC5\\PGA_1.c"
   1:.\Generated_Source\PSoC5/PGA_1.c **** /*******************************************************************************
   2:.\Generated_Source\PSoC5/PGA_1.c **** * File Name: PGA_1.c  
   3:.\Generated_Source\PSoC5/PGA_1.c **** * Version 1.90
   4:.\Generated_Source\PSoC5/PGA_1.c **** *
   5:.\Generated_Source\PSoC5/PGA_1.c **** * Description:
   6:.\Generated_Source\PSoC5/PGA_1.c **** *  This file provides the source code to the API for the PGA 
   7:.\Generated_Source\PSoC5/PGA_1.c **** *  User Module.
   8:.\Generated_Source\PSoC5/PGA_1.c **** *
   9:.\Generated_Source\PSoC5/PGA_1.c **** * Note:
  10:.\Generated_Source\PSoC5/PGA_1.c **** *
  11:.\Generated_Source\PSoC5/PGA_1.c **** ********************************************************************************
  12:.\Generated_Source\PSoC5/PGA_1.c **** * Copyright 2008-2012, Cypress Semiconductor Corporation.  All rights reserved.
  13:.\Generated_Source\PSoC5/PGA_1.c **** * You may use this file only in accordance with the license, terms, conditions, 
  14:.\Generated_Source\PSoC5/PGA_1.c **** * disclaimers, and limitations in the end user license agreement accompanying 
  15:.\Generated_Source\PSoC5/PGA_1.c **** * the software package with which this file was provided.
  16:.\Generated_Source\PSoC5/PGA_1.c **** *******************************************************************************/
  17:.\Generated_Source\PSoC5/PGA_1.c **** 
  18:.\Generated_Source\PSoC5/PGA_1.c **** #include "cytypes.h"
  19:.\Generated_Source\PSoC5/PGA_1.c **** #include "PGA_1.h"
  20:.\Generated_Source\PSoC5/PGA_1.c **** 
  21:.\Generated_Source\PSoC5/PGA_1.c **** #if (CY_PSOC5A)
  22:.\Generated_Source\PSoC5/PGA_1.c ****     static PGA_1_BACKUP_STRUCT  PGA_1_backup;
  23:.\Generated_Source\PSoC5/PGA_1.c **** #endif /* (CY_ PSOC5A) */
  24:.\Generated_Source\PSoC5/PGA_1.c **** 
  25:.\Generated_Source\PSoC5/PGA_1.c **** /* Constant array for gain settings */
  26:.\Generated_Source\PSoC5/PGA_1.c **** const uint8 PGA_1_GainArray[9] = { 
  27:.\Generated_Source\PSoC5/PGA_1.c ****     (PGA_1_RVAL_0K   | PGA_1_R20_40B_40K | PGA_1_BIAS_LOW), /* G=1  */
  28:.\Generated_Source\PSoC5/PGA_1.c ****     (PGA_1_RVAL_40K  | PGA_1_R20_40B_40K | PGA_1_BIAS_LOW), /* G=2  */
  29:.\Generated_Source\PSoC5/PGA_1.c ****     (PGA_1_RVAL_120K | PGA_1_R20_40B_40K | PGA_1_BIAS_LOW), /* G=4  */
  30:.\Generated_Source\PSoC5/PGA_1.c ****     (PGA_1_RVAL_280K | PGA_1_R20_40B_40K | PGA_1_BIAS_LOW), /* G=8  */
  31:.\Generated_Source\PSoC5/PGA_1.c ****     (PGA_1_RVAL_600K | PGA_1_R20_40B_40K | PGA_1_BIAS_LOW), /* G=16 */
  32:.\Generated_Source\PSoC5/PGA_1.c ****     (PGA_1_RVAL_460K | PGA_1_R20_40B_40K | PGA_1_BIAS_LOW), /* G=24, Sets Rin as 20k */
  33:.\Generated_Source\PSoC5/PGA_1.c ****     (PGA_1_RVAL_620K | PGA_1_R20_40B_20K | PGA_1_BIAS_LOW), /* G=32 */
  34:.\Generated_Source\PSoC5/PGA_1.c ****     (PGA_1_RVAL_470K | PGA_1_R20_40B_20K | PGA_1_BIAS_LOW), /* G=48, Sets Rin as 10k */
  35:.\Generated_Source\PSoC5/PGA_1.c ****     (PGA_1_RVAL_490K | PGA_1_R20_40B_20K | PGA_1_BIAS_LOW)  /* G=50, Sets Rin as 10k */
  36:.\Generated_Source\PSoC5/PGA_1.c **** };
  37:.\Generated_Source\PSoC5/PGA_1.c **** 
  38:.\Generated_Source\PSoC5/PGA_1.c **** /* Constant array for gain compenstion settings */
  39:.\Generated_Source\PSoC5/PGA_1.c **** const uint8 PGA_1_GainComp[9] = { 
  40:.\Generated_Source\PSoC5/PGA_1.c ****     ( PGA_1_COMP_4P35PF  | ( PGA_1_REDC_00 >> 2 )), /* G=1  */
  41:.\Generated_Source\PSoC5/PGA_1.c ****     ( PGA_1_COMP_4P35PF  | ( PGA_1_REDC_01 >> 2 )), /* G=2  */
  42:.\Generated_Source\PSoC5/PGA_1.c ****     ( PGA_1_COMP_3P0PF   | ( PGA_1_REDC_01 >> 2 )), /* G=4  */
  43:.\Generated_Source\PSoC5/PGA_1.c ****     ( PGA_1_COMP_3P0PF   | ( PGA_1_REDC_01 >> 2 )), /* G=8  */
  44:.\Generated_Source\PSoC5/PGA_1.c ****     ( PGA_1_COMP_3P6PF   | ( PGA_1_REDC_01 >> 2 )), /* G=16 */
ARM GAS  C:\DOCUME~1\student\LOCALS~1\Temp\ccbUTzDn.s 			page 3


  45:.\Generated_Source\PSoC5/PGA_1.c ****     ( PGA_1_COMP_3P6PF   | ( PGA_1_REDC_11 >> 2 )), /* G=24 */
  46:.\Generated_Source\PSoC5/PGA_1.c ****     ( PGA_1_COMP_3P6PF   | ( PGA_1_REDC_11 >> 2 )), /* G=32 */
  47:.\Generated_Source\PSoC5/PGA_1.c ****     ( PGA_1_COMP_3P6PF   | ( PGA_1_REDC_00 >> 2 )), /* G=48 */
  48:.\Generated_Source\PSoC5/PGA_1.c ****     ( PGA_1_COMP_3P6PF   | ( PGA_1_REDC_00 >> 2 ))  /* G=50 */
  49:.\Generated_Source\PSoC5/PGA_1.c **** };
  50:.\Generated_Source\PSoC5/PGA_1.c **** 
  51:.\Generated_Source\PSoC5/PGA_1.c **** uint8 PGA_1_initVar = 0u;
  52:.\Generated_Source\PSoC5/PGA_1.c **** 
  53:.\Generated_Source\PSoC5/PGA_1.c **** #if (CY_PSOC5A)
  54:.\Generated_Source\PSoC5/PGA_1.c ****     uint8 PGA_1_restoreVal = 0u;
  55:.\Generated_Source\PSoC5/PGA_1.c **** #endif /* CY_PSOC5A */
  56:.\Generated_Source\PSoC5/PGA_1.c **** 
  57:.\Generated_Source\PSoC5/PGA_1.c **** 
  58:.\Generated_Source\PSoC5/PGA_1.c **** /*******************************************************************************   
  59:.\Generated_Source\PSoC5/PGA_1.c **** * Function Name: PGA_1_Init
  60:.\Generated_Source\PSoC5/PGA_1.c **** ********************************************************************************
  61:.\Generated_Source\PSoC5/PGA_1.c **** *
  62:.\Generated_Source\PSoC5/PGA_1.c **** * Summary:
  63:.\Generated_Source\PSoC5/PGA_1.c **** *  Initialize component's parameters to the parameters set by user in the 
  64:.\Generated_Source\PSoC5/PGA_1.c **** *  customizer of the component placed onto schematic. Usually called in 
  65:.\Generated_Source\PSoC5/PGA_1.c **** *  PGA_1_Start().
  66:.\Generated_Source\PSoC5/PGA_1.c **** *
  67:.\Generated_Source\PSoC5/PGA_1.c **** * Parameters:
  68:.\Generated_Source\PSoC5/PGA_1.c **** *  void
  69:.\Generated_Source\PSoC5/PGA_1.c **** *
  70:.\Generated_Source\PSoC5/PGA_1.c **** * Return:
  71:.\Generated_Source\PSoC5/PGA_1.c **** *  void
  72:.\Generated_Source\PSoC5/PGA_1.c **** *
  73:.\Generated_Source\PSoC5/PGA_1.c **** *******************************************************************************/
  74:.\Generated_Source\PSoC5/PGA_1.c **** void PGA_1_Init(void) 
  75:.\Generated_Source\PSoC5/PGA_1.c **** {
  67              		.loc 1 75 0
  68              		.cfi_startproc
  69              		@ args = 0, pretend = 0, frame = 0
  70              		@ frame_needed = 1, uses_anonymous_args = 0
  71 0000 80B5     		push	{r7, lr}
  72              	.LCFI0:
  73              		.cfi_def_cfa_offset 8
  74 0002 00AF     		add	r7, sp, #0
  75              		.cfi_offset 14, -4
  76              		.cfi_offset 7, -8
  77              	.LCFI1:
  78              		.cfi_def_cfa_register 7
  76:.\Generated_Source\PSoC5/PGA_1.c ****     /* Set PGA mode */
  77:.\Generated_Source\PSoC5/PGA_1.c ****     PGA_1_CR0_REG = PGA_1_MODE_PGA;  
  79              		.loc 1 77 0
  80 0004 45F60803 		movw	r3, #:lower16:1073764360
  81 0008 C4F20003 		movt	r3, #:upper16:1073764360
  82 000c 4FF00C02 		mov	r2, #12
  83 0010 1A70     		strb	r2, [r3, #0]
  78:.\Generated_Source\PSoC5/PGA_1.c ****     
  79:.\Generated_Source\PSoC5/PGA_1.c ****     /* Set non-inverting PGA mode and reference mode */
  80:.\Generated_Source\PSoC5/PGA_1.c ****     PGA_1_CR1_REG |= PGA_1_PGA_NINV;  
  84              		.loc 1 80 0
  85 0012 45F60903 		movw	r3, #:lower16:1073764361
  86 0016 C4F20003 		movt	r3, #:upper16:1073764361
  87 001a 45F60902 		movw	r2, #:lower16:1073764361
ARM GAS  C:\DOCUME~1\student\LOCALS~1\Temp\ccbUTzDn.s 			page 4


  88 001e C4F20002 		movt	r2, #:upper16:1073764361
  89 0022 1278     		ldrb	r2, [r2, #0]
  90 0024 D2B2     		uxtb	r2, r2
  91 0026 42F02002 		orr	r2, r2, #32
  92 002a D2B2     		uxtb	r2, r2
  93 002c 1A70     		strb	r2, [r3, #0]
  81:.\Generated_Source\PSoC5/PGA_1.c **** 
  82:.\Generated_Source\PSoC5/PGA_1.c ****     /* Set default gain and ref mode */
  83:.\Generated_Source\PSoC5/PGA_1.c ****     PGA_1_CR2_REG = PGA_1_VREF_MODE;
  94              		.loc 1 83 0
  95 002e 45F60A03 		movw	r3, #:lower16:1073764362
  96 0032 C4F20003 		movt	r3, #:upper16:1073764362
  97 0036 6FF07F02 		mvn	r2, #127
  98 003a 1A70     		strb	r2, [r3, #0]
  84:.\Generated_Source\PSoC5/PGA_1.c **** 
  85:.\Generated_Source\PSoC5/PGA_1.c ****     /* Set gain and compensation */
  86:.\Generated_Source\PSoC5/PGA_1.c ****     PGA_1_SetGain(PGA_1_DEFAULT_GAIN);
  99              		.loc 1 86 0
 100 003c 4FF00000 		mov	r0, #0
 101 0040 FFF7FEFF 		bl	PGA_1_SetGain
  87:.\Generated_Source\PSoC5/PGA_1.c **** 
  88:.\Generated_Source\PSoC5/PGA_1.c ****     /* Set power */
  89:.\Generated_Source\PSoC5/PGA_1.c ****     PGA_1_SetPower(PGA_1_DEFAULT_POWER);
 102              		.loc 1 89 0
 103 0044 4FF00100 		mov	r0, #1
 104 0048 FFF7FEFF 		bl	PGA_1_SetPower
  90:.\Generated_Source\PSoC5/PGA_1.c **** }
 105              		.loc 1 90 0
 106 004c 80BD     		pop	{r7, pc}
 107              		.cfi_endproc
 108              	.LFE0:
 109              		.size	PGA_1_Init, .-PGA_1_Init
 110 004e 00BF     		.section	.text.PGA_1_Enable,"ax",%progbits
 111              		.align	2
 112              		.global	PGA_1_Enable
 113              		.thumb
 114              		.thumb_func
 115              		.type	PGA_1_Enable, %function
 116              	PGA_1_Enable:
 117              	.LFB1:
  91:.\Generated_Source\PSoC5/PGA_1.c **** 
  92:.\Generated_Source\PSoC5/PGA_1.c **** 
  93:.\Generated_Source\PSoC5/PGA_1.c **** /*******************************************************************************   
  94:.\Generated_Source\PSoC5/PGA_1.c **** * Function Name: PGA_1_Enable
  95:.\Generated_Source\PSoC5/PGA_1.c **** ********************************************************************************
  96:.\Generated_Source\PSoC5/PGA_1.c **** *
  97:.\Generated_Source\PSoC5/PGA_1.c **** * Summary:
  98:.\Generated_Source\PSoC5/PGA_1.c **** *  Enables the PGA block operation.
  99:.\Generated_Source\PSoC5/PGA_1.c **** *
 100:.\Generated_Source\PSoC5/PGA_1.c **** * Parameters:
 101:.\Generated_Source\PSoC5/PGA_1.c **** *  void
 102:.\Generated_Source\PSoC5/PGA_1.c **** *
 103:.\Generated_Source\PSoC5/PGA_1.c **** * Return:
 104:.\Generated_Source\PSoC5/PGA_1.c **** *  void
 105:.\Generated_Source\PSoC5/PGA_1.c **** *
 106:.\Generated_Source\PSoC5/PGA_1.c **** *******************************************************************************/
 107:.\Generated_Source\PSoC5/PGA_1.c **** void PGA_1_Enable(void) 
ARM GAS  C:\DOCUME~1\student\LOCALS~1\Temp\ccbUTzDn.s 			page 5


 108:.\Generated_Source\PSoC5/PGA_1.c **** {
 118              		.loc 1 108 0
 119              		.cfi_startproc
 120              		@ args = 0, pretend = 0, frame = 0
 121              		@ frame_needed = 1, uses_anonymous_args = 0
 122              		@ link register save eliminated.
 123 0000 80B4     		push	{r7}
 124              	.LCFI2:
 125              		.cfi_def_cfa_offset 4
 126 0002 00AF     		add	r7, sp, #0
 127              		.cfi_offset 7, -4
 128              	.LCFI3:
 129              		.cfi_def_cfa_register 7
 109:.\Generated_Source\PSoC5/PGA_1.c ****     /* If a boost clock is required */
 110:.\Generated_Source\PSoC5/PGA_1.c ****     #if(PGA_1_CYDEV_VDDA_MV < PGA_1_MINIMUM_VDDA_THRESHOLD_MV)
 111:.\Generated_Source\PSoC5/PGA_1.c ****         PGA_1_BST_REG |= PGA_1_BST_REG_EN | CyScBoostClk__INDEX;
 112:.\Generated_Source\PSoC5/PGA_1.c ****     #endif /* PGA_1_CYDEV_VDDA_MV < PGA_1_MINIMUM_VDDA_THRESHOLD_MV */
 113:.\Generated_Source\PSoC5/PGA_1.c ****    
 114:.\Generated_Source\PSoC5/PGA_1.c ****     /* PSoC5A */
 115:.\Generated_Source\PSoC5/PGA_1.c ****     #if (CY_PSOC5A)
 116:.\Generated_Source\PSoC5/PGA_1.c ****         /* Enable Pump only if voltage is below threshold */
 117:.\Generated_Source\PSoC5/PGA_1.c ****         if (PGA_1_CYDEV_VDDA_MV < PGA_1_MINIMUM_VDDA_THRESHOLD_MV)
 118:.\Generated_Source\PSoC5/PGA_1.c ****         {
 119:.\Generated_Source\PSoC5/PGA_1.c ****             PGA_1_SC_MISC_REG |= PGA_1_PUMP_FORCE;
 120:.\Generated_Source\PSoC5/PGA_1.c ****         }
 121:.\Generated_Source\PSoC5/PGA_1.c ****         
 122:.\Generated_Source\PSoC5/PGA_1.c ****     /* PSoC3, PSoC5LP*/
 123:.\Generated_Source\PSoC5/PGA_1.c ****     #elif (CY_PSOC3 || CY_PSOC5LP)
 124:.\Generated_Source\PSoC5/PGA_1.c ****         /* Enable charge Pump clock for SC block */
 125:.\Generated_Source\PSoC5/PGA_1.c ****         PGA_1_PUMP_CR1_REG |= PGA_1_PUMP_CR1_SC_CLKSEL;
 130              		.loc 1 125 0
 131 0004 45F67703 		movw	r3, #:lower16:1073764471
 132 0008 C4F20003 		movt	r3, #:upper16:1073764471
 133 000c 45F67702 		movw	r2, #:lower16:1073764471
 134 0010 C4F20002 		movt	r2, #:upper16:1073764471
 135 0014 1278     		ldrb	r2, [r2, #0]
 136 0016 D2B2     		uxtb	r2, r2
 137 0018 6FEA4262 		mvn	r2, r2, lsl #25
 138 001c 6FEA5262 		mvn	r2, r2, lsr #25
 139 0020 D2B2     		uxtb	r2, r2
 140 0022 1A70     		strb	r2, [r3, #0]
 126:.\Generated_Source\PSoC5/PGA_1.c ****         /* Enable Pump only if voltage is below threshold */
 127:.\Generated_Source\PSoC5/PGA_1.c ****         if (PGA_1_CYDEV_VDDA_MV < PGA_1_MINIMUM_VDDA_THRESHOLD_MV)
 128:.\Generated_Source\PSoC5/PGA_1.c ****         {
 129:.\Generated_Source\PSoC5/PGA_1.c ****             PGA_1_SC_MISC_REG |= PGA_1_PUMP_FORCE;
 130:.\Generated_Source\PSoC5/PGA_1.c ****         }
 131:.\Generated_Source\PSoC5/PGA_1.c ****     #endif /* (CY_PSOC3 || CY_PSOC5LP) */
 132:.\Generated_Source\PSoC5/PGA_1.c **** 
 133:.\Generated_Source\PSoC5/PGA_1.c ****     #if (CY_PSOC5A)
 134:.\Generated_Source\PSoC5/PGA_1.c ****     if(PGA_1_restoreVal == 1u)
 135:.\Generated_Source\PSoC5/PGA_1.c ****     {
 136:.\Generated_Source\PSoC5/PGA_1.c ****         PGA_1_CR1_REG = PGA_1_backup.scCr1Reg;
 137:.\Generated_Source\PSoC5/PGA_1.c ****         PGA_1_CR2_REG =PGA_1_backup.scCr2Reg;
 138:.\Generated_Source\PSoC5/PGA_1.c ****         PGA_1_restoreVal = 0u;
 139:.\Generated_Source\PSoC5/PGA_1.c ****     }
 140:.\Generated_Source\PSoC5/PGA_1.c ****     #endif /* CY_PSOC5A */
 141:.\Generated_Source\PSoC5/PGA_1.c ****      
ARM GAS  C:\DOCUME~1\student\LOCALS~1\Temp\ccbUTzDn.s 			page 6


 142:.\Generated_Source\PSoC5/PGA_1.c ****     /* Enable power to the Amp in Active mode*/
 143:.\Generated_Source\PSoC5/PGA_1.c ****     PGA_1_PM_ACT_CFG_REG |= PGA_1_ACT_PWR_EN;
 141              		.loc 1 143 0
 142 0024 44F2A933 		movw	r3, #:lower16:1073759145
 143 0028 C4F20003 		movt	r3, #:upper16:1073759145
 144 002c 44F2A932 		movw	r2, #:lower16:1073759145
 145 0030 C4F20002 		movt	r2, #:upper16:1073759145
 146 0034 1278     		ldrb	r2, [r2, #0]
 147 0036 D2B2     		uxtb	r2, r2
 148 0038 42F00402 		orr	r2, r2, #4
 149 003c D2B2     		uxtb	r2, r2
 150 003e 1A70     		strb	r2, [r3, #0]
 144:.\Generated_Source\PSoC5/PGA_1.c **** 
 145:.\Generated_Source\PSoC5/PGA_1.c ****     /* Enable power to the Amp in Alternative Active mode*/
 146:.\Generated_Source\PSoC5/PGA_1.c ****     PGA_1_PM_STBY_CFG_REG |= PGA_1_STBY_PWR_EN;
 151              		.loc 1 146 0
 152 0040 44F2B933 		movw	r3, #:lower16:1073759161
 153 0044 C4F20003 		movt	r3, #:upper16:1073759161
 154 0048 44F2B932 		movw	r2, #:lower16:1073759161
 155 004c C4F20002 		movt	r2, #:upper16:1073759161
 156 0050 1278     		ldrb	r2, [r2, #0]
 157 0052 D2B2     		uxtb	r2, r2
 158 0054 42F00402 		orr	r2, r2, #4
 159 0058 D2B2     		uxtb	r2, r2
 160 005a 1A70     		strb	r2, [r3, #0]
 147:.\Generated_Source\PSoC5/PGA_1.c **** }
 161              		.loc 1 147 0
 162 005c BD46     		mov	sp, r7
 163 005e 80BC     		pop	{r7}
 164 0060 7047     		bx	lr
 165              		.cfi_endproc
 166              	.LFE1:
 167              		.size	PGA_1_Enable, .-PGA_1_Enable
 168 0062 00BF     		.section	.text.PGA_1_Start,"ax",%progbits
 169              		.align	2
 170              		.global	PGA_1_Start
 171              		.thumb
 172              		.thumb_func
 173              		.type	PGA_1_Start, %function
 174              	PGA_1_Start:
 175              	.LFB2:
 148:.\Generated_Source\PSoC5/PGA_1.c **** 
 149:.\Generated_Source\PSoC5/PGA_1.c **** 
 150:.\Generated_Source\PSoC5/PGA_1.c **** /*******************************************************************************
 151:.\Generated_Source\PSoC5/PGA_1.c **** * Function Name: PGA_1_Start
 152:.\Generated_Source\PSoC5/PGA_1.c **** ********************************************************************************
 153:.\Generated_Source\PSoC5/PGA_1.c **** *
 154:.\Generated_Source\PSoC5/PGA_1.c **** * Summary:
 155:.\Generated_Source\PSoC5/PGA_1.c **** *  The start function initializes the PGA with the default values and sets
 156:.\Generated_Source\PSoC5/PGA_1.c **** *  the power to the given level. A power level of 0, is same as executing
 157:.\Generated_Source\PSoC5/PGA_1.c **** *  the stop function.
 158:.\Generated_Source\PSoC5/PGA_1.c **** *
 159:.\Generated_Source\PSoC5/PGA_1.c **** * Parameters:
 160:.\Generated_Source\PSoC5/PGA_1.c **** *  void
 161:.\Generated_Source\PSoC5/PGA_1.c **** *
 162:.\Generated_Source\PSoC5/PGA_1.c **** * Return:
 163:.\Generated_Source\PSoC5/PGA_1.c **** *  void
ARM GAS  C:\DOCUME~1\student\LOCALS~1\Temp\ccbUTzDn.s 			page 7


 164:.\Generated_Source\PSoC5/PGA_1.c **** *
 165:.\Generated_Source\PSoC5/PGA_1.c **** *******************************************************************************/
 166:.\Generated_Source\PSoC5/PGA_1.c **** void PGA_1_Start(void) 
 167:.\Generated_Source\PSoC5/PGA_1.c **** {
 176              		.loc 1 167 0
 177              		.cfi_startproc
 178              		@ args = 0, pretend = 0, frame = 0
 179              		@ frame_needed = 1, uses_anonymous_args = 0
 180 0000 80B5     		push	{r7, lr}
 181              	.LCFI4:
 182              		.cfi_def_cfa_offset 8
 183 0002 00AF     		add	r7, sp, #0
 184              		.cfi_offset 14, -4
 185              		.cfi_offset 7, -8
 186              	.LCFI5:
 187              		.cfi_def_cfa_register 7
 168:.\Generated_Source\PSoC5/PGA_1.c **** 
 169:.\Generated_Source\PSoC5/PGA_1.c ****     /* This is to restore the value of register CR1 and CR2 which is saved 
 170:.\Generated_Source\PSoC5/PGA_1.c ****       in prior to the modification in stop() API */
 171:.\Generated_Source\PSoC5/PGA_1.c **** 
 172:.\Generated_Source\PSoC5/PGA_1.c ****     if(PGA_1_initVar == 0u)
 188              		.loc 1 172 0
 189 0004 40F20003 		movw	r3, #:lower16:PGA_1_initVar
 190 0008 C0F20003 		movt	r3, #:upper16:PGA_1_initVar
 191 000c 1B78     		ldrb	r3, [r3, #0]	@ zero_extendqisi2
 192 000e 002B     		cmp	r3, #0
 193 0010 08D1     		bne	.L6
 173:.\Generated_Source\PSoC5/PGA_1.c ****     {
 174:.\Generated_Source\PSoC5/PGA_1.c ****         PGA_1_Init();
 194              		.loc 1 174 0
 195 0012 FFF7FEFF 		bl	PGA_1_Init
 175:.\Generated_Source\PSoC5/PGA_1.c ****         PGA_1_initVar = 1u;
 196              		.loc 1 175 0
 197 0016 40F20003 		movw	r3, #:lower16:PGA_1_initVar
 198 001a C0F20003 		movt	r3, #:upper16:PGA_1_initVar
 199 001e 4FF00102 		mov	r2, #1
 200 0022 1A70     		strb	r2, [r3, #0]
 201              	.L6:
 176:.\Generated_Source\PSoC5/PGA_1.c ****     }
 177:.\Generated_Source\PSoC5/PGA_1.c **** 
 178:.\Generated_Source\PSoC5/PGA_1.c ****     PGA_1_Enable();
 202              		.loc 1 178 0
 203 0024 FFF7FEFF 		bl	PGA_1_Enable
 179:.\Generated_Source\PSoC5/PGA_1.c **** }
 204              		.loc 1 179 0
 205 0028 80BD     		pop	{r7, pc}
 206              		.cfi_endproc
 207              	.LFE2:
 208              		.size	PGA_1_Start, .-PGA_1_Start
 209 002a 00BF     		.section	.text.PGA_1_Stop,"ax",%progbits
 210              		.align	2
 211              		.global	PGA_1_Stop
 212              		.thumb
 213              		.thumb_func
 214              		.type	PGA_1_Stop, %function
 215              	PGA_1_Stop:
 216              	.LFB3:
ARM GAS  C:\DOCUME~1\student\LOCALS~1\Temp\ccbUTzDn.s 			page 8


 180:.\Generated_Source\PSoC5/PGA_1.c **** 
 181:.\Generated_Source\PSoC5/PGA_1.c **** 
 182:.\Generated_Source\PSoC5/PGA_1.c **** /*******************************************************************************
 183:.\Generated_Source\PSoC5/PGA_1.c **** * Function Name: PGA_1_Stop
 184:.\Generated_Source\PSoC5/PGA_1.c **** ********************************************************************************
 185:.\Generated_Source\PSoC5/PGA_1.c **** *
 186:.\Generated_Source\PSoC5/PGA_1.c **** * Summary:
 187:.\Generated_Source\PSoC5/PGA_1.c **** *  Powers down amplifier to lowest power state.
 188:.\Generated_Source\PSoC5/PGA_1.c **** *
 189:.\Generated_Source\PSoC5/PGA_1.c **** * Parameters:
 190:.\Generated_Source\PSoC5/PGA_1.c **** *  void
 191:.\Generated_Source\PSoC5/PGA_1.c **** *
 192:.\Generated_Source\PSoC5/PGA_1.c **** * Return:
 193:.\Generated_Source\PSoC5/PGA_1.c **** *  void
 194:.\Generated_Source\PSoC5/PGA_1.c **** *
 195:.\Generated_Source\PSoC5/PGA_1.c **** *******************************************************************************/
 196:.\Generated_Source\PSoC5/PGA_1.c **** void PGA_1_Stop(void) 
 197:.\Generated_Source\PSoC5/PGA_1.c **** {
 217              		.loc 1 197 0
 218              		.cfi_startproc
 219              		@ args = 0, pretend = 0, frame = 0
 220              		@ frame_needed = 1, uses_anonymous_args = 0
 221              		@ link register save eliminated.
 222 0000 80B4     		push	{r7}
 223              	.LCFI6:
 224              		.cfi_def_cfa_offset 4
 225 0002 00AF     		add	r7, sp, #0
 226              		.cfi_offset 7, -4
 227              	.LCFI7:
 228              		.cfi_def_cfa_register 7
 198:.\Generated_Source\PSoC5/PGA_1.c ****     /* Disable pumps only if only one SC block is in use */
 199:.\Generated_Source\PSoC5/PGA_1.c ****     if (PGA_1_PM_ACT_CFG_REG == PGA_1_ACT_PWR_EN)
 229              		.loc 1 199 0
 230 0004 44F2A933 		movw	r3, #:lower16:1073759145
 231 0008 C4F20003 		movt	r3, #:upper16:1073759145
 232 000c 1B78     		ldrb	r3, [r3, #0]
 233 000e DBB2     		uxtb	r3, r3
 234 0010 042B     		cmp	r3, #4
 235 0012 0CD1     		bne	.L9
 200:.\Generated_Source\PSoC5/PGA_1.c ****     {
 201:.\Generated_Source\PSoC5/PGA_1.c ****        PGA_1_SC_MISC_REG &= ~PGA_1_PUMP_FORCE;
 236              		.loc 1 201 0
 237 0014 45F65633 		movw	r3, #:lower16:1073765206
 238 0018 C4F20003 		movt	r3, #:upper16:1073765206
 239 001c 45F65632 		movw	r2, #:lower16:1073765206
 240 0020 C4F20002 		movt	r2, #:upper16:1073765206
 241 0024 1278     		ldrb	r2, [r2, #0]
 242 0026 D2B2     		uxtb	r2, r2
 243 0028 02F0DF02 		and	r2, r2, #223
 244 002c 1A70     		strb	r2, [r3, #0]
 245              	.L9:
 202:.\Generated_Source\PSoC5/PGA_1.c ****     }   
 203:.\Generated_Source\PSoC5/PGA_1.c ****     /* Disble power to the Amp in Active mode template */
 204:.\Generated_Source\PSoC5/PGA_1.c ****     PGA_1_PM_ACT_CFG_REG &= ~PGA_1_ACT_PWR_EN;
 246              		.loc 1 204 0
 247 002e 44F2A933 		movw	r3, #:lower16:1073759145
 248 0032 C4F20003 		movt	r3, #:upper16:1073759145
ARM GAS  C:\DOCUME~1\student\LOCALS~1\Temp\ccbUTzDn.s 			page 9


 249 0036 44F2A932 		movw	r2, #:lower16:1073759145
 250 003a C4F20002 		movt	r2, #:upper16:1073759145
 251 003e 1278     		ldrb	r2, [r2, #0]
 252 0040 D2B2     		uxtb	r2, r2
 253 0042 02F0FB02 		and	r2, r2, #251
 254 0046 1A70     		strb	r2, [r3, #0]
 205:.\Generated_Source\PSoC5/PGA_1.c **** 
 206:.\Generated_Source\PSoC5/PGA_1.c ****     /* Disble power to the Amp in Alternative Active mode template */
 207:.\Generated_Source\PSoC5/PGA_1.c ****     PGA_1_PM_STBY_CFG_REG &= ~PGA_1_STBY_PWR_EN;
 255              		.loc 1 207 0
 256 0048 44F2B933 		movw	r3, #:lower16:1073759161
 257 004c C4F20003 		movt	r3, #:upper16:1073759161
 258 0050 44F2B932 		movw	r2, #:lower16:1073759161
 259 0054 C4F20002 		movt	r2, #:upper16:1073759161
 260 0058 1278     		ldrb	r2, [r2, #0]
 261 005a D2B2     		uxtb	r2, r2
 262 005c 02F0FB02 		and	r2, r2, #251
 263 0060 1A70     		strb	r2, [r3, #0]
 208:.\Generated_Source\PSoC5/PGA_1.c **** 
 209:.\Generated_Source\PSoC5/PGA_1.c ****     /* If a boost clock is required */
 210:.\Generated_Source\PSoC5/PGA_1.c ****     /* Disable SC Block boost clk control, if used (MinVdda < 2.7V) */
 211:.\Generated_Source\PSoC5/PGA_1.c ****     #if(PGA_1_CYDEV_VDDA_MV < PGA_1_MINIMUM_VDDA_THRESHOLD_MV)
 212:.\Generated_Source\PSoC5/PGA_1.c ****         PGA_1_BST_REG &= ~PGA_1_BST_REG_EN;
 213:.\Generated_Source\PSoC5/PGA_1.c ****     #endif /* PGA_1_CYDEV_VDDA_MV < PGA_1_MINIMUM_VDDA_THRESHOLD_MV */
 214:.\Generated_Source\PSoC5/PGA_1.c **** 
 215:.\Generated_Source\PSoC5/PGA_1.c ****     /* This sets PGA in zero current mode and output routes are valid */
 216:.\Generated_Source\PSoC5/PGA_1.c ****     #if (CY_PSOC5A)
 217:.\Generated_Source\PSoC5/PGA_1.c ****         PGA_1_backup.scCr1Reg = PGA_1_CR1_REG;
 218:.\Generated_Source\PSoC5/PGA_1.c ****         PGA_1_backup.scCr2Reg = PGA_1_CR2_REG;
 219:.\Generated_Source\PSoC5/PGA_1.c ****         PGA_1_CR1_REG = PGA_1_SC_REG_CLR;
 220:.\Generated_Source\PSoC5/PGA_1.c ****         PGA_1_CR2_REG = PGA_1_SC_REG_CLR;
 221:.\Generated_Source\PSoC5/PGA_1.c ****         PGA_1_restoreVal = 1u;
 222:.\Generated_Source\PSoC5/PGA_1.c ****     #endif /* CY_PSOC5A */
 223:.\Generated_Source\PSoC5/PGA_1.c **** }
 264              		.loc 1 223 0
 265 0062 BD46     		mov	sp, r7
 266 0064 80BC     		pop	{r7}
 267 0066 7047     		bx	lr
 268              		.cfi_endproc
 269              	.LFE3:
 270              		.size	PGA_1_Stop, .-PGA_1_Stop
 271              		.section	.text.PGA_1_SetPower,"ax",%progbits
 272              		.align	2
 273              		.global	PGA_1_SetPower
 274              		.thumb
 275              		.thumb_func
 276              		.type	PGA_1_SetPower, %function
 277              	PGA_1_SetPower:
 278              	.LFB4:
 224:.\Generated_Source\PSoC5/PGA_1.c **** 
 225:.\Generated_Source\PSoC5/PGA_1.c **** 
 226:.\Generated_Source\PSoC5/PGA_1.c **** /*******************************************************************************
 227:.\Generated_Source\PSoC5/PGA_1.c **** * Function Name: PGA_1_SetPower
 228:.\Generated_Source\PSoC5/PGA_1.c **** ********************************************************************************
 229:.\Generated_Source\PSoC5/PGA_1.c **** *
 230:.\Generated_Source\PSoC5/PGA_1.c **** * Summary:
 231:.\Generated_Source\PSoC5/PGA_1.c **** *  Set the power of the PGA.
ARM GAS  C:\DOCUME~1\student\LOCALS~1\Temp\ccbUTzDn.s 			page 10


 232:.\Generated_Source\PSoC5/PGA_1.c **** *
 233:.\Generated_Source\PSoC5/PGA_1.c **** * Parameters:
 234:.\Generated_Source\PSoC5/PGA_1.c **** *  power: Sets power level between (0) and (3) high power
 235:.\Generated_Source\PSoC5/PGA_1.c **** *
 236:.\Generated_Source\PSoC5/PGA_1.c **** * Return:
 237:.\Generated_Source\PSoC5/PGA_1.c **** *  void
 238:.\Generated_Source\PSoC5/PGA_1.c **** *
 239:.\Generated_Source\PSoC5/PGA_1.c **** *******************************************************************************/
 240:.\Generated_Source\PSoC5/PGA_1.c **** void PGA_1_SetPower(uint8 power) 
 241:.\Generated_Source\PSoC5/PGA_1.c **** {
 279              		.loc 1 241 0
 280              		.cfi_startproc
 281              		@ args = 0, pretend = 0, frame = 16
 282              		@ frame_needed = 1, uses_anonymous_args = 0
 283              		@ link register save eliminated.
 284 0000 80B4     		push	{r7}
 285              	.LCFI8:
 286              		.cfi_def_cfa_offset 4
 287 0002 85B0     		sub	sp, sp, #20
 288              	.LCFI9:
 289              		.cfi_def_cfa_offset 24
 290 0004 00AF     		add	r7, sp, #0
 291              		.cfi_offset 7, -4
 292              	.LCFI10:
 293              		.cfi_def_cfa_register 7
 294 0006 0346     		mov	r3, r0
 295 0008 FB71     		strb	r3, [r7, #7]
 242:.\Generated_Source\PSoC5/PGA_1.c ****     uint8 tmpCR;
 243:.\Generated_Source\PSoC5/PGA_1.c **** 
 244:.\Generated_Source\PSoC5/PGA_1.c ****     tmpCR = PGA_1_CR1_REG & ~PGA_1_DRIVE_MASK;
 296              		.loc 1 244 0
 297 000a 45F60903 		movw	r3, #:lower16:1073764361
 298 000e C4F20003 		movt	r3, #:upper16:1073764361
 299 0012 1B78     		ldrb	r3, [r3, #0]
 300 0014 DBB2     		uxtb	r3, r3
 301 0016 23F00303 		bic	r3, r3, #3
 302 001a FB73     		strb	r3, [r7, #15]
 245:.\Generated_Source\PSoC5/PGA_1.c ****     tmpCR |= (power & PGA_1_DRIVE_MASK);
 303              		.loc 1 245 0
 304 001c FB79     		ldrb	r3, [r7, #7]	@ zero_extendqisi2
 305 001e 03F00303 		and	r3, r3, #3
 306 0022 FA7B     		ldrb	r2, [r7, #15]
 307 0024 43EA0203 		orr	r3, r3, r2
 308 0028 FB73     		strb	r3, [r7, #15]
 246:.\Generated_Source\PSoC5/PGA_1.c ****     PGA_1_CR1_REG = tmpCR;  
 309              		.loc 1 246 0
 310 002a 45F60903 		movw	r3, #:lower16:1073764361
 311 002e C4F20003 		movt	r3, #:upper16:1073764361
 312 0032 FA7B     		ldrb	r2, [r7, #15]
 313 0034 1A70     		strb	r2, [r3, #0]
 247:.\Generated_Source\PSoC5/PGA_1.c **** }
 314              		.loc 1 247 0
 315 0036 07F11407 		add	r7, r7, #20
 316 003a BD46     		mov	sp, r7
 317 003c 80BC     		pop	{r7}
 318 003e 7047     		bx	lr
 319              		.cfi_endproc
ARM GAS  C:\DOCUME~1\student\LOCALS~1\Temp\ccbUTzDn.s 			page 11


 320              	.LFE4:
 321              		.size	PGA_1_SetPower, .-PGA_1_SetPower
 322              		.section	.text.PGA_1_SetGain,"ax",%progbits
 323              		.align	2
 324              		.global	PGA_1_SetGain
 325              		.thumb
 326              		.thumb_func
 327              		.type	PGA_1_SetGain, %function
 328              	PGA_1_SetGain:
 329              	.LFB5:
 248:.\Generated_Source\PSoC5/PGA_1.c **** 
 249:.\Generated_Source\PSoC5/PGA_1.c **** 
 250:.\Generated_Source\PSoC5/PGA_1.c **** /*******************************************************************************
 251:.\Generated_Source\PSoC5/PGA_1.c **** * Function Name: PGA_1_SetGain
 252:.\Generated_Source\PSoC5/PGA_1.c **** ********************************************************************************
 253:.\Generated_Source\PSoC5/PGA_1.c **** *
 254:.\Generated_Source\PSoC5/PGA_1.c **** * Summary:
 255:.\Generated_Source\PSoC5/PGA_1.c **** *  This function sets values of the input and feedback resistors to set a 
 256:.\Generated_Source\PSoC5/PGA_1.c **** *  specific gain of the amplifier.
 257:.\Generated_Source\PSoC5/PGA_1.c **** *
 258:.\Generated_Source\PSoC5/PGA_1.c **** * Parameters:
 259:.\Generated_Source\PSoC5/PGA_1.c **** *  gain: Gain value of PGA (See header file for gain values.)
 260:.\Generated_Source\PSoC5/PGA_1.c **** *
 261:.\Generated_Source\PSoC5/PGA_1.c **** * Return:
 262:.\Generated_Source\PSoC5/PGA_1.c **** *  void 
 263:.\Generated_Source\PSoC5/PGA_1.c **** *
 264:.\Generated_Source\PSoC5/PGA_1.c **** *******************************************************************************/
 265:.\Generated_Source\PSoC5/PGA_1.c **** void PGA_1_SetGain(uint8 gain) 
 266:.\Generated_Source\PSoC5/PGA_1.c **** {
 330              		.loc 1 266 0
 331              		.cfi_startproc
 332              		@ args = 0, pretend = 0, frame = 8
 333              		@ frame_needed = 1, uses_anonymous_args = 0
 334              		@ link register save eliminated.
 335 0000 80B4     		push	{r7}
 336              	.LCFI11:
 337              		.cfi_def_cfa_offset 4
 338 0002 83B0     		sub	sp, sp, #12
 339              	.LCFI12:
 340              		.cfi_def_cfa_offset 16
 341 0004 00AF     		add	r7, sp, #0
 342              		.cfi_offset 7, -4
 343              	.LCFI13:
 344              		.cfi_def_cfa_register 7
 345 0006 0346     		mov	r3, r0
 346 0008 FB71     		strb	r3, [r7, #7]
 267:.\Generated_Source\PSoC5/PGA_1.c ****     /* Only set new gain if it is a valid gain */
 268:.\Generated_Source\PSoC5/PGA_1.c ****     if( gain <= PGA_1_GAIN_MAX)
 347              		.loc 1 268 0
 348 000a FB79     		ldrb	r3, [r7, #7]	@ zero_extendqisi2
 349 000c 082B     		cmp	r3, #8
 350 000e 54D8     		bhi	.L15
 269:.\Generated_Source\PSoC5/PGA_1.c ****     {
 270:.\Generated_Source\PSoC5/PGA_1.c ****         /* Clear resistors, redc, and bias */
 271:.\Generated_Source\PSoC5/PGA_1.c ****         PGA_1_CR2_REG &= ~(PGA_1_RVAL_MASK | PGA_1_R20_40B_MASK | 
 351              		.loc 1 271 0
 352 0010 45F60A03 		movw	r3, #:lower16:1073764362
ARM GAS  C:\DOCUME~1\student\LOCALS~1\Temp\ccbUTzDn.s 			page 12


 353 0014 C4F20003 		movt	r3, #:upper16:1073764362
 354 0018 45F60A02 		movw	r2, #:lower16:1073764362
 355 001c C4F20002 		movt	r2, #:upper16:1073764362
 356 0020 1278     		ldrb	r2, [r2, #0]
 357 0022 D2B2     		uxtb	r2, r2
 358 0024 02F08002 		and	r2, r2, #128
 359 0028 1A70     		strb	r2, [r3, #0]
 272:.\Generated_Source\PSoC5/PGA_1.c ****                                 PGA_1_REDC_MASK | PGA_1_BIAS_MASK );
 273:.\Generated_Source\PSoC5/PGA_1.c **** 
 274:.\Generated_Source\PSoC5/PGA_1.c ****         /* Set gain value resistors, redc comp, and bias */
 275:.\Generated_Source\PSoC5/PGA_1.c ****         PGA_1_CR2_REG |= (PGA_1_GainArray[gain] |
 360              		.loc 1 275 0
 361 002a 45F60A03 		movw	r3, #:lower16:1073764362
 362 002e C4F20003 		movt	r3, #:upper16:1073764362
 363 0032 45F60A02 		movw	r2, #:lower16:1073764362
 364 0036 C4F20002 		movt	r2, #:upper16:1073764362
 365 003a 1278     		ldrb	r2, [r2, #0]
 366 003c D1B2     		uxtb	r1, r2
 367 003e F879     		ldrb	r0, [r7, #7]	@ zero_extendqisi2
 368 0040 40F20002 		movw	r2, #:lower16:PGA_1_GainArray
 369 0044 C0F20002 		movt	r2, #:upper16:PGA_1_GainArray
 370 0048 105C     		ldrb	r0, [r2, r0]	@ zero_extendqisi2
 371 004a 97F807C0 		ldrb	ip, [r7, #7]	@ zero_extendqisi2
 276:.\Generated_Source\PSoC5/PGA_1.c ****                                 ( (PGA_1_GainComp[gain] << 2 ) & PGA_1_REDC_MASK));
 372              		.loc 1 276 0
 373 004e 40F20002 		movw	r2, #:lower16:PGA_1_GainComp
 374 0052 C0F20002 		movt	r2, #:upper16:PGA_1_GainComp
 375 0056 12F80C20 		ldrb	r2, [r2, ip]	@ zero_extendqisi2
 376              		.loc 1 275 0
 377 005a 4FEA8202 		lsl	r2, r2, #2
 378 005e D2B2     		uxtb	r2, r2
 379 0060 02F00C02 		and	r2, r2, #12
 380 0064 40EA0202 		orr	r2, r0, r2
 381 0068 D2B2     		uxtb	r2, r2
 382 006a 41EA0202 		orr	r2, r1, r2
 383 006e D2B2     		uxtb	r2, r2
 384 0070 1A70     		strb	r2, [r3, #0]
 277:.\Generated_Source\PSoC5/PGA_1.c **** 
 278:.\Generated_Source\PSoC5/PGA_1.c ****         /* Clear sc_comp  */
 279:.\Generated_Source\PSoC5/PGA_1.c ****         PGA_1_CR1_REG &= ~PGA_1_COMP_MASK;
 385              		.loc 1 279 0
 386 0072 45F60903 		movw	r3, #:lower16:1073764361
 387 0076 C4F20003 		movt	r3, #:upper16:1073764361
 388 007a 45F60902 		movw	r2, #:lower16:1073764361
 389 007e C4F20002 		movt	r2, #:upper16:1073764361
 390 0082 1278     		ldrb	r2, [r2, #0]
 391 0084 D2B2     		uxtb	r2, r2
 392 0086 02F0F302 		and	r2, r2, #243
 393 008a 1A70     		strb	r2, [r3, #0]
 280:.\Generated_Source\PSoC5/PGA_1.c ****         /* Set sc_comp  */
 281:.\Generated_Source\PSoC5/PGA_1.c ****         PGA_1_CR1_REG |= ( PGA_1_GainComp[gain] | PGA_1_COMP_MASK );
 394              		.loc 1 281 0
 395 008c 45F60903 		movw	r3, #:lower16:1073764361
 396 0090 C4F20003 		movt	r3, #:upper16:1073764361
 397 0094 45F60902 		movw	r2, #:lower16:1073764361
 398 0098 C4F20002 		movt	r2, #:upper16:1073764361
 399 009c 1278     		ldrb	r2, [r2, #0]
ARM GAS  C:\DOCUME~1\student\LOCALS~1\Temp\ccbUTzDn.s 			page 13


 400 009e D1B2     		uxtb	r1, r2
 401 00a0 F879     		ldrb	r0, [r7, #7]	@ zero_extendqisi2
 402 00a2 40F20002 		movw	r2, #:lower16:PGA_1_GainComp
 403 00a6 C0F20002 		movt	r2, #:upper16:PGA_1_GainComp
 404 00aa 125C     		ldrb	r2, [r2, r0]	@ zero_extendqisi2
 405 00ac 41EA0202 		orr	r2, r1, r2
 406 00b0 D2B2     		uxtb	r2, r2
 407 00b2 42F00C02 		orr	r2, r2, #12
 408 00b6 D2B2     		uxtb	r2, r2
 409 00b8 1A70     		strb	r2, [r3, #0]
 410              	.L15:
 282:.\Generated_Source\PSoC5/PGA_1.c ****     }
 283:.\Generated_Source\PSoC5/PGA_1.c **** }
 411              		.loc 1 283 0
 412 00ba 07F10C07 		add	r7, r7, #12
 413 00be BD46     		mov	sp, r7
 414 00c0 80BC     		pop	{r7}
 415 00c2 7047     		bx	lr
 416              		.cfi_endproc
 417              	.LFE5:
 418              		.size	PGA_1_SetGain, .-PGA_1_SetGain
 419              		.text
 420              	.Letext0:
 421              		.section	.debug_loc,"",%progbits
 422              	.Ldebug_loc0:
 423              	.LLST0:
 424 0000 00000000 		.4byte	.LFB0
 425 0004 02000000 		.4byte	.LCFI0
 426 0008 0100     		.2byte	0x1
 427 000a 5D       		.byte	0x5d
 428 000b 02000000 		.4byte	.LCFI0
 429 000f 04000000 		.4byte	.LCFI1
 430 0013 0200     		.2byte	0x2
 431 0015 7D       		.byte	0x7d
 432 0016 08       		.sleb128 8
 433 0017 04000000 		.4byte	.LCFI1
 434 001b 4E000000 		.4byte	.LFE0
 435 001f 0200     		.2byte	0x2
 436 0021 77       		.byte	0x77
 437 0022 08       		.sleb128 8
 438 0023 00000000 		.4byte	0x0
 439 0027 00000000 		.4byte	0x0
 440              	.LLST1:
 441 002b 00000000 		.4byte	.LFB1
 442 002f 02000000 		.4byte	.LCFI2
 443 0033 0100     		.2byte	0x1
 444 0035 5D       		.byte	0x5d
 445 0036 02000000 		.4byte	.LCFI2
 446 003a 04000000 		.4byte	.LCFI3
 447 003e 0200     		.2byte	0x2
 448 0040 7D       		.byte	0x7d
 449 0041 04       		.sleb128 4
 450 0042 04000000 		.4byte	.LCFI3
 451 0046 62000000 		.4byte	.LFE1
 452 004a 0200     		.2byte	0x2
 453 004c 77       		.byte	0x77
 454 004d 04       		.sleb128 4
ARM GAS  C:\DOCUME~1\student\LOCALS~1\Temp\ccbUTzDn.s 			page 14


 455 004e 00000000 		.4byte	0x0
 456 0052 00000000 		.4byte	0x0
 457              	.LLST2:
 458 0056 00000000 		.4byte	.LFB2
 459 005a 02000000 		.4byte	.LCFI4
 460 005e 0100     		.2byte	0x1
 461 0060 5D       		.byte	0x5d
 462 0061 02000000 		.4byte	.LCFI4
 463 0065 04000000 		.4byte	.LCFI5
 464 0069 0200     		.2byte	0x2
 465 006b 7D       		.byte	0x7d
 466 006c 08       		.sleb128 8
 467 006d 04000000 		.4byte	.LCFI5
 468 0071 2A000000 		.4byte	.LFE2
 469 0075 0200     		.2byte	0x2
 470 0077 77       		.byte	0x77
 471 0078 08       		.sleb128 8
 472 0079 00000000 		.4byte	0x0
 473 007d 00000000 		.4byte	0x0
 474              	.LLST3:
 475 0081 00000000 		.4byte	.LFB3
 476 0085 02000000 		.4byte	.LCFI6
 477 0089 0100     		.2byte	0x1
 478 008b 5D       		.byte	0x5d
 479 008c 02000000 		.4byte	.LCFI6
 480 0090 04000000 		.4byte	.LCFI7
 481 0094 0200     		.2byte	0x2
 482 0096 7D       		.byte	0x7d
 483 0097 04       		.sleb128 4
 484 0098 04000000 		.4byte	.LCFI7
 485 009c 68000000 		.4byte	.LFE3
 486 00a0 0200     		.2byte	0x2
 487 00a2 77       		.byte	0x77
 488 00a3 04       		.sleb128 4
 489 00a4 00000000 		.4byte	0x0
 490 00a8 00000000 		.4byte	0x0
 491              	.LLST4:
 492 00ac 00000000 		.4byte	.LFB4
 493 00b0 02000000 		.4byte	.LCFI8
 494 00b4 0100     		.2byte	0x1
 495 00b6 5D       		.byte	0x5d
 496 00b7 02000000 		.4byte	.LCFI8
 497 00bb 04000000 		.4byte	.LCFI9
 498 00bf 0200     		.2byte	0x2
 499 00c1 7D       		.byte	0x7d
 500 00c2 04       		.sleb128 4
 501 00c3 04000000 		.4byte	.LCFI9
 502 00c7 06000000 		.4byte	.LCFI10
 503 00cb 0200     		.2byte	0x2
 504 00cd 7D       		.byte	0x7d
 505 00ce 18       		.sleb128 24
 506 00cf 06000000 		.4byte	.LCFI10
 507 00d3 40000000 		.4byte	.LFE4
 508 00d7 0200     		.2byte	0x2
 509 00d9 77       		.byte	0x77
 510 00da 18       		.sleb128 24
 511 00db 00000000 		.4byte	0x0
ARM GAS  C:\DOCUME~1\student\LOCALS~1\Temp\ccbUTzDn.s 			page 15


 512 00df 00000000 		.4byte	0x0
 513              	.LLST5:
 514 00e3 00000000 		.4byte	.LFB5
 515 00e7 02000000 		.4byte	.LCFI11
 516 00eb 0100     		.2byte	0x1
 517 00ed 5D       		.byte	0x5d
 518 00ee 02000000 		.4byte	.LCFI11
 519 00f2 04000000 		.4byte	.LCFI12
 520 00f6 0200     		.2byte	0x2
 521 00f8 7D       		.byte	0x7d
 522 00f9 04       		.sleb128 4
 523 00fa 04000000 		.4byte	.LCFI12
 524 00fe 06000000 		.4byte	.LCFI13
 525 0102 0200     		.2byte	0x2
 526 0104 7D       		.byte	0x7d
 527 0105 10       		.sleb128 16
 528 0106 06000000 		.4byte	.LCFI13
 529 010a C4000000 		.4byte	.LFE5
 530 010e 0200     		.2byte	0x2
 531 0110 77       		.byte	0x77
 532 0111 10       		.sleb128 16
 533 0112 00000000 		.4byte	0x0
 534 0116 00000000 		.4byte	0x0
 535              		.file 2 ".\\Generated_Source\\PSoC5\\/cytypes.h"
 536              		.section	.debug_info
 537 0000 85010000 		.4byte	0x185
 538 0004 0200     		.2byte	0x2
 539 0006 00000000 		.4byte	.Ldebug_abbrev0
 540 000a 04       		.byte	0x4
 541 000b 01       		.uleb128 0x1
 542 000c 01010000 		.4byte	.LASF21
 543 0010 01       		.byte	0x1
 544 0011 25000000 		.4byte	.LASF22
 545 0015 22010000 		.4byte	.LASF23
 546 0019 00000000 		.4byte	0x0
 547 001d 00000000 		.4byte	0x0
 548 0021 00000000 		.4byte	.Ldebug_ranges0+0x0
 549 0025 00000000 		.4byte	.Ldebug_line0
 550 0029 02       		.uleb128 0x2
 551 002a 01       		.byte	0x1
 552 002b 06       		.byte	0x6
 553 002c 53010000 		.4byte	.LASF0
 554 0030 02       		.uleb128 0x2
 555 0031 01       		.byte	0x1
 556 0032 08       		.byte	0x8
 557 0033 5A000000 		.4byte	.LASF1
 558 0037 02       		.uleb128 0x2
 559 0038 02       		.byte	0x2
 560 0039 05       		.byte	0x5
 561 003a 12010000 		.4byte	.LASF2
 562 003e 02       		.uleb128 0x2
 563 003f 02       		.byte	0x2
 564 0040 07       		.byte	0x7
 565 0041 7A000000 		.4byte	.LASF3
 566 0045 02       		.uleb128 0x2
 567 0046 04       		.byte	0x4
 568 0047 05       		.byte	0x5
ARM GAS  C:\DOCUME~1\student\LOCALS~1\Temp\ccbUTzDn.s 			page 16


 569 0048 3B010000 		.4byte	.LASF4
 570 004c 02       		.uleb128 0x2
 571 004d 04       		.byte	0x4
 572 004e 07       		.byte	0x7
 573 004f 68000000 		.4byte	.LASF5
 574 0053 02       		.uleb128 0x2
 575 0054 08       		.byte	0x8
 576 0055 05       		.byte	0x5
 577 0056 00000000 		.4byte	.LASF6
 578 005a 02       		.uleb128 0x2
 579 005b 08       		.byte	0x8
 580 005c 07       		.byte	0x7
 581 005d B6000000 		.4byte	.LASF7
 582 0061 03       		.uleb128 0x3
 583 0062 04       		.byte	0x4
 584 0063 05       		.byte	0x5
 585 0064 696E7400 		.ascii	"int\000"
 586 0068 02       		.uleb128 0x2
 587 0069 04       		.byte	0x4
 588 006a 07       		.byte	0x7
 589 006b 9C000000 		.4byte	.LASF8
 590 006f 02       		.uleb128 0x2
 591 0070 01       		.byte	0x1
 592 0071 08       		.byte	0x8
 593 0072 0D010000 		.4byte	.LASF9
 594 0076 04       		.uleb128 0x4
 595 0077 1C010000 		.4byte	.LASF24
 596 007b 02       		.byte	0x2
 597 007c 60       		.byte	0x60
 598 007d 30000000 		.4byte	0x30
 599 0081 05       		.uleb128 0x5
 600 0082 01       		.byte	0x1
 601 0083 F0000000 		.4byte	.LASF10
 602 0087 01       		.byte	0x1
 603 0088 4A       		.byte	0x4a
 604 0089 01       		.byte	0x1
 605 008a 00000000 		.4byte	.LFB0
 606 008e 4E000000 		.4byte	.LFE0
 607 0092 00000000 		.4byte	.LLST0
 608 0096 05       		.uleb128 0x5
 609 0097 01       		.byte	0x1
 610 0098 A9000000 		.4byte	.LASF11
 611 009c 01       		.byte	0x1
 612 009d 6B       		.byte	0x6b
 613 009e 01       		.byte	0x1
 614 009f 00000000 		.4byte	.LFB1
 615 00a3 62000000 		.4byte	.LFE1
 616 00a7 2B000000 		.4byte	.LLST1
 617 00ab 05       		.uleb128 0x5
 618 00ac 01       		.byte	0x1
 619 00ad 0E000000 		.4byte	.LASF12
 620 00b1 01       		.byte	0x1
 621 00b2 A6       		.byte	0xa6
 622 00b3 01       		.byte	0x1
 623 00b4 00000000 		.4byte	.LFB2
 624 00b8 2A000000 		.4byte	.LFE2
 625 00bc 56000000 		.4byte	.LLST2
ARM GAS  C:\DOCUME~1\student\LOCALS~1\Temp\ccbUTzDn.s 			page 17


 626 00c0 05       		.uleb128 0x5
 627 00c1 01       		.byte	0x1
 628 00c2 1A000000 		.4byte	.LASF13
 629 00c6 01       		.byte	0x1
 630 00c7 C4       		.byte	0xc4
 631 00c8 01       		.byte	0x1
 632 00c9 00000000 		.4byte	.LFB3
 633 00cd 68000000 		.4byte	.LFE3
 634 00d1 81000000 		.4byte	.LLST3
 635 00d5 06       		.uleb128 0x6
 636 00d6 01       		.byte	0x1
 637 00d7 44010000 		.4byte	.LASF14
 638 00db 01       		.byte	0x1
 639 00dc F0       		.byte	0xf0
 640 00dd 01       		.byte	0x1
 641 00de 00000000 		.4byte	.LFB4
 642 00e2 40000000 		.4byte	.LFE4
 643 00e6 AC000000 		.4byte	.LLST4
 644 00ea 0B010000 		.4byte	0x10b
 645 00ee 07       		.uleb128 0x7
 646 00ef 46000000 		.4byte	.LASF16
 647 00f3 01       		.byte	0x1
 648 00f4 F0       		.byte	0xf0
 649 00f5 76000000 		.4byte	0x76
 650 00f9 02       		.byte	0x2
 651 00fa 91       		.byte	0x91
 652 00fb 6F       		.sleb128 -17
 653 00fc 08       		.uleb128 0x8
 654 00fd FB000000 		.4byte	.LASF25
 655 0101 01       		.byte	0x1
 656 0102 F2       		.byte	0xf2
 657 0103 76000000 		.4byte	0x76
 658 0107 02       		.byte	0x2
 659 0108 91       		.byte	0x91
 660 0109 77       		.sleb128 -9
 661 010a 00       		.byte	0x0
 662 010b 09       		.uleb128 0x9
 663 010c 01       		.byte	0x1
 664 010d DD000000 		.4byte	.LASF15
 665 0111 01       		.byte	0x1
 666 0112 0901     		.2byte	0x109
 667 0114 01       		.byte	0x1
 668 0115 00000000 		.4byte	.LFB5
 669 0119 C4000000 		.4byte	.LFE5
 670 011d E3000000 		.4byte	.LLST5
 671 0121 35010000 		.4byte	0x135
 672 0125 0A       		.uleb128 0xa
 673 0126 EB000000 		.4byte	.LASF17
 674 012a 01       		.byte	0x1
 675 012b 0901     		.2byte	0x109
 676 012d 76000000 		.4byte	0x76
 677 0131 02       		.byte	0x2
 678 0132 91       		.byte	0x91
 679 0133 77       		.sleb128 -9
 680 0134 00       		.byte	0x0
 681 0135 0B       		.uleb128 0xb
 682 0136 76000000 		.4byte	0x76
ARM GAS  C:\DOCUME~1\student\LOCALS~1\Temp\ccbUTzDn.s 			page 18


 683 013a 45010000 		.4byte	0x145
 684 013e 0C       		.uleb128 0xc
 685 013f 45010000 		.4byte	0x145
 686 0143 08       		.byte	0x8
 687 0144 00       		.byte	0x0
 688 0145 0D       		.uleb128 0xd
 689 0146 04       		.byte	0x4
 690 0147 07       		.byte	0x7
 691 0148 0E       		.uleb128 0xe
 692 0149 CD000000 		.4byte	.LASF18
 693 014d 01       		.byte	0x1
 694 014e 1A       		.byte	0x1a
 695 014f 5A010000 		.4byte	0x15a
 696 0153 01       		.byte	0x1
 697 0154 05       		.byte	0x5
 698 0155 03       		.byte	0x3
 699 0156 00000000 		.4byte	PGA_1_GainArray
 700 015a 0F       		.uleb128 0xf
 701 015b 35010000 		.4byte	0x135
 702 015f 0E       		.uleb128 0xe
 703 0160 8D000000 		.4byte	.LASF19
 704 0164 01       		.byte	0x1
 705 0165 27       		.byte	0x27
 706 0166 71010000 		.4byte	0x171
 707 016a 01       		.byte	0x1
 708 016b 05       		.byte	0x5
 709 016c 03       		.byte	0x3
 710 016d 00000000 		.4byte	PGA_1_GainComp
 711 0171 0F       		.uleb128 0xf
 712 0172 35010000 		.4byte	0x135
 713 0176 0E       		.uleb128 0xe
 714 0177 4C000000 		.4byte	.LASF20
 715 017b 01       		.byte	0x1
 716 017c 33       		.byte	0x33
 717 017d 76000000 		.4byte	0x76
 718 0181 01       		.byte	0x1
 719 0182 05       		.byte	0x5
 720 0183 03       		.byte	0x3
 721 0184 00000000 		.4byte	PGA_1_initVar
 722 0188 00       		.byte	0x0
 723              		.section	.debug_abbrev
 724 0000 01       		.uleb128 0x1
 725 0001 11       		.uleb128 0x11
 726 0002 01       		.byte	0x1
 727 0003 25       		.uleb128 0x25
 728 0004 0E       		.uleb128 0xe
 729 0005 13       		.uleb128 0x13
 730 0006 0B       		.uleb128 0xb
 731 0007 03       		.uleb128 0x3
 732 0008 0E       		.uleb128 0xe
 733 0009 1B       		.uleb128 0x1b
 734 000a 0E       		.uleb128 0xe
 735 000b 11       		.uleb128 0x11
 736 000c 01       		.uleb128 0x1
 737 000d 52       		.uleb128 0x52
 738 000e 01       		.uleb128 0x1
 739 000f 55       		.uleb128 0x55
ARM GAS  C:\DOCUME~1\student\LOCALS~1\Temp\ccbUTzDn.s 			page 19


 740 0010 06       		.uleb128 0x6
 741 0011 10       		.uleb128 0x10
 742 0012 06       		.uleb128 0x6
 743 0013 00       		.byte	0x0
 744 0014 00       		.byte	0x0
 745 0015 02       		.uleb128 0x2
 746 0016 24       		.uleb128 0x24
 747 0017 00       		.byte	0x0
 748 0018 0B       		.uleb128 0xb
 749 0019 0B       		.uleb128 0xb
 750 001a 3E       		.uleb128 0x3e
 751 001b 0B       		.uleb128 0xb
 752 001c 03       		.uleb128 0x3
 753 001d 0E       		.uleb128 0xe
 754 001e 00       		.byte	0x0
 755 001f 00       		.byte	0x0
 756 0020 03       		.uleb128 0x3
 757 0021 24       		.uleb128 0x24
 758 0022 00       		.byte	0x0
 759 0023 0B       		.uleb128 0xb
 760 0024 0B       		.uleb128 0xb
 761 0025 3E       		.uleb128 0x3e
 762 0026 0B       		.uleb128 0xb
 763 0027 03       		.uleb128 0x3
 764 0028 08       		.uleb128 0x8
 765 0029 00       		.byte	0x0
 766 002a 00       		.byte	0x0
 767 002b 04       		.uleb128 0x4
 768 002c 16       		.uleb128 0x16
 769 002d 00       		.byte	0x0
 770 002e 03       		.uleb128 0x3
 771 002f 0E       		.uleb128 0xe
 772 0030 3A       		.uleb128 0x3a
 773 0031 0B       		.uleb128 0xb
 774 0032 3B       		.uleb128 0x3b
 775 0033 0B       		.uleb128 0xb
 776 0034 49       		.uleb128 0x49
 777 0035 13       		.uleb128 0x13
 778 0036 00       		.byte	0x0
 779 0037 00       		.byte	0x0
 780 0038 05       		.uleb128 0x5
 781 0039 2E       		.uleb128 0x2e
 782 003a 00       		.byte	0x0
 783 003b 3F       		.uleb128 0x3f
 784 003c 0C       		.uleb128 0xc
 785 003d 03       		.uleb128 0x3
 786 003e 0E       		.uleb128 0xe
 787 003f 3A       		.uleb128 0x3a
 788 0040 0B       		.uleb128 0xb
 789 0041 3B       		.uleb128 0x3b
 790 0042 0B       		.uleb128 0xb
 791 0043 27       		.uleb128 0x27
 792 0044 0C       		.uleb128 0xc
 793 0045 11       		.uleb128 0x11
 794 0046 01       		.uleb128 0x1
 795 0047 12       		.uleb128 0x12
 796 0048 01       		.uleb128 0x1
ARM GAS  C:\DOCUME~1\student\LOCALS~1\Temp\ccbUTzDn.s 			page 20


 797 0049 40       		.uleb128 0x40
 798 004a 06       		.uleb128 0x6
 799 004b 00       		.byte	0x0
 800 004c 00       		.byte	0x0
 801 004d 06       		.uleb128 0x6
 802 004e 2E       		.uleb128 0x2e
 803 004f 01       		.byte	0x1
 804 0050 3F       		.uleb128 0x3f
 805 0051 0C       		.uleb128 0xc
 806 0052 03       		.uleb128 0x3
 807 0053 0E       		.uleb128 0xe
 808 0054 3A       		.uleb128 0x3a
 809 0055 0B       		.uleb128 0xb
 810 0056 3B       		.uleb128 0x3b
 811 0057 0B       		.uleb128 0xb
 812 0058 27       		.uleb128 0x27
 813 0059 0C       		.uleb128 0xc
 814 005a 11       		.uleb128 0x11
 815 005b 01       		.uleb128 0x1
 816 005c 12       		.uleb128 0x12
 817 005d 01       		.uleb128 0x1
 818 005e 40       		.uleb128 0x40
 819 005f 06       		.uleb128 0x6
 820 0060 01       		.uleb128 0x1
 821 0061 13       		.uleb128 0x13
 822 0062 00       		.byte	0x0
 823 0063 00       		.byte	0x0
 824 0064 07       		.uleb128 0x7
 825 0065 05       		.uleb128 0x5
 826 0066 00       		.byte	0x0
 827 0067 03       		.uleb128 0x3
 828 0068 0E       		.uleb128 0xe
 829 0069 3A       		.uleb128 0x3a
 830 006a 0B       		.uleb128 0xb
 831 006b 3B       		.uleb128 0x3b
 832 006c 0B       		.uleb128 0xb
 833 006d 49       		.uleb128 0x49
 834 006e 13       		.uleb128 0x13
 835 006f 02       		.uleb128 0x2
 836 0070 0A       		.uleb128 0xa
 837 0071 00       		.byte	0x0
 838 0072 00       		.byte	0x0
 839 0073 08       		.uleb128 0x8
 840 0074 34       		.uleb128 0x34
 841 0075 00       		.byte	0x0
 842 0076 03       		.uleb128 0x3
 843 0077 0E       		.uleb128 0xe
 844 0078 3A       		.uleb128 0x3a
 845 0079 0B       		.uleb128 0xb
 846 007a 3B       		.uleb128 0x3b
 847 007b 0B       		.uleb128 0xb
 848 007c 49       		.uleb128 0x49
 849 007d 13       		.uleb128 0x13
 850 007e 02       		.uleb128 0x2
 851 007f 0A       		.uleb128 0xa
 852 0080 00       		.byte	0x0
 853 0081 00       		.byte	0x0
ARM GAS  C:\DOCUME~1\student\LOCALS~1\Temp\ccbUTzDn.s 			page 21


 854 0082 09       		.uleb128 0x9
 855 0083 2E       		.uleb128 0x2e
 856 0084 01       		.byte	0x1
 857 0085 3F       		.uleb128 0x3f
 858 0086 0C       		.uleb128 0xc
 859 0087 03       		.uleb128 0x3
 860 0088 0E       		.uleb128 0xe
 861 0089 3A       		.uleb128 0x3a
 862 008a 0B       		.uleb128 0xb
 863 008b 3B       		.uleb128 0x3b
 864 008c 05       		.uleb128 0x5
 865 008d 27       		.uleb128 0x27
 866 008e 0C       		.uleb128 0xc
 867 008f 11       		.uleb128 0x11
 868 0090 01       		.uleb128 0x1
 869 0091 12       		.uleb128 0x12
 870 0092 01       		.uleb128 0x1
 871 0093 40       		.uleb128 0x40
 872 0094 06       		.uleb128 0x6
 873 0095 01       		.uleb128 0x1
 874 0096 13       		.uleb128 0x13
 875 0097 00       		.byte	0x0
 876 0098 00       		.byte	0x0
 877 0099 0A       		.uleb128 0xa
 878 009a 05       		.uleb128 0x5
 879 009b 00       		.byte	0x0
 880 009c 03       		.uleb128 0x3
 881 009d 0E       		.uleb128 0xe
 882 009e 3A       		.uleb128 0x3a
 883 009f 0B       		.uleb128 0xb
 884 00a0 3B       		.uleb128 0x3b
 885 00a1 05       		.uleb128 0x5
 886 00a2 49       		.uleb128 0x49
 887 00a3 13       		.uleb128 0x13
 888 00a4 02       		.uleb128 0x2
 889 00a5 0A       		.uleb128 0xa
 890 00a6 00       		.byte	0x0
 891 00a7 00       		.byte	0x0
 892 00a8 0B       		.uleb128 0xb
 893 00a9 01       		.uleb128 0x1
 894 00aa 01       		.byte	0x1
 895 00ab 49       		.uleb128 0x49
 896 00ac 13       		.uleb128 0x13
 897 00ad 01       		.uleb128 0x1
 898 00ae 13       		.uleb128 0x13
 899 00af 00       		.byte	0x0
 900 00b0 00       		.byte	0x0
 901 00b1 0C       		.uleb128 0xc
 902 00b2 21       		.uleb128 0x21
 903 00b3 00       		.byte	0x0
 904 00b4 49       		.uleb128 0x49
 905 00b5 13       		.uleb128 0x13
 906 00b6 2F       		.uleb128 0x2f
 907 00b7 0B       		.uleb128 0xb
 908 00b8 00       		.byte	0x0
 909 00b9 00       		.byte	0x0
 910 00ba 0D       		.uleb128 0xd
ARM GAS  C:\DOCUME~1\student\LOCALS~1\Temp\ccbUTzDn.s 			page 22


 911 00bb 24       		.uleb128 0x24
 912 00bc 00       		.byte	0x0
 913 00bd 0B       		.uleb128 0xb
 914 00be 0B       		.uleb128 0xb
 915 00bf 3E       		.uleb128 0x3e
 916 00c0 0B       		.uleb128 0xb
 917 00c1 00       		.byte	0x0
 918 00c2 00       		.byte	0x0
 919 00c3 0E       		.uleb128 0xe
 920 00c4 34       		.uleb128 0x34
 921 00c5 00       		.byte	0x0
 922 00c6 03       		.uleb128 0x3
 923 00c7 0E       		.uleb128 0xe
 924 00c8 3A       		.uleb128 0x3a
 925 00c9 0B       		.uleb128 0xb
 926 00ca 3B       		.uleb128 0x3b
 927 00cb 0B       		.uleb128 0xb
 928 00cc 49       		.uleb128 0x49
 929 00cd 13       		.uleb128 0x13
 930 00ce 3F       		.uleb128 0x3f
 931 00cf 0C       		.uleb128 0xc
 932 00d0 02       		.uleb128 0x2
 933 00d1 0A       		.uleb128 0xa
 934 00d2 00       		.byte	0x0
 935 00d3 00       		.byte	0x0
 936 00d4 0F       		.uleb128 0xf
 937 00d5 26       		.uleb128 0x26
 938 00d6 00       		.byte	0x0
 939 00d7 49       		.uleb128 0x49
 940 00d8 13       		.uleb128 0x13
 941 00d9 00       		.byte	0x0
 942 00da 00       		.byte	0x0
 943 00db 00       		.byte	0x0
 944              		.section	.debug_pubnames,"",%progbits
 945 0000 AB000000 		.4byte	0xab
 946 0004 0200     		.2byte	0x2
 947 0006 00000000 		.4byte	.Ldebug_info0
 948 000a 89010000 		.4byte	0x189
 949 000e 81000000 		.4byte	0x81
 950 0012 5047415F 		.ascii	"PGA_1_Init\000"
 950      315F496E 
 950      697400
 951 001d 96000000 		.4byte	0x96
 952 0021 5047415F 		.ascii	"PGA_1_Enable\000"
 952      315F456E 
 952      61626C65 
 952      00
 953 002e AB000000 		.4byte	0xab
 954 0032 5047415F 		.ascii	"PGA_1_Start\000"
 954      315F5374 
 954      61727400 
 955 003e C0000000 		.4byte	0xc0
 956 0042 5047415F 		.ascii	"PGA_1_Stop\000"
 956      315F5374 
 956      6F7000
 957 004d D5000000 		.4byte	0xd5
 958 0051 5047415F 		.ascii	"PGA_1_SetPower\000"
ARM GAS  C:\DOCUME~1\student\LOCALS~1\Temp\ccbUTzDn.s 			page 23


 958      315F5365 
 958      74506F77 
 958      657200
 959 0060 0B010000 		.4byte	0x10b
 960 0064 5047415F 		.ascii	"PGA_1_SetGain\000"
 960      315F5365 
 960      74476169 
 960      6E00
 961 0072 48010000 		.4byte	0x148
 962 0076 5047415F 		.ascii	"PGA_1_GainArray\000"
 962      315F4761 
 962      696E4172 
 962      72617900 
 963 0086 5F010000 		.4byte	0x15f
 964 008a 5047415F 		.ascii	"PGA_1_GainComp\000"
 964      315F4761 
 964      696E436F 
 964      6D7000
 965 0099 76010000 		.4byte	0x176
 966 009d 5047415F 		.ascii	"PGA_1_initVar\000"
 966      315F696E 
 966      69745661 
 966      7200
 967 00ab 00000000 		.4byte	0x0
 968              		.section	.debug_aranges,"",%progbits
 969 0000 44000000 		.4byte	0x44
 970 0004 0200     		.2byte	0x2
 971 0006 00000000 		.4byte	.Ldebug_info0
 972 000a 04       		.byte	0x4
 973 000b 00       		.byte	0x0
 974 000c 0000     		.2byte	0x0
 975 000e 0000     		.2byte	0x0
 976 0010 00000000 		.4byte	.LFB0
 977 0014 4E000000 		.4byte	.LFE0-.LFB0
 978 0018 00000000 		.4byte	.LFB1
 979 001c 62000000 		.4byte	.LFE1-.LFB1
 980 0020 00000000 		.4byte	.LFB2
 981 0024 2A000000 		.4byte	.LFE2-.LFB2
 982 0028 00000000 		.4byte	.LFB3
 983 002c 68000000 		.4byte	.LFE3-.LFB3
 984 0030 00000000 		.4byte	.LFB4
 985 0034 40000000 		.4byte	.LFE4-.LFB4
 986 0038 00000000 		.4byte	.LFB5
 987 003c C4000000 		.4byte	.LFE5-.LFB5
 988 0040 00000000 		.4byte	0x0
 989 0044 00000000 		.4byte	0x0
 990              		.section	.debug_ranges,"",%progbits
 991              	.Ldebug_ranges0:
 992 0000 00000000 		.4byte	.Ltext0
 993 0004 00000000 		.4byte	.Letext0
 994 0008 00000000 		.4byte	.LFB0
 995 000c 4E000000 		.4byte	.LFE0
 996 0010 00000000 		.4byte	.LFB1
 997 0014 62000000 		.4byte	.LFE1
 998 0018 00000000 		.4byte	.LFB2
 999 001c 2A000000 		.4byte	.LFE2
 1000 0020 00000000 		.4byte	.LFB3
ARM GAS  C:\DOCUME~1\student\LOCALS~1\Temp\ccbUTzDn.s 			page 24


 1001 0024 68000000 		.4byte	.LFE3
 1002 0028 00000000 		.4byte	.LFB4
 1003 002c 40000000 		.4byte	.LFE4
 1004 0030 00000000 		.4byte	.LFB5
 1005 0034 C4000000 		.4byte	.LFE5
 1006 0038 00000000 		.4byte	0x0
 1007 003c 00000000 		.4byte	0x0
 1008              		.section	.debug_str,"MS",%progbits,1
 1009              	.LASF6:
 1010 0000 6C6F6E67 		.ascii	"long long int\000"
 1010      206C6F6E 
 1010      6720696E 
 1010      7400
 1011              	.LASF12:
 1012 000e 5047415F 		.ascii	"PGA_1_Start\000"
 1012      315F5374 
 1012      61727400 
 1013              	.LASF13:
 1014 001a 5047415F 		.ascii	"PGA_1_Stop\000"
 1014      315F5374 
 1014      6F7000
 1015              	.LASF22:
 1016 0025 2E5C4765 		.ascii	".\\Generated_Source\\PSoC5\\PGA_1.c\000"
 1016      6E657261 
 1016      7465645F 
 1016      536F7572 
 1016      63655C50 
 1017              	.LASF16:
 1018 0046 706F7765 		.ascii	"power\000"
 1018      7200
 1019              	.LASF20:
 1020 004c 5047415F 		.ascii	"PGA_1_initVar\000"
 1020      315F696E 
 1020      69745661 
 1020      7200
 1021              	.LASF1:
 1022 005a 756E7369 		.ascii	"unsigned char\000"
 1022      676E6564 
 1022      20636861 
 1022      7200
 1023              	.LASF5:
 1024 0068 6C6F6E67 		.ascii	"long unsigned int\000"
 1024      20756E73 
 1024      69676E65 
 1024      6420696E 
 1024      7400
 1025              	.LASF3:
 1026 007a 73686F72 		.ascii	"short unsigned int\000"
 1026      7420756E 
 1026      7369676E 
 1026      65642069 
 1026      6E7400
 1027              	.LASF19:
 1028 008d 5047415F 		.ascii	"PGA_1_GainComp\000"
 1028      315F4761 
 1028      696E436F 
 1028      6D7000
ARM GAS  C:\DOCUME~1\student\LOCALS~1\Temp\ccbUTzDn.s 			page 25


 1029              	.LASF8:
 1030 009c 756E7369 		.ascii	"unsigned int\000"
 1030      676E6564 
 1030      20696E74 
 1030      00
 1031              	.LASF11:
 1032 00a9 5047415F 		.ascii	"PGA_1_Enable\000"
 1032      315F456E 
 1032      61626C65 
 1032      00
 1033              	.LASF7:
 1034 00b6 6C6F6E67 		.ascii	"long long unsigned int\000"
 1034      206C6F6E 
 1034      6720756E 
 1034      7369676E 
 1034      65642069 
 1035              	.LASF18:
 1036 00cd 5047415F 		.ascii	"PGA_1_GainArray\000"
 1036      315F4761 
 1036      696E4172 
 1036      72617900 
 1037              	.LASF15:
 1038 00dd 5047415F 		.ascii	"PGA_1_SetGain\000"
 1038      315F5365 
 1038      74476169 
 1038      6E00
 1039              	.LASF17:
 1040 00eb 6761696E 		.ascii	"gain\000"
 1040      00
 1041              	.LASF10:
 1042 00f0 5047415F 		.ascii	"PGA_1_Init\000"
 1042      315F496E 
 1042      697400
 1043              	.LASF25:
 1044 00fb 746D7043 		.ascii	"tmpCR\000"
 1044      5200
 1045              	.LASF21:
 1046 0101 474E5520 		.ascii	"GNU C 4.4.1\000"
 1046      4320342E 
 1046      342E3100 
 1047              	.LASF9:
 1048 010d 63686172 		.ascii	"char\000"
 1048      00
 1049              	.LASF2:
 1050 0112 73686F72 		.ascii	"short int\000"
 1050      7420696E 
 1050      7400
 1051              	.LASF24:
 1052 011c 75696E74 		.ascii	"uint8\000"
 1052      3800
 1053              	.LASF23:
 1054 0122 453A5C36 		.ascii	"E:\\6.115\\FFT\\RS232.cydsn\000"
 1054      2E313135 
 1054      5C464654 
 1054      5C525332 
 1054      33322E63 
 1055              	.LASF4:
ARM GAS  C:\DOCUME~1\student\LOCALS~1\Temp\ccbUTzDn.s 			page 26


 1056 013b 6C6F6E67 		.ascii	"long int\000"
 1056      20696E74 
 1056      00
 1057              	.LASF14:
 1058 0144 5047415F 		.ascii	"PGA_1_SetPower\000"
 1058      315F5365 
 1058      74506F77 
 1058      657200
 1059              	.LASF0:
 1060 0153 7369676E 		.ascii	"signed char\000"
 1060      65642063 
 1060      68617200 
 1061              		.ident	"GCC: (Sourcery G++ Lite 2010q1-188) 4.4.1"
