--------------- Clean Started: 05/03/2013 12:37:58 Project: RS232, Configuration: ARM GCC 4.4.1 Debug ---------------
Deleting file ".\CortexM3\ARM_GCC_441\Debug\main.o"
Deleting file ".\CortexM3\ARM_GCC_441\Debug\Cm3Start.o"
Deleting file ".\CortexM3\ARM_GCC_441\Debug\core_cm3.o"
Deleting file ".\CortexM3\ARM_GCC_441\Debug\CyBootAsmGnu.o"
Deleting file ".\CortexM3\ARM_GCC_441\Debug\CyDmac.o"
Deleting file ".\CortexM3\ARM_GCC_441\Debug\CyFlash.o"
Deleting file ".\CortexM3\ARM_GCC_441\Debug\CyLib.o"
Deleting file ".\CortexM3\ARM_GCC_441\Debug\cyPm.o"
Deleting file ".\CortexM3\ARM_GCC_441\Debug\CySpc.o"
Deleting file ".\CortexM3\ARM_GCC_441\Debug\cyutils.o"
Deleting file ".\CortexM3\ARM_GCC_441\Debug\LCD.o"
Deleting file ".\CortexM3\ARM_GCC_441\Debug\LCD_PM.o"
Deleting file ".\CortexM3\ARM_GCC_441\Debug\LCD_LCDPort.o"
Deleting file ".\CortexM3\ARM_GCC_441\Debug\UART.o"
Deleting file ".\CortexM3\ARM_GCC_441\Debug\UART_PM.o"
Deleting file ".\CortexM3\ARM_GCC_441\Debug\UART_INT.o"
Deleting file ".\CortexM3\ARM_GCC_441\Debug\tx_int.o"
Deleting file ".\CortexM3\ARM_GCC_441\Debug\rx_int.o"
Deleting file ".\CortexM3\ARM_GCC_441\Debug\TX.o"
Deleting file ".\CortexM3\ARM_GCC_441\Debug\ADC_DelSig_1.o"
Deleting file ".\CortexM3\ARM_GCC_441\Debug\ADC_DelSig_1_PM.o"
Deleting file ".\CortexM3\ARM_GCC_441\Debug\ADC_DelSig_1_INT.o"
Deleting file ".\CortexM3\ARM_GCC_441\Debug\ADC_DelSig_1_theACLK.o"
Deleting file ".\CortexM3\ARM_GCC_441\Debug\ADC_DelSig_1_Ext_CP_Clk.o"
Deleting file ".\CortexM3\ARM_GCC_441\Debug\ADC_DelSig_1_AMux.o"
Deleting file ".\CortexM3\ARM_GCC_441\Debug\ADC_In.o"
Deleting file ".\CortexM3\ARM_GCC_441\Debug\cyfitter_cfg.o"
Deleting file ".\CortexM3\ARM_GCC_441\Debug\RS232.hex"
Deleting file ".\CortexM3\ARM_GCC_441\Debug\RS232.elf"
Deleting file ".\CortexM3\ARM_GCC_441\Debug\RS232.map"
Deleting file ".\RS232.cycdx"
Deleting file ".\RS232.svd"
Deleting file ".\RS232.rpt"
Deleting file ".\RS232_timing.html"
Deleting file ".\CortexM3\ARM_GCC_441\Debug\.deps\C_FILE.P"
Deleting file ".\CortexM3\ARM_GCC_441\Debug\.deps\ARM_C_FILE.P"
Deleting file ".\CortexM3\ARM_GCC_441\Debug\.deps\GNU_ARM_ASM_FILE.P"
--------------- Clean Succeeded: 05/03/2013 12:37:59 ---------------
