ARM GAS  C:\DOCUME~1\student\LOCALS~1\Temp\ccRPeg5T.s 			page 1


   1              		.syntax unified
   2              		.cpu cortex-m3
   3              		.fpu softvfp
   4              		.eabi_attribute 20, 1
   5              		.eabi_attribute 21, 1
   6              		.eabi_attribute 23, 3
   7              		.eabi_attribute 24, 1
   8              		.eabi_attribute 25, 1
   9              		.eabi_attribute 26, 1
  10              		.eabi_attribute 30, 6
  11              		.eabi_attribute 18, 4
  12              		.thumb
  13              		.file	"cyfitter_cfg.c"
  14              		.section	.debug_abbrev,"",%progbits
  15              	.Ldebug_abbrev0:
  16              		.section	.debug_info,"",%progbits
  17              	.Ldebug_info0:
  18              		.section	.debug_line,"",%progbits
  19              	.Ldebug_line0:
  20 0000 1F010000 		.text
  20      02006400 
  20      00000201 
  20      FB0E0D00 
  20      01010101 
  21              	.Ltext0:
  22              		.cfi_sections	.debug_frame
  23              		.section	.text.CyClockStartupError,"ax",%progbits
  24              		.align	2
  25              		.thumb
  26              		.thumb_func
  27              		.type	CyClockStartupError, %function
  28              	CyClockStartupError:
  29              	.LFB0:
  30              		.file 1 ".\\Generated_Source\\PSoC5\\cyfitter_cfg.c"
   1:.\Generated_Source\PSoC5/cyfitter_cfg.c **** /*******************************************************************************
   2:.\Generated_Source\PSoC5/cyfitter_cfg.c **** * FILENAME: cyfitter_cfg.c
   3:.\Generated_Source\PSoC5/cyfitter_cfg.c **** * PSoC Creator 2.1 SP1
   4:.\Generated_Source\PSoC5/cyfitter_cfg.c **** *
   5:.\Generated_Source\PSoC5/cyfitter_cfg.c **** * Description:
   6:.\Generated_Source\PSoC5/cyfitter_cfg.c **** * This file is automatically generated by PSoC Creator with device 
   7:.\Generated_Source\PSoC5/cyfitter_cfg.c **** * initialization code.  Except for the user defined sections in
   8:.\Generated_Source\PSoC5/cyfitter_cfg.c **** * CyClockStartupError(), this file should not be modified.
   9:.\Generated_Source\PSoC5/cyfitter_cfg.c **** *
  10:.\Generated_Source\PSoC5/cyfitter_cfg.c **** ********************************************************************************
  11:.\Generated_Source\PSoC5/cyfitter_cfg.c **** * Copyright 2012, Cypress Semiconductor Corporation.  All rights reserved.
  12:.\Generated_Source\PSoC5/cyfitter_cfg.c **** * You may use this file only in accordance with the license, terms, conditions, 
  13:.\Generated_Source\PSoC5/cyfitter_cfg.c **** * disclaimers, and limitations in the end user license agreement accompanying 
  14:.\Generated_Source\PSoC5/cyfitter_cfg.c **** * the software package with which this file was provided.
  15:.\Generated_Source\PSoC5/cyfitter_cfg.c **** ********************************************************************************/
  16:.\Generated_Source\PSoC5/cyfitter_cfg.c **** 
  17:.\Generated_Source\PSoC5/cyfitter_cfg.c **** #include <string.h>
  18:.\Generated_Source\PSoC5/cyfitter_cfg.c **** #include <cytypes.h>
  19:.\Generated_Source\PSoC5/cyfitter_cfg.c **** #include <cydevice_trm.h>
  20:.\Generated_Source\PSoC5/cyfitter_cfg.c **** #include <cyfitter.h>
  21:.\Generated_Source\PSoC5/cyfitter_cfg.c **** #include <CyLib.h>
  22:.\Generated_Source\PSoC5/cyfitter_cfg.c **** #include <cyfitter_cfg.h>
  23:.\Generated_Source\PSoC5/cyfitter_cfg.c **** 
ARM GAS  C:\DOCUME~1\student\LOCALS~1\Temp\ccRPeg5T.s 			page 2


  24:.\Generated_Source\PSoC5/cyfitter_cfg.c **** /* Clock startup error codes                                                   */
  25:.\Generated_Source\PSoC5/cyfitter_cfg.c **** #define CYCLOCKSTART_NO_ERROR    0
  26:.\Generated_Source\PSoC5/cyfitter_cfg.c **** #define CYCLOCKSTART_XTAL_ERROR  1
  27:.\Generated_Source\PSoC5/cyfitter_cfg.c **** #define CYCLOCKSTART_32KHZ_ERROR 2
  28:.\Generated_Source\PSoC5/cyfitter_cfg.c **** #define CYCLOCKSTART_PLL_ERROR   3
  29:.\Generated_Source\PSoC5/cyfitter_cfg.c **** 
  30:.\Generated_Source\PSoC5/cyfitter_cfg.c **** /*******************************************************************************
  31:.\Generated_Source\PSoC5/cyfitter_cfg.c **** * Function Name: CyClockStartupError
  32:.\Generated_Source\PSoC5/cyfitter_cfg.c **** ********************************************************************************
  33:.\Generated_Source\PSoC5/cyfitter_cfg.c **** * Summary:
  34:.\Generated_Source\PSoC5/cyfitter_cfg.c **** *  If an error is encountered during clock configuration (crystal startup error,
  35:.\Generated_Source\PSoC5/cyfitter_cfg.c **** *  PLL lock error, etc) the system will end up here.  Unless reimplemented by 
  36:.\Generated_Source\PSoC5/cyfitter_cfg.c **** *  the customer, an infinite loop will be encountered.
  37:.\Generated_Source\PSoC5/cyfitter_cfg.c **** *
  38:.\Generated_Source\PSoC5/cyfitter_cfg.c **** * Parameters:  
  39:.\Generated_Source\PSoC5/cyfitter_cfg.c **** *   void
  40:.\Generated_Source\PSoC5/cyfitter_cfg.c **** *
  41:.\Generated_Source\PSoC5/cyfitter_cfg.c **** * Return:
  42:.\Generated_Source\PSoC5/cyfitter_cfg.c **** *   void
  43:.\Generated_Source\PSoC5/cyfitter_cfg.c **** *
  44:.\Generated_Source\PSoC5/cyfitter_cfg.c **** *******************************************************************************/
  45:.\Generated_Source\PSoC5/cyfitter_cfg.c **** #if defined(__GNUC__) || defined(__ARMCC_VERSION)
  46:.\Generated_Source\PSoC5/cyfitter_cfg.c **** __attribute__ ((unused))
  47:.\Generated_Source\PSoC5/cyfitter_cfg.c **** #endif
  48:.\Generated_Source\PSoC5/cyfitter_cfg.c **** static void CyClockStartupError(uint8 errorCode)
  49:.\Generated_Source\PSoC5/cyfitter_cfg.c **** {
  31              		.loc 1 49 0
  32              		.cfi_startproc
  33              		@ args = 0, pretend = 0, frame = 8
  34              		@ frame_needed = 1, uses_anonymous_args = 0
  35              		@ link register save eliminated.
  36 0000 80B4     		push	{r7}
  37              	.LCFI0:
  38              		.cfi_def_cfa_offset 4
  39 0002 83B0     		sub	sp, sp, #12
  40              	.LCFI1:
  41              		.cfi_def_cfa_offset 16
  42 0004 00AF     		add	r7, sp, #0
  43              		.cfi_offset 7, -4
  44              	.LCFI2:
  45              		.cfi_def_cfa_register 7
  46 0006 0346     		mov	r3, r0
  47 0008 FB71     		strb	r3, [r7, #7]
  48              	.L2:
  50:.\Generated_Source\PSoC5/cyfitter_cfg.c ****     /* To remove the compiler warning if errorCode not used.                */
  51:.\Generated_Source\PSoC5/cyfitter_cfg.c ****     errorCode = errorCode;
  52:.\Generated_Source\PSoC5/cyfitter_cfg.c **** 
  53:.\Generated_Source\PSoC5/cyfitter_cfg.c ****     /* `#START CyClockStartupError` */
  54:.\Generated_Source\PSoC5/cyfitter_cfg.c **** 
  55:.\Generated_Source\PSoC5/cyfitter_cfg.c ****     /* If we have a clock startup error (bad MHz crystal, PLL lock, etc)    */
  56:.\Generated_Source\PSoC5/cyfitter_cfg.c ****     /* we will end up here to allow the customer to implement something to  */
  57:.\Generated_Source\PSoC5/cyfitter_cfg.c ****     /* deal with the clock condition.                                       */
  58:.\Generated_Source\PSoC5/cyfitter_cfg.c **** 
  59:.\Generated_Source\PSoC5/cyfitter_cfg.c ****     /* `#END` */
  60:.\Generated_Source\PSoC5/cyfitter_cfg.c **** 
  61:.\Generated_Source\PSoC5/cyfitter_cfg.c ****     /* If nothing else, stop here since the clocks have not started         */
  62:.\Generated_Source\PSoC5/cyfitter_cfg.c ****     /* correctly.                                                           */
ARM GAS  C:\DOCUME~1\student\LOCALS~1\Temp\ccRPeg5T.s 			page 3


  63:.\Generated_Source\PSoC5/cyfitter_cfg.c ****     while(1) {}
  49              		.loc 1 63 0
  50 000a FEE7     		b	.L2
  51              		.cfi_endproc
  52              	.LFE0:
  53              		.size	CyClockStartupError, .-CyClockStartupError
  54              		.section	.rodata
  55              		.align	2
  56              		.type	cfg_memset_list, %object
  57              		.size	cfg_memset_list, 54
  58              	cfg_memset_list:
  59 0000 10510040 		.word	1073762576
  60 0004 1000     		.short	16
  61 0006 30510040 		.4byte	1073762608
  62 000a 3000     		.short	48
  63 000c C0510040 		.word	1073762752
  64 0010 1000     		.short	16
  65 0012 F0510040 		.4byte	1073762800
  66 0016 1000     		.short	16
  67 0018 00000140 		.word	1073807360
  68 001c 0010     		.short	4096
  69 001e 00140140 		.4byte	1073812480
  70 0022 0008     		.short	2048
  71 0024 00400140 		.word	1073823744
  72 0028 000A     		.short	2560
  73 002a 004C0140 		.4byte	1073826816
  74 002e 0002     		.short	512
  75 0030 00500140 		.word	1073827840
  76 0034 2000     		.short	32
  77 0036 0000     		.section	.text.cfg_write_bytes32,"ax",%progbits
  78              		.align	2
  79              		.thumb
  80              		.thumb_func
  81              		.type	cfg_write_bytes32, %function
  82              	cfg_write_bytes32:
  83              	.LFB1:
  64:.\Generated_Source\PSoC5/cyfitter_cfg.c **** }
  65:.\Generated_Source\PSoC5/cyfitter_cfg.c **** 
  66:.\Generated_Source\PSoC5/cyfitter_cfg.c **** 
  67:.\Generated_Source\PSoC5/cyfitter_cfg.c **** #undef CYCODE
  68:.\Generated_Source\PSoC5/cyfitter_cfg.c **** #undef CYDATA
  69:.\Generated_Source\PSoC5/cyfitter_cfg.c **** #undef CYXDATA
  70:.\Generated_Source\PSoC5/cyfitter_cfg.c **** #undef CYFAR
  71:.\Generated_Source\PSoC5/cyfitter_cfg.c **** #if defined(__GNUC__) || defined(__ARMCC_VERSION)
  72:.\Generated_Source\PSoC5/cyfitter_cfg.c **** 	#define CYCODE
  73:.\Generated_Source\PSoC5/cyfitter_cfg.c **** 	#define CYDATA
  74:.\Generated_Source\PSoC5/cyfitter_cfg.c **** 	#define CYXDATA
  75:.\Generated_Source\PSoC5/cyfitter_cfg.c **** 	#define CYFAR
  76:.\Generated_Source\PSoC5/cyfitter_cfg.c **** 
  77:.\Generated_Source\PSoC5/cyfitter_cfg.c **** 	#define CYPACKED __attribute__ ((packed))
  78:.\Generated_Source\PSoC5/cyfitter_cfg.c **** 	#define CYALIGNED __attribute__ ((aligned))
  79:.\Generated_Source\PSoC5/cyfitter_cfg.c **** 	
  80:.\Generated_Source\PSoC5/cyfitter_cfg.c **** 	#if defined(__ARMCC_VERSION)
  81:.\Generated_Source\PSoC5/cyfitter_cfg.c **** 		#define CY_CFG_MEMORY_BARRIER() __memory_changed()
  82:.\Generated_Source\PSoC5/cyfitter_cfg.c **** 	#else
  83:.\Generated_Source\PSoC5/cyfitter_cfg.c **** 		#define CY_CFG_MEMORY_BARRIER() __sync_synchronize()
  84:.\Generated_Source\PSoC5/cyfitter_cfg.c **** 	#endif
ARM GAS  C:\DOCUME~1\student\LOCALS~1\Temp\ccRPeg5T.s 			page 4


  85:.\Generated_Source\PSoC5/cyfitter_cfg.c **** 	
  86:.\Generated_Source\PSoC5/cyfitter_cfg.c **** 	
  87:.\Generated_Source\PSoC5/cyfitter_cfg.c **** 	#define CYMEMZERO(a,c) memset((a),0,(c))
  88:.\Generated_Source\PSoC5/cyfitter_cfg.c **** 	#define CYCONFIGCPY(d,s,c) memcpy((d),(s),(c))
  89:.\Generated_Source\PSoC5/cyfitter_cfg.c **** 	#define CYCONFIGCPYCODE(d,s,c) memcpy((d),(s),(c))
  90:.\Generated_Source\PSoC5/cyfitter_cfg.c **** #else
  91:.\Generated_Source\PSoC5/cyfitter_cfg.c **** 	#error Unsupported toolchain
  92:.\Generated_Source\PSoC5/cyfitter_cfg.c **** #endif
  93:.\Generated_Source\PSoC5/cyfitter_cfg.c **** 
  94:.\Generated_Source\PSoC5/cyfitter_cfg.c **** /* Defines the layout and meaning of each entry in the cfg_memset_list used for clearing registers 
  95:.\Generated_Source\PSoC5/cyfitter_cfg.c **** typedef struct {
  96:.\Generated_Source\PSoC5/cyfitter_cfg.c **** 	void CYFAR *address;
  97:.\Generated_Source\PSoC5/cyfitter_cfg.c **** 	uint16 size;
  98:.\Generated_Source\PSoC5/cyfitter_cfg.c **** } CYPACKED cfg_memset_t;
  99:.\Generated_Source\PSoC5/cyfitter_cfg.c **** 
 100:.\Generated_Source\PSoC5/cyfitter_cfg.c **** /* Defines the layout and meaning of each entry in the cfg_memcpy_list used for initializing regist
 101:.\Generated_Source\PSoC5/cyfitter_cfg.c **** typedef struct {
 102:.\Generated_Source\PSoC5/cyfitter_cfg.c **** 	void CYFAR *dest;
 103:.\Generated_Source\PSoC5/cyfitter_cfg.c **** 	const void CYFAR *src;
 104:.\Generated_Source\PSoC5/cyfitter_cfg.c **** 	uint16 size;
 105:.\Generated_Source\PSoC5/cyfitter_cfg.c **** } CYPACKED cfg_memcpy_t;
 106:.\Generated_Source\PSoC5/cyfitter_cfg.c **** 
 107:.\Generated_Source\PSoC5/cyfitter_cfg.c **** /* Contains the regions of memory that must be set to 0 during configuration */
 108:.\Generated_Source\PSoC5/cyfitter_cfg.c **** #define CFG_MEMSET_COUNT (sizeof(cfg_memset_list)/sizeof(*cfg_memset_list))
 109:.\Generated_Source\PSoC5/cyfitter_cfg.c **** static const cfg_memset_t CYCODE cfg_memset_list [] = {
 110:.\Generated_Source\PSoC5/cyfitter_cfg.c **** 	/* address, size */
 111:.\Generated_Source\PSoC5/cyfitter_cfg.c **** 	{(void CYFAR *)(CYREG_PRT1_DR), 16},
 112:.\Generated_Source\PSoC5/cyfitter_cfg.c **** 	{(void CYFAR *)(CYREG_PRT3_DR), 48},
 113:.\Generated_Source\PSoC5/cyfitter_cfg.c **** 	{(void CYFAR *)(CYREG_PRT12_DR), 16},
 114:.\Generated_Source\PSoC5/cyfitter_cfg.c **** 	{(void CYFAR *)(CYREG_PRT15_DR), 16},
 115:.\Generated_Source\PSoC5/cyfitter_cfg.c **** 	{(void CYFAR *)(CYDEV_UCFG_B0_P0_U0_BASE), 4096},
 116:.\Generated_Source\PSoC5/cyfitter_cfg.c **** 	{(void CYFAR *)(CYDEV_UCFG_B1_P2_U0_BASE), 2048},
 117:.\Generated_Source\PSoC5/cyfitter_cfg.c **** 	{(void CYFAR *)(CYDEV_UCFG_DSI0_BASE), 2560},
 118:.\Generated_Source\PSoC5/cyfitter_cfg.c **** 	{(void CYFAR *)(CYDEV_UCFG_DSI12_BASE), 512},
 119:.\Generated_Source\PSoC5/cyfitter_cfg.c **** 	{(void CYFAR *)(CYREG_BCTL0_MDCLK_EN), 32},
 120:.\Generated_Source\PSoC5/cyfitter_cfg.c **** };
 121:.\Generated_Source\PSoC5/cyfitter_cfg.c **** 
 122:.\Generated_Source\PSoC5/cyfitter_cfg.c **** #define CY_CFG_BASE_ADDR_COUNT 26
 123:.\Generated_Source\PSoC5/cyfitter_cfg.c **** typedef struct
 124:.\Generated_Source\PSoC5/cyfitter_cfg.c **** {
 125:.\Generated_Source\PSoC5/cyfitter_cfg.c **** 	uint8 offset;
 126:.\Generated_Source\PSoC5/cyfitter_cfg.c **** 	uint8 value;
 127:.\Generated_Source\PSoC5/cyfitter_cfg.c **** } CYPACKED cy_cfg_addrvalue_t;
 128:.\Generated_Source\PSoC5/cyfitter_cfg.c **** 
 129:.\Generated_Source\PSoC5/cyfitter_cfg.c **** #define cy_cfg_addr_table ((const uint32 CYFAR *)0x48000000)
 130:.\Generated_Source\PSoC5/cyfitter_cfg.c **** #define cy_cfg_data_table ((const cy_cfg_addrvalue_t CYFAR *)0x48000068)
 131:.\Generated_Source\PSoC5/cyfitter_cfg.c **** 
 132:.\Generated_Source\PSoC5/cyfitter_cfg.c **** /* IOPINS0_0 Address: CYREG_PRT0_DM0 Size (bytes): 8 */
 133:.\Generated_Source\PSoC5/cyfitter_cfg.c **** #define BS_IOPINS0_0_VAL ((const uint8 CYFAR *)0x4800040C)
 134:.\Generated_Source\PSoC5/cyfitter_cfg.c **** 
 135:.\Generated_Source\PSoC5/cyfitter_cfg.c **** /* IOPINS0_2 Address: CYREG_PRT2_DM0 Size (bytes): 8 */
 136:.\Generated_Source\PSoC5/cyfitter_cfg.c **** #define BS_IOPINS0_2_VAL ((const uint8 CYFAR *)0x48000414)
 137:.\Generated_Source\PSoC5/cyfitter_cfg.c **** 
 138:.\Generated_Source\PSoC5/cyfitter_cfg.c **** /* IOPINS0_6 Address: CYREG_PRT6_DR Size (bytes): 10 */
 139:.\Generated_Source\PSoC5/cyfitter_cfg.c **** #define BS_IOPINS0_6_VAL ((const uint8 CYFAR *)0x4800041C)
 140:.\Generated_Source\PSoC5/cyfitter_cfg.c **** 
 141:.\Generated_Source\PSoC5/cyfitter_cfg.c **** /* CYDEV_CLKDIST_ACFG0_CFG0 Address: CYREG_CLKDIST_ACFG0_CFG0 Size (bytes): 4 */
ARM GAS  C:\DOCUME~1\student\LOCALS~1\Temp\ccRPeg5T.s 			page 5


 142:.\Generated_Source\PSoC5/cyfitter_cfg.c **** #define BS_CYDEV_CLKDIST_ACFG0_CFG0_VAL ((const uint8 CYFAR *)0x48000428)
 143:.\Generated_Source\PSoC5/cyfitter_cfg.c **** 
 144:.\Generated_Source\PSoC5/cyfitter_cfg.c **** 
 145:.\Generated_Source\PSoC5/cyfitter_cfg.c **** /*******************************************************************************
 146:.\Generated_Source\PSoC5/cyfitter_cfg.c **** * Function Name: cfg_write_bytes32
 147:.\Generated_Source\PSoC5/cyfitter_cfg.c **** ********************************************************************************
 148:.\Generated_Source\PSoC5/cyfitter_cfg.c **** * Summary:
 149:.\Generated_Source\PSoC5/cyfitter_cfg.c **** *  This function is used for setting up the chip configuration areas that 
 150:.\Generated_Source\PSoC5/cyfitter_cfg.c **** *  contain relativly sparse data.
 151:.\Generated_Source\PSoC5/cyfitter_cfg.c **** *
 152:.\Generated_Source\PSoC5/cyfitter_cfg.c **** * Parameters:  
 153:.\Generated_Source\PSoC5/cyfitter_cfg.c **** *   void
 154:.\Generated_Source\PSoC5/cyfitter_cfg.c **** *
 155:.\Generated_Source\PSoC5/cyfitter_cfg.c **** * Return:
 156:.\Generated_Source\PSoC5/cyfitter_cfg.c **** *   void
 157:.\Generated_Source\PSoC5/cyfitter_cfg.c **** *
 158:.\Generated_Source\PSoC5/cyfitter_cfg.c **** *******************************************************************************/
 159:.\Generated_Source\PSoC5/cyfitter_cfg.c **** /* For 32-bit little-endian architectures */
 160:.\Generated_Source\PSoC5/cyfitter_cfg.c **** static void cfg_write_bytes32(void)
 161:.\Generated_Source\PSoC5/cyfitter_cfg.c **** {
  84              		.loc 1 161 0
  85              		.cfi_startproc
  86              		@ args = 0, pretend = 0, frame = 16
  87              		@ frame_needed = 1, uses_anonymous_args = 0
  88              		@ link register save eliminated.
  89 0000 80B4     		push	{r7}
  90              	.LCFI3:
  91              		.cfi_def_cfa_offset 4
  92 0002 85B0     		sub	sp, sp, #20
  93              	.LCFI4:
  94              		.cfi_def_cfa_offset 24
  95 0004 00AF     		add	r7, sp, #0
  96              		.cfi_offset 7, -4
  97              	.LCFI5:
  98              		.cfi_def_cfa_register 7
 162:.\Generated_Source\PSoC5/cyfitter_cfg.c **** 	unsigned int i, j = 0;
  99              		.loc 1 162 0
 100 0006 4FF00003 		mov	r3, #0
 101 000a 7B60     		str	r3, [r7, #4]
 163:.\Generated_Source\PSoC5/cyfitter_cfg.c **** 	for (i = 0; i < CY_CFG_BASE_ADDR_COUNT; i++)
 102              		.loc 1 163 0
 103 000c 4FF00003 		mov	r3, #0
 104 0010 3B60     		str	r3, [r7, #0]
 105 0012 36E0     		b	.L5
 106              	.L8:
 107              	.LBB2:
 164:.\Generated_Source\PSoC5/cyfitter_cfg.c **** 	{
 165:.\Generated_Source\PSoC5/cyfitter_cfg.c **** 		uint32 baseAddr = cy_cfg_addr_table[i];
 108              		.loc 1 165 0
 109 0014 3B68     		ldr	r3, [r7, #0]
 110 0016 4FEA8303 		lsl	r3, r3, #2
 111 001a 03F19043 		add	r3, r3, #1207959552
 112 001e 1B68     		ldr	r3, [r3, #0]
 113 0020 BB60     		str	r3, [r7, #8]
 166:.\Generated_Source\PSoC5/cyfitter_cfg.c **** 		uint8 count = baseAddr & 0xFFu;
 114              		.loc 1 166 0
 115 0022 BB68     		ldr	r3, [r7, #8]
ARM GAS  C:\DOCUME~1\student\LOCALS~1\Temp\ccRPeg5T.s 			page 6


 116 0024 FB73     		strb	r3, [r7, #15]
 167:.\Generated_Source\PSoC5/cyfitter_cfg.c **** 		baseAddr &= 0xFFFFFF00u;
 117              		.loc 1 167 0
 118 0026 BB68     		ldr	r3, [r7, #8]
 119 0028 23F0FF03 		bic	r3, r3, #255
 120 002c BB60     		str	r3, [r7, #8]
 168:.\Generated_Source\PSoC5/cyfitter_cfg.c **** 		while (count--)
 121              		.loc 1 168 0
 122 002e 18E0     		b	.L6
 123              	.L7:
 169:.\Generated_Source\PSoC5/cyfitter_cfg.c **** 		{
 170:.\Generated_Source\PSoC5/cyfitter_cfg.c **** 			CY_SET_XTND_REG8((void CYFAR *)(baseAddr + cy_cfg_data_table[j].offset), cy_cfg_data_table[j].va
 124              		.loc 1 170 0
 125 0030 7B68     		ldr	r3, [r7, #4]
 126 0032 4FEA4303 		lsl	r3, r3, #1
 127 0036 03F19043 		add	r3, r3, #1207959552
 128 003a 03F16803 		add	r3, r3, #104
 129 003e 1B78     		ldrb	r3, [r3, #0]	@ zero_extendqisi2
 130 0040 1A46     		mov	r2, r3
 131 0042 BB68     		ldr	r3, [r7, #8]
 132 0044 1344     		add	r3, r2, r3
 133 0046 1A46     		mov	r2, r3
 134 0048 7B68     		ldr	r3, [r7, #4]
 135 004a 4FEA4303 		lsl	r3, r3, #1
 136 004e 03F19043 		add	r3, r3, #1207959552
 137 0052 03F16803 		add	r3, r3, #104
 138 0056 5B78     		ldrb	r3, [r3, #1]	@ zero_extendqisi2
 139 0058 1370     		strb	r3, [r2, #0]
 171:.\Generated_Source\PSoC5/cyfitter_cfg.c **** 			j++;
 140              		.loc 1 171 0
 141 005a 7B68     		ldr	r3, [r7, #4]
 142 005c 03F10103 		add	r3, r3, #1
 143 0060 7B60     		str	r3, [r7, #4]
 144              	.L6:
 145              		.loc 1 168 0
 146 0062 FB7B     		ldrb	r3, [r7, #15]	@ zero_extendqisi2
 147 0064 002B     		cmp	r3, #0
 148 0066 0CBF     		ite	eq
 149 0068 0023     		moveq	r3, #0
 150 006a 0123     		movne	r3, #1
 151 006c DBB2     		uxtb	r3, r3
 152 006e FA7B     		ldrb	r2, [r7, #15]
 153 0070 02F1FF32 		add	r2, r2, #-1
 154 0074 FA73     		strb	r2, [r7, #15]
 155 0076 002B     		cmp	r3, #0
 156 0078 DAD1     		bne	.L7
 157              	.LBE2:
 158              		.loc 1 163 0
 159 007a 3B68     		ldr	r3, [r7, #0]
 160 007c 03F10103 		add	r3, r3, #1
 161 0080 3B60     		str	r3, [r7, #0]
 162              	.L5:
 163 0082 3B68     		ldr	r3, [r7, #0]
 164 0084 192B     		cmp	r3, #25
 165 0086 C5D9     		bls	.L8
 172:.\Generated_Source\PSoC5/cyfitter_cfg.c **** 		}
 173:.\Generated_Source\PSoC5/cyfitter_cfg.c **** 	}
ARM GAS  C:\DOCUME~1\student\LOCALS~1\Temp\ccRPeg5T.s 			page 7


 174:.\Generated_Source\PSoC5/cyfitter_cfg.c **** }
 166              		.loc 1 174 0
 167 0088 07F11407 		add	r7, r7, #20
 168 008c BD46     		mov	sp, r7
 169 008e 80BC     		pop	{r7}
 170 0090 7047     		bx	lr
 171              		.cfi_endproc
 172              	.LFE1:
 173              		.size	cfg_write_bytes32, .-cfg_write_bytes32
 174 0092 00BF     		.section	.text.ClockSetup,"ax",%progbits
 175              		.align	2
 176              		.thumb
 177              		.thumb_func
 178              		.type	ClockSetup, %function
 179              	ClockSetup:
 180              	.LFB2:
 175:.\Generated_Source\PSoC5/cyfitter_cfg.c **** 
 176:.\Generated_Source\PSoC5/cyfitter_cfg.c **** /*******************************************************************************
 177:.\Generated_Source\PSoC5/cyfitter_cfg.c **** * Function Name: ClockSetup
 178:.\Generated_Source\PSoC5/cyfitter_cfg.c **** ********************************************************************************
 179:.\Generated_Source\PSoC5/cyfitter_cfg.c **** *
 180:.\Generated_Source\PSoC5/cyfitter_cfg.c **** * Summary:
 181:.\Generated_Source\PSoC5/cyfitter_cfg.c **** *  Performs the initialization of all of the clocks in the device based on the
 182:.\Generated_Source\PSoC5/cyfitter_cfg.c **** *  settings in the Clock tab of the DWR.  This includes enabling the requested
 183:.\Generated_Source\PSoC5/cyfitter_cfg.c **** *  clocks and setting the necessary dividers to produce the desired frequency. 
 184:.\Generated_Source\PSoC5/cyfitter_cfg.c **** *
 185:.\Generated_Source\PSoC5/cyfitter_cfg.c **** * Parameters:
 186:.\Generated_Source\PSoC5/cyfitter_cfg.c **** *  void
 187:.\Generated_Source\PSoC5/cyfitter_cfg.c **** *
 188:.\Generated_Source\PSoC5/cyfitter_cfg.c **** * Return:
 189:.\Generated_Source\PSoC5/cyfitter_cfg.c **** *  void
 190:.\Generated_Source\PSoC5/cyfitter_cfg.c **** *
 191:.\Generated_Source\PSoC5/cyfitter_cfg.c **** *******************************************************************************/
 192:.\Generated_Source\PSoC5/cyfitter_cfg.c **** static void ClockSetup(void)
 193:.\Generated_Source\PSoC5/cyfitter_cfg.c **** {
 181              		.loc 1 193 0
 182              		.cfi_startproc
 183              		@ args = 0, pretend = 0, frame = 16
 184              		@ frame_needed = 1, uses_anonymous_args = 0
 185 0000 80B5     		push	{r7, lr}
 186              	.LCFI6:
 187              		.cfi_def_cfa_offset 8
 188 0002 84B0     		sub	sp, sp, #16
 189              	.LCFI7:
 190              		.cfi_def_cfa_offset 24
 191 0004 00AF     		add	r7, sp, #0
 192              		.cfi_offset 14, -4
 193              		.cfi_offset 7, -8
 194              	.LCFI8:
 195              		.cfi_def_cfa_register 7
 194:.\Generated_Source\PSoC5/cyfitter_cfg.c **** 	reg32  timeout;
 195:.\Generated_Source\PSoC5/cyfitter_cfg.c **** 	reg32* timeout_p = &timeout;
 196              		.loc 1 195 0
 197 0006 07F10803 		add	r3, r7, #8
 198 000a FB60     		str	r3, [r7, #12]
 196:.\Generated_Source\PSoC5/cyfitter_cfg.c **** 	reg8   pllLock;
 197:.\Generated_Source\PSoC5/cyfitter_cfg.c **** 
ARM GAS  C:\DOCUME~1\student\LOCALS~1\Temp\ccRPeg5T.s 			page 8


 198:.\Generated_Source\PSoC5/cyfitter_cfg.c **** 
 199:.\Generated_Source\PSoC5/cyfitter_cfg.c **** 	/* Configure Digital Clocks based on settings from Clock DWR */
 200:.\Generated_Source\PSoC5/cyfitter_cfg.c **** 	CY_SET_XTND_REG24((void CYFAR *)(CYREG_CLKDIST_DCFG0_CFG0), 0x180138);
 199              		.loc 1 200 0
 200 000c 44F28000 		movw	r0, #:lower16:1073758336
 201 0010 C4F20000 		movt	r0, #:upper16:1073758336
 202 0014 40F23811 		movw	r1, #:lower16:1573176
 203 0018 C0F21801 		movt	r1, #:upper16:1573176
 204 001c FFF7FEFF 		bl	CySetReg24
 201:.\Generated_Source\PSoC5/cyfitter_cfg.c **** 	CY_SET_XTND_REG24((void CYFAR *)(CYREG_CLKDIST_DCFG1_CFG0), 0x180257);
 205              		.loc 1 201 0
 206 0020 44F28400 		movw	r0, #:lower16:1073758340
 207 0024 C4F20000 		movt	r0, #:upper16:1073758340
 208 0028 40F25721 		movw	r1, #:lower16:1573463
 209 002c C0F21801 		movt	r1, #:upper16:1573463
 210 0030 FFF7FEFF 		bl	CySetReg24
 202:.\Generated_Source\PSoC5/cyfitter_cfg.c **** 	CY_SET_XTND_REG24((void CYFAR *)(CYREG_CLKDIST_DCFG2_CFG0), 0x190BB7);
 211              		.loc 1 202 0
 212 0034 44F28800 		movw	r0, #:lower16:1073758344
 213 0038 C4F20000 		movt	r0, #:upper16:1073758344
 214 003c 40F6B731 		movw	r1, #:lower16:1641399
 215 0040 C0F21901 		movt	r1, #:upper16:1641399
 216 0044 FFF7FEFF 		bl	CySetReg24
 203:.\Generated_Source\PSoC5/cyfitter_cfg.c **** 
 204:.\Generated_Source\PSoC5/cyfitter_cfg.c **** 	/* Configure Analog Clocks based on settings from Clock DWR */
 205:.\Generated_Source\PSoC5/cyfitter_cfg.c **** 	CYCONFIGCPY((void CYFAR *)(CYREG_CLKDIST_ACFG0_CFG0), (void CYFAR *)(BS_CYDEV_CLKDIST_ACFG0_CFG0_V
 217              		.loc 1 205 0
 218 0048 44F20010 		movw	r0, #:lower16:1073758464
 219 004c C4F20000 		movt	r0, #:upper16:1073758464
 220 0050 40F22841 		movw	r1, #:lower16:1207960616
 221 0054 C4F60001 		movt	r1, #:upper16:1207960616
 222 0058 4FF00402 		mov	r2, #4
 223 005c FFF7FEFF 		bl	memcpy
 206:.\Generated_Source\PSoC5/cyfitter_cfg.c **** 
 207:.\Generated_Source\PSoC5/cyfitter_cfg.c **** 	/* Configure ILO based on settings from Clock DWR */
 208:.\Generated_Source\PSoC5/cyfitter_cfg.c **** 	CY_SET_XTND_REG8((void CYFAR *)(CYREG_SLOWCLK_ILO_CR0), 0x02);
 224              		.loc 1 208 0
 225 0060 44F20033 		movw	r3, #:lower16:1073758976
 226 0064 C4F20003 		movt	r3, #:upper16:1073758976
 227 0068 4FF00202 		mov	r2, #2
 228 006c 1A70     		strb	r2, [r3, #0]
 209:.\Generated_Source\PSoC5/cyfitter_cfg.c **** 	CY_SET_XTND_REG8((void CYFAR *)(CYREG_CLKDIST_CR), 0x08);
 229              		.loc 1 209 0
 230 006e 44F20003 		movw	r3, #:lower16:1073758208
 231 0072 C4F20003 		movt	r3, #:upper16:1073758208
 232 0076 4FF00802 		mov	r2, #8
 233 007a 1A70     		strb	r2, [r3, #0]
 210:.\Generated_Source\PSoC5/cyfitter_cfg.c **** 
 211:.\Generated_Source\PSoC5/cyfitter_cfg.c **** 	/* Configure IMO based on settings from Clock DWR */
 212:.\Generated_Source\PSoC5/cyfitter_cfg.c **** 	CY_SET_XTND_REG8((void CYFAR *)(CYREG_FASTCLK_IMO_CR), 0x03);
 234              		.loc 1 212 0
 235 007c 44F20023 		movw	r3, #:lower16:1073758720
 236 0080 C4F20003 		movt	r3, #:upper16:1073758720
 237 0084 4FF00302 		mov	r2, #3
 238 0088 1A70     		strb	r2, [r3, #0]
 213:.\Generated_Source\PSoC5/cyfitter_cfg.c **** 	CY_SET_XTND_REG8((void CYFAR *)(CYREG_IMO_TR1), (CY_GET_XTND_REG8(CYREG_FLSHID_CUST_TABLES_IMO_3MH
 239              		.loc 1 213 0
ARM GAS  C:\DOCUME~1\student\LOCALS~1\Temp\ccRPeg5T.s 			page 9


 240 008a 44F2A163 		movw	r3, #:lower16:1073759905
 241 008e C4F20003 		movt	r3, #:upper16:1073759905
 242 0092 40F20812 		movw	r2, #:lower16:1224737032
 243 0096 C4F60012 		movt	r2, #:upper16:1224737032
 244 009a 1278     		ldrb	r2, [r2, #0]
 245 009c D2B2     		uxtb	r2, r2
 246 009e 1A70     		strb	r2, [r3, #0]
 214:.\Generated_Source\PSoC5/cyfitter_cfg.c **** 
 215:.\Generated_Source\PSoC5/cyfitter_cfg.c **** 	/* Configure PLL based on settings from Clock DWR */
 216:.\Generated_Source\PSoC5/cyfitter_cfg.c **** 	CY_SET_XTND_REG16((void CYFAR *)(CYREG_FASTCLK_PLL_P), 0x0008);
 247              		.loc 1 216 0
 248 00a0 44F22223 		movw	r3, #:lower16:1073758754
 249 00a4 C4F20003 		movt	r3, #:upper16:1073758754
 250 00a8 4FF00802 		mov	r2, #8
 251 00ac 1A80     		strh	r2, [r3, #0]	@ movhi
 217:.\Generated_Source\PSoC5/cyfitter_cfg.c **** 	CY_SET_XTND_REG16((void CYFAR *)(CYREG_FASTCLK_PLL_CFG0), 0x1051);
 252              		.loc 1 217 0
 253 00ae 44F22023 		movw	r3, #:lower16:1073758752
 254 00b2 C4F20003 		movt	r3, #:upper16:1073758752
 255 00b6 41F25102 		movw	r2, #4177
 256 00ba 1A80     		strh	r2, [r3, #0]	@ movhi
 218:.\Generated_Source\PSoC5/cyfitter_cfg.c **** 	/* Wait up to 250us for the PLL to lock */
 219:.\Generated_Source\PSoC5/cyfitter_cfg.c **** 	pllLock = 0;
 257              		.loc 1 219 0
 258 00bc 4FF00003 		mov	r3, #0
 259 00c0 FB71     		strb	r3, [r7, #7]
 220:.\Generated_Source\PSoC5/cyfitter_cfg.c **** 	for (timeout = 250 / 10; *timeout_p && (pllLock != 0x03u); timeout--) { 
 260              		.loc 1 220 0
 261 00c2 4FF01903 		mov	r3, #25
 262 00c6 BB60     		str	r3, [r7, #8]
 263 00c8 1AE0     		b	.L11
 264              	.L13:
 221:.\Generated_Source\PSoC5/cyfitter_cfg.c **** 		pllLock = 0x03u & ((pllLock << 1) | ((CY_GET_XTND_REG8(CYREG_FASTCLK_PLL_SR) & 0x01u) >> 0));
 265              		.loc 1 221 0
 266 00ca FB79     		ldrb	r3, [r7, #7]
 267 00cc DBB2     		uxtb	r3, r3
 268 00ce 4FEA4303 		lsl	r3, r3, #1
 269 00d2 DAB2     		uxtb	r2, r3
 270 00d4 44F22523 		movw	r3, #:lower16:1073758757
 271 00d8 C4F20003 		movt	r3, #:upper16:1073758757
 272 00dc 1B78     		ldrb	r3, [r3, #0]
 273 00de DBB2     		uxtb	r3, r3
 274 00e0 03F00103 		and	r3, r3, #1
 275 00e4 42EA0303 		orr	r3, r2, r3
 276 00e8 DBB2     		uxtb	r3, r3
 277 00ea 03F00303 		and	r3, r3, #3
 278 00ee FB71     		strb	r3, [r7, #7]
 222:.\Generated_Source\PSoC5/cyfitter_cfg.c **** 		CyDelayCycles(10 * 48); /* Delay 10us based on 48MHz clock */
 279              		.loc 1 222 0
 280 00f0 4FF4F070 		mov	r0, #480
 281 00f4 FFF7FEFF 		bl	CyDelayCycles
 282              		.loc 1 220 0
 283 00f8 BB68     		ldr	r3, [r7, #8]
 284 00fa 03F1FF33 		add	r3, r3, #-1
 285 00fe BB60     		str	r3, [r7, #8]
 286              	.L11:
 287 0100 FB68     		ldr	r3, [r7, #12]
ARM GAS  C:\DOCUME~1\student\LOCALS~1\Temp\ccRPeg5T.s 			page 10


 288 0102 1B68     		ldr	r3, [r3, #0]
 289 0104 002B     		cmp	r3, #0
 290 0106 03D0     		beq	.L12
 291 0108 FB79     		ldrb	r3, [r7, #7]
 292 010a DBB2     		uxtb	r3, r3
 293 010c 032B     		cmp	r3, #3
 294 010e DCD1     		bne	.L13
 295              	.L12:
 223:.\Generated_Source\PSoC5/cyfitter_cfg.c **** 	}
 224:.\Generated_Source\PSoC5/cyfitter_cfg.c **** 
 225:.\Generated_Source\PSoC5/cyfitter_cfg.c **** 	/* Configure Bus/Master Clock based on settings from Clock DWR */
 226:.\Generated_Source\PSoC5/cyfitter_cfg.c **** 	CY_SET_XTND_REG16((void CYFAR *)(CYREG_CLKDIST_MSTR0), 0x0100);
 296              		.loc 1 226 0
 297 0110 44F20403 		movw	r3, #:lower16:1073758212
 298 0114 C4F20003 		movt	r3, #:upper16:1073758212
 299 0118 4FF48072 		mov	r2, #256
 300 011c 1A80     		strh	r2, [r3, #0]	@ movhi
 227:.\Generated_Source\PSoC5/cyfitter_cfg.c **** 	CY_SET_XTND_REG8((void CYFAR *)(CYREG_CLKDIST_MSTR0), 0x07);
 301              		.loc 1 227 0
 302 011e 44F20403 		movw	r3, #:lower16:1073758212
 303 0122 C4F20003 		movt	r3, #:upper16:1073758212
 304 0126 4FF00702 		mov	r2, #7
 305 012a 1A70     		strb	r2, [r3, #0]
 228:.\Generated_Source\PSoC5/cyfitter_cfg.c **** 	CY_SET_XTND_REG8((void CYFAR *)(CYREG_CLKDIST_BCFG0), 0x00);
 306              		.loc 1 228 0
 307 012c 44F20603 		movw	r3, #:lower16:1073758214
 308 0130 C4F20003 		movt	r3, #:upper16:1073758214
 309 0134 4FF00002 		mov	r2, #0
 310 0138 1A70     		strb	r2, [r3, #0]
 229:.\Generated_Source\PSoC5/cyfitter_cfg.c **** 	CY_SET_XTND_REG8((void CYFAR *)(CYREG_CLKDIST_BCFG2), 0x48);
 311              		.loc 1 229 0
 312 013a 44F20803 		movw	r3, #:lower16:1073758216
 313 013e C4F20003 		movt	r3, #:upper16:1073758216
 314 0142 4FF04802 		mov	r2, #72
 315 0146 1A70     		strb	r2, [r3, #0]
 230:.\Generated_Source\PSoC5/cyfitter_cfg.c **** 	CY_SET_XTND_REG8((void CYFAR *)(CYREG_CLKDIST_MSTR0), 0x00);
 316              		.loc 1 230 0
 317 0148 44F20403 		movw	r3, #:lower16:1073758212
 318 014c C4F20003 		movt	r3, #:upper16:1073758212
 319 0150 4FF00002 		mov	r2, #0
 320 0154 1A70     		strb	r2, [r3, #0]
 231:.\Generated_Source\PSoC5/cyfitter_cfg.c **** 	CY_SET_XTND_REG8((void CYFAR *)(CYREG_CLKDIST_LD), 0x02);
 321              		.loc 1 231 0
 322 0156 44F20103 		movw	r3, #:lower16:1073758209
 323 015a C4F20003 		movt	r3, #:upper16:1073758209
 324 015e 4FF00202 		mov	r2, #2
 325 0162 1A70     		strb	r2, [r3, #0]
 232:.\Generated_Source\PSoC5/cyfitter_cfg.c **** 	CY_SET_XTND_REG8((void CYFAR *)(CYREG_CLKDIST_DLY1), 0x04);
 326              		.loc 1 232 0
 327 0164 44F20B03 		movw	r3, #:lower16:1073758219
 328 0168 C4F20003 		movt	r3, #:upper16:1073758219
 329 016c 4FF00402 		mov	r2, #4
 330 0170 1A70     		strb	r2, [r3, #0]
 233:.\Generated_Source\PSoC5/cyfitter_cfg.c **** 
 234:.\Generated_Source\PSoC5/cyfitter_cfg.c **** 	CY_SET_XTND_REG8((void CYFAR *)(CYREG_PM_ACT_CFG2), ((CY_GET_XTND_REG8(CYREG_PM_ACT_CFG2) | 0x07))
 331              		.loc 1 234 0
 332 0172 44F2A233 		movw	r3, #:lower16:1073759138
ARM GAS  C:\DOCUME~1\student\LOCALS~1\Temp\ccRPeg5T.s 			page 11


 333 0176 C4F20003 		movt	r3, #:upper16:1073759138
 334 017a 44F2A232 		movw	r2, #:lower16:1073759138
 335 017e C4F20002 		movt	r2, #:upper16:1073759138
 336 0182 1278     		ldrb	r2, [r2, #0]
 337 0184 D2B2     		uxtb	r2, r2
 338 0186 42F00702 		orr	r2, r2, #7
 339 018a D2B2     		uxtb	r2, r2
 340 018c 1A70     		strb	r2, [r3, #0]
 235:.\Generated_Source\PSoC5/cyfitter_cfg.c **** 	CY_SET_XTND_REG8((void CYFAR *)(CYREG_PM_ACT_CFG1), ((CY_GET_XTND_REG8(CYREG_PM_ACT_CFG1) | 0x01))
 341              		.loc 1 235 0
 342 018e 44F2A133 		movw	r3, #:lower16:1073759137
 343 0192 C4F20003 		movt	r3, #:upper16:1073759137
 344 0196 44F2A132 		movw	r2, #:lower16:1073759137
 345 019a C4F20002 		movt	r2, #:upper16:1073759137
 346 019e 1278     		ldrb	r2, [r2, #0]
 347 01a0 D2B2     		uxtb	r2, r2
 348 01a2 42F00102 		orr	r2, r2, #1
 349 01a6 D2B2     		uxtb	r2, r2
 350 01a8 1A70     		strb	r2, [r3, #0]
 236:.\Generated_Source\PSoC5/cyfitter_cfg.c **** 	CY_SET_XTND_REG8((void CYFAR *)(CYREG_PM_ACT_CFG0), ((CY_GET_XTND_REG8(CYREG_PM_ACT_CFG0) | 0x80))
 351              		.loc 1 236 0
 352 01aa 44F2A033 		movw	r3, #:lower16:1073759136
 353 01ae C4F20003 		movt	r3, #:upper16:1073759136
 354 01b2 44F2A032 		movw	r2, #:lower16:1073759136
 355 01b6 C4F20002 		movt	r2, #:upper16:1073759136
 356 01ba 1278     		ldrb	r2, [r2, #0]
 357 01bc D2B2     		uxtb	r2, r2
 358 01be 6FEA4262 		mvn	r2, r2, lsl #25
 359 01c2 6FEA5262 		mvn	r2, r2, lsr #25
 360 01c6 D2B2     		uxtb	r2, r2
 361 01c8 1A70     		strb	r2, [r3, #0]
 237:.\Generated_Source\PSoC5/cyfitter_cfg.c **** }
 362              		.loc 1 237 0
 363 01ca 07F11007 		add	r7, r7, #16
 364 01ce BD46     		mov	sp, r7
 365 01d0 80BD     		pop	{r7, pc}
 366              		.cfi_endproc
 367              	.LFE2:
 368              		.size	ClockSetup, .-ClockSetup
 369 01d2 00BF     		.section	.text.AnalogSetDefault,"ax",%progbits
 370              		.align	2
 371              		.global	AnalogSetDefault
 372              		.thumb
 373              		.thumb_func
 374              		.type	AnalogSetDefault, %function
 375              	AnalogSetDefault:
 376              	.LFB3:
 238:.\Generated_Source\PSoC5/cyfitter_cfg.c **** 
 239:.\Generated_Source\PSoC5/cyfitter_cfg.c **** 
 240:.\Generated_Source\PSoC5/cyfitter_cfg.c **** /* Analog API Functions */
 241:.\Generated_Source\PSoC5/cyfitter_cfg.c **** 
 242:.\Generated_Source\PSoC5/cyfitter_cfg.c **** /*******************************************************************************
 243:.\Generated_Source\PSoC5/cyfitter_cfg.c **** * Function Name: AnalogSetDefault
 244:.\Generated_Source\PSoC5/cyfitter_cfg.c **** ********************************************************************************
 245:.\Generated_Source\PSoC5/cyfitter_cfg.c **** *
 246:.\Generated_Source\PSoC5/cyfitter_cfg.c **** * Summary:
 247:.\Generated_Source\PSoC5/cyfitter_cfg.c **** *  Sets up the analog portions of the chip to default values based on chip
ARM GAS  C:\DOCUME~1\student\LOCALS~1\Temp\ccRPeg5T.s 			page 12


 248:.\Generated_Source\PSoC5/cyfitter_cfg.c **** *  configuration options from the project.
 249:.\Generated_Source\PSoC5/cyfitter_cfg.c **** *
 250:.\Generated_Source\PSoC5/cyfitter_cfg.c **** * Parameters:
 251:.\Generated_Source\PSoC5/cyfitter_cfg.c **** *  void
 252:.\Generated_Source\PSoC5/cyfitter_cfg.c **** *
 253:.\Generated_Source\PSoC5/cyfitter_cfg.c **** * Return:
 254:.\Generated_Source\PSoC5/cyfitter_cfg.c **** *  void
 255:.\Generated_Source\PSoC5/cyfitter_cfg.c **** *
 256:.\Generated_Source\PSoC5/cyfitter_cfg.c **** *******************************************************************************/
 257:.\Generated_Source\PSoC5/cyfitter_cfg.c **** void AnalogSetDefault(void)
 258:.\Generated_Source\PSoC5/cyfitter_cfg.c **** {
 377              		.loc 1 258 0
 378              		.cfi_startproc
 379              		@ args = 0, pretend = 0, frame = 8
 380              		@ frame_needed = 1, uses_anonymous_args = 0
 381              		@ link register save eliminated.
 382 0000 80B4     		push	{r7}
 383              	.LCFI9:
 384              		.cfi_def_cfa_offset 4
 385 0002 83B0     		sub	sp, sp, #12
 386              	.LCFI10:
 387              		.cfi_def_cfa_offset 16
 388 0004 00AF     		add	r7, sp, #0
 389              		.cfi_offset 7, -4
 390              	.LCFI11:
 391              		.cfi_def_cfa_register 7
 259:.\Generated_Source\PSoC5/cyfitter_cfg.c **** 	uint8 bg_xover_inl_trim = CY_GET_XTND_REG8(CYREG_FLSHID_MFG_CFG_BG_XOVER_INL_TRIM + 1u);
 392              		.loc 1 259 0
 393 0006 40F2CF13 		movw	r3, #:lower16:1224737231
 394 000a C4F60013 		movt	r3, #:upper16:1224737231
 395 000e 1B78     		ldrb	r3, [r3, #0]
 396 0010 FB71     		strb	r3, [r7, #7]
 260:.\Generated_Source\PSoC5/cyfitter_cfg.c **** 	CY_SET_XTND_REG8(CYREG_BG_DFT0, bg_xover_inl_trim & 0x07u);
 397              		.loc 1 260 0
 398 0012 45F66E03 		movw	r3, #:lower16:1073764462
 399 0016 C4F20003 		movt	r3, #:upper16:1073764462
 400 001a FA79     		ldrb	r2, [r7, #7]	@ zero_extendqisi2
 401 001c 02F00702 		and	r2, r2, #7
 402 0020 1A70     		strb	r2, [r3, #0]
 261:.\Generated_Source\PSoC5/cyfitter_cfg.c **** 	CY_SET_XTND_REG8(CYREG_BG_DFT1, (bg_xover_inl_trim >> 4) & 0x0Fu);
 403              		.loc 1 261 0
 404 0022 45F66F03 		movw	r3, #:lower16:1073764463
 405 0026 C4F20003 		movt	r3, #:upper16:1073764463
 406 002a FA79     		ldrb	r2, [r7, #7]	@ zero_extendqisi2
 407 002c 4FEA1212 		lsr	r2, r2, #4
 408 0030 D2B2     		uxtb	r2, r2
 409 0032 1A70     		strb	r2, [r3, #0]
 262:.\Generated_Source\PSoC5/cyfitter_cfg.c **** 	CY_SET_XTND_REG8(CYREG_PRT0_AG, 0x02);
 410              		.loc 1 262 0
 411 0034 45F20D13 		movw	r3, #:lower16:1073762573
 412 0038 C4F20003 		movt	r3, #:upper16:1073762573
 413 003c 4FF00202 		mov	r2, #2
 414 0040 1A70     		strb	r2, [r3, #0]
 263:.\Generated_Source\PSoC5/cyfitter_cfg.c **** 	CY_SET_XTND_REG8(CYREG_SAR1_CSR1, 0x60);
 415              		.loc 1 263 0
 416 0042 45F60913 		movw	r3, #:lower16:1073764617
 417 0046 C4F20003 		movt	r3, #:upper16:1073764617
ARM GAS  C:\DOCUME~1\student\LOCALS~1\Temp\ccRPeg5T.s 			page 13


 418 004a 4FF06002 		mov	r2, #96
 419 004e 1A70     		strb	r2, [r3, #0]
 264:.\Generated_Source\PSoC5/cyfitter_cfg.c **** 	CY_SET_XTND_REG8(CYREG_SC2_SW0, 0x20);
 420              		.loc 1 264 0
 421 0050 45F62023 		movw	r3, #:lower16:1073764896
 422 0054 C4F20003 		movt	r3, #:upper16:1073764896
 423 0058 4FF02002 		mov	r2, #32
 424 005c 1A70     		strb	r2, [r3, #0]
 265:.\Generated_Source\PSoC5/cyfitter_cfg.c **** 	CY_SET_XTND_REG8(CYREG_SC2_SW8, 0x10);
 425              		.loc 1 265 0
 426 005e 45F62823 		movw	r3, #:lower16:1073764904
 427 0062 C4F20003 		movt	r3, #:upper16:1073764904
 428 0066 4FF01002 		mov	r2, #16
 429 006a 1A70     		strb	r2, [r3, #0]
 266:.\Generated_Source\PSoC5/cyfitter_cfg.c **** 	CY_SET_XTND_REG8(CYREG_SAR1_SW0, 0x10);
 430              		.loc 1 266 0
 431 006c 45F62833 		movw	r3, #:lower16:1073765160
 432 0070 C4F20003 		movt	r3, #:upper16:1073765160
 433 0074 4FF01002 		mov	r2, #16
 434 0078 1A70     		strb	r2, [r3, #0]
 267:.\Generated_Source\PSoC5/cyfitter_cfg.c **** 	CY_SET_XTND_REG8(CYREG_SAR1_SW3, 0x20);
 435              		.loc 1 267 0
 436 007a 45F62B33 		movw	r3, #:lower16:1073765163
 437 007e C4F20003 		movt	r3, #:upper16:1073765163
 438 0082 4FF02002 		mov	r2, #32
 439 0086 1A70     		strb	r2, [r3, #0]
 268:.\Generated_Source\PSoC5/cyfitter_cfg.c **** 	CY_SET_XTND_REG8(CYREG_BUS_SW0, 0x10);
 440              		.loc 1 268 0
 441 0088 45F65833 		movw	r3, #:lower16:1073765208
 442 008c C4F20003 		movt	r3, #:upper16:1073765208
 443 0090 4FF01002 		mov	r2, #16
 444 0094 1A70     		strb	r2, [r3, #0]
 269:.\Generated_Source\PSoC5/cyfitter_cfg.c **** 	CY_SET_XTND_REG8(CYREG_PUMP_CR0, 0x44);
 445              		.loc 1 269 0
 446 0096 45F67603 		movw	r3, #:lower16:1073764470
 447 009a C4F20003 		movt	r3, #:upper16:1073764470
 448 009e 4FF04402 		mov	r2, #68
 449 00a2 1A70     		strb	r2, [r3, #0]
 270:.\Generated_Source\PSoC5/cyfitter_cfg.c **** }
 450              		.loc 1 270 0
 451 00a4 07F10C07 		add	r7, r7, #12
 452 00a8 BD46     		mov	sp, r7
 453 00aa 80BC     		pop	{r7}
 454 00ac 7047     		bx	lr
 455              		.cfi_endproc
 456              	.LFE3:
 457              		.size	AnalogSetDefault, .-AnalogSetDefault
 458 00ae 00BF     		.section	.text.SetAnalogRoutingPumps,"ax",%progbits
 459              		.align	2
 460              		.global	SetAnalogRoutingPumps
 461              		.thumb
 462              		.thumb_func
 463              		.type	SetAnalogRoutingPumps, %function
 464              	SetAnalogRoutingPumps:
 465              	.LFB4:
 271:.\Generated_Source\PSoC5/cyfitter_cfg.c **** 
 272:.\Generated_Source\PSoC5/cyfitter_cfg.c **** 
ARM GAS  C:\DOCUME~1\student\LOCALS~1\Temp\ccRPeg5T.s 			page 14


 273:.\Generated_Source\PSoC5/cyfitter_cfg.c **** /*******************************************************************************
 274:.\Generated_Source\PSoC5/cyfitter_cfg.c **** * Function Name: SetAnalogRoutingPumps
 275:.\Generated_Source\PSoC5/cyfitter_cfg.c **** ********************************************************************************
 276:.\Generated_Source\PSoC5/cyfitter_cfg.c **** *
 277:.\Generated_Source\PSoC5/cyfitter_cfg.c **** * Summary:
 278:.\Generated_Source\PSoC5/cyfitter_cfg.c **** * Enables or disables the analog pumps feeding analog routing switches.
 279:.\Generated_Source\PSoC5/cyfitter_cfg.c **** * Intended to be called at startup, based on the Vdda system configuration;
 280:.\Generated_Source\PSoC5/cyfitter_cfg.c **** * may be called during operation when the user informs us that the Vdda voltage crossed the pump th
 281:.\Generated_Source\PSoC5/cyfitter_cfg.c **** *
 282:.\Generated_Source\PSoC5/cyfitter_cfg.c **** * Parameters:
 283:.\Generated_Source\PSoC5/cyfitter_cfg.c **** *  enabled - 1 to enable the pumps, 0 to disable the pumps
 284:.\Generated_Source\PSoC5/cyfitter_cfg.c **** *
 285:.\Generated_Source\PSoC5/cyfitter_cfg.c **** * Return:
 286:.\Generated_Source\PSoC5/cyfitter_cfg.c **** *  void
 287:.\Generated_Source\PSoC5/cyfitter_cfg.c **** *
 288:.\Generated_Source\PSoC5/cyfitter_cfg.c **** *******************************************************************************/
 289:.\Generated_Source\PSoC5/cyfitter_cfg.c **** void SetAnalogRoutingPumps(uint8 enabled)
 290:.\Generated_Source\PSoC5/cyfitter_cfg.c **** {
 466              		.loc 1 290 0
 467              		.cfi_startproc
 468              		@ args = 0, pretend = 0, frame = 16
 469              		@ frame_needed = 1, uses_anonymous_args = 0
 470              		@ link register save eliminated.
 471 0000 80B4     		push	{r7}
 472              	.LCFI12:
 473              		.cfi_def_cfa_offset 4
 474 0002 85B0     		sub	sp, sp, #20
 475              	.LCFI13:
 476              		.cfi_def_cfa_offset 24
 477 0004 00AF     		add	r7, sp, #0
 478              		.cfi_offset 7, -4
 479              	.LCFI14:
 480              		.cfi_def_cfa_register 7
 481 0006 0346     		mov	r3, r0
 482 0008 FB71     		strb	r3, [r7, #7]
 291:.\Generated_Source\PSoC5/cyfitter_cfg.c **** 	uint8 regValue = CY_GET_XTND_REG8(CYREG_PUMP_CR0);
 483              		.loc 1 291 0
 484 000a 45F67603 		movw	r3, #:lower16:1073764470
 485 000e C4F20003 		movt	r3, #:upper16:1073764470
 486 0012 1B78     		ldrb	r3, [r3, #0]
 487 0014 FB73     		strb	r3, [r7, #15]
 292:.\Generated_Source\PSoC5/cyfitter_cfg.c **** 	if (enabled)
 488              		.loc 1 292 0
 489 0016 FB79     		ldrb	r3, [r7, #7]	@ zero_extendqisi2
 490 0018 002B     		cmp	r3, #0
 491 001a 04D0     		beq	.L18
 293:.\Generated_Source\PSoC5/cyfitter_cfg.c **** 		regValue |= 0x02;
 492              		.loc 1 293 0
 493 001c FB7B     		ldrb	r3, [r7, #15]
 494 001e 43F00203 		orr	r3, r3, #2
 495 0022 FB73     		strb	r3, [r7, #15]
 496 0024 03E0     		b	.L19
 497              	.L18:
 294:.\Generated_Source\PSoC5/cyfitter_cfg.c **** 	else
 295:.\Generated_Source\PSoC5/cyfitter_cfg.c **** 		regValue &= ~0x02;
 498              		.loc 1 295 0
 499 0026 FB7B     		ldrb	r3, [r7, #15]
ARM GAS  C:\DOCUME~1\student\LOCALS~1\Temp\ccRPeg5T.s 			page 15


 500 0028 23F00203 		bic	r3, r3, #2
 501 002c FB73     		strb	r3, [r7, #15]
 502              	.L19:
 296:.\Generated_Source\PSoC5/cyfitter_cfg.c **** 	CY_SET_XTND_REG8(CYREG_PUMP_CR0, regValue);
 503              		.loc 1 296 0
 504 002e 45F67603 		movw	r3, #:lower16:1073764470
 505 0032 C4F20003 		movt	r3, #:upper16:1073764470
 506 0036 FA7B     		ldrb	r2, [r7, #15]
 507 0038 1A70     		strb	r2, [r3, #0]
 297:.\Generated_Source\PSoC5/cyfitter_cfg.c **** }
 508              		.loc 1 297 0
 509 003a 07F11407 		add	r7, r7, #20
 510 003e BD46     		mov	sp, r7
 511 0040 80BC     		pop	{r7}
 512 0042 7047     		bx	lr
 513              		.cfi_endproc
 514              	.LFE4:
 515              		.size	SetAnalogRoutingPumps, .-SetAnalogRoutingPumps
 516              		.section	.text.cyfitter_cfg,"ax",%progbits
 517              		.align	2
 518              		.global	cyfitter_cfg
 519              		.thumb
 520              		.thumb_func
 521              		.type	cyfitter_cfg, %function
 522              	cyfitter_cfg:
 523              	.LFB5:
 298:.\Generated_Source\PSoC5/cyfitter_cfg.c **** 
 299:.\Generated_Source\PSoC5/cyfitter_cfg.c **** #define CY_AMUX_UNUSED CYREG_BOOST_SR
 300:.\Generated_Source\PSoC5/cyfitter_cfg.c **** 
 301:.\Generated_Source\PSoC5/cyfitter_cfg.c **** 
 302:.\Generated_Source\PSoC5/cyfitter_cfg.c **** /*******************************************************************************
 303:.\Generated_Source\PSoC5/cyfitter_cfg.c **** * Function Name: cyfitter_cfg
 304:.\Generated_Source\PSoC5/cyfitter_cfg.c **** ********************************************************************************
 305:.\Generated_Source\PSoC5/cyfitter_cfg.c **** * Summary:
 306:.\Generated_Source\PSoC5/cyfitter_cfg.c **** *  This function is called by the start-up code for the selected device. It
 307:.\Generated_Source\PSoC5/cyfitter_cfg.c **** *  performs all of the necessary device configuration based on the design
 308:.\Generated_Source\PSoC5/cyfitter_cfg.c **** *  settings.  This includes settings from the Design Wide Resources (DWR) such
 309:.\Generated_Source\PSoC5/cyfitter_cfg.c **** *  as Clocks and Pins as well as any component configuration that is necessary.
 310:.\Generated_Source\PSoC5/cyfitter_cfg.c **** *
 311:.\Generated_Source\PSoC5/cyfitter_cfg.c **** * Parameters:  
 312:.\Generated_Source\PSoC5/cyfitter_cfg.c **** *   void
 313:.\Generated_Source\PSoC5/cyfitter_cfg.c **** *
 314:.\Generated_Source\PSoC5/cyfitter_cfg.c **** * Return:
 315:.\Generated_Source\PSoC5/cyfitter_cfg.c **** *   void
 316:.\Generated_Source\PSoC5/cyfitter_cfg.c **** *
 317:.\Generated_Source\PSoC5/cyfitter_cfg.c **** *******************************************************************************/
 318:.\Generated_Source\PSoC5/cyfitter_cfg.c **** void cyfitter_cfg(void)
 319:.\Generated_Source\PSoC5/cyfitter_cfg.c **** {
 524              		.loc 1 319 0
 525              		.cfi_startproc
 526              		@ args = 0, pretend = 0, frame = 8
 527              		@ frame_needed = 1, uses_anonymous_args = 0
 528 0000 80B5     		push	{r7, lr}
 529              	.LCFI15:
 530              		.cfi_def_cfa_offset 8
 531 0002 82B0     		sub	sp, sp, #8
 532              	.LCFI16:
ARM GAS  C:\DOCUME~1\student\LOCALS~1\Temp\ccRPeg5T.s 			page 16


 533              		.cfi_def_cfa_offset 16
 534 0004 00AF     		add	r7, sp, #0
 535              		.cfi_offset 14, -4
 536              		.cfi_offset 7, -8
 537              	.LCFI17:
 538              		.cfi_def_cfa_register 7
 320:.\Generated_Source\PSoC5/cyfitter_cfg.c **** #ifdef CYGlobalIntDisable
 321:.\Generated_Source\PSoC5/cyfitter_cfg.c **** 	/* Disable interrupts by default. Let user enable if/when they want. */
 322:.\Generated_Source\PSoC5/cyfitter_cfg.c **** 	CYGlobalIntDisable;
 539              		.loc 1 322 0
 540              	@ 322 ".\Generated_Source\PSoC5\cyfitter_cfg.c" 1
 541 0006 72B6     		CPSID   i
 542              	@ 0 "" 2
 323:.\Generated_Source\PSoC5/cyfitter_cfg.c **** #endif
 324:.\Generated_Source\PSoC5/cyfitter_cfg.c **** 
 325:.\Generated_Source\PSoC5/cyfitter_cfg.c **** 	/* Enable/Disable Debug functionality based on settings from System DWR */
 326:.\Generated_Source\PSoC5/cyfitter_cfg.c **** 	CY_SET_XTND_REG8(CYREG_MLOGIC_DEBUG, (CY_GET_XTND_REG8(CYREG_MLOGIC_DEBUG) | 0x04));
 543              		.loc 1 326 0
 544              		.thumb
 545 0008 44F2E863 		movw	r3, #:lower16:1073759976
 546 000c C4F20003 		movt	r3, #:upper16:1073759976
 547 0010 44F2E862 		movw	r2, #:lower16:1073759976
 548 0014 C4F20002 		movt	r2, #:upper16:1073759976
 549 0018 1278     		ldrb	r2, [r2, #0]
 550 001a D2B2     		uxtb	r2, r2
 551 001c 42F00402 		orr	r2, r2, #4
 552 0020 D2B2     		uxtb	r2, r2
 553 0022 1A70     		strb	r2, [r3, #0]
 554              	.LBB3:
 327:.\Generated_Source\PSoC5/cyfitter_cfg.c **** 
 328:.\Generated_Source\PSoC5/cyfitter_cfg.c **** 	{
 329:.\Generated_Source\PSoC5/cyfitter_cfg.c **** 		uint8 CYDATA i;
 330:.\Generated_Source\PSoC5/cyfitter_cfg.c **** 
 331:.\Generated_Source\PSoC5/cyfitter_cfg.c **** 		/* Zero out critical memory blocks before beginning configuration */
 332:.\Generated_Source\PSoC5/cyfitter_cfg.c **** 		for (i = 0; i < CFG_MEMSET_COUNT; i++)
 555              		.loc 1 332 0
 556 0024 4FF00003 		mov	r3, #0
 557 0028 FB70     		strb	r3, [r7, #3]
 558 002a 31E0     		b	.L22
 559              	.L23:
 560              	.LBB4:
 333:.\Generated_Source\PSoC5/cyfitter_cfg.c **** 		{
 334:.\Generated_Source\PSoC5/cyfitter_cfg.c **** 			const cfg_memset_t CYCODE * CYDATA ms = &cfg_memset_list[i];
 561              		.loc 1 334 0
 562 002c FA78     		ldrb	r2, [r7, #3]	@ zero_extendqisi2
 563 002e 1346     		mov	r3, r2
 564 0030 4FEA4303 		lsl	r3, r3, #1
 565 0034 1344     		add	r3, r3, r2
 566 0036 4FEA4303 		lsl	r3, r3, #1
 567 003a 1A46     		mov	r2, r3
 568 003c 40F20003 		movw	r3, #:lower16:cfg_memset_list
 569 0040 C0F20003 		movt	r3, #:upper16:cfg_memset_list
 570 0044 1344     		add	r3, r2, r3
 571 0046 7B60     		str	r3, [r7, #4]
 335:.\Generated_Source\PSoC5/cyfitter_cfg.c **** 			CYMEMZERO(ms->address, ms->size);
 572              		.loc 1 335 0
 573 0048 7B68     		ldr	r3, [r7, #4]
ARM GAS  C:\DOCUME~1\student\LOCALS~1\Temp\ccRPeg5T.s 			page 17


 574 004a 1A78     		ldrb	r2, [r3, #0]	@ zero_extendqisi2
 575 004c 5978     		ldrb	r1, [r3, #1]	@ zero_extendqisi2
 576 004e 4FEA0121 		lsl	r1, r1, #8
 577 0052 41EA0202 		orr	r2, r1, r2
 578 0056 9978     		ldrb	r1, [r3, #2]	@ zero_extendqisi2
 579 0058 4FEA0141 		lsl	r1, r1, #16
 580 005c 41EA0202 		orr	r2, r1, r2
 581 0060 DB78     		ldrb	r3, [r3, #3]	@ zero_extendqisi2
 582 0062 4FEA0363 		lsl	r3, r3, #24
 583 0066 43EA0203 		orr	r3, r3, r2
 584 006a 1A46     		mov	r2, r3
 585 006c 7B68     		ldr	r3, [r7, #4]
 586 006e 1979     		ldrb	r1, [r3, #4]	@ zero_extendqisi2
 587 0070 5B79     		ldrb	r3, [r3, #5]	@ zero_extendqisi2
 588 0072 4FEA0323 		lsl	r3, r3, #8
 589 0076 43EA0103 		orr	r3, r3, r1
 590 007a 9BB2     		uxth	r3, r3
 591 007c 1046     		mov	r0, r2
 592 007e 4FF00001 		mov	r1, #0
 593 0082 1A46     		mov	r2, r3
 594 0084 FFF7FEFF 		bl	memset
 595              	.LBE4:
 596              		.loc 1 332 0
 597 0088 FB78     		ldrb	r3, [r7, #3]
 598 008a 03F10103 		add	r3, r3, #1
 599 008e FB70     		strb	r3, [r7, #3]
 600              	.L22:
 601 0090 FB78     		ldrb	r3, [r7, #3]	@ zero_extendqisi2
 602 0092 082B     		cmp	r3, #8
 603 0094 CAD9     		bls	.L23
 336:.\Generated_Source\PSoC5/cyfitter_cfg.c **** 		}
 337:.\Generated_Source\PSoC5/cyfitter_cfg.c **** 
 338:.\Generated_Source\PSoC5/cyfitter_cfg.c **** 		cfg_write_bytes32();
 604              		.loc 1 338 0
 605 0096 FFF7FEFF 		bl	cfg_write_bytes32
 339:.\Generated_Source\PSoC5/cyfitter_cfg.c **** 
 340:.\Generated_Source\PSoC5/cyfitter_cfg.c **** 		/* Enable digital routing */
 341:.\Generated_Source\PSoC5/cyfitter_cfg.c **** 		CY_SET_XTND_REG8(CYREG_BCTL0_BANK_CTL, CY_GET_XTND_REG8(CYREG_BCTL0_BANK_CTL) | 0x02u);
 606              		.loc 1 341 0
 607 009a 45F20303 		movw	r3, #:lower16:1073827843
 608 009e C4F20103 		movt	r3, #:upper16:1073827843
 609 00a2 45F20302 		movw	r2, #:lower16:1073827843
 610 00a6 C4F20102 		movt	r2, #:upper16:1073827843
 611 00aa 1278     		ldrb	r2, [r2, #0]
 612 00ac D2B2     		uxtb	r2, r2
 613 00ae 42F00202 		orr	r2, r2, #2
 614 00b2 D2B2     		uxtb	r2, r2
 615 00b4 1A70     		strb	r2, [r3, #0]
 342:.\Generated_Source\PSoC5/cyfitter_cfg.c **** 		CY_SET_XTND_REG8(CYREG_BCTL1_BANK_CTL, CY_GET_XTND_REG8(CYREG_BCTL1_BANK_CTL) | 0x02u);
 616              		.loc 1 342 0
 617 00b6 45F21303 		movw	r3, #:lower16:1073827859
 618 00ba C4F20103 		movt	r3, #:upper16:1073827859
 619 00be 45F21302 		movw	r2, #:lower16:1073827859
 620 00c2 C4F20102 		movt	r2, #:upper16:1073827859
 621 00c6 1278     		ldrb	r2, [r2, #0]
 622 00c8 D2B2     		uxtb	r2, r2
 623 00ca 42F00202 		orr	r2, r2, #2
ARM GAS  C:\DOCUME~1\student\LOCALS~1\Temp\ccRPeg5T.s 			page 18


 624 00ce D2B2     		uxtb	r2, r2
 625 00d0 1A70     		strb	r2, [r3, #0]
 343:.\Generated_Source\PSoC5/cyfitter_cfg.c **** 
 344:.\Generated_Source\PSoC5/cyfitter_cfg.c **** 		/* Enable UDB array */
 345:.\Generated_Source\PSoC5/cyfitter_cfg.c **** 		CY_SET_XTND_REG8(CYREG_PM_ACT_CFG0, CY_GET_XTND_REG8(CYREG_PM_ACT_CFG0) | 0x40u);
 626              		.loc 1 345 0
 627 00d2 44F2A033 		movw	r3, #:lower16:1073759136
 628 00d6 C4F20003 		movt	r3, #:upper16:1073759136
 629 00da 44F2A032 		movw	r2, #:lower16:1073759136
 630 00de C4F20002 		movt	r2, #:upper16:1073759136
 631 00e2 1278     		ldrb	r2, [r2, #0]
 632 00e4 D2B2     		uxtb	r2, r2
 633 00e6 42F04002 		orr	r2, r2, #64
 634 00ea D2B2     		uxtb	r2, r2
 635 00ec 1A70     		strb	r2, [r3, #0]
 346:.\Generated_Source\PSoC5/cyfitter_cfg.c **** 		CY_SET_XTND_REG8(CYREG_PM_AVAIL_CR2, CY_GET_XTND_REG8(CYREG_PM_AVAIL_CR2) | 0x10u);
 636              		.loc 1 346 0
 637 00ee 44F2C233 		movw	r3, #:lower16:1073759170
 638 00f2 C4F20003 		movt	r3, #:upper16:1073759170
 639 00f6 44F2C232 		movw	r2, #:lower16:1073759170
 640 00fa C4F20002 		movt	r2, #:upper16:1073759170
 641 00fe 1278     		ldrb	r2, [r2, #0]
 642 0100 D2B2     		uxtb	r2, r2
 643 0102 42F01002 		orr	r2, r2, #16
 644 0106 D2B2     		uxtb	r2, r2
 645 0108 1A70     		strb	r2, [r3, #0]
 646              	.LBE3:
 347:.\Generated_Source\PSoC5/cyfitter_cfg.c **** 	}
 348:.\Generated_Source\PSoC5/cyfitter_cfg.c **** 
 349:.\Generated_Source\PSoC5/cyfitter_cfg.c **** 	/* Perform second pass device configuration. These items must be configured in specific order afte
 350:.\Generated_Source\PSoC5/cyfitter_cfg.c **** 	CYCONFIGCPY((void CYFAR *)(CYREG_PRT0_DM0), (void CYFAR *)(BS_IOPINS0_0_VAL), 8);
 647              		.loc 1 350 0
 648 010a 45F20210 		movw	r0, #:lower16:1073762562
 649 010e C4F20000 		movt	r0, #:upper16:1073762562
 650 0112 40F20C41 		movw	r1, #:lower16:1207960588
 651 0116 C4F60001 		movt	r1, #:upper16:1207960588
 652 011a 4FF00802 		mov	r2, #8
 653 011e FFF7FEFF 		bl	memcpy
 351:.\Generated_Source\PSoC5/cyfitter_cfg.c **** 	CYCONFIGCPY((void CYFAR *)(CYREG_PRT2_DM0), (void CYFAR *)(BS_IOPINS0_2_VAL), 8);
 654              		.loc 1 351 0
 655 0122 45F22210 		movw	r0, #:lower16:1073762594
 656 0126 C4F20000 		movt	r0, #:upper16:1073762594
 657 012a 40F21441 		movw	r1, #:lower16:1207960596
 658 012e C4F60001 		movt	r1, #:upper16:1207960596
 659 0132 4FF00802 		mov	r2, #8
 660 0136 FFF7FEFF 		bl	memcpy
 352:.\Generated_Source\PSoC5/cyfitter_cfg.c **** 	CYCONFIGCPY((void CYFAR *)(CYREG_PRT6_DR), (void CYFAR *)(BS_IOPINS0_6_VAL), 10);
 661              		.loc 1 352 0
 662 013a 45F26010 		movw	r0, #:lower16:1073762656
 663 013e C4F20000 		movt	r0, #:upper16:1073762656
 664 0142 40F21C41 		movw	r1, #:lower16:1207960604
 665 0146 C4F60001 		movt	r1, #:upper16:1207960604
 666 014a 4FF00A02 		mov	r2, #10
 667 014e FFF7FEFF 		bl	memcpy
 353:.\Generated_Source\PSoC5/cyfitter_cfg.c **** 
 354:.\Generated_Source\PSoC5/cyfitter_cfg.c **** 	/* Switch Boost to the precision bandgap reference from its internal reference */
 355:.\Generated_Source\PSoC5/cyfitter_cfg.c **** 	CY_SET_REG8(CYDEV_BOOST_CR2, (CY_GET_REG8(CYDEV_BOOST_CR2) | 0x08));
ARM GAS  C:\DOCUME~1\student\LOCALS~1\Temp\ccRPeg5T.s 			page 19


 668              		.loc 1 355 0
 669 0152 44F22233 		movw	r3, #:lower16:1073759010
 670 0156 C4F20003 		movt	r3, #:upper16:1073759010
 671 015a 44F22232 		movw	r2, #:lower16:1073759010
 672 015e C4F20002 		movt	r2, #:upper16:1073759010
 673 0162 1278     		ldrb	r2, [r2, #0]
 674 0164 D2B2     		uxtb	r2, r2
 675 0166 42F00802 		orr	r2, r2, #8
 676 016a D2B2     		uxtb	r2, r2
 677 016c 1A70     		strb	r2, [r3, #0]
 356:.\Generated_Source\PSoC5/cyfitter_cfg.c **** 
 357:.\Generated_Source\PSoC5/cyfitter_cfg.c **** 	/* Set Flash Cycles based on max possible frequency in case a glitch occurs during ClockSetup(). *
 358:.\Generated_Source\PSoC5/cyfitter_cfg.c **** 	CY_SET_XTND_REG8((void CYFAR *)(CYREG_CACHE_CC_CTL), ((CYDEV_INSTRUCT_CACHE_ENABLED) ? 0x01 : 0x00
 678              		.loc 1 358 0
 679 016e 44F60003 		movw	r3, #:lower16:1073760256
 680 0172 C4F20003 		movt	r3, #:upper16:1073760256
 681 0176 4FF00102 		mov	r2, #1
 682 017a 1A70     		strb	r2, [r3, #0]
 359:.\Generated_Source\PSoC5/cyfitter_cfg.c **** 	/* Setup clocks based on selections from Clock DWR */
 360:.\Generated_Source\PSoC5/cyfitter_cfg.c **** 	ClockSetup();
 683              		.loc 1 360 0
 684 017c FFF7FEFF 		bl	ClockSetup
 361:.\Generated_Source\PSoC5/cyfitter_cfg.c **** 	/* Set Flash Cycles based on newly configured 24.00MHz Bus Clock. */
 362:.\Generated_Source\PSoC5/cyfitter_cfg.c **** 	CY_SET_XTND_REG8((void CYFAR *)(CYREG_CACHE_CC_CTL), ((CYDEV_INSTRUCT_CACHE_ENABLED) ? 0x81 : 0x80
 685              		.loc 1 362 0
 686 0180 44F60003 		movw	r3, #:lower16:1073760256
 687 0184 C4F20003 		movt	r3, #:upper16:1073760256
 688 0188 6FF07E02 		mvn	r2, #126
 689 018c 1A70     		strb	r2, [r3, #0]
 363:.\Generated_Source\PSoC5/cyfitter_cfg.c **** 	CY_SET_XTND_REG8((void CYFAR *)(CYREG_PANTHER_WAITPIPE), 0x01);
 690              		.loc 1 363 0
 691 018e 40F20403 		movw	r3, #:lower16:1074266116
 692 0192 C4F20803 		movt	r3, #:upper16:1074266116
 693 0196 4FF00102 		mov	r2, #1
 694 019a 1A70     		strb	r2, [r3, #0]
 364:.\Generated_Source\PSoC5/cyfitter_cfg.c **** 
 365:.\Generated_Source\PSoC5/cyfitter_cfg.c **** 	/* Perform basic analog initialization to defaults */
 366:.\Generated_Source\PSoC5/cyfitter_cfg.c **** 	AnalogSetDefault();
 695              		.loc 1 366 0
 696 019c FFF7FEFF 		bl	AnalogSetDefault
 367:.\Generated_Source\PSoC5/cyfitter_cfg.c **** 
 368:.\Generated_Source\PSoC5/cyfitter_cfg.c **** 	/* Configure alternate active mode */
 369:.\Generated_Source\PSoC5/cyfitter_cfg.c **** 	CYCONFIGCPY((void CYFAR *)CYDEV_PM_STBY_BASE, (void CYFAR *)CYDEV_PM_ACT_BASE, 14);
 697              		.loc 1 369 0
 698 01a0 44F2B030 		movw	r0, #:lower16:1073759152
 699 01a4 C4F20000 		movt	r0, #:upper16:1073759152
 700 01a8 44F2A031 		movw	r1, #:lower16:1073759136
 701 01ac C4F20001 		movt	r1, #:upper16:1073759136
 702 01b0 4FF00E02 		mov	r2, #14
 703 01b4 FFF7FEFF 		bl	memcpy
 370:.\Generated_Source\PSoC5/cyfitter_cfg.c **** }
 704              		.loc 1 370 0
 705 01b8 07F10807 		add	r7, r7, #8
 706 01bc BD46     		mov	sp, r7
 707 01be 80BD     		pop	{r7, pc}
 708              		.cfi_endproc
 709              	.LFE5:
ARM GAS  C:\DOCUME~1\student\LOCALS~1\Temp\ccRPeg5T.s 			page 20


 710              		.size	cyfitter_cfg, .-cyfitter_cfg
 711              		.text
 712              	.Letext0:
 713              		.section	.debug_loc,"",%progbits
 714              	.Ldebug_loc0:
 715              	.LLST0:
 716 0000 00000000 		.4byte	.LFB0
 717 0004 02000000 		.4byte	.LCFI0
 718 0008 0100     		.2byte	0x1
 719 000a 5D       		.byte	0x5d
 720 000b 02000000 		.4byte	.LCFI0
 721 000f 04000000 		.4byte	.LCFI1
 722 0013 0200     		.2byte	0x2
 723 0015 7D       		.byte	0x7d
 724 0016 04       		.sleb128 4
 725 0017 04000000 		.4byte	.LCFI1
 726 001b 06000000 		.4byte	.LCFI2
 727 001f 0200     		.2byte	0x2
 728 0021 7D       		.byte	0x7d
 729 0022 10       		.sleb128 16
 730 0023 06000000 		.4byte	.LCFI2
 731 0027 0C000000 		.4byte	.LFE0
 732 002b 0200     		.2byte	0x2
 733 002d 77       		.byte	0x77
 734 002e 10       		.sleb128 16
 735 002f 00000000 		.4byte	0x0
 736 0033 00000000 		.4byte	0x0
 737              	.LLST1:
 738 0037 00000000 		.4byte	.LFB1
 739 003b 02000000 		.4byte	.LCFI3
 740 003f 0100     		.2byte	0x1
 741 0041 5D       		.byte	0x5d
 742 0042 02000000 		.4byte	.LCFI3
 743 0046 04000000 		.4byte	.LCFI4
 744 004a 0200     		.2byte	0x2
 745 004c 7D       		.byte	0x7d
 746 004d 04       		.sleb128 4
 747 004e 04000000 		.4byte	.LCFI4
 748 0052 06000000 		.4byte	.LCFI5
 749 0056 0200     		.2byte	0x2
 750 0058 7D       		.byte	0x7d
 751 0059 18       		.sleb128 24
 752 005a 06000000 		.4byte	.LCFI5
 753 005e 92000000 		.4byte	.LFE1
 754 0062 0200     		.2byte	0x2
 755 0064 77       		.byte	0x77
 756 0065 18       		.sleb128 24
 757 0066 00000000 		.4byte	0x0
 758 006a 00000000 		.4byte	0x0
 759              	.LLST2:
 760 006e 00000000 		.4byte	.LFB2
 761 0072 02000000 		.4byte	.LCFI6
 762 0076 0100     		.2byte	0x1
 763 0078 5D       		.byte	0x5d
 764 0079 02000000 		.4byte	.LCFI6
 765 007d 04000000 		.4byte	.LCFI7
 766 0081 0200     		.2byte	0x2
ARM GAS  C:\DOCUME~1\student\LOCALS~1\Temp\ccRPeg5T.s 			page 21


 767 0083 7D       		.byte	0x7d
 768 0084 08       		.sleb128 8
 769 0085 04000000 		.4byte	.LCFI7
 770 0089 06000000 		.4byte	.LCFI8
 771 008d 0200     		.2byte	0x2
 772 008f 7D       		.byte	0x7d
 773 0090 18       		.sleb128 24
 774 0091 06000000 		.4byte	.LCFI8
 775 0095 D2010000 		.4byte	.LFE2
 776 0099 0200     		.2byte	0x2
 777 009b 77       		.byte	0x77
 778 009c 18       		.sleb128 24
 779 009d 00000000 		.4byte	0x0
 780 00a1 00000000 		.4byte	0x0
 781              	.LLST3:
 782 00a5 00000000 		.4byte	.LFB3
 783 00a9 02000000 		.4byte	.LCFI9
 784 00ad 0100     		.2byte	0x1
 785 00af 5D       		.byte	0x5d
 786 00b0 02000000 		.4byte	.LCFI9
 787 00b4 04000000 		.4byte	.LCFI10
 788 00b8 0200     		.2byte	0x2
 789 00ba 7D       		.byte	0x7d
 790 00bb 04       		.sleb128 4
 791 00bc 04000000 		.4byte	.LCFI10
 792 00c0 06000000 		.4byte	.LCFI11
 793 00c4 0200     		.2byte	0x2
 794 00c6 7D       		.byte	0x7d
 795 00c7 10       		.sleb128 16
 796 00c8 06000000 		.4byte	.LCFI11
 797 00cc AE000000 		.4byte	.LFE3
 798 00d0 0200     		.2byte	0x2
 799 00d2 77       		.byte	0x77
 800 00d3 10       		.sleb128 16
 801 00d4 00000000 		.4byte	0x0
 802 00d8 00000000 		.4byte	0x0
 803              	.LLST4:
 804 00dc 00000000 		.4byte	.LFB4
 805 00e0 02000000 		.4byte	.LCFI12
 806 00e4 0100     		.2byte	0x1
 807 00e6 5D       		.byte	0x5d
 808 00e7 02000000 		.4byte	.LCFI12
 809 00eb 04000000 		.4byte	.LCFI13
 810 00ef 0200     		.2byte	0x2
 811 00f1 7D       		.byte	0x7d
 812 00f2 04       		.sleb128 4
 813 00f3 04000000 		.4byte	.LCFI13
 814 00f7 06000000 		.4byte	.LCFI14
 815 00fb 0200     		.2byte	0x2
 816 00fd 7D       		.byte	0x7d
 817 00fe 18       		.sleb128 24
 818 00ff 06000000 		.4byte	.LCFI14
 819 0103 44000000 		.4byte	.LFE4
 820 0107 0200     		.2byte	0x2
 821 0109 77       		.byte	0x77
 822 010a 18       		.sleb128 24
 823 010b 00000000 		.4byte	0x0
ARM GAS  C:\DOCUME~1\student\LOCALS~1\Temp\ccRPeg5T.s 			page 22


 824 010f 00000000 		.4byte	0x0
 825              	.LLST5:
 826 0113 00000000 		.4byte	.LFB5
 827 0117 02000000 		.4byte	.LCFI15
 828 011b 0100     		.2byte	0x1
 829 011d 5D       		.byte	0x5d
 830 011e 02000000 		.4byte	.LCFI15
 831 0122 04000000 		.4byte	.LCFI16
 832 0126 0200     		.2byte	0x2
 833 0128 7D       		.byte	0x7d
 834 0129 08       		.sleb128 8
 835 012a 04000000 		.4byte	.LCFI16
 836 012e 06000000 		.4byte	.LCFI17
 837 0132 0200     		.2byte	0x2
 838 0134 7D       		.byte	0x7d
 839 0135 10       		.sleb128 16
 840 0136 06000000 		.4byte	.LCFI17
 841 013a C0010000 		.4byte	.LFE5
 842 013e 0200     		.2byte	0x2
 843 0140 77       		.byte	0x77
 844 0141 10       		.sleb128 16
 845 0142 00000000 		.4byte	0x0
 846 0146 00000000 		.4byte	0x0
 847              		.file 2 "./Generated_Source/PSoC5/cytypes.h"
 848              		.section	.debug_info
 849 0000 9D020000 		.4byte	0x29d
 850 0004 0200     		.2byte	0x2
 851 0006 00000000 		.4byte	.Ldebug_abbrev0
 852 000a 04       		.byte	0x4
 853 000b 01       		.uleb128 0x1
 854 000c 39010000 		.4byte	.LASF34
 855 0010 01       		.byte	0x1
 856 0011 66010000 		.4byte	.LASF35
 857 0015 8E010000 		.4byte	.LASF36
 858 0019 00000000 		.4byte	0x0
 859 001d 00000000 		.4byte	0x0
 860 0021 00000000 		.4byte	.Ldebug_ranges0+0x0
 861 0025 00000000 		.4byte	.Ldebug_line0
 862 0029 02       		.uleb128 0x2
 863 002a 01       		.byte	0x1
 864 002b 06       		.byte	0x6
 865 002c C7010000 		.4byte	.LASF0
 866 0030 02       		.uleb128 0x2
 867 0031 01       		.byte	0x1
 868 0032 08       		.byte	0x8
 869 0033 B5000000 		.4byte	.LASF1
 870 0037 02       		.uleb128 0x2
 871 0038 02       		.byte	0x2
 872 0039 05       		.byte	0x5
 873 003a 5C010000 		.4byte	.LASF2
 874 003e 02       		.uleb128 0x2
 875 003f 02       		.byte	0x2
 876 0040 07       		.byte	0x7
 877 0041 36000000 		.4byte	.LASF3
 878 0045 03       		.uleb128 0x3
 879 0046 04       		.byte	0x4
 880 0047 05       		.byte	0x5
ARM GAS  C:\DOCUME~1\student\LOCALS~1\Temp\ccRPeg5T.s 			page 23


 881 0048 696E7400 		.ascii	"int\000"
 882 004c 02       		.uleb128 0x2
 883 004d 04       		.byte	0x4
 884 004e 07       		.byte	0x7
 885 004f F7000000 		.4byte	.LASF4
 886 0053 02       		.uleb128 0x2
 887 0054 08       		.byte	0x8
 888 0055 05       		.byte	0x5
 889 0056 00000000 		.4byte	.LASF5
 890 005a 02       		.uleb128 0x2
 891 005b 08       		.byte	0x8
 892 005c 07       		.byte	0x7
 893 005d 0C010000 		.4byte	.LASF6
 894 0061 02       		.uleb128 0x2
 895 0062 04       		.byte	0x4
 896 0063 05       		.byte	0x5
 897 0064 A7010000 		.4byte	.LASF7
 898 0068 04       		.uleb128 0x4
 899 0069 04       		.byte	0x4
 900 006a 07       		.byte	0x7
 901 006b 05       		.uleb128 0x5
 902 006c 04       		.byte	0x4
 903 006d 02       		.uleb128 0x2
 904 006e 04       		.byte	0x4
 905 006f 07       		.byte	0x7
 906 0070 7A000000 		.4byte	.LASF8
 907 0074 02       		.uleb128 0x2
 908 0075 01       		.byte	0x1
 909 0076 08       		.byte	0x8
 910 0077 B0010000 		.4byte	.LASF9
 911 007b 06       		.uleb128 0x6
 912 007c 8C000000 		.4byte	.LASF10
 913 0080 02       		.byte	0x2
 914 0081 60       		.byte	0x60
 915 0082 30000000 		.4byte	0x30
 916 0086 06       		.uleb128 0x6
 917 0087 DF000000 		.4byte	.LASF11
 918 008b 02       		.byte	0x2
 919 008c 61       		.byte	0x61
 920 008d 3E000000 		.4byte	0x3e
 921 0091 06       		.uleb128 0x6
 922 0092 F0000000 		.4byte	.LASF12
 923 0096 02       		.byte	0x2
 924 0097 62       		.byte	0x62
 925 0098 6D000000 		.4byte	0x6d
 926 009c 07       		.uleb128 0x7
 927 009d 06       		.byte	0x6
 928 009e 01       		.byte	0x1
 929 009f 5F       		.byte	0x5f
 930 00a0 C1000000 		.4byte	0xc1
 931 00a4 08       		.uleb128 0x8
 932 00a5 04010000 		.4byte	.LASF13
 933 00a9 01       		.byte	0x1
 934 00aa 60       		.byte	0x60
 935 00ab 6B000000 		.4byte	0x6b
 936 00af 02       		.byte	0x2
 937 00b0 23       		.byte	0x23
ARM GAS  C:\DOCUME~1\student\LOCALS~1\Temp\ccRPeg5T.s 			page 24


 938 00b1 00       		.uleb128 0x0
 939 00b2 08       		.uleb128 0x8
 940 00b3 75000000 		.4byte	.LASF14
 941 00b7 01       		.byte	0x1
 942 00b8 61       		.byte	0x61
 943 00b9 86000000 		.4byte	0x86
 944 00bd 02       		.byte	0x2
 945 00be 23       		.byte	0x23
 946 00bf 04       		.uleb128 0x4
 947 00c0 00       		.byte	0x0
 948 00c1 06       		.uleb128 0x6
 949 00c2 23010000 		.4byte	.LASF15
 950 00c6 01       		.byte	0x1
 951 00c7 62       		.byte	0x62
 952 00c8 9C000000 		.4byte	0x9c
 953 00cc 07       		.uleb128 0x7
 954 00cd 02       		.byte	0x2
 955 00ce 01       		.byte	0x1
 956 00cf 7C       		.byte	0x7c
 957 00d0 F1000000 		.4byte	0xf1
 958 00d4 08       		.uleb128 0x8
 959 00d5 4D010000 		.4byte	.LASF16
 960 00d9 01       		.byte	0x1
 961 00da 7D       		.byte	0x7d
 962 00db 7B000000 		.4byte	0x7b
 963 00df 02       		.byte	0x2
 964 00e0 23       		.byte	0x23
 965 00e1 00       		.uleb128 0x0
 966 00e2 08       		.uleb128 0x8
 967 00e3 1F000000 		.4byte	.LASF17
 968 00e7 01       		.byte	0x1
 969 00e8 7E       		.byte	0x7e
 970 00e9 7B000000 		.4byte	0x7b
 971 00ed 02       		.byte	0x2
 972 00ee 23       		.byte	0x23
 973 00ef 01       		.uleb128 0x1
 974 00f0 00       		.byte	0x0
 975 00f1 09       		.uleb128 0x9
 976 00f2 51000000 		.4byte	.LASF18
 977 00f6 01       		.byte	0x1
 978 00f7 30       		.byte	0x30
 979 00f8 01       		.byte	0x1
 980 00f9 00000000 		.4byte	.LFB0
 981 00fd 0C000000 		.4byte	.LFE0
 982 0101 00000000 		.4byte	.LLST0
 983 0105 18010000 		.4byte	0x118
 984 0109 0A       		.uleb128 0xa
 985 010a E6000000 		.4byte	.LASF29
 986 010e 01       		.byte	0x1
 987 010f 30       		.byte	0x30
 988 0110 7B000000 		.4byte	0x7b
 989 0114 02       		.byte	0x2
 990 0115 91       		.byte	0x91
 991 0116 77       		.sleb128 -9
 992 0117 00       		.byte	0x0
 993 0118 09       		.uleb128 0x9
 994 0119 CD000000 		.4byte	.LASF19
ARM GAS  C:\DOCUME~1\student\LOCALS~1\Temp\ccRPeg5T.s 			page 25


 995 011d 01       		.byte	0x1
 996 011e A0       		.byte	0xa0
 997 011f 01       		.byte	0x1
 998 0120 00000000 		.4byte	.LFB1
 999 0124 92000000 		.4byte	.LFE1
 1000 0128 37000000 		.4byte	.LLST1
 1001 012c 6F010000 		.4byte	0x16f
 1002 0130 0B       		.uleb128 0xb
 1003 0131 6900     		.ascii	"i\000"
 1004 0133 01       		.byte	0x1
 1005 0134 A2       		.byte	0xa2
 1006 0135 4C000000 		.4byte	0x4c
 1007 0139 02       		.byte	0x2
 1008 013a 91       		.byte	0x91
 1009 013b 68       		.sleb128 -24
 1010 013c 0B       		.uleb128 0xb
 1011 013d 6A00     		.ascii	"j\000"
 1012 013f 01       		.byte	0x1
 1013 0140 A2       		.byte	0xa2
 1014 0141 4C000000 		.4byte	0x4c
 1015 0145 02       		.byte	0x2
 1016 0146 91       		.byte	0x91
 1017 0147 6C       		.sleb128 -20
 1018 0148 0C       		.uleb128 0xc
 1019 0149 14000000 		.4byte	.LBB2
 1020 014d 7A000000 		.4byte	.LBE2
 1021 0151 0D       		.uleb128 0xd
 1022 0152 30010000 		.4byte	.LASF20
 1023 0156 01       		.byte	0x1
 1024 0157 A5       		.byte	0xa5
 1025 0158 91000000 		.4byte	0x91
 1026 015c 02       		.byte	0x2
 1027 015d 91       		.byte	0x91
 1028 015e 70       		.sleb128 -16
 1029 015f 0D       		.uleb128 0xd
 1030 0160 25000000 		.4byte	.LASF21
 1031 0164 01       		.byte	0x1
 1032 0165 A6       		.byte	0xa6
 1033 0166 7B000000 		.4byte	0x7b
 1034 016a 02       		.byte	0x2
 1035 016b 91       		.byte	0x91
 1036 016c 77       		.sleb128 -9
 1037 016d 00       		.byte	0x0
 1038 016e 00       		.byte	0x0
 1039 016f 09       		.uleb128 0x9
 1040 0170 2B000000 		.4byte	.LASF22
 1041 0174 01       		.byte	0x1
 1042 0175 C0       		.byte	0xc0
 1043 0176 01       		.byte	0x1
 1044 0177 00000000 		.4byte	.LFB2
 1045 017b D2010000 		.4byte	.LFE2
 1046 017f 6E000000 		.4byte	.LLST2
 1047 0183 B2010000 		.4byte	0x1b2
 1048 0187 0D       		.uleb128 0xd
 1049 0188 45010000 		.4byte	.LASF23
 1050 018c 01       		.byte	0x1
 1051 018d C2       		.byte	0xc2
ARM GAS  C:\DOCUME~1\student\LOCALS~1\Temp\ccRPeg5T.s 			page 26


 1052 018e B2010000 		.4byte	0x1b2
 1053 0192 02       		.byte	0x2
 1054 0193 91       		.byte	0x91
 1055 0194 70       		.sleb128 -16
 1056 0195 0D       		.uleb128 0xd
 1057 0196 C3000000 		.4byte	.LASF24
 1058 019a 01       		.byte	0x1
 1059 019b C3       		.byte	0xc3
 1060 019c B7010000 		.4byte	0x1b7
 1061 01a0 02       		.byte	0x2
 1062 01a1 91       		.byte	0x91
 1063 01a2 74       		.sleb128 -12
 1064 01a3 0D       		.uleb128 0xd
 1065 01a4 49000000 		.4byte	.LASF25
 1066 01a8 01       		.byte	0x1
 1067 01a9 C4       		.byte	0xc4
 1068 01aa BD010000 		.4byte	0x1bd
 1069 01ae 02       		.byte	0x2
 1070 01af 91       		.byte	0x91
 1071 01b0 6F       		.sleb128 -17
 1072 01b1 00       		.byte	0x0
 1073 01b2 0E       		.uleb128 0xe
 1074 01b3 6D000000 		.4byte	0x6d
 1075 01b7 0F       		.uleb128 0xf
 1076 01b8 04       		.byte	0x4
 1077 01b9 B2010000 		.4byte	0x1b2
 1078 01bd 0E       		.uleb128 0xe
 1079 01be 30000000 		.4byte	0x30
 1080 01c2 10       		.uleb128 0x10
 1081 01c3 01       		.byte	0x1
 1082 01c4 0E000000 		.4byte	.LASF27
 1083 01c8 01       		.byte	0x1
 1084 01c9 0101     		.2byte	0x101
 1085 01cb 01       		.byte	0x1
 1086 01cc 00000000 		.4byte	.LFB3
 1087 01d0 AE000000 		.4byte	.LFE3
 1088 01d4 A5000000 		.4byte	.LLST3
 1089 01d8 EC010000 		.4byte	0x1ec
 1090 01dc 11       		.uleb128 0x11
 1091 01dd B5010000 		.4byte	.LASF26
 1092 01e1 01       		.byte	0x1
 1093 01e2 0301     		.2byte	0x103
 1094 01e4 7B000000 		.4byte	0x7b
 1095 01e8 02       		.byte	0x2
 1096 01e9 91       		.byte	0x91
 1097 01ea 77       		.sleb128 -9
 1098 01eb 00       		.byte	0x0
 1099 01ec 10       		.uleb128 0x10
 1100 01ed 01       		.byte	0x1
 1101 01ee 9F000000 		.4byte	.LASF28
 1102 01f2 01       		.byte	0x1
 1103 01f3 2101     		.2byte	0x121
 1104 01f5 01       		.byte	0x1
 1105 01f6 00000000 		.4byte	.LFB4
 1106 01fa 44000000 		.4byte	.LFE4
 1107 01fe DC000000 		.4byte	.LLST4
 1108 0202 25020000 		.4byte	0x225
ARM GAS  C:\DOCUME~1\student\LOCALS~1\Temp\ccRPeg5T.s 			page 27


 1109 0206 12       		.uleb128 0x12
 1110 0207 54010000 		.4byte	.LASF30
 1111 020b 01       		.byte	0x1
 1112 020c 2101     		.2byte	0x121
 1113 020e 7B000000 		.4byte	0x7b
 1114 0212 02       		.byte	0x2
 1115 0213 91       		.byte	0x91
 1116 0214 6F       		.sleb128 -17
 1117 0215 11       		.uleb128 0x11
 1118 0216 D3010000 		.4byte	.LASF31
 1119 021a 01       		.byte	0x1
 1120 021b 2301     		.2byte	0x123
 1121 021d 7B000000 		.4byte	0x7b
 1122 0221 02       		.byte	0x2
 1123 0222 91       		.byte	0x91
 1124 0223 77       		.sleb128 -9
 1125 0224 00       		.byte	0x0
 1126 0225 10       		.uleb128 0x10
 1127 0226 01       		.byte	0x1
 1128 0227 92000000 		.4byte	.LASF32
 1129 022b 01       		.byte	0x1
 1130 022c 3E01     		.2byte	0x13e
 1131 022e 01       		.byte	0x1
 1132 022f 00000000 		.4byte	.LFB5
 1133 0233 C0010000 		.4byte	.LFE5
 1134 0237 13010000 		.4byte	.LLST5
 1135 023b 6F020000 		.4byte	0x26f
 1136 023f 0C       		.uleb128 0xc
 1137 0240 24000000 		.4byte	.LBB3
 1138 0244 0A010000 		.4byte	.LBE3
 1139 0248 13       		.uleb128 0x13
 1140 0249 6900     		.ascii	"i\000"
 1141 024b 01       		.byte	0x1
 1142 024c 4901     		.2byte	0x149
 1143 024e 7B000000 		.4byte	0x7b
 1144 0252 02       		.byte	0x2
 1145 0253 91       		.byte	0x91
 1146 0254 73       		.sleb128 -13
 1147 0255 0C       		.uleb128 0xc
 1148 0256 2C000000 		.4byte	.LBB4
 1149 025a 88000000 		.4byte	.LBE4
 1150 025e 13       		.uleb128 0x13
 1151 025f 6D7300   		.ascii	"ms\000"
 1152 0262 01       		.byte	0x1
 1153 0263 4E01     		.2byte	0x14e
 1154 0265 6F020000 		.4byte	0x26f
 1155 0269 02       		.byte	0x2
 1156 026a 91       		.byte	0x91
 1157 026b 74       		.sleb128 -12
 1158 026c 00       		.byte	0x0
 1159 026d 00       		.byte	0x0
 1160 026e 00       		.byte	0x0
 1161 026f 0F       		.uleb128 0xf
 1162 0270 04       		.byte	0x4
 1163 0271 75020000 		.4byte	0x275
 1164 0275 14       		.uleb128 0x14
 1165 0276 C1000000 		.4byte	0xc1
ARM GAS  C:\DOCUME~1\student\LOCALS~1\Temp\ccRPeg5T.s 			page 28


 1166 027a 15       		.uleb128 0x15
 1167 027b C1000000 		.4byte	0xc1
 1168 027f 8A020000 		.4byte	0x28a
 1169 0283 16       		.uleb128 0x16
 1170 0284 68000000 		.4byte	0x68
 1171 0288 08       		.byte	0x8
 1172 0289 00       		.byte	0x0
 1173 028a 0D       		.uleb128 0xd
 1174 028b 65000000 		.4byte	.LASF33
 1175 028f 01       		.byte	0x1
 1176 0290 6D       		.byte	0x6d
 1177 0291 9B020000 		.4byte	0x29b
 1178 0295 05       		.byte	0x5
 1179 0296 03       		.byte	0x3
 1180 0297 00000000 		.4byte	cfg_memset_list
 1181 029b 14       		.uleb128 0x14
 1182 029c 7A020000 		.4byte	0x27a
 1183 02a0 00       		.byte	0x0
 1184              		.section	.debug_abbrev
 1185 0000 01       		.uleb128 0x1
 1186 0001 11       		.uleb128 0x11
 1187 0002 01       		.byte	0x1
 1188 0003 25       		.uleb128 0x25
 1189 0004 0E       		.uleb128 0xe
 1190 0005 13       		.uleb128 0x13
 1191 0006 0B       		.uleb128 0xb
 1192 0007 03       		.uleb128 0x3
 1193 0008 0E       		.uleb128 0xe
 1194 0009 1B       		.uleb128 0x1b
 1195 000a 0E       		.uleb128 0xe
 1196 000b 11       		.uleb128 0x11
 1197 000c 01       		.uleb128 0x1
 1198 000d 52       		.uleb128 0x52
 1199 000e 01       		.uleb128 0x1
 1200 000f 55       		.uleb128 0x55
 1201 0010 06       		.uleb128 0x6
 1202 0011 10       		.uleb128 0x10
 1203 0012 06       		.uleb128 0x6
 1204 0013 00       		.byte	0x0
 1205 0014 00       		.byte	0x0
 1206 0015 02       		.uleb128 0x2
 1207 0016 24       		.uleb128 0x24
 1208 0017 00       		.byte	0x0
 1209 0018 0B       		.uleb128 0xb
 1210 0019 0B       		.uleb128 0xb
 1211 001a 3E       		.uleb128 0x3e
 1212 001b 0B       		.uleb128 0xb
 1213 001c 03       		.uleb128 0x3
 1214 001d 0E       		.uleb128 0xe
 1215 001e 00       		.byte	0x0
 1216 001f 00       		.byte	0x0
 1217 0020 03       		.uleb128 0x3
 1218 0021 24       		.uleb128 0x24
 1219 0022 00       		.byte	0x0
 1220 0023 0B       		.uleb128 0xb
 1221 0024 0B       		.uleb128 0xb
 1222 0025 3E       		.uleb128 0x3e
ARM GAS  C:\DOCUME~1\student\LOCALS~1\Temp\ccRPeg5T.s 			page 29


 1223 0026 0B       		.uleb128 0xb
 1224 0027 03       		.uleb128 0x3
 1225 0028 08       		.uleb128 0x8
 1226 0029 00       		.byte	0x0
 1227 002a 00       		.byte	0x0
 1228 002b 04       		.uleb128 0x4
 1229 002c 24       		.uleb128 0x24
 1230 002d 00       		.byte	0x0
 1231 002e 0B       		.uleb128 0xb
 1232 002f 0B       		.uleb128 0xb
 1233 0030 3E       		.uleb128 0x3e
 1234 0031 0B       		.uleb128 0xb
 1235 0032 00       		.byte	0x0
 1236 0033 00       		.byte	0x0
 1237 0034 05       		.uleb128 0x5
 1238 0035 0F       		.uleb128 0xf
 1239 0036 00       		.byte	0x0
 1240 0037 0B       		.uleb128 0xb
 1241 0038 0B       		.uleb128 0xb
 1242 0039 00       		.byte	0x0
 1243 003a 00       		.byte	0x0
 1244 003b 06       		.uleb128 0x6
 1245 003c 16       		.uleb128 0x16
 1246 003d 00       		.byte	0x0
 1247 003e 03       		.uleb128 0x3
 1248 003f 0E       		.uleb128 0xe
 1249 0040 3A       		.uleb128 0x3a
 1250 0041 0B       		.uleb128 0xb
 1251 0042 3B       		.uleb128 0x3b
 1252 0043 0B       		.uleb128 0xb
 1253 0044 49       		.uleb128 0x49
 1254 0045 13       		.uleb128 0x13
 1255 0046 00       		.byte	0x0
 1256 0047 00       		.byte	0x0
 1257 0048 07       		.uleb128 0x7
 1258 0049 13       		.uleb128 0x13
 1259 004a 01       		.byte	0x1
 1260 004b 0B       		.uleb128 0xb
 1261 004c 0B       		.uleb128 0xb
 1262 004d 3A       		.uleb128 0x3a
 1263 004e 0B       		.uleb128 0xb
 1264 004f 3B       		.uleb128 0x3b
 1265 0050 0B       		.uleb128 0xb
 1266 0051 01       		.uleb128 0x1
 1267 0052 13       		.uleb128 0x13
 1268 0053 00       		.byte	0x0
 1269 0054 00       		.byte	0x0
 1270 0055 08       		.uleb128 0x8
 1271 0056 0D       		.uleb128 0xd
 1272 0057 00       		.byte	0x0
 1273 0058 03       		.uleb128 0x3
 1274 0059 0E       		.uleb128 0xe
 1275 005a 3A       		.uleb128 0x3a
 1276 005b 0B       		.uleb128 0xb
 1277 005c 3B       		.uleb128 0x3b
 1278 005d 0B       		.uleb128 0xb
 1279 005e 49       		.uleb128 0x49
ARM GAS  C:\DOCUME~1\student\LOCALS~1\Temp\ccRPeg5T.s 			page 30


 1280 005f 13       		.uleb128 0x13
 1281 0060 38       		.uleb128 0x38
 1282 0061 0A       		.uleb128 0xa
 1283 0062 00       		.byte	0x0
 1284 0063 00       		.byte	0x0
 1285 0064 09       		.uleb128 0x9
 1286 0065 2E       		.uleb128 0x2e
 1287 0066 01       		.byte	0x1
 1288 0067 03       		.uleb128 0x3
 1289 0068 0E       		.uleb128 0xe
 1290 0069 3A       		.uleb128 0x3a
 1291 006a 0B       		.uleb128 0xb
 1292 006b 3B       		.uleb128 0x3b
 1293 006c 0B       		.uleb128 0xb
 1294 006d 27       		.uleb128 0x27
 1295 006e 0C       		.uleb128 0xc
 1296 006f 11       		.uleb128 0x11
 1297 0070 01       		.uleb128 0x1
 1298 0071 12       		.uleb128 0x12
 1299 0072 01       		.uleb128 0x1
 1300 0073 40       		.uleb128 0x40
 1301 0074 06       		.uleb128 0x6
 1302 0075 01       		.uleb128 0x1
 1303 0076 13       		.uleb128 0x13
 1304 0077 00       		.byte	0x0
 1305 0078 00       		.byte	0x0
 1306 0079 0A       		.uleb128 0xa
 1307 007a 05       		.uleb128 0x5
 1308 007b 00       		.byte	0x0
 1309 007c 03       		.uleb128 0x3
 1310 007d 0E       		.uleb128 0xe
 1311 007e 3A       		.uleb128 0x3a
 1312 007f 0B       		.uleb128 0xb
 1313 0080 3B       		.uleb128 0x3b
 1314 0081 0B       		.uleb128 0xb
 1315 0082 49       		.uleb128 0x49
 1316 0083 13       		.uleb128 0x13
 1317 0084 02       		.uleb128 0x2
 1318 0085 0A       		.uleb128 0xa
 1319 0086 00       		.byte	0x0
 1320 0087 00       		.byte	0x0
 1321 0088 0B       		.uleb128 0xb
 1322 0089 34       		.uleb128 0x34
 1323 008a 00       		.byte	0x0
 1324 008b 03       		.uleb128 0x3
 1325 008c 08       		.uleb128 0x8
 1326 008d 3A       		.uleb128 0x3a
 1327 008e 0B       		.uleb128 0xb
 1328 008f 3B       		.uleb128 0x3b
 1329 0090 0B       		.uleb128 0xb
 1330 0091 49       		.uleb128 0x49
 1331 0092 13       		.uleb128 0x13
 1332 0093 02       		.uleb128 0x2
 1333 0094 0A       		.uleb128 0xa
 1334 0095 00       		.byte	0x0
 1335 0096 00       		.byte	0x0
 1336 0097 0C       		.uleb128 0xc
ARM GAS  C:\DOCUME~1\student\LOCALS~1\Temp\ccRPeg5T.s 			page 31


 1337 0098 0B       		.uleb128 0xb
 1338 0099 01       		.byte	0x1
 1339 009a 11       		.uleb128 0x11
 1340 009b 01       		.uleb128 0x1
 1341 009c 12       		.uleb128 0x12
 1342 009d 01       		.uleb128 0x1
 1343 009e 00       		.byte	0x0
 1344 009f 00       		.byte	0x0
 1345 00a0 0D       		.uleb128 0xd
 1346 00a1 34       		.uleb128 0x34
 1347 00a2 00       		.byte	0x0
 1348 00a3 03       		.uleb128 0x3
 1349 00a4 0E       		.uleb128 0xe
 1350 00a5 3A       		.uleb128 0x3a
 1351 00a6 0B       		.uleb128 0xb
 1352 00a7 3B       		.uleb128 0x3b
 1353 00a8 0B       		.uleb128 0xb
 1354 00a9 49       		.uleb128 0x49
 1355 00aa 13       		.uleb128 0x13
 1356 00ab 02       		.uleb128 0x2
 1357 00ac 0A       		.uleb128 0xa
 1358 00ad 00       		.byte	0x0
 1359 00ae 00       		.byte	0x0
 1360 00af 0E       		.uleb128 0xe
 1361 00b0 35       		.uleb128 0x35
 1362 00b1 00       		.byte	0x0
 1363 00b2 49       		.uleb128 0x49
 1364 00b3 13       		.uleb128 0x13
 1365 00b4 00       		.byte	0x0
 1366 00b5 00       		.byte	0x0
 1367 00b6 0F       		.uleb128 0xf
 1368 00b7 0F       		.uleb128 0xf
 1369 00b8 00       		.byte	0x0
 1370 00b9 0B       		.uleb128 0xb
 1371 00ba 0B       		.uleb128 0xb
 1372 00bb 49       		.uleb128 0x49
 1373 00bc 13       		.uleb128 0x13
 1374 00bd 00       		.byte	0x0
 1375 00be 00       		.byte	0x0
 1376 00bf 10       		.uleb128 0x10
 1377 00c0 2E       		.uleb128 0x2e
 1378 00c1 01       		.byte	0x1
 1379 00c2 3F       		.uleb128 0x3f
 1380 00c3 0C       		.uleb128 0xc
 1381 00c4 03       		.uleb128 0x3
 1382 00c5 0E       		.uleb128 0xe
 1383 00c6 3A       		.uleb128 0x3a
 1384 00c7 0B       		.uleb128 0xb
 1385 00c8 3B       		.uleb128 0x3b
 1386 00c9 05       		.uleb128 0x5
 1387 00ca 27       		.uleb128 0x27
 1388 00cb 0C       		.uleb128 0xc
 1389 00cc 11       		.uleb128 0x11
 1390 00cd 01       		.uleb128 0x1
 1391 00ce 12       		.uleb128 0x12
 1392 00cf 01       		.uleb128 0x1
 1393 00d0 40       		.uleb128 0x40
ARM GAS  C:\DOCUME~1\student\LOCALS~1\Temp\ccRPeg5T.s 			page 32


 1394 00d1 06       		.uleb128 0x6
 1395 00d2 01       		.uleb128 0x1
 1396 00d3 13       		.uleb128 0x13
 1397 00d4 00       		.byte	0x0
 1398 00d5 00       		.byte	0x0
 1399 00d6 11       		.uleb128 0x11
 1400 00d7 34       		.uleb128 0x34
 1401 00d8 00       		.byte	0x0
 1402 00d9 03       		.uleb128 0x3
 1403 00da 0E       		.uleb128 0xe
 1404 00db 3A       		.uleb128 0x3a
 1405 00dc 0B       		.uleb128 0xb
 1406 00dd 3B       		.uleb128 0x3b
 1407 00de 05       		.uleb128 0x5
 1408 00df 49       		.uleb128 0x49
 1409 00e0 13       		.uleb128 0x13
 1410 00e1 02       		.uleb128 0x2
 1411 00e2 0A       		.uleb128 0xa
 1412 00e3 00       		.byte	0x0
 1413 00e4 00       		.byte	0x0
 1414 00e5 12       		.uleb128 0x12
 1415 00e6 05       		.uleb128 0x5
 1416 00e7 00       		.byte	0x0
 1417 00e8 03       		.uleb128 0x3
 1418 00e9 0E       		.uleb128 0xe
 1419 00ea 3A       		.uleb128 0x3a
 1420 00eb 0B       		.uleb128 0xb
 1421 00ec 3B       		.uleb128 0x3b
 1422 00ed 05       		.uleb128 0x5
 1423 00ee 49       		.uleb128 0x49
 1424 00ef 13       		.uleb128 0x13
 1425 00f0 02       		.uleb128 0x2
 1426 00f1 0A       		.uleb128 0xa
 1427 00f2 00       		.byte	0x0
 1428 00f3 00       		.byte	0x0
 1429 00f4 13       		.uleb128 0x13
 1430 00f5 34       		.uleb128 0x34
 1431 00f6 00       		.byte	0x0
 1432 00f7 03       		.uleb128 0x3
 1433 00f8 08       		.uleb128 0x8
 1434 00f9 3A       		.uleb128 0x3a
 1435 00fa 0B       		.uleb128 0xb
 1436 00fb 3B       		.uleb128 0x3b
 1437 00fc 05       		.uleb128 0x5
 1438 00fd 49       		.uleb128 0x49
 1439 00fe 13       		.uleb128 0x13
 1440 00ff 02       		.uleb128 0x2
 1441 0100 0A       		.uleb128 0xa
 1442 0101 00       		.byte	0x0
 1443 0102 00       		.byte	0x0
 1444 0103 14       		.uleb128 0x14
 1445 0104 26       		.uleb128 0x26
 1446 0105 00       		.byte	0x0
 1447 0106 49       		.uleb128 0x49
 1448 0107 13       		.uleb128 0x13
 1449 0108 00       		.byte	0x0
 1450 0109 00       		.byte	0x0
ARM GAS  C:\DOCUME~1\student\LOCALS~1\Temp\ccRPeg5T.s 			page 33


 1451 010a 15       		.uleb128 0x15
 1452 010b 01       		.uleb128 0x1
 1453 010c 01       		.byte	0x1
 1454 010d 49       		.uleb128 0x49
 1455 010e 13       		.uleb128 0x13
 1456 010f 01       		.uleb128 0x1
 1457 0110 13       		.uleb128 0x13
 1458 0111 00       		.byte	0x0
 1459 0112 00       		.byte	0x0
 1460 0113 16       		.uleb128 0x16
 1461 0114 21       		.uleb128 0x21
 1462 0115 00       		.byte	0x0
 1463 0116 49       		.uleb128 0x49
 1464 0117 13       		.uleb128 0x13
 1465 0118 2F       		.uleb128 0x2f
 1466 0119 0B       		.uleb128 0xb
 1467 011a 00       		.byte	0x0
 1468 011b 00       		.byte	0x0
 1469 011c 00       		.byte	0x0
 1470              		.section	.debug_pubnames,"",%progbits
 1471 0000 4E000000 		.4byte	0x4e
 1472 0004 0200     		.2byte	0x2
 1473 0006 00000000 		.4byte	.Ldebug_info0
 1474 000a A1020000 		.4byte	0x2a1
 1475 000e C2010000 		.4byte	0x1c2
 1476 0012 416E616C 		.ascii	"AnalogSetDefault\000"
 1476      6F675365 
 1476      74446566 
 1476      61756C74 
 1476      00
 1477 0023 EC010000 		.4byte	0x1ec
 1478 0027 53657441 		.ascii	"SetAnalogRoutingPumps\000"
 1478      6E616C6F 
 1478      67526F75 
 1478      74696E67 
 1478      50756D70 
 1479 003d 25020000 		.4byte	0x225
 1480 0041 63796669 		.ascii	"cyfitter_cfg\000"
 1480      74746572 
 1480      5F636667 
 1480      00
 1481 004e 00000000 		.4byte	0x0
 1482              		.section	.debug_aranges,"",%progbits
 1483 0000 44000000 		.4byte	0x44
 1484 0004 0200     		.2byte	0x2
 1485 0006 00000000 		.4byte	.Ldebug_info0
 1486 000a 04       		.byte	0x4
 1487 000b 00       		.byte	0x0
 1488 000c 0000     		.2byte	0x0
 1489 000e 0000     		.2byte	0x0
 1490 0010 00000000 		.4byte	.LFB0
 1491 0014 0C000000 		.4byte	.LFE0-.LFB0
 1492 0018 00000000 		.4byte	.LFB1
 1493 001c 92000000 		.4byte	.LFE1-.LFB1
 1494 0020 00000000 		.4byte	.LFB2
 1495 0024 D2010000 		.4byte	.LFE2-.LFB2
 1496 0028 00000000 		.4byte	.LFB3
ARM GAS  C:\DOCUME~1\student\LOCALS~1\Temp\ccRPeg5T.s 			page 34


 1497 002c AE000000 		.4byte	.LFE3-.LFB3
 1498 0030 00000000 		.4byte	.LFB4
 1499 0034 44000000 		.4byte	.LFE4-.LFB4
 1500 0038 00000000 		.4byte	.LFB5
 1501 003c C0010000 		.4byte	.LFE5-.LFB5
 1502 0040 00000000 		.4byte	0x0
 1503 0044 00000000 		.4byte	0x0
 1504              		.section	.debug_ranges,"",%progbits
 1505              	.Ldebug_ranges0:
 1506 0000 00000000 		.4byte	.Ltext0
 1507 0004 00000000 		.4byte	.Letext0
 1508 0008 00000000 		.4byte	.LFB0
 1509 000c 0C000000 		.4byte	.LFE0
 1510 0010 00000000 		.4byte	.LFB1
 1511 0014 92000000 		.4byte	.LFE1
 1512 0018 00000000 		.4byte	.LFB2
 1513 001c D2010000 		.4byte	.LFE2
 1514 0020 00000000 		.4byte	.LFB3
 1515 0024 AE000000 		.4byte	.LFE3
 1516 0028 00000000 		.4byte	.LFB4
 1517 002c 44000000 		.4byte	.LFE4
 1518 0030 00000000 		.4byte	.LFB5
 1519 0034 C0010000 		.4byte	.LFE5
 1520 0038 00000000 		.4byte	0x0
 1521 003c 00000000 		.4byte	0x0
 1522              		.section	.debug_str,"MS",%progbits,1
 1523              	.LASF5:
 1524 0000 6C6F6E67 		.ascii	"long long int\000"
 1524      206C6F6E 
 1524      6720696E 
 1524      7400
 1525              	.LASF27:
 1526 000e 416E616C 		.ascii	"AnalogSetDefault\000"
 1526      6F675365 
 1526      74446566 
 1526      61756C74 
 1526      00
 1527              	.LASF17:
 1528 001f 76616C75 		.ascii	"value\000"
 1528      6500
 1529              	.LASF21:
 1530 0025 636F756E 		.ascii	"count\000"
 1530      7400
 1531              	.LASF22:
 1532 002b 436C6F63 		.ascii	"ClockSetup\000"
 1532      6B536574 
 1532      757000
 1533              	.LASF3:
 1534 0036 73686F72 		.ascii	"short unsigned int\000"
 1534      7420756E 
 1534      7369676E 
 1534      65642069 
 1534      6E7400
 1535              	.LASF25:
 1536 0049 706C6C4C 		.ascii	"pllLock\000"
 1536      6F636B00 
 1537              	.LASF18:
ARM GAS  C:\DOCUME~1\student\LOCALS~1\Temp\ccRPeg5T.s 			page 35


 1538 0051 4379436C 		.ascii	"CyClockStartupError\000"
 1538      6F636B53 
 1538      74617274 
 1538      75704572 
 1538      726F7200 
 1539              	.LASF33:
 1540 0065 6366675F 		.ascii	"cfg_memset_list\000"
 1540      6D656D73 
 1540      65745F6C 
 1540      69737400 
 1541              	.LASF14:
 1542 0075 73697A65 		.ascii	"size\000"
 1542      00
 1543              	.LASF8:
 1544 007a 6C6F6E67 		.ascii	"long unsigned int\000"
 1544      20756E73 
 1544      69676E65 
 1544      6420696E 
 1544      7400
 1545              	.LASF10:
 1546 008c 75696E74 		.ascii	"uint8\000"
 1546      3800
 1547              	.LASF32:
 1548 0092 63796669 		.ascii	"cyfitter_cfg\000"
 1548      74746572 
 1548      5F636667 
 1548      00
 1549              	.LASF28:
 1550 009f 53657441 		.ascii	"SetAnalogRoutingPumps\000"
 1550      6E616C6F 
 1550      67526F75 
 1550      74696E67 
 1550      50756D70 
 1551              	.LASF1:
 1552 00b5 756E7369 		.ascii	"unsigned char\000"
 1552      676E6564 
 1552      20636861 
 1552      7200
 1553              	.LASF24:
 1554 00c3 74696D65 		.ascii	"timeout_p\000"
 1554      6F75745F 
 1554      7000
 1555              	.LASF19:
 1556 00cd 6366675F 		.ascii	"cfg_write_bytes32\000"
 1556      77726974 
 1556      655F6279 
 1556      74657333 
 1556      3200
 1557              	.LASF11:
 1558 00df 75696E74 		.ascii	"uint16\000"
 1558      313600
 1559              	.LASF29:
 1560 00e6 6572726F 		.ascii	"errorCode\000"
 1560      72436F64 
 1560      6500
 1561              	.LASF12:
 1562 00f0 75696E74 		.ascii	"uint32\000"
ARM GAS  C:\DOCUME~1\student\LOCALS~1\Temp\ccRPeg5T.s 			page 36


 1562      333200
 1563              	.LASF4:
 1564 00f7 756E7369 		.ascii	"unsigned int\000"
 1564      676E6564 
 1564      20696E74 
 1564      00
 1565              	.LASF13:
 1566 0104 61646472 		.ascii	"address\000"
 1566      65737300 
 1567              	.LASF6:
 1568 010c 6C6F6E67 		.ascii	"long long unsigned int\000"
 1568      206C6F6E 
 1568      6720756E 
 1568      7369676E 
 1568      65642069 
 1569              	.LASF15:
 1570 0123 6366675F 		.ascii	"cfg_memset_t\000"
 1570      6D656D73 
 1570      65745F74 
 1570      00
 1571              	.LASF20:
 1572 0130 62617365 		.ascii	"baseAddr\000"
 1572      41646472 
 1572      00
 1573              	.LASF34:
 1574 0139 474E5520 		.ascii	"GNU C 4.4.1\000"
 1574      4320342E 
 1574      342E3100 
 1575              	.LASF23:
 1576 0145 74696D65 		.ascii	"timeout\000"
 1576      6F757400 
 1577              	.LASF16:
 1578 014d 6F666673 		.ascii	"offset\000"
 1578      657400
 1579              	.LASF30:
 1580 0154 656E6162 		.ascii	"enabled\000"
 1580      6C656400 
 1581              	.LASF2:
 1582 015c 73686F72 		.ascii	"short int\000"
 1582      7420696E 
 1582      7400
 1583              	.LASF35:
 1584 0166 2E5C4765 		.ascii	".\\Generated_Source\\PSoC5\\cyfitter_cfg.c\000"
 1584      6E657261 
 1584      7465645F 
 1584      536F7572 
 1584      63655C50 
 1585              	.LASF36:
 1586 018e 453A5C36 		.ascii	"E:\\6.115\\FFT\\RS232.cydsn\000"
 1586      2E313135 
 1586      5C464654 
 1586      5C525332 
 1586      33322E63 
 1587              	.LASF7:
 1588 01a7 6C6F6E67 		.ascii	"long int\000"
 1588      20696E74 
 1588      00
ARM GAS  C:\DOCUME~1\student\LOCALS~1\Temp\ccRPeg5T.s 			page 37


 1589              	.LASF9:
 1590 01b0 63686172 		.ascii	"char\000"
 1590      00
 1591              	.LASF26:
 1592 01b5 62675F78 		.ascii	"bg_xover_inl_trim\000"
 1592      6F766572 
 1592      5F696E6C 
 1592      5F747269 
 1592      6D00
 1593              	.LASF0:
 1594 01c7 7369676E 		.ascii	"signed char\000"
 1594      65642063 
 1594      68617200 
 1595              	.LASF31:
 1596 01d3 72656756 		.ascii	"regValue\000"
 1596      616C7565 
 1596      00
 1597              		.ident	"GCC: (Sourcery G++ Lite 2010q1-188) 4.4.1"
