--------------- Rebuild Started: 05/02/2013 19:03:43 Project: RS232, Configuration: ARM GCC 4.4.1 Debug ---------------
Deleting file ".\CortexM3\ARM_GCC_441\Debug\main.o"
Deleting file ".\CortexM3\ARM_GCC_441\Debug\Cm3Start.o"
Deleting file ".\CortexM3\ARM_GCC_441\Debug\core_cm3.o"
Deleting file ".\CortexM3\ARM_GCC_441\Debug\CyBootAsmGnu.o"
Deleting file ".\CortexM3\ARM_GCC_441\Debug\CyDmac.o"
Deleting file ".\CortexM3\ARM_GCC_441\Debug\CyFlash.o"
Deleting file ".\CortexM3\ARM_GCC_441\Debug\CyLib.o"
Deleting file ".\CortexM3\ARM_GCC_441\Debug\cyPm.o"
Deleting file ".\CortexM3\ARM_GCC_441\Debug\CySpc.o"
Deleting file ".\CortexM3\ARM_GCC_441\Debug\cyutils.o"
Deleting file ".\CortexM3\ARM_GCC_441\Debug\LCD.o"
Deleting file ".\CortexM3\ARM_GCC_441\Debug\LCD_PM.o"
Deleting file ".\CortexM3\ARM_GCC_441\Debug\LCD_LCDPort.o"
Deleting file ".\CortexM3\ARM_GCC_441\Debug\UART.o"
Deleting file ".\CortexM3\ARM_GCC_441\Debug\UART_PM.o"
Deleting file ".\CortexM3\ARM_GCC_441\Debug\UART_INT.o"
Deleting file ".\CortexM3\ARM_GCC_441\Debug\tx_int.o"
Deleting file ".\CortexM3\ARM_GCC_441\Debug\rx_int.o"
Deleting file ".\CortexM3\ARM_GCC_441\Debug\TX.o"
Deleting file ".\CortexM3\ARM_GCC_441\Debug\ADC_DelSig_1.o"
Deleting file ".\CortexM3\ARM_GCC_441\Debug\ADC_DelSig_1_PM.o"
Deleting file ".\CortexM3\ARM_GCC_441\Debug\ADC_DelSig_1_INT.o"
Deleting file ".\CortexM3\ARM_GCC_441\Debug\ADC_DelSig_1_theACLK.o"
Deleting file ".\CortexM3\ARM_GCC_441\Debug\ADC_DelSig_1_Ext_CP_Clk.o"
Deleting file ".\CortexM3\ARM_GCC_441\Debug\ADC_DelSig_1_AMux.o"
Deleting file ".\CortexM3\ARM_GCC_441\Debug\ADC_In.o"
Deleting file ".\CortexM3\ARM_GCC_441\Debug\cyfitter_cfg.o"
Deleting file ".\CortexM3\ARM_GCC_441\Debug\RS232.hex"
Deleting file ".\CortexM3\ARM_GCC_441\Debug\RS232.elf"
Deleting file ".\CortexM3\ARM_GCC_441\Debug\RS232.map"
Deleting file ".\RS232.cycdx"
Deleting file ".\RS232.svd"
Deleting file ".\RS232.rpt"
Deleting file ".\RS232_timing.html"
Deleting file ".\CortexM3\ARM_GCC_441\Debug\.deps\C_FILE.P"
Deleting file ".\CortexM3\ARM_GCC_441\Debug\.deps\ARM_C_FILE.P"
Deleting file ".\CortexM3\ARM_GCC_441\Debug\.deps\GNU_ARM_ASM_FILE.P"
cydsfit.exe "-.appdatapath" "C:\Documents and Settings\student\Local Settings\Application Data\Cypress Semiconductor\PSoC Creator\2.1" "-.fdsnotice" "-.fdswarpdepfile=warp_dependencies.txt" "-.fdselabdepfile=elab_dependencies.txt" "-.fdsbldfile=generated_files.txt" "-p" "E:\6.115\RS232.cydsn\RS232.cyprj" "-d" "CY8C5868AXI-LP035" "-s" "E:\6.115\RS232.cydsn\Generated_Source\PSoC5" "--" "-yv2" "-v3" "-ygs" "-q10" "-o2" "-.fftcfgtype=LE"
Elaborating Design...
HDL Generation ...
Synthesis ...
Place and Route ...
Tech mapping ...
Info: mpr.M0037: Unused pieces of the design have been optimized out. See the Tech mapping section of the report file for details. (App=cydsfit)
Analog Placement ...
Analog Routing ...
Analog Code Generation ...
Digital Placement ...
Log: plm.M0040: The pin named ADC_In(0) at location P0[2] prevents a direct input connection to an Opamp. (App=cydsfit)
Log: plm.M0038: The pin named \LCD:LCDPort(3)\ at location P2[3] prevents usage of special purposes: Trace. (App=cydsfit)
Log: plm.M0038: The pin named \LCD:LCDPort(4)\ at location P2[4] prevents usage of special purposes: Trace. (App=cydsfit)
Log: plm.M0038: The pin named \LCD:LCDPort(5)\ at location P2[5] prevents usage of special purposes: Trace. (App=cydsfit)
Log: plm.M0038: The pin named \LCD:LCDPort(6)\ at location P2[6] prevents usage of special purposes: Trace. (App=cydsfit)
Info: plm.M0037: RS232.rpt: 
      Certain internal analog resources use the following pins for preferred routing: P0[2], P2[3], P2[4], P2[5], P2[6].
      Please check the "Final Placement Details" section of the report file (RS232.rpt) to see what resources are impacted by your pin selections.
     (File=E:\6.115\RS232.cydsn\RS232.rpt(1))
Digital Routing ...
Bitstream Generation ...
Static timing analysis ...
API Generation ...
Dependency Generation ...
Clean Temporary Files ...
arm-none-eabi-gcc.exe -I. -Wno-main -I./Generated_Source/PSoC5 -mcpu=cortex-m3 -mthumb -I "C:\Program Files\Cypress\PSoC Creator\2.1\PSoC Creator\import\gnu_cs\arm\4.4.1\arm-none-eabi\include" -Wall -g -Wa,-alh=.\CortexM3\ARM_GCC_441\Debug\main.lst -ffunction-sections -c .\main.c -o .\CortexM3\ARM_GCC_441\Debug\main.o
.\main.c: In function 'UART_print_mod':
.\main.c:68: warning: implicit declaration of function 'sprintf'
.\main.c:68: warning: incompatible implicit declaration of built-in function 'sprintf'
.\main.c: In function 'main':
.\main.c:117: warning: implicit declaration of function 'init'
.\main.c:119: warning: unused variable 'j'
.\main.c: At top level:
.\main.c:161: warning: conflicting types for 'init'
.\main.c:117: note: previous implicit declaration of 'init' was here
.\main.c: In function 'FFT':
./fft.h:87: warning: control reaches end of non-void function
arm-none-eabi-gcc.exe -I. -Wno-main -I./Generated_Source/PSoC5 -mcpu=cortex-m3 -mthumb -I "C:\Program Files\Cypress\PSoC Creator\2.1\PSoC Creator\import\gnu_cs\arm\4.4.1\arm-none-eabi\include" -Wall -g -Wa,-alh=.\CortexM3\ARM_GCC_441\Debug\Cm3Start.lst -ffunction-sections -c .\Generated_Source\PSoC5\Cm3Start.c -o .\CortexM3\ARM_GCC_441\Debug\Cm3Start.o
arm-none-eabi-gcc.exe -I. -Wno-main -I./Generated_Source/PSoC5 -mcpu=cortex-m3 -mthumb -I "C:\Program Files\Cypress\PSoC Creator\2.1\PSoC Creator\import\gnu_cs\arm\4.4.1\arm-none-eabi\include" -Wall -g -Wa,-alh=.\CortexM3\ARM_GCC_441\Debug\core_cm3.lst -ffunction-sections -c .\Generated_Source\PSoC5\core_cm3.c -o .\CortexM3\ARM_GCC_441\Debug\core_cm3.o
arm-none-eabi-as.exe -I. -I./Generated_Source/PSoC5 -mcpu=cortex-m3 -mthumb -g -alh=.\CortexM3\ARM_GCC_441\Debug/CyBootAsmGnu.lst -o .\CortexM3\ARM_GCC_441\Debug\CyBootAsmGnu.o .\Generated_Source\PSoC5\CyBootAsmGnu.s
arm-none-eabi-gcc.exe -I. -Wno-main -I./Generated_Source/PSoC5 -mcpu=cortex-m3 -mthumb -I "C:\Program Files\Cypress\PSoC Creator\2.1\PSoC Creator\import\gnu_cs\arm\4.4.1\arm-none-eabi\include" -Wall -g -Wa,-alh=.\CortexM3\ARM_GCC_441\Debug\CyDmac.lst -ffunction-sections -c .\Generated_Source\PSoC5\CyDmac.c -o .\CortexM3\ARM_GCC_441\Debug\CyDmac.o
arm-none-eabi-gcc.exe -I. -Wno-main -I./Generated_Source/PSoC5 -mcpu=cortex-m3 -mthumb -I "C:\Program Files\Cypress\PSoC Creator\2.1\PSoC Creator\import\gnu_cs\arm\4.4.1\arm-none-eabi\include" -Wall -g -Wa,-alh=.\CortexM3\ARM_GCC_441\Debug\CyFlash.lst -ffunction-sections -c .\Generated_Source\PSoC5\CyFlash.c -o .\CortexM3\ARM_GCC_441\Debug\CyFlash.o
arm-none-eabi-gcc.exe -I. -Wno-main -I./Generated_Source/PSoC5 -mcpu=cortex-m3 -mthumb -I "C:\Program Files\Cypress\PSoC Creator\2.1\PSoC Creator\import\gnu_cs\arm\4.4.1\arm-none-eabi\include" -Wall -g -Wa,-alh=.\CortexM3\ARM_GCC_441\Debug\CyLib.lst -ffunction-sections -c .\Generated_Source\PSoC5\CyLib.c -o .\CortexM3\ARM_GCC_441\Debug\CyLib.o
arm-none-eabi-gcc.exe -I. -Wno-main -I./Generated_Source/PSoC5 -mcpu=cortex-m3 -mthumb -I "C:\Program Files\Cypress\PSoC Creator\2.1\PSoC Creator\import\gnu_cs\arm\4.4.1\arm-none-eabi\include" -Wall -g -Wa,-alh=.\CortexM3\ARM_GCC_441\Debug\cyPm.lst -ffunction-sections -c .\Generated_Source\PSoC5\cyPm.c -o .\CortexM3\ARM_GCC_441\Debug\cyPm.o
arm-none-eabi-gcc.exe -I. -Wno-main -I./Generated_Source/PSoC5 -mcpu=cortex-m3 -mthumb -I "C:\Program Files\Cypress\PSoC Creator\2.1\PSoC Creator\import\gnu_cs\arm\4.4.1\arm-none-eabi\include" -Wall -g -Wa,-alh=.\CortexM3\ARM_GCC_441\Debug\CySpc.lst -ffunction-sections -c .\Generated_Source\PSoC5\CySpc.c -o .\CortexM3\ARM_GCC_441\Debug\CySpc.o
arm-none-eabi-gcc.exe -I. -Wno-main -I./Generated_Source/PSoC5 -mcpu=cortex-m3 -mthumb -I "C:\Program Files\Cypress\PSoC Creator\2.1\PSoC Creator\import\gnu_cs\arm\4.4.1\arm-none-eabi\include" -Wall -g -Wa,-alh=.\CortexM3\ARM_GCC_441\Debug\cyutils.lst -ffunction-sections -c .\Generated_Source\PSoC5\cyutils.c -o .\CortexM3\ARM_GCC_441\Debug\cyutils.o
arm-none-eabi-gcc.exe -I. -Wno-main -I./Generated_Source/PSoC5 -mcpu=cortex-m3 -mthumb -I "C:\Program Files\Cypress\PSoC Creator\2.1\PSoC Creator\import\gnu_cs\arm\4.4.1\arm-none-eabi\include" -Wall -g -Wa,-alh=.\CortexM3\ARM_GCC_441\Debug\LCD.lst -ffunction-sections -c .\Generated_Source\PSoC5\LCD.c -o .\CortexM3\ARM_GCC_441\Debug\LCD.o
arm-none-eabi-gcc.exe -I. -Wno-main -I./Generated_Source/PSoC5 -mcpu=cortex-m3 -mthumb -I "C:\Program Files\Cypress\PSoC Creator\2.1\PSoC Creator\import\gnu_cs\arm\4.4.1\arm-none-eabi\include" -Wall -g -Wa,-alh=.\CortexM3\ARM_GCC_441\Debug\LCD_PM.lst -ffunction-sections -c .\Generated_Source\PSoC5\LCD_PM.c -o .\CortexM3\ARM_GCC_441\Debug\LCD_PM.o
arm-none-eabi-gcc.exe -I. -Wno-main -I./Generated_Source/PSoC5 -mcpu=cortex-m3 -mthumb -I "C:\Program Files\Cypress\PSoC Creator\2.1\PSoC Creator\import\gnu_cs\arm\4.4.1\arm-none-eabi\include" -Wall -g -Wa,-alh=.\CortexM3\ARM_GCC_441\Debug\LCD_LCDPort.lst -ffunction-sections -c .\Generated_Source\PSoC5\LCD_LCDPort.c -o .\CortexM3\ARM_GCC_441\Debug\LCD_LCDPort.o
arm-none-eabi-gcc.exe -I. -Wno-main -I./Generated_Source/PSoC5 -mcpu=cortex-m3 -mthumb -I "C:\Program Files\Cypress\PSoC Creator\2.1\PSoC Creator\import\gnu_cs\arm\4.4.1\arm-none-eabi\include" -Wall -g -Wa,-alh=.\CortexM3\ARM_GCC_441\Debug\UART.lst -ffunction-sections -c .\Generated_Source\PSoC5\UART.c -o .\CortexM3\ARM_GCC_441\Debug\UART.o
arm-none-eabi-gcc.exe -I. -Wno-main -I./Generated_Source/PSoC5 -mcpu=cortex-m3 -mthumb -I "C:\Program Files\Cypress\PSoC Creator\2.1\PSoC Creator\import\gnu_cs\arm\4.4.1\arm-none-eabi\include" -Wall -g -Wa,-alh=.\CortexM3\ARM_GCC_441\Debug\UART_PM.lst -ffunction-sections -c .\Generated_Source\PSoC5\UART_PM.c -o .\CortexM3\ARM_GCC_441\Debug\UART_PM.o
arm-none-eabi-gcc.exe -I. -Wno-main -I./Generated_Source/PSoC5 -mcpu=cortex-m3 -mthumb -I "C:\Program Files\Cypress\PSoC Creator\2.1\PSoC Creator\import\gnu_cs\arm\4.4.1\arm-none-eabi\include" -Wall -g -Wa,-alh=.\CortexM3\ARM_GCC_441\Debug\UART_INT.lst -ffunction-sections -c .\Generated_Source\PSoC5\UART_INT.c -o .\CortexM3\ARM_GCC_441\Debug\UART_INT.o
arm-none-eabi-gcc.exe -I. -Wno-main -I./Generated_Source/PSoC5 -mcpu=cortex-m3 -mthumb -I "C:\Program Files\Cypress\PSoC Creator\2.1\PSoC Creator\import\gnu_cs\arm\4.4.1\arm-none-eabi\include" -Wall -g -Wa,-alh=.\CortexM3\ARM_GCC_441\Debug\tx_int.lst -ffunction-sections -c .\Generated_Source\PSoC5\tx_int.c -o .\CortexM3\ARM_GCC_441\Debug\tx_int.o
arm-none-eabi-gcc.exe -I. -Wno-main -I./Generated_Source/PSoC5 -mcpu=cortex-m3 -mthumb -I "C:\Program Files\Cypress\PSoC Creator\2.1\PSoC Creator\import\gnu_cs\arm\4.4.1\arm-none-eabi\include" -Wall -g -Wa,-alh=.\CortexM3\ARM_GCC_441\Debug\rx_int.lst -ffunction-sections -c .\Generated_Source\PSoC5\rx_int.c -o .\CortexM3\ARM_GCC_441\Debug\rx_int.o
.\Generated_Source\PSoC5\rx_int.c: In function 'rx_int_Interrupt':
.\Generated_Source\PSoC5\rx_int.c:144: warning: implicit declaration of function 'LCD_PutChar'
.\Generated_Source\PSoC5\rx_int.c:144: warning: implicit declaration of function 'UART_ReadRxData'
arm-none-eabi-gcc.exe -I. -Wno-main -I./Generated_Source/PSoC5 -mcpu=cortex-m3 -mthumb -I "C:\Program Files\Cypress\PSoC Creator\2.1\PSoC Creator\import\gnu_cs\arm\4.4.1\arm-none-eabi\include" -Wall -g -Wa,-alh=.\CortexM3\ARM_GCC_441\Debug\TX.lst -ffunction-sections -c .\Generated_Source\PSoC5\TX.c -o .\CortexM3\ARM_GCC_441\Debug\TX.o
arm-none-eabi-gcc.exe -I. -Wno-main -I./Generated_Source/PSoC5 -mcpu=cortex-m3 -mthumb -I "C:\Program Files\Cypress\PSoC Creator\2.1\PSoC Creator\import\gnu_cs\arm\4.4.1\arm-none-eabi\include" -Wall -g -Wa,-alh=.\CortexM3\ARM_GCC_441\Debug\ADC_DelSig_1.lst -ffunction-sections -c .\Generated_Source\PSoC5\ADC_DelSig_1.c -o .\CortexM3\ARM_GCC_441\Debug\ADC_DelSig_1.o
arm-none-eabi-gcc.exe -I. -Wno-main -I./Generated_Source/PSoC5 -mcpu=cortex-m3 -mthumb -I "C:\Program Files\Cypress\PSoC Creator\2.1\PSoC Creator\import\gnu_cs\arm\4.4.1\arm-none-eabi\include" -Wall -g -Wa,-alh=.\CortexM3\ARM_GCC_441\Debug\ADC_DelSig_1_PM.lst -ffunction-sections -c .\Generated_Source\PSoC5\ADC_DelSig_1_PM.c -o .\CortexM3\ARM_GCC_441\Debug\ADC_DelSig_1_PM.o
arm-none-eabi-gcc.exe -I. -Wno-main -I./Generated_Source/PSoC5 -mcpu=cortex-m3 -mthumb -I "C:\Program Files\Cypress\PSoC Creator\2.1\PSoC Creator\import\gnu_cs\arm\4.4.1\arm-none-eabi\include" -Wall -g -Wa,-alh=.\CortexM3\ARM_GCC_441\Debug\ADC_DelSig_1_INT.lst -ffunction-sections -c .\Generated_Source\PSoC5\ADC_DelSig_1_INT.c -o .\CortexM3\ARM_GCC_441\Debug\ADC_DelSig_1_INT.o
arm-none-eabi-gcc.exe -I. -Wno-main -I./Generated_Source/PSoC5 -mcpu=cortex-m3 -mthumb -I "C:\Program Files\Cypress\PSoC Creator\2.1\PSoC Creator\import\gnu_cs\arm\4.4.1\arm-none-eabi\include" -Wall -g -Wa,-alh=.\CortexM3\ARM_GCC_441\Debug\ADC_DelSig_1_theACLK.lst -ffunction-sections -c .\Generated_Source\PSoC5\ADC_DelSig_1_theACLK.c -o .\CortexM3\ARM_GCC_441\Debug\ADC_DelSig_1_theACLK.o
arm-none-eabi-gcc.exe -I. -Wno-main -I./Generated_Source/PSoC5 -mcpu=cortex-m3 -mthumb -I "C:\Program Files\Cypress\PSoC Creator\2.1\PSoC Creator\import\gnu_cs\arm\4.4.1\arm-none-eabi\include" -Wall -g -Wa,-alh=.\CortexM3\ARM_GCC_441\Debug\ADC_DelSig_1_Ext_CP_Clk.lst -ffunction-sections -c .\Generated_Source\PSoC5\ADC_DelSig_1_Ext_CP_Clk.c -o .\CortexM3\ARM_GCC_441\Debug\ADC_DelSig_1_Ext_CP_Clk.o
arm-none-eabi-gcc.exe -I. -Wno-main -I./Generated_Source/PSoC5 -mcpu=cortex-m3 -mthumb -I "C:\Program Files\Cypress\PSoC Creator\2.1\PSoC Creator\import\gnu_cs\arm\4.4.1\arm-none-eabi\include" -Wall -g -Wa,-alh=.\CortexM3\ARM_GCC_441\Debug\ADC_DelSig_1_AMux.lst -ffunction-sections -c .\Generated_Source\PSoC5\ADC_DelSig_1_AMux.c -o .\CortexM3\ARM_GCC_441\Debug\ADC_DelSig_1_AMux.o
arm-none-eabi-gcc.exe -I. -Wno-main -I./Generated_Source/PSoC5 -mcpu=cortex-m3 -mthumb -I "C:\Program Files\Cypress\PSoC Creator\2.1\PSoC Creator\import\gnu_cs\arm\4.4.1\arm-none-eabi\include" -Wall -g -Wa,-alh=.\CortexM3\ARM_GCC_441\Debug\ADC_In.lst -ffunction-sections -c .\Generated_Source\PSoC5\ADC_In.c -o .\CortexM3\ARM_GCC_441\Debug\ADC_In.o
arm-none-eabi-gcc.exe -I. -Wno-main -I./Generated_Source/PSoC5 -mcpu=cortex-m3 -mthumb -I "C:\Program Files\Cypress\PSoC Creator\2.1\PSoC Creator\import\gnu_cs\arm\4.4.1\arm-none-eabi\include" -Wall -g -Wa,-alh=.\CortexM3\ARM_GCC_441\Debug\cyfitter_cfg.lst -ffunction-sections -c .\Generated_Source\PSoC5\cyfitter_cfg.c -o .\CortexM3\ARM_GCC_441\Debug\cyfitter_cfg.o
arm-none-eabi-ar.exe -rs .\CortexM3\ARM_GCC_441\Debug\RS232.a .\CortexM3\ARM_GCC_441\Debug\core_cm3.o .\CortexM3\ARM_GCC_441\Debug\CyBootAsmGnu.o .\CortexM3\ARM_GCC_441\Debug\CyDmac.o .\CortexM3\ARM_GCC_441\Debug\CyFlash.o .\CortexM3\ARM_GCC_441\Debug\CyLib.o .\CortexM3\ARM_GCC_441\Debug\cyPm.o .\CortexM3\ARM_GCC_441\Debug\CySpc.o .\CortexM3\ARM_GCC_441\Debug\cyutils.o .\CortexM3\ARM_GCC_441\Debug\LCD.o .\CortexM3\ARM_GCC_441\Debug\LCD_PM.o .\CortexM3\ARM_GCC_441\Debug\LCD_LCDPort.o .\CortexM3\ARM_GCC_441\Debug\UART.o .\CortexM3\ARM_GCC_441\Debug\UART_PM.o .\CortexM3\ARM_GCC_441\Debug\UART_INT.o .\CortexM3\ARM_GCC_441\Debug\tx_int.o .\CortexM3\ARM_GCC_441\Debug\rx_int.o .\CortexM3\ARM_GCC_441\Debug\TX.o .\CortexM3\ARM_GCC_441\Debug\ADC_DelSig_1.o .\CortexM3\ARM_GCC_441\Debug\ADC_DelSig_1_PM.o .\CortexM3\ARM_GCC_441\Debug\ADC_DelSig_1_INT.o .\CortexM3\ARM_GCC_441\Debug\ADC_DelSig_1_theACLK.o .\CortexM3\ARM_GCC_441\Debug\ADC_DelSig_1_Ext_CP_Clk.o .\CortexM3\ARM_GCC_441\Debug\ADC_DelSig_1_AMux.o .\CortexM3\ARM_GCC_441\Debug\ADC_In.o .\CortexM3\ARM_GCC_441\Debug\cyfitter_cfg.o
arm-none-eabi-ar.exe: creating .\CortexM3\ARM_GCC_441\Debug\RS232.a
arm-none-eabi-gcc.exe -mthumb -march=armv7-m -mfix-cortex-m3-ldrd -T .\Generated_Source\PSoC5\cm3gcc.ld -g -Wl,-Map,.\CortexM3\ARM_GCC_441\Debug\RS232.map -Wl,--gc-sections -Wl,--start-group -o .\CortexM3\ARM_GCC_441\Debug\RS232.elf .\CortexM3\ARM_GCC_441\Debug\main.o .\CortexM3\ARM_GCC_441\Debug\Cm3Start.o .\CortexM3\ARM_GCC_441\Debug\RS232.a "C:\Program Files\Cypress\PSoC Creator\2.1\PSoC Creator\psoc\content\cycomponentlibrary\CyComponentLibrary.cylib\CortexM3\ARM_GCC_441\Debug\CyComponentLibrary.a" -l m -Wl,--end-group
arm-none-eabi-objcopy.exe -O ihex .\CortexM3\ARM_GCC_441\Debug\RS232.elf .\CortexM3\ARM_GCC_441\Debug\RS232.ihx
cyhextool -o .\CortexM3\ARM_GCC_441\Debug\RS232.hex -f .\CortexM3\ARM_GCC_441\Debug\RS232.ihx -prot .\Generated_Source\PSoC5\protect.hex -id 2E123069 -a EEPROM=90200000:800,PROGRAM=00000000:40000,CONFIG=80000000:8000,PROTECT=90400000:100 -meta 0001 -cunv 00004005 -wonv AFAC90BC -ecc .\Generated_Source\PSoC5\config.hex
Flash used: 33244 of 262144 bytes (12.7 %).
SRAM used: 3272 of 65536 bytes (5.0 %).
--------------- Rebuild Succeeded: 05/02/2013 19:05:09 ---------------
