--------------- Build Started: 05/13/2013 14:49:11 Project: RS232, Configuration: ARM GCC 4.4.1 Debug ---------------
The code generation step is up to date.
arm-none-eabi-gcc.exe -I. -Wno-main -I./Generated_Source/PSoC5 -mcpu=cortex-m3 -mthumb -I "C:\Program Files\Cypress\PSoC Creator\2.1\PSoC Creator\import\gnu_cs\arm\4.4.1\arm-none-eabi\include" -Wall -g -Wa,-alh=.\CortexM3\ARM_GCC_441\Debug\main.lst -ffunction-sections -c .\main.c -o .\CortexM3\ARM_GCC_441\Debug\main.o
.\main.c: In function 'UARTPrintMod':
.\main.c:34: warning: implicit declaration of function 'sprintf'
.\main.c:34: warning: incompatible implicit declaration of built-in function 'sprintf'
.\main.c:37: warning: implicit declaration of function 'Crlf'
.\main.c: In function 'UARTPrintModAvg':
.\main.c:47: warning: incompatible implicit declaration of built-in function 'sprintf'
.\main.c: In function 'UARTPrintFFTBeatInfo':
.\main.c:60: warning: incompatible implicit declaration of built-in function 'sprintf'
.\main.c: In function 'main':
.\main.c:120: warning: implicit declaration of function 'Init'
.\main.c: At top level:
.\main.c:227: warning: conflicting types for 'Init'
.\main.c:120: note: previous implicit declaration of 'Init' was here
.\main.c:257: warning: conflicting types for 'Crlf'
.\main.c:37: note: previous implicit declaration of 'Crlf' was here
.\main.c: In function 'FFT':
.\/fft.h:89: warning: control reaches end of non-void function
arm-none-eabi-ar.exe -rs .\CortexM3\ARM_GCC_441\Debug\RS232.a .\CortexM3\ARM_GCC_441\Debug\core_cm3.o .\CortexM3\ARM_GCC_441\Debug\CyBootAsmGnu.o .\CortexM3\ARM_GCC_441\Debug\CyDmac.o .\CortexM3\ARM_GCC_441\Debug\CyFlash.o .\CortexM3\ARM_GCC_441\Debug\CyLib.o .\CortexM3\ARM_GCC_441\Debug\cyPm.o .\CortexM3\ARM_GCC_441\Debug\CySpc.o .\CortexM3\ARM_GCC_441\Debug\cyutils.o .\CortexM3\ARM_GCC_441\Debug\LCD.o .\CortexM3\ARM_GCC_441\Debug\LCD_PM.o .\CortexM3\ARM_GCC_441\Debug\LCD_LCDPort.o .\CortexM3\ARM_GCC_441\Debug\UART.o .\CortexM3\ARM_GCC_441\Debug\UART_PM.o .\CortexM3\ARM_GCC_441\Debug\UART_INT.o .\CortexM3\ARM_GCC_441\Debug\tx_int.o .\CortexM3\ARM_GCC_441\Debug\rx_int.o .\CortexM3\ARM_GCC_441\Debug\TX.o .\CortexM3\ARM_GCC_441\Debug\Clock_1.o .\CortexM3\ARM_GCC_441\Debug\ADC_In.o .\CortexM3\ARM_GCC_441\Debug\PGA_1.o .\CortexM3\ARM_GCC_441\Debug\PGA_1_PM.o .\CortexM3\ARM_GCC_441\Debug\VDAC8_1.o .\CortexM3\ARM_GCC_441\Debug\VDAC8_1_PM.o .\CortexM3\ARM_GCC_441\Debug\ADC_SAR_1.o .\CortexM3\ARM_GCC_441\Debug\ADC_SAR_1_INT.o .\CortexM3\ARM_GCC_441\Debug\ADC_SAR_1_PM.o .\CortexM3\ARM_GCC_441\Debug\ADC_SAR_1_theACLK.o .\CortexM3\ARM_GCC_441\Debug\ADC_SAR_1_Bypass.o .\CortexM3\ARM_GCC_441\Debug\FFT_ISR.o .\CortexM3\ARM_GCC_441\Debug\Clock_2.o .\CortexM3\ARM_GCC_441\Debug\Clock_ISR.o .\CortexM3\ARM_GCC_441\Debug\cyfitter_cfg.o
arm-none-eabi-ar.exe: creating .\CortexM3\ARM_GCC_441\Debug\RS232.a
arm-none-eabi-gcc.exe -mthumb -march=armv7-m -mfix-cortex-m3-ldrd -T .\Generated_Source\PSoC5\cm3gcc.ld -g -Wl,-Map,.\CortexM3\ARM_GCC_441\Debug\RS232.map -Wl,--gc-sections -Wl,--start-group -o .\CortexM3\ARM_GCC_441\Debug\RS232.elf .\CortexM3\ARM_GCC_441\Debug\main.o .\CortexM3\ARM_GCC_441\Debug\Cm3Start.o .\CortexM3\ARM_GCC_441\Debug\RS232.a "C:\Program Files\Cypress\PSoC Creator\2.1\PSoC Creator\psoc\content\cycomponentlibrary\CyComponentLibrary.cylib\CortexM3\ARM_GCC_441\Debug\CyComponentLibrary.a" -l m -Wl,--end-group
arm-none-eabi-objcopy.exe -O ihex .\CortexM3\ARM_GCC_441\Debug\RS232.elf .\CortexM3\ARM_GCC_441\Debug\RS232.ihx
cyhextool -o .\CortexM3\ARM_GCC_441\Debug\RS232.hex -f .\CortexM3\ARM_GCC_441\Debug\RS232.ihx -prot .\Generated_Source\PSoC5\protect.hex -id 2E123069 -a EEPROM=90200000:800,PROGRAM=00000000:40000,CONFIG=80000000:8000,PROTECT=90400000:100 -meta 0001 -cunv 00004005 -wonv AFAC90BC -ecc .\Generated_Source\PSoC5\config.hex
Flash used: 13464 of 262144 bytes (5.1 %).
SRAM used: 3760 of 65536 bytes (5.7 %).
--------------- Build Succeeded: 05/13/2013 14:49:20 ---------------
